Namespace(arch='tanh', batch_size=256, display_epoch=100, input_noise_level=0.15, latent_attractor_space=True, loss_switch_frequency=0, lrate_attractor=0.002, lrate_prediction=0.002, lrate_wt_penalty=0.0, n_attractor_hidden=10, n_attractor_steps=0, n_hidden=5, n_replications=100, noise_level=0.5, report_best_train_performance=True, seq_len=10, task='majority', train_attr_weights_on_prediction=False, training_epochs=2500)
TRAINING ON 100 EXAMPLES, TESTING ON 924
********** replication  0  **********
epoch   0 LossPred 1.2274 LossAtt 1.0000 TrainAcc 0.4800 TestAcc 0.4654 0.4600
epoch 100 LossPred 0.9157 LossAtt 1.0000 TrainAcc 0.5200 TestAcc 0.5584 0.5400
epoch 200 LossPred 0.8228 LossAtt 1.0000 TrainAcc 0.6500 TestAcc 0.6201 0.6550
epoch 300 LossPred 0.2964 LossAtt 1.0000 TrainAcc 0.9500 TestAcc 0.9048 0.9400
epoch 400 LossPred 0.1591 LossAtt 1.0000 TrainAcc 0.9800 TestAcc 0.8972 0.9700
epoch 500 LossPred 0.1023 LossAtt 1.0000 TrainAcc 0.9900 TestAcc 0.8994 0.9800
epoch 600 LossPred 0.0759 LossAtt 1.0000 TrainAcc 0.9900 TestAcc 0.9004 0.9800
epoch 700 LossPred 0.0603 LossAtt 1.0000 TrainAcc 0.9900 TestAcc 0.8972 0.9700
epoch 800 LossPred 0.0501 LossAtt 1.0000 TrainAcc 0.9900 TestAcc 0.9004 0.9700
epoch 900 LossPred 0.0419 LossAtt 1.0000 TrainAcc 0.9900 TestAcc 0.9058 0.9750
epoch 1000 LossPred 0.0178 LossAtt 1.0000 TrainAcc 1.0000 TestAcc 0.9286 0.9750
Optimization Finished!
********** replication  1  **********
epoch   0 LossPred 1.3941 LossAtt 1.0000 TrainAcc 0.3900 TestAcc 0.4957 0.4000
epoch 100 LossPred 1.0523 LossAtt 1.0000 TrainAcc 0.5800 TestAcc 0.6277 0.5500
epoch 200 LossPred 0.9001 LossAtt 1.0000 TrainAcc 0.6500 TestAcc 0.6201 0.6550
epoch 300 LossPred 0.8425 LossAtt 1.0000 TrainAcc 0.6500 TestAcc 0.6201 0.6600
epoch 400 LossPred 0.4095 LossAtt 1.0000 TrainAcc 0.8800 TestAcc 0.9058 0.8450
epoch 500 LossPred 0.2847 LossAtt 1.0000 TrainAcc 0.9400 TestAcc 0.9383 0.8900
epoch 600 LossPred 0.1925 LossAtt 1.0000 TrainAcc 0.9700 TestAcc 0.9708 0.9200
epoch 700 LossPred 0.1303 LossAtt 1.0000 TrainAcc 0.9900 TestAcc 0.9708 0.9250
epoch 800 LossPred 0.0906 LossAtt 1.0000 TrainAcc 1.0000 TestAcc 0.9816 0.9050
Optimization Finished!
********** replication  2  **********
epoch   0 LossPred 1.0091 LossAtt 1.0000 TrainAcc 0.4900 TestAcc 0.4405 0.5550
epoch 100 LossPred 0.8410 LossAtt 1.0000 TrainAcc 0.6800 TestAcc 0.6169 0.6800
epoch 200 LossPred 0.7555 LossAtt 1.0000 TrainAcc 0.6800 TestAcc 0.6169 0.6800
epoch 300 LossPred 0.2978 LossAtt 1.0000 TrainAcc 0.9300 TestAcc 0.8929 0.9250
epoch 400 LossPred 0.1526 LossAtt 1.0000 TrainAcc 0.9700 TestAcc 0.9481 0.9300
epoch 500 LossPred 0.0472 LossAtt 1.0000 TrainAcc 1.0000 TestAcc 0.9643 0.9550
Optimization Finished!
********** replication  3  **********
epoch   0 LossPred 1.1544 LossAtt 1.0000 TrainAcc 0.4300 TestAcc 0.4794 0.4050
epoch 100 LossPred 0.8967 LossAtt 1.0000 TrainAcc 0.6900 TestAcc 0.6418 0.6750
epoch 200 LossPred 0.7367 LossAtt 1.0000 TrainAcc 0.7600 TestAcc 0.7262 0.7650
epoch 300 LossPred 0.3204 LossAtt 1.0000 TrainAcc 0.9600 TestAcc 0.8506 0.9300
epoch 400 LossPred 0.2312 LossAtt 1.0000 TrainAcc 0.9500 TestAcc 0.8431 0.9300
epoch 500 LossPred 0.1854 LossAtt 1.0000 TrainAcc 0.9600 TestAcc 0.8474 0.9350
epoch 600 LossPred 0.1392 LossAtt 1.0000 TrainAcc 0.9900 TestAcc 0.8301 0.9500
epoch 700 LossPred 0.1096 LossAtt 1.0000 TrainAcc 0.9900 TestAcc 0.8323 0.9550
epoch 800 LossPred 0.0924 LossAtt 1.0000 TrainAcc 0.9900 TestAcc 0.8355 0.9500
epoch 900 LossPred 0.0804 LossAtt 1.0000 TrainAcc 0.9900 TestAcc 0.8312 0.9500
epoch 1000 LossPred 0.0710 LossAtt 1.0000 TrainAcc 0.9900 TestAcc 0.8290 0.9500
epoch 1100 LossPred 0.0638 LossAtt 1.0000 TrainAcc 0.9900 TestAcc 0.8312 0.9500
epoch 1200 LossPred 0.0590 LossAtt 1.0000 TrainAcc 0.9900 TestAcc 0.8366 0.9600
epoch 1300 LossPred 0.0556 LossAtt 1.0000 TrainAcc 0.9900 TestAcc 0.8355 0.9600
epoch 1400 LossPred 0.0525 LossAtt 1.0000 TrainAcc 0.9900 TestAcc 0.8377 0.9650
epoch 1500 LossPred 0.0500 LossAtt 1.0000 TrainAcc 0.9900 TestAcc 0.8377 0.9600
epoch 1600 LossPred 0.0482 LossAtt 1.0000 TrainAcc 0.9900 TestAcc 0.8398 0.9600
epoch 1700 LossPred 0.0467 LossAtt 1.0000 TrainAcc 0.9900 TestAcc 0.8398 0.9600
epoch 1800 LossPred 0.0456 LossAtt 1.0000 TrainAcc 0.9900 TestAcc 0.8398 0.9600
epoch 1900 LossPred 0.0448 LossAtt 1.0000 TrainAcc 0.9900 TestAcc 0.8377 0.9600
epoch 2000 LossPred 0.0441 LossAtt 1.0000 TrainAcc 0.9900 TestAcc 0.8366 0.9600
epoch 2100 LossPred 0.0435 LossAtt 1.0000 TrainAcc 0.9900 TestAcc 0.8355 0.9600
epoch 2200 LossPred 0.0430 LossAtt 1.0000 TrainAcc 0.9900 TestAcc 0.8355 0.9600
epoch 2300 LossPred 0.0426 LossAtt 1.0000 TrainAcc 0.9900 TestAcc 0.8323 0.9600
epoch 2400 LossPred 0.0423 LossAtt 1.0000 TrainAcc 0.9900 TestAcc 0.8323 0.9600
epoch 2500 LossPred 0.0420 LossAtt 1.0000 TrainAcc 0.9900 TestAcc 0.8312 0.9600
Optimization Finished!
********** replication  4  **********
epoch   0 LossPred 1.2669 LossAtt 1.0000 TrainAcc 0.4200 TestAcc 0.4719 0.4250
epoch 100 LossPred 0.8793 LossAtt 1.0000 TrainAcc 0.6400 TestAcc 0.6212 0.6400
epoch 200 LossPred 0.7934 LossAtt 1.0000 TrainAcc 0.6400 TestAcc 0.6212 0.6400
epoch 300 LossPred 0.5292 LossAtt 1.0000 TrainAcc 0.9000 TestAcc 0.8193 0.8750
epoch 400 LossPred 0.1650 LossAtt 1.0000 TrainAcc 0.9800 TestAcc 0.9481 0.9500
epoch 500 LossPred 0.0797 LossAtt 1.0000 TrainAcc 1.0000 TestAcc 0.9545 0.9400
Optimization Finished!
********** replication  5  **********
epoch   0 LossPred 1.1683 LossAtt 1.0000 TrainAcc 0.5300 TestAcc 0.5022 0.5100
epoch 100 LossPred 0.8059 LossAtt 1.0000 TrainAcc 0.7100 TestAcc 0.6136 0.7150
epoch 200 LossPred 0.6769 LossAtt 1.0000 TrainAcc 0.7600 TestAcc 0.6840 0.7350
epoch 300 LossPred 0.5441 LossAtt 1.0000 TrainAcc 0.7800 TestAcc 0.7890 0.8000
epoch 400 LossPred 0.1384 LossAtt 1.0000 TrainAcc 0.9900 TestAcc 0.9794 0.9750
epoch 500 LossPred 0.0966 LossAtt 1.0000 TrainAcc 0.9900 TestAcc 0.9848 0.9700
epoch 600 LossPred 0.0674 LossAtt 1.0000 TrainAcc 0.9900 TestAcc 0.9957 0.9650
epoch 700 LossPred 0.0350 LossAtt 1.0000 TrainAcc 1.0000 TestAcc 0.9913 0.9650
Optimization Finished!
********** replication  6  **********
epoch   0 LossPred 1.0121 LossAtt 1.0000 TrainAcc 0.5000 TestAcc 0.4816 0.5050
epoch 100 LossPred 0.8080 LossAtt 1.0000 TrainAcc 0.7500 TestAcc 0.6786 0.7500
epoch 200 LossPred 0.7002 LossAtt 1.0000 TrainAcc 0.7600 TestAcc 0.6840 0.7600
epoch 300 LossPred 0.4899 LossAtt 1.0000 TrainAcc 0.8300 TestAcc 0.7781 0.8250
epoch 400 LossPred 0.1510 LossAtt 1.0000 TrainAcc 0.9600 TestAcc 0.9589 0.9400
epoch 500 LossPred 0.1010 LossAtt 1.0000 TrainAcc 0.9900 TestAcc 0.9762 0.9550
epoch 600 LossPred 0.0733 LossAtt 1.0000 TrainAcc 0.9900 TestAcc 0.9578 0.9500
epoch 700 LossPred 0.0575 LossAtt 1.0000 TrainAcc 0.9900 TestAcc 0.9545 0.9550
epoch 800 LossPred 0.0477 LossAtt 1.0000 TrainAcc 0.9900 TestAcc 0.9589 0.9550
epoch 900 LossPred 0.0253 LossAtt 1.0000 TrainAcc 1.0000 TestAcc 0.9686 0.9650
Optimization Finished!
********** replication  7  **********
epoch   0 LossPred 1.0156 LossAtt 1.0000 TrainAcc 0.5400 TestAcc 0.5216 0.5300
epoch 100 LossPred 0.7321 LossAtt 1.0000 TrainAcc 0.7500 TestAcc 0.7154 0.7500
epoch 200 LossPred 0.3366 LossAtt 1.0000 TrainAcc 0.9300 TestAcc 0.9145 0.8950
epoch 300 LossPred 0.2014 LossAtt 1.0000 TrainAcc 0.9900 TestAcc 0.9513 0.9450
epoch 400 LossPred 0.1219 LossAtt 1.0000 TrainAcc 1.0000 TestAcc 0.9729 0.9650
Optimization Finished!
********** replication  8  **********
epoch   0 LossPred 1.3713 LossAtt 1.0000 TrainAcc 0.3400 TestAcc 0.3810 0.3400
epoch 100 LossPred 0.8675 LossAtt 1.0000 TrainAcc 0.7000 TestAcc 0.6374 0.6850
epoch 200 LossPred 0.7656 LossAtt 1.0000 TrainAcc 0.6600 TestAcc 0.6190 0.6850
epoch 300 LossPred 0.6851 LossAtt 1.0000 TrainAcc 0.8700 TestAcc 0.7727 0.8550
epoch 400 LossPred 0.4207 LossAtt 1.0000 TrainAcc 0.8900 TestAcc 0.8160 0.8850
epoch 500 LossPred 0.1914 LossAtt 1.0000 TrainAcc 0.9800 TestAcc 0.9037 0.9600
epoch 600 LossPred 0.1288 LossAtt 1.0000 TrainAcc 0.9800 TestAcc 0.9297 0.9450
epoch 700 LossPred 0.0970 LossAtt 1.0000 TrainAcc 1.0000 TestAcc 0.9275 0.9500
Optimization Finished!
********** replication  9  **********
epoch   0 LossPred 1.0432 LossAtt 1.0000 TrainAcc 0.4600 TestAcc 0.4913 0.4600
epoch 100 LossPred 0.7276 LossAtt 1.0000 TrainAcc 0.7500 TestAcc 0.6851 0.7450
epoch 200 LossPred 0.3641 LossAtt 1.0000 TrainAcc 0.8600 TestAcc 0.7846 0.8800
epoch 300 LossPred 0.1433 LossAtt 1.0000 TrainAcc 1.0000 TestAcc 0.9275 0.9700
Optimization Finished!
********** replication  10  **********
epoch   0 LossPred 0.9495 LossAtt 1.0000 TrainAcc 0.6200 TestAcc 0.6190 0.6200
epoch 100 LossPred 0.4487 LossAtt 1.0000 TrainAcc 0.8400 TestAcc 0.7965 0.8300
epoch 200 LossPred 0.1888 LossAtt 1.0000 TrainAcc 0.9900 TestAcc 0.9167 0.9450
epoch 300 LossPred 0.1076 LossAtt 1.0000 TrainAcc 0.9900 TestAcc 0.9481 0.9450
epoch 400 LossPred 0.0710 LossAtt 1.0000 TrainAcc 1.0000 TestAcc 0.9437 0.9500
Optimization Finished!
********** replication  11  **********
epoch   0 LossPred 1.0473 LossAtt 1.0000 TrainAcc 0.6600 TestAcc 0.6190 0.5850
epoch 100 LossPred 0.8965 LossAtt 1.0000 TrainAcc 0.6600 TestAcc 0.6190 0.6600
epoch 200 LossPred 0.8317 LossAtt 1.0000 TrainAcc 0.6600 TestAcc 0.6190 0.6600
epoch 300 LossPred 0.3721 LossAtt 1.0000 TrainAcc 0.9500 TestAcc 0.9048 0.9300
epoch 400 LossPred 0.1820 LossAtt 1.0000 TrainAcc 0.9600 TestAcc 0.9134 0.9500
epoch 500 LossPred 0.1153 LossAtt 1.0000 TrainAcc 0.9800 TestAcc 0.9361 0.9500
epoch 600 LossPred 0.0709 LossAtt 1.0000 TrainAcc 1.0000 TestAcc 0.9697 0.9600
Optimization Finished!
********** replication  12  **********
epoch   0 LossPred 1.4561 LossAtt 1.0000 TrainAcc 0.4700 TestAcc 0.5325 0.4600
epoch 100 LossPred 1.0664 LossAtt 1.0000 TrainAcc 0.4900 TestAcc 0.5768 0.4900
epoch 200 LossPred 0.9011 LossAtt 1.0000 TrainAcc 0.6800 TestAcc 0.6613 0.6650
epoch 300 LossPred 0.6842 LossAtt 1.0000 TrainAcc 0.8200 TestAcc 0.8323 0.8050
epoch 400 LossPred 0.2634 LossAtt 1.0000 TrainAcc 0.9500 TestAcc 0.9134 0.8600
epoch 500 LossPred 0.1585 LossAtt 1.0000 TrainAcc 0.9700 TestAcc 0.9123 0.9000
epoch 600 LossPred 0.0862 LossAtt 1.0000 TrainAcc 1.0000 TestAcc 0.9199 0.9300
Optimization Finished!
********** replication  13  **********
epoch   0 LossPred 1.1004 LossAtt 1.0000 TrainAcc 0.5000 TestAcc 0.4513 0.5050
epoch 100 LossPred 0.7836 LossAtt 1.0000 TrainAcc 0.7400 TestAcc 0.6548 0.7100
epoch 200 LossPred 0.5858 LossAtt 1.0000 TrainAcc 0.7900 TestAcc 0.7024 0.8050
epoch 300 LossPred 0.1960 LossAtt 1.0000 TrainAcc 0.9700 TestAcc 0.9123 0.9450
epoch 400 LossPred 0.1331 LossAtt 1.0000 TrainAcc 0.9600 TestAcc 0.9058 0.9300
epoch 500 LossPred 0.0882 LossAtt 1.0000 TrainAcc 1.0000 TestAcc 0.9394 0.9400
Optimization Finished!
********** replication  14  **********
epoch   0 LossPred 1.1585 LossAtt 1.0000 TrainAcc 0.4100 TestAcc 0.4405 0.3850
epoch 100 LossPred 0.7595 LossAtt 1.0000 TrainAcc 0.6400 TestAcc 0.6212 0.6400
epoch 200 LossPred 0.3944 LossAtt 1.0000 TrainAcc 0.9500 TestAcc 0.9102 0.9400
epoch 300 LossPred 0.2614 LossAtt 1.0000 TrainAcc 0.9700 TestAcc 0.9221 0.9550
epoch 400 LossPred 0.2032 LossAtt 1.0000 TrainAcc 0.9700 TestAcc 0.9318 0.9550
epoch 500 LossPred 0.1623 LossAtt 1.0000 TrainAcc 0.9700 TestAcc 0.9361 0.9500
epoch 600 LossPred 0.1348 LossAtt 1.0000 TrainAcc 0.9800 TestAcc 0.9567 0.9550
epoch 700 LossPred 0.1172 LossAtt 1.0000 TrainAcc 0.9800 TestAcc 0.9589 0.9550
epoch 800 LossPred 0.0995 LossAtt 1.0000 TrainAcc 0.9800 TestAcc 0.9589 0.9600
epoch 900 LossPred 0.0407 LossAtt 1.0000 TrainAcc 1.0000 TestAcc 0.9621 0.9500
Optimization Finished!
********** replication  15  **********
epoch   0 LossPred 1.1014 LossAtt 1.0000 TrainAcc 0.4200 TestAcc 0.4924 0.4400
epoch 100 LossPred 0.7960 LossAtt 1.0000 TrainAcc 0.6600 TestAcc 0.6190 0.6600
epoch 200 LossPred 0.3562 LossAtt 1.0000 TrainAcc 0.9400 TestAcc 0.9177 0.9200
epoch 300 LossPred 0.1592 LossAtt 1.0000 TrainAcc 0.9900 TestAcc 0.9848 0.9700
epoch 400 LossPred 0.1002 LossAtt 1.0000 TrainAcc 1.0000 TestAcc 0.9913 0.9600
Optimization Finished!
********** replication  16  **********
epoch   0 LossPred 1.1269 LossAtt 1.0000 TrainAcc 0.4600 TestAcc 0.4881 0.4750
epoch 100 LossPred 0.7427 LossAtt 1.0000 TrainAcc 0.6700 TestAcc 0.5422 0.7100
epoch 200 LossPred 0.6839 LossAtt 1.0000 TrainAcc 0.6500 TestAcc 0.5714 0.7250
epoch 300 LossPred 0.6629 LossAtt 1.0000 TrainAcc 0.7700 TestAcc 0.6461 0.7400
epoch 400 LossPred 0.5448 LossAtt 1.0000 TrainAcc 0.8600 TestAcc 0.7684 0.8750
epoch 500 LossPred 0.3034 LossAtt 1.0000 TrainAcc 0.9500 TestAcc 0.9015 0.9350
epoch 600 LossPred 0.1861 LossAtt 1.0000 TrainAcc 0.9800 TestAcc 0.9253 0.9300
epoch 700 LossPred 0.1116 LossAtt 1.0000 TrainAcc 0.9800 TestAcc 0.9600 0.9450
epoch 800 LossPred 0.0522 LossAtt 1.0000 TrainAcc 1.0000 TestAcc 0.9708 0.9300
Optimization Finished!
********** replication  17  **********
epoch   0 LossPred 1.3201 LossAtt 1.0000 TrainAcc 0.5100 TestAcc 0.5584 0.4900
epoch 100 LossPred 0.9629 LossAtt 1.0000 TrainAcc 0.5500 TestAcc 0.6310 0.5500
epoch 200 LossPred 0.3940 LossAtt 1.0000 TrainAcc 0.9400 TestAcc 0.8669 0.9350
epoch 300 LossPred 0.1768 LossAtt 1.0000 TrainAcc 0.9900 TestAcc 0.9275 0.9700
epoch 400 LossPred 0.0994 LossAtt 1.0000 TrainAcc 1.0000 TestAcc 0.9502 0.9750
Optimization Finished!
********** replication  18  **********
epoch   0 LossPred 1.1770 LossAtt 1.0000 TrainAcc 0.5000 TestAcc 0.4957 0.5150
epoch 100 LossPred 0.9653 LossAtt 1.0000 TrainAcc 0.6200 TestAcc 0.6234 0.6100
epoch 200 LossPred 0.9383 LossAtt 1.0000 TrainAcc 0.6200 TestAcc 0.6234 0.6150
epoch 300 LossPred 0.8769 LossAtt 1.0000 TrainAcc 0.6200 TestAcc 0.6234 0.6200
epoch 400 LossPred 0.3367 LossAtt 1.0000 TrainAcc 0.9000 TestAcc 0.9123 0.8800
epoch 500 LossPred 0.1661 LossAtt 1.0000 TrainAcc 0.9800 TestAcc 0.9524 0.9450
epoch 600 LossPred 0.1178 LossAtt 1.0000 TrainAcc 0.9900 TestAcc 0.9416 0.9450
epoch 700 LossPred 0.0824 LossAtt 1.0000 TrainAcc 1.0000 TestAcc 0.9610 0.9350
Optimization Finished!
********** replication  19  **********
epoch   0 LossPred 1.0295 LossAtt 1.0000 TrainAcc 0.4800 TestAcc 0.4621 0.4950
epoch 100 LossPred 0.7684 LossAtt 1.0000 TrainAcc 0.8100 TestAcc 0.7911 0.7750
epoch 200 LossPred 0.2546 LossAtt 1.0000 TrainAcc 0.9500 TestAcc 0.9448 0.9000
epoch 300 LossPred 0.1492 LossAtt 1.0000 TrainAcc 0.9900 TestAcc 0.9610 0.9100
epoch 400 LossPred 0.1072 LossAtt 1.0000 TrainAcc 1.0000 TestAcc 0.9665 0.9300
Optimization Finished!
********** replication  20  **********
epoch   0 LossPred 1.2065 LossAtt 1.0000 TrainAcc 0.4800 TestAcc 0.5184 0.4800
epoch 100 LossPred 0.6806 LossAtt 1.0000 TrainAcc 0.8300 TestAcc 0.7641 0.8250
epoch 200 LossPred 0.3780 LossAtt 1.0000 TrainAcc 0.9200 TestAcc 0.8496 0.8600
epoch 300 LossPred 0.2468 LossAtt 1.0000 TrainAcc 0.9600 TestAcc 0.9459 0.8950
epoch 400 LossPred 0.1628 LossAtt 1.0000 TrainAcc 1.0000 TestAcc 0.9729 0.9050
Optimization Finished!
********** replication  21  **********
epoch   0 LossPred 1.0332 LossAtt 1.0000 TrainAcc 0.4200 TestAcc 0.4978 0.4150
epoch 100 LossPred 0.8404 LossAtt 1.0000 TrainAcc 0.6600 TestAcc 0.5985 0.6850
epoch 200 LossPred 0.3904 LossAtt 1.0000 TrainAcc 0.9300 TestAcc 0.8939 0.9200
epoch 300 LossPred 0.1939 LossAtt 1.0000 TrainAcc 0.9700 TestAcc 0.9199 0.9400
epoch 400 LossPred 0.1164 LossAtt 1.0000 TrainAcc 0.9900 TestAcc 0.9340 0.9500
epoch 500 LossPred 0.0784 LossAtt 1.0000 TrainAcc 0.9900 TestAcc 0.9481 0.9600
epoch 600 LossPred 0.0570 LossAtt 1.0000 TrainAcc 0.9900 TestAcc 0.9621 0.9700
epoch 700 LossPred 0.0355 LossAtt 1.0000 TrainAcc 1.0000 TestAcc 0.9773 0.9800
Optimization Finished!
********** replication  22  **********
epoch   0 LossPred 1.5568 LossAtt 1.0000 TrainAcc 0.3600 TestAcc 0.3799 0.3600
epoch 100 LossPred 0.9347 LossAtt 1.0000 TrainAcc 0.6200 TestAcc 0.6234 0.6200
epoch 200 LossPred 0.8469 LossAtt 1.0000 TrainAcc 0.6500 TestAcc 0.6201 0.6500
epoch 300 LossPred 0.7509 LossAtt 1.0000 TrainAcc 0.7400 TestAcc 0.7251 0.7300
epoch 400 LossPred 0.2950 LossAtt 1.0000 TrainAcc 0.9900 TestAcc 0.9556 0.9500
epoch 500 LossPred 0.1690 LossAtt 1.0000 TrainAcc 1.0000 TestAcc 0.9665 0.9600
Optimization Finished!
********** replication  23  **********
epoch   0 LossPred 1.3233 LossAtt 1.0000 TrainAcc 0.3800 TestAcc 0.4145 0.3800
epoch 100 LossPred 1.0047 LossAtt 1.0000 TrainAcc 0.5200 TestAcc 0.6017 0.5050
epoch 200 LossPred 0.8557 LossAtt 1.0000 TrainAcc 0.7000 TestAcc 0.6959 0.6850
epoch 300 LossPred 0.6043 LossAtt 1.0000 TrainAcc 0.8200 TestAcc 0.7630 0.8050
epoch 400 LossPred 0.3128 LossAtt 1.0000 TrainAcc 0.9400 TestAcc 0.9232 0.9100
epoch 500 LossPred 0.1355 LossAtt 1.0000 TrainAcc 1.0000 TestAcc 0.9524 0.9400
Optimization Finished!
********** replication  24  **********
epoch   0 LossPred 1.1584 LossAtt 1.0000 TrainAcc 0.5300 TestAcc 0.5779 0.5350
epoch 100 LossPred 0.8748 LossAtt 1.0000 TrainAcc 0.5900 TestAcc 0.6266 0.5900
epoch 200 LossPred 0.6203 LossAtt 1.0000 TrainAcc 0.9100 TestAcc 0.9058 0.8950
epoch 300 LossPred 0.4357 LossAtt 1.0000 TrainAcc 0.9300 TestAcc 0.9102 0.9050
epoch 400 LossPred 0.2632 LossAtt 1.0000 TrainAcc 0.9500 TestAcc 0.9145 0.9200
epoch 500 LossPred 0.1420 LossAtt 1.0000 TrainAcc 0.9900 TestAcc 0.9177 0.9300
epoch 600 LossPred 0.0757 LossAtt 1.0000 TrainAcc 1.0000 TestAcc 0.9372 0.9450
Optimization Finished!
********** replication  25  **********
epoch   0 LossPred 1.2536 LossAtt 1.0000 TrainAcc 0.4200 TestAcc 0.4556 0.3950
epoch 100 LossPred 0.9437 LossAtt 1.0000 TrainAcc 0.6000 TestAcc 0.5974 0.5900
epoch 200 LossPred 0.8404 LossAtt 1.0000 TrainAcc 0.6800 TestAcc 0.6926 0.6750
epoch 300 LossPred 0.2546 LossAtt 1.0000 TrainAcc 0.9600 TestAcc 0.8442 0.9350
epoch 400 LossPred 0.1533 LossAtt 1.0000 TrainAcc 0.9600 TestAcc 0.8420 0.9350
epoch 500 LossPred 0.1332 LossAtt 1.0000 TrainAcc 0.9600 TestAcc 0.8615 0.9450
epoch 600 LossPred 0.1067 LossAtt 1.0000 TrainAcc 0.9800 TestAcc 0.8734 0.9550
epoch 700 LossPred 0.0912 LossAtt 1.0000 TrainAcc 0.9800 TestAcc 0.8820 0.9400
epoch 800 LossPred 0.0818 LossAtt 1.0000 TrainAcc 0.9800 TestAcc 0.8799 0.9400
epoch 900 LossPred 0.0746 LossAtt 1.0000 TrainAcc 0.9800 TestAcc 0.8799 0.9400
epoch 1000 LossPred 0.0679 LossAtt 1.0000 TrainAcc 0.9800 TestAcc 0.8799 0.9450
epoch 1100 LossPred 0.0439 LossAtt 1.0000 TrainAcc 0.9900 TestAcc 0.8788 0.9500
epoch 1200 LossPred 0.0260 LossAtt 1.0000 TrainAcc 1.0000 TestAcc 0.8669 0.9350
Optimization Finished!
********** replication  26  **********
epoch   0 LossPred 0.9174 LossAtt 1.0000 TrainAcc 0.5600 TestAcc 0.4978 0.5400
epoch 100 LossPred 0.7857 LossAtt 1.0000 TrainAcc 0.6700 TestAcc 0.5141 0.6450
epoch 200 LossPred 0.7338 LossAtt 1.0000 TrainAcc 0.7000 TestAcc 0.5801 0.6250
epoch 300 LossPred 0.7167 LossAtt 1.0000 TrainAcc 0.7200 TestAcc 0.5606 0.6750
epoch 400 LossPred 0.6893 LossAtt 1.0000 TrainAcc 0.7200 TestAcc 0.5768 0.7050
epoch 500 LossPred 0.6605 LossAtt 1.0000 TrainAcc 0.7500 TestAcc 0.5855 0.7100
epoch 600 LossPred 0.6265 LossAtt 1.0000 TrainAcc 0.7800 TestAcc 0.5985 0.7200
epoch 700 LossPred 0.5531 LossAtt 1.0000 TrainAcc 0.7900 TestAcc 0.5498 0.7350
epoch 800 LossPred 0.4725 LossAtt 1.0000 TrainAcc 0.8200 TestAcc 0.5325 0.7400
epoch 900 LossPred 0.3636 LossAtt 1.0000 TrainAcc 0.8900 TestAcc 0.5465 0.7750
epoch 1000 LossPred 0.3195 LossAtt 1.0000 TrainAcc 0.8900 TestAcc 0.5498 0.7650
epoch 1100 LossPred 0.3026 LossAtt 1.0000 TrainAcc 0.8900 TestAcc 0.5433 0.7600
epoch 1200 LossPred 0.2912 LossAtt 1.0000 TrainAcc 0.8900 TestAcc 0.5390 0.7500
epoch 1300 LossPred 0.2829 LossAtt 1.0000 TrainAcc 0.9000 TestAcc 0.5379 0.7550
epoch 1400 LossPred 0.2763 LossAtt 1.0000 TrainAcc 0.9100 TestAcc 0.5411 0.7450
epoch 1500 LossPred 0.2711 LossAtt 1.0000 TrainAcc 0.9200 TestAcc 0.5498 0.7350
epoch 1600 LossPred 0.2670 LossAtt 1.0000 TrainAcc 0.9200 TestAcc 0.5498 0.7400
epoch 1700 LossPred 0.2636 LossAtt 1.0000 TrainAcc 0.9200 TestAcc 0.5498 0.7350
epoch 1800 LossPred 0.2605 LossAtt 1.0000 TrainAcc 0.9200 TestAcc 0.5519 0.7250
epoch 1900 LossPred 0.2575 LossAtt 1.0000 TrainAcc 0.9200 TestAcc 0.5552 0.7250
epoch 2000 LossPred 0.2545 LossAtt 1.0000 TrainAcc 0.9200 TestAcc 0.5530 0.7250
epoch 2100 LossPred 0.2514 LossAtt 1.0000 TrainAcc 0.9200 TestAcc 0.5519 0.7400
epoch 2200 LossPred 0.2458 LossAtt 1.0000 TrainAcc 0.9200 TestAcc 0.5530 0.7350
epoch 2300 LossPred 0.2423 LossAtt 1.0000 TrainAcc 0.9200 TestAcc 0.5552 0.7250
epoch 2400 LossPred 0.2986 LossAtt 1.0000 TrainAcc 0.9000 TestAcc 0.5476 0.7050
epoch 2500 LossPred 0.2580 LossAtt 1.0000 TrainAcc 0.9100 TestAcc 0.5433 0.7100
Optimization Finished!
********** replication  27  **********
epoch   0 LossPred 0.8887 LossAtt 1.0000 TrainAcc 0.6800 TestAcc 0.6169 0.6550
epoch 100 LossPred 0.7443 LossAtt 1.0000 TrainAcc 0.7400 TestAcc 0.6872 0.7350
epoch 200 LossPred 0.2390 LossAtt 1.0000 TrainAcc 0.9600 TestAcc 0.9448 0.9400
epoch 300 LossPred 0.1191 LossAtt 1.0000 TrainAcc 0.9800 TestAcc 0.9578 0.9500
epoch 400 LossPred 0.0692 LossAtt 1.0000 TrainAcc 1.0000 TestAcc 0.9437 0.9550
Optimization Finished!
********** replication  28  **********
epoch   0 LossPred 1.1691 LossAtt 1.0000 TrainAcc 0.5700 TestAcc 0.5617 0.5800
epoch 100 LossPred 0.9595 LossAtt 1.0000 TrainAcc 0.6100 TestAcc 0.6245 0.6100
epoch 200 LossPred 0.9131 LossAtt 1.0000 TrainAcc 0.6000 TestAcc 0.5703 0.5800
epoch 300 LossPred 0.8861 LossAtt 1.0000 TrainAcc 0.6000 TestAcc 0.5303 0.5900
epoch 400 LossPred 0.8432 LossAtt 1.0000 TrainAcc 0.6700 TestAcc 0.5498 0.6000
epoch 500 LossPred 0.8066 LossAtt 1.0000 TrainAcc 0.7100 TestAcc 0.5595 0.6450
epoch 600 LossPred 0.7537 LossAtt 1.0000 TrainAcc 0.7500 TestAcc 0.5920 0.6800
epoch 700 LossPred 0.6288 LossAtt 1.0000 TrainAcc 0.8000 TestAcc 0.6558 0.7200
epoch 800 LossPred 0.6092 LossAtt 1.0000 TrainAcc 0.8000 TestAcc 0.6569 0.7250
epoch 900 LossPred 0.5501 LossAtt 1.0000 TrainAcc 0.8200 TestAcc 0.6818 0.7200
epoch 1000 LossPred 0.5180 LossAtt 1.0000 TrainAcc 0.8300 TestAcc 0.7024 0.7200
epoch 1100 LossPred 0.4727 LossAtt 1.0000 TrainAcc 0.8400 TestAcc 0.7208 0.7150
epoch 1200 LossPred 0.4058 LossAtt 1.0000 TrainAcc 0.8800 TestAcc 0.7543 0.7350
epoch 1300 LossPred 0.3851 LossAtt 1.0000 TrainAcc 0.8800 TestAcc 0.7294 0.7400
epoch 1400 LossPred 0.3681 LossAtt 1.0000 TrainAcc 0.9000 TestAcc 0.7284 0.7450
epoch 1500 LossPred 0.3588 LossAtt 1.0000 TrainAcc 0.9000 TestAcc 0.7284 0.7600
epoch 1600 LossPred 0.3519 LossAtt 1.0000 TrainAcc 0.9000 TestAcc 0.7240 0.7550
epoch 1700 LossPred 0.3468 LossAtt 1.0000 TrainAcc 0.9000 TestAcc 0.7262 0.7700
epoch 1800 LossPred 0.3405 LossAtt 1.0000 TrainAcc 0.9000 TestAcc 0.7284 0.7650
epoch 1900 LossPred 0.3228 LossAtt 1.0000 TrainAcc 0.9000 TestAcc 0.7608 0.7800
epoch 2000 LossPred 0.2971 LossAtt 1.0000 TrainAcc 0.9100 TestAcc 0.7684 0.8100
epoch 2100 LossPred 0.2784 LossAtt 1.0000 TrainAcc 0.9100 TestAcc 0.7933 0.8150
epoch 2200 LossPred 0.3165 LossAtt 1.0000 TrainAcc 0.8900 TestAcc 0.7922 0.8250
epoch 2300 LossPred 0.2936 LossAtt 1.0000 TrainAcc 0.8900 TestAcc 0.7879 0.8150
epoch 2400 LossPred 0.2553 LossAtt 1.0000 TrainAcc 0.9400 TestAcc 0.7868 0.8100
epoch 2500 LossPred 0.2451 LossAtt 1.0000 TrainAcc 0.9400 TestAcc 0.7835 0.8200
Optimization Finished!
********** replication  29  **********
epoch   0 LossPred 1.2174 LossAtt 1.0000 TrainAcc 0.4900 TestAcc 0.4340 0.4550
epoch 100 LossPred 0.9040 LossAtt 1.0000 TrainAcc 0.6400 TestAcc 0.6061 0.6250
epoch 200 LossPred 0.5408 LossAtt 1.0000 TrainAcc 0.8800 TestAcc 0.8236 0.8700
epoch 300 LossPred 0.3298 LossAtt 1.0000 TrainAcc 0.9500 TestAcc 0.9037 0.9450
epoch 400 LossPred 0.2410 LossAtt 1.0000 TrainAcc 0.9600 TestAcc 0.9145 0.9450
epoch 500 LossPred 0.1699 LossAtt 1.0000 TrainAcc 0.9800 TestAcc 0.9188 0.9500
epoch 600 LossPred 0.1204 LossAtt 1.0000 TrainAcc 0.9800 TestAcc 0.9297 0.9650
epoch 700 LossPred 0.0726 LossAtt 1.0000 TrainAcc 0.9900 TestAcc 0.9394 0.9450
epoch 800 LossPred 0.0407 LossAtt 1.0000 TrainAcc 1.0000 TestAcc 0.9361 0.9550
Optimization Finished!
********** replication  30  **********
epoch   0 LossPred 1.5510 LossAtt 1.0000 TrainAcc 0.4000 TestAcc 0.4145 0.4000
epoch 100 LossPred 1.0761 LossAtt 1.0000 TrainAcc 0.5600 TestAcc 0.6180 0.5400
epoch 200 LossPred 0.9216 LossAtt 1.0000 TrainAcc 0.6600 TestAcc 0.7294 0.6750
epoch 300 LossPred 0.6681 LossAtt 1.0000 TrainAcc 0.7900 TestAcc 0.7890 0.7700
epoch 400 LossPred 0.4054 LossAtt 1.0000 TrainAcc 0.9500 TestAcc 0.9502 0.9200
epoch 500 LossPred 0.2476 LossAtt 1.0000 TrainAcc 0.9600 TestAcc 0.9470 0.9400
epoch 600 LossPred 0.1739 LossAtt 1.0000 TrainAcc 0.9900 TestAcc 0.9610 0.9650
epoch 700 LossPred 0.1180 LossAtt 1.0000 TrainAcc 0.9900 TestAcc 0.9643 0.9700
epoch 800 LossPred 0.0621 LossAtt 1.0000 TrainAcc 1.0000 TestAcc 0.9751 0.9800
Optimization Finished!
********** replication  31  **********
epoch   0 LossPred 1.1283 LossAtt 1.0000 TrainAcc 0.5700 TestAcc 0.5054 0.5400
epoch 100 LossPred 0.7684 LossAtt 1.0000 TrainAcc 0.7300 TestAcc 0.7067 0.6950
epoch 200 LossPred 0.2707 LossAtt 1.0000 TrainAcc 0.9700 TestAcc 0.9113 0.9150
epoch 300 LossPred 0.1780 LossAtt 1.0000 TrainAcc 0.9800 TestAcc 0.9199 0.9300
epoch 400 LossPred 0.1382 LossAtt 1.0000 TrainAcc 0.9900 TestAcc 0.9221 0.9400
epoch 500 LossPred 0.1122 LossAtt 1.0000 TrainAcc 0.9900 TestAcc 0.9318 0.9400
epoch 600 LossPred 0.0668 LossAtt 1.0000 TrainAcc 1.0000 TestAcc 0.9621 0.9750
Optimization Finished!
********** replication  32  **********
epoch   0 LossPred 1.3213 LossAtt 1.0000 TrainAcc 0.4200 TestAcc 0.4113 0.4450
epoch 100 LossPred 0.9851 LossAtt 1.0000 TrainAcc 0.6000 TestAcc 0.6255 0.6000
epoch 200 LossPred 0.8761 LossAtt 1.0000 TrainAcc 0.6700 TestAcc 0.6461 0.6600
epoch 300 LossPred 0.7507 LossAtt 1.0000 TrainAcc 0.7700 TestAcc 0.6699 0.7450
epoch 400 LossPred 0.3236 LossAtt 1.0000 TrainAcc 0.9400 TestAcc 0.8214 0.9400
epoch 500 LossPred 0.2338 LossAtt 1.0000 TrainAcc 0.9400 TestAcc 0.8084 0.9150
epoch 600 LossPred 0.1864 LossAtt 1.0000 TrainAcc 0.9500 TestAcc 0.8344 0.9250
epoch 700 LossPred 0.1551 LossAtt 1.0000 TrainAcc 0.9700 TestAcc 0.8626 0.9450
epoch 800 LossPred 0.1235 LossAtt 1.0000 TrainAcc 0.9700 TestAcc 0.8885 0.9650
epoch 900 LossPred 0.0575 LossAtt 1.0000 TrainAcc 1.0000 TestAcc 0.9361 0.9800
Optimization Finished!
********** replication  33  **********
epoch   0 LossPred 1.2976 LossAtt 1.0000 TrainAcc 0.5100 TestAcc 0.5866 0.4800
epoch 100 LossPred 0.9822 LossAtt 1.0000 TrainAcc 0.5800 TestAcc 0.6277 0.5550
epoch 200 LossPred 0.7752 LossAtt 1.0000 TrainAcc 0.7200 TestAcc 0.6732 0.7200
epoch 300 LossPred 0.3061 LossAtt 1.0000 TrainAcc 0.9500 TestAcc 0.9221 0.9150
epoch 400 LossPred 0.1510 LossAtt 1.0000 TrainAcc 0.9700 TestAcc 0.9307 0.9300
epoch 500 LossPred 0.1042 LossAtt 1.0000 TrainAcc 0.9800 TestAcc 0.9448 0.9400
epoch 600 LossPred 0.0812 LossAtt 1.0000 TrainAcc 0.9800 TestAcc 0.9470 0.9450
epoch 700 LossPred 0.0578 LossAtt 1.0000 TrainAcc 0.9900 TestAcc 0.9481 0.9600
epoch 800 LossPred 0.0487 LossAtt 1.0000 TrainAcc 0.9900 TestAcc 0.9535 0.9600
epoch 900 LossPred 0.0430 LossAtt 1.0000 TrainAcc 0.9900 TestAcc 0.9535 0.9650
epoch 1000 LossPred 0.0385 LossAtt 1.0000 TrainAcc 0.9900 TestAcc 0.9513 0.9650
epoch 1100 LossPred 0.0333 LossAtt 1.0000 TrainAcc 0.9900 TestAcc 0.9513 0.9700
epoch 1200 LossPred 0.0238 LossAtt 1.0000 TrainAcc 1.0000 TestAcc 0.9567 0.9650
Optimization Finished!
********** replication  34  **********
epoch   0 LossPred 0.8561 LossAtt 1.0000 TrainAcc 0.6600 TestAcc 0.6190 0.6600
epoch 100 LossPred 0.6310 LossAtt 1.0000 TrainAcc 0.8000 TestAcc 0.7760 0.7950
epoch 200 LossPred 0.2044 LossAtt 1.0000 TrainAcc 0.9900 TestAcc 0.9675 0.9400
epoch 300 LossPred 0.1185 LossAtt 1.0000 TrainAcc 0.9800 TestAcc 0.9610 0.9600
epoch 400 LossPred 0.0788 LossAtt 1.0000 TrainAcc 0.9900 TestAcc 0.9545 0.9500
epoch 500 LossPred 0.0561 LossAtt 1.0000 TrainAcc 0.9900 TestAcc 0.9589 0.9650
epoch 600 LossPred 0.0292 LossAtt 1.0000 TrainAcc 1.0000 TestAcc 0.9502 0.9700
Optimization Finished!
********** replication  35  **********
epoch   0 LossPred 1.4584 LossAtt 1.0000 TrainAcc 0.5000 TestAcc 0.5714 0.4850
epoch 100 LossPred 1.0709 LossAtt 1.0000 TrainAcc 0.5400 TestAcc 0.6320 0.5400
epoch 200 LossPred 0.9731 LossAtt 1.0000 TrainAcc 0.5400 TestAcc 0.6320 0.5400
epoch 300 LossPred 0.8810 LossAtt 1.0000 TrainAcc 0.7000 TestAcc 0.6905 0.6800
epoch 400 LossPred 0.6460 LossAtt 1.0000 TrainAcc 0.8200 TestAcc 0.7662 0.8250
epoch 500 LossPred 0.3419 LossAtt 1.0000 TrainAcc 0.9000 TestAcc 0.8333 0.8950
epoch 600 LossPred 0.2424 LossAtt 1.0000 TrainAcc 0.9500 TestAcc 0.8539 0.9100
epoch 700 LossPred 0.2144 LossAtt 1.0000 TrainAcc 0.9500 TestAcc 0.8571 0.9100
epoch 800 LossPred 0.1980 LossAtt 1.0000 TrainAcc 0.9500 TestAcc 0.8593 0.9100
epoch 900 LossPred 0.1863 LossAtt 1.0000 TrainAcc 0.9600 TestAcc 0.8626 0.9100
epoch 1000 LossPred 0.1673 LossAtt 1.0000 TrainAcc 0.9600 TestAcc 0.8658 0.9450
epoch 1100 LossPred 0.1357 LossAtt 1.0000 TrainAcc 0.9800 TestAcc 0.9069 0.9450
epoch 1200 LossPred 0.1195 LossAtt 1.0000 TrainAcc 0.9800 TestAcc 0.9177 0.9450
epoch 1300 LossPred 0.0984 LossAtt 1.0000 TrainAcc 0.9900 TestAcc 0.9329 0.9500
epoch 1400 LossPred 0.0733 LossAtt 1.0000 TrainAcc 1.0000 TestAcc 0.9167 0.9650
Optimization Finished!
********** replication  36  **********
epoch   0 LossPred 1.3039 LossAtt 1.0000 TrainAcc 0.4700 TestAcc 0.4870 0.4800
epoch 100 LossPred 0.9517 LossAtt 1.0000 TrainAcc 0.5400 TestAcc 0.5563 0.5450
epoch 200 LossPred 0.8901 LossAtt 1.0000 TrainAcc 0.6300 TestAcc 0.5844 0.6350
epoch 300 LossPred 0.8350 LossAtt 1.0000 TrainAcc 0.7000 TestAcc 0.6537 0.6850
epoch 400 LossPred 0.4006 LossAtt 1.0000 TrainAcc 0.9000 TestAcc 0.8236 0.8900
epoch 500 LossPred 0.1893 LossAtt 1.0000 TrainAcc 0.9600 TestAcc 0.8810 0.9550
epoch 600 LossPred 0.1187 LossAtt 1.0000 TrainAcc 0.9700 TestAcc 0.8950 0.9550
epoch 700 LossPred 0.0908 LossAtt 1.0000 TrainAcc 0.9700 TestAcc 0.9026 0.9600
epoch 800 LossPred 0.0720 LossAtt 1.0000 TrainAcc 0.9900 TestAcc 0.9134 0.9650
epoch 900 LossPred 0.0590 LossAtt 1.0000 TrainAcc 0.9900 TestAcc 0.9123 0.9600
epoch 1000 LossPred 0.0501 LossAtt 1.0000 TrainAcc 0.9900 TestAcc 0.9167 0.9600
epoch 1100 LossPred 0.0405 LossAtt 1.0000 TrainAcc 0.9900 TestAcc 0.9113 0.9550
epoch 1200 LossPred 0.0250 LossAtt 1.0000 TrainAcc 1.0000 TestAcc 0.9069 0.9650
Optimization Finished!
********** replication  37  **********
epoch   0 LossPred 1.2305 LossAtt 1.0000 TrainAcc 0.3900 TestAcc 0.3766 0.3900
epoch 100 LossPred 0.8567 LossAtt 1.0000 TrainAcc 0.6600 TestAcc 0.6504 0.6350
epoch 200 LossPred 0.8015 LossAtt 1.0000 TrainAcc 0.6700 TestAcc 0.7110 0.6700
epoch 300 LossPred 0.3760 LossAtt 1.0000 TrainAcc 0.8800 TestAcc 0.9058 0.8700
epoch 400 LossPred 0.2354 LossAtt 1.0000 TrainAcc 0.9600 TestAcc 0.9232 0.9650
epoch 500 LossPred 0.1741 LossAtt 1.0000 TrainAcc 1.0000 TestAcc 0.9361 0.9750
Optimization Finished!
********** replication  38  **********
epoch   0 LossPred 1.2015 LossAtt 1.0000 TrainAcc 0.4800 TestAcc 0.4329 0.4650
epoch 100 LossPred 0.9408 LossAtt 1.0000 TrainAcc 0.6100 TestAcc 0.6245 0.6050
epoch 200 LossPred 0.9357 LossAtt 1.0000 TrainAcc 0.6100 TestAcc 0.6245 0.6100
epoch 300 LossPred 0.9301 LossAtt 1.0000 TrainAcc 0.6100 TestAcc 0.6245 0.6100
epoch 400 LossPred 0.8760 LossAtt 1.0000 TrainAcc 0.6300 TestAcc 0.6602 0.6200
epoch 500 LossPred 0.2503 LossAtt 1.0000 TrainAcc 0.9600 TestAcc 0.9069 0.9100
epoch 600 LossPred 0.1236 LossAtt 1.0000 TrainAcc 1.0000 TestAcc 0.9177 0.9350
Optimization Finished!
********** replication  39  **********
epoch   0 LossPred 1.0917 LossAtt 1.0000 TrainAcc 0.5200 TestAcc 0.5346 0.5150
epoch 100 LossPred 0.7661 LossAtt 1.0000 TrainAcc 0.6400 TestAcc 0.6212 0.6400
epoch 200 LossPred 0.2930 LossAtt 1.0000 TrainAcc 0.9600 TestAcc 0.9329 0.9300
epoch 300 LossPred 0.1987 LossAtt 1.0000 TrainAcc 0.9800 TestAcc 0.9286 0.9300
epoch 400 LossPred 0.1193 LossAtt 1.0000 TrainAcc 1.0000 TestAcc 0.9448 0.9350
Optimization Finished!
********** replication  40  **********
epoch   0 LossPred 1.1224 LossAtt 1.0000 TrainAcc 0.6000 TestAcc 0.6223 0.5900
epoch 100 LossPred 0.7941 LossAtt 1.0000 TrainAcc 0.6600 TestAcc 0.7154 0.6800
epoch 200 LossPred 0.2432 LossAtt 1.0000 TrainAcc 0.9600 TestAcc 0.8983 0.9550
epoch 300 LossPred 0.1583 LossAtt 1.0000 TrainAcc 0.9600 TestAcc 0.8939 0.9700
epoch 400 LossPred 0.0997 LossAtt 1.0000 TrainAcc 0.9900 TestAcc 0.9437 0.9550
epoch 500 LossPred 0.0594 LossAtt 1.0000 TrainAcc 1.0000 TestAcc 0.9740 0.9700
Optimization Finished!
********** replication  41  **********
epoch   0 LossPred 1.4568 LossAtt 1.0000 TrainAcc 0.3200 TestAcc 0.3831 0.3200
epoch 100 LossPred 0.7106 LossAtt 1.0000 TrainAcc 0.7900 TestAcc 0.6991 0.8050
epoch 200 LossPred 0.5075 LossAtt 1.0000 TrainAcc 0.8500 TestAcc 0.7803 0.8650
epoch 300 LossPred 0.2583 LossAtt 1.0000 TrainAcc 0.9800 TestAcc 0.9351 0.9450
epoch 400 LossPred 0.1941 LossAtt 1.0000 TrainAcc 0.9800 TestAcc 0.9307 0.9500
epoch 500 LossPred 0.1453 LossAtt 1.0000 TrainAcc 0.9800 TestAcc 0.9102 0.9450
epoch 600 LossPred 0.1170 LossAtt 1.0000 TrainAcc 0.9800 TestAcc 0.8983 0.9350
epoch 700 LossPred 0.0917 LossAtt 1.0000 TrainAcc 0.9800 TestAcc 0.8918 0.9400
epoch 800 LossPred 0.0655 LossAtt 1.0000 TrainAcc 0.9900 TestAcc 0.9069 0.9650
epoch 900 LossPred 0.0353 LossAtt 1.0000 TrainAcc 1.0000 TestAcc 0.9199 0.9850
Optimization Finished!
********** replication  42  **********
epoch   0 LossPred 1.0114 LossAtt 1.0000 TrainAcc 0.5100 TestAcc 0.4697 0.5300
epoch 100 LossPred 0.8280 LossAtt 1.0000 TrainAcc 0.6200 TestAcc 0.6234 0.6200
epoch 200 LossPred 0.3364 LossAtt 1.0000 TrainAcc 0.9300 TestAcc 0.9167 0.8950
epoch 300 LossPred 0.1648 LossAtt 1.0000 TrainAcc 0.9700 TestAcc 0.9058 0.9200
epoch 400 LossPred 0.1083 LossAtt 1.0000 TrainAcc 0.9900 TestAcc 0.9058 0.9350
epoch 500 LossPred 0.0748 LossAtt 1.0000 TrainAcc 0.9900 TestAcc 0.9340 0.9550
epoch 600 LossPred 0.0543 LossAtt 1.0000 TrainAcc 1.0000 TestAcc 0.9502 0.9600
Optimization Finished!
********** replication  43  **********
epoch   0 LossPred 0.9607 LossAtt 1.0000 TrainAcc 0.5900 TestAcc 0.5076 0.5900
epoch 100 LossPred 0.7039 LossAtt 1.0000 TrainAcc 0.7300 TestAcc 0.6970 0.7150
epoch 200 LossPred 0.2035 LossAtt 1.0000 TrainAcc 0.9700 TestAcc 0.9242 0.9200
epoch 300 LossPred 0.0810 LossAtt 1.0000 TrainAcc 0.9900 TestAcc 0.9037 0.9450
epoch 400 LossPred 0.0535 LossAtt 1.0000 TrainAcc 0.9900 TestAcc 0.9048 0.9500
epoch 500 LossPred 0.0392 LossAtt 1.0000 TrainAcc 1.0000 TestAcc 0.9177 0.9600
Optimization Finished!
********** replication  44  **********
epoch   0 LossPred 1.0205 LossAtt 1.0000 TrainAcc 0.5800 TestAcc 0.4913 0.5750
epoch 100 LossPred 0.8963 LossAtt 1.0000 TrainAcc 0.6400 TestAcc 0.5736 0.6400
epoch 200 LossPred 0.8311 LossAtt 1.0000 TrainAcc 0.6700 TestAcc 0.6180 0.6700
epoch 300 LossPred 0.7232 LossAtt 1.0000 TrainAcc 0.7200 TestAcc 0.6385 0.7350
epoch 400 LossPred 0.1577 LossAtt 1.0000 TrainAcc 0.9600 TestAcc 0.9069 0.9300
epoch 500 LossPred 0.1112 LossAtt 1.0000 TrainAcc 0.9900 TestAcc 0.9318 0.9300
epoch 600 LossPred 0.0667 LossAtt 1.0000 TrainAcc 1.0000 TestAcc 0.9340 0.9250
Optimization Finished!
********** replication  45  **********
epoch   0 LossPred 1.2068 LossAtt 1.0000 TrainAcc 0.5300 TestAcc 0.4903 0.5000
epoch 100 LossPred 0.8610 LossAtt 1.0000 TrainAcc 0.6400 TestAcc 0.6212 0.6400
epoch 200 LossPred 0.5259 LossAtt 1.0000 TrainAcc 0.8100 TestAcc 0.8063 0.7950
epoch 300 LossPred 0.1836 LossAtt 1.0000 TrainAcc 0.9800 TestAcc 0.9426 0.9550
epoch 400 LossPred 0.1144 LossAtt 1.0000 TrainAcc 0.9900 TestAcc 0.9297 0.9450
epoch 500 LossPred 0.0825 LossAtt 1.0000 TrainAcc 0.9900 TestAcc 0.9275 0.9400
epoch 600 LossPred 0.0644 LossAtt 1.0000 TrainAcc 0.9900 TestAcc 0.9329 0.9400
epoch 700 LossPred 0.0502 LossAtt 1.0000 TrainAcc 0.9900 TestAcc 0.9459 0.9350
epoch 800 LossPred 0.0288 LossAtt 1.0000 TrainAcc 1.0000 TestAcc 0.9729 0.9550
Optimization Finished!
********** replication  46  **********
epoch   0 LossPred 0.9789 LossAtt 1.0000 TrainAcc 0.5900 TestAcc 0.6266 0.5700
epoch 100 LossPred 0.8351 LossAtt 1.0000 TrainAcc 0.6900 TestAcc 0.6158 0.6900
epoch 200 LossPred 0.7753 LossAtt 1.0000 TrainAcc 0.6900 TestAcc 0.6158 0.6900
epoch 300 LossPred 0.7423 LossAtt 1.0000 TrainAcc 0.6900 TestAcc 0.6158 0.6900
epoch 400 LossPred 0.1611 LossAtt 1.0000 TrainAcc 0.9900 TestAcc 0.9459 0.9550
epoch 500 LossPred 0.0798 LossAtt 1.0000 TrainAcc 1.0000 TestAcc 0.9654 0.9650
Optimization Finished!
********** replication  47  **********
epoch   0 LossPred 1.0065 LossAtt 1.0000 TrainAcc 0.5400 TestAcc 0.5097 0.5150
epoch 100 LossPred 0.7464 LossAtt 1.0000 TrainAcc 0.6800 TestAcc 0.6169 0.6750
epoch 200 LossPred 0.5583 LossAtt 1.0000 TrainAcc 0.8400 TestAcc 0.7630 0.8200
epoch 300 LossPred 0.2263 LossAtt 1.0000 TrainAcc 0.9500 TestAcc 0.8712 0.9350
epoch 400 LossPred 0.1230 LossAtt 1.0000 TrainAcc 0.9800 TestAcc 0.9232 0.9700
epoch 500 LossPred 0.0708 LossAtt 1.0000 TrainAcc 1.0000 TestAcc 0.9459 0.9800
Optimization Finished!
********** replication  48  **********
epoch   0 LossPred 1.1909 LossAtt 1.0000 TrainAcc 0.4600 TestAcc 0.4502 0.4350
epoch 100 LossPred 0.9252 LossAtt 1.0000 TrainAcc 0.6200 TestAcc 0.6786 0.6100
epoch 200 LossPred 0.5595 LossAtt 1.0000 TrainAcc 0.9300 TestAcc 0.9026 0.9100
epoch 300 LossPred 0.2881 LossAtt 1.0000 TrainAcc 0.9600 TestAcc 0.8939 0.9150
epoch 400 LossPred 0.1607 LossAtt 1.0000 TrainAcc 0.9800 TestAcc 0.8994 0.9200
epoch 500 LossPred 0.1171 LossAtt 1.0000 TrainAcc 0.9900 TestAcc 0.8929 0.9250
epoch 600 LossPred 0.0759 LossAtt 1.0000 TrainAcc 1.0000 TestAcc 0.8799 0.9250
Optimization Finished!
********** replication  49  **********
epoch   0 LossPred 1.1507 LossAtt 1.0000 TrainAcc 0.4500 TestAcc 0.4946 0.4750
epoch 100 LossPred 0.9071 LossAtt 1.0000 TrainAcc 0.6200 TestAcc 0.6234 0.6200
epoch 200 LossPred 0.5444 LossAtt 1.0000 TrainAcc 0.8200 TestAcc 0.8647 0.8450
epoch 300 LossPred 0.2295 LossAtt 1.0000 TrainAcc 0.9800 TestAcc 0.9383 0.9600
epoch 400 LossPred 0.1281 LossAtt 1.0000 TrainAcc 0.9900 TestAcc 0.9794 0.9650
epoch 500 LossPred 0.0686 LossAtt 1.0000 TrainAcc 1.0000 TestAcc 0.9848 0.9400
Optimization Finished!
********** replication  50  **********
epoch   0 LossPred 1.1174 LossAtt 1.0000 TrainAcc 0.3900 TestAcc 0.4946 0.3900
epoch 100 LossPred 0.7579 LossAtt 1.0000 TrainAcc 0.7200 TestAcc 0.6126 0.7200
epoch 200 LossPred 0.5469 LossAtt 1.0000 TrainAcc 0.8300 TestAcc 0.7348 0.8500
epoch 300 LossPred 0.2578 LossAtt 1.0000 TrainAcc 0.9400 TestAcc 0.8301 0.9250
epoch 400 LossPred 0.1695 LossAtt 1.0000 TrainAcc 0.9900 TestAcc 0.9091 0.9600
epoch 500 LossPred 0.0972 LossAtt 1.0000 TrainAcc 0.9900 TestAcc 0.9729 0.9600
epoch 600 LossPred 0.0549 LossAtt 1.0000 TrainAcc 1.0000 TestAcc 0.9784 0.9800
Optimization Finished!
********** replication  51  **********
epoch   0 LossPred 1.1912 LossAtt 1.0000 TrainAcc 0.4100 TestAcc 0.4535 0.4000
epoch 100 LossPred 0.8639 LossAtt 1.0000 TrainAcc 0.6900 TestAcc 0.6071 0.6950
epoch 200 LossPred 0.6963 LossAtt 1.0000 TrainAcc 0.7000 TestAcc 0.6364 0.7200
epoch 300 LossPred 0.6192 LossAtt 1.0000 TrainAcc 0.8100 TestAcc 0.6786 0.8100
epoch 400 LossPred 0.3007 LossAtt 1.0000 TrainAcc 0.9100 TestAcc 0.8777 0.9100
epoch 500 LossPred 0.1434 LossAtt 1.0000 TrainAcc 0.9800 TestAcc 0.9307 0.9500
epoch 600 LossPred 0.0880 LossAtt 1.0000 TrainAcc 0.9900 TestAcc 0.9535 0.9650
epoch 700 LossPred 0.0452 LossAtt 1.0000 TrainAcc 1.0000 TestAcc 0.9729 0.9700
Optimization Finished!
********** replication  52  **********
epoch   0 LossPred 0.9225 LossAtt 1.0000 TrainAcc 0.5800 TestAcc 0.5022 0.5900
epoch 100 LossPred 0.7438 LossAtt 1.0000 TrainAcc 0.7600 TestAcc 0.6840 0.7600
epoch 200 LossPred 0.2925 LossAtt 1.0000 TrainAcc 0.9300 TestAcc 0.8734 0.9200
epoch 300 LossPred 0.1077 LossAtt 1.0000 TrainAcc 1.0000 TestAcc 0.9329 0.9500
Optimization Finished!
********** replication  53  **********
epoch   0 LossPred 1.1817 LossAtt 1.0000 TrainAcc 0.4800 TestAcc 0.4545 0.4650
epoch 100 LossPred 0.8564 LossAtt 1.0000 TrainAcc 0.6900 TestAcc 0.6158 0.6900
epoch 200 LossPred 0.7834 LossAtt 1.0000 TrainAcc 0.6900 TestAcc 0.6158 0.6900
epoch 300 LossPred 0.7216 LossAtt 1.0000 TrainAcc 0.7500 TestAcc 0.6851 0.7500
epoch 400 LossPred 0.3110 LossAtt 1.0000 TrainAcc 0.9300 TestAcc 0.8712 0.9300
epoch 500 LossPred 0.1825 LossAtt 1.0000 TrainAcc 0.9700 TestAcc 0.8669 0.9500
epoch 600 LossPred 0.1472 LossAtt 1.0000 TrainAcc 0.9700 TestAcc 0.8766 0.9600
epoch 700 LossPred 0.1165 LossAtt 1.0000 TrainAcc 0.9700 TestAcc 0.8907 0.9650
epoch 800 LossPred 0.0837 LossAtt 1.0000 TrainAcc 0.9800 TestAcc 0.8939 0.9750
epoch 900 LossPred 0.0497 LossAtt 1.0000 TrainAcc 1.0000 TestAcc 0.8929 0.9700
Optimization Finished!
********** replication  54  **********
epoch   0 LossPred 1.0163 LossAtt 1.0000 TrainAcc 0.4400 TestAcc 0.4481 0.4150
epoch 100 LossPred 0.8969 LossAtt 1.0000 TrainAcc 0.6500 TestAcc 0.6201 0.6500
epoch 200 LossPred 0.8881 LossAtt 1.0000 TrainAcc 0.6500 TestAcc 0.6201 0.6500
epoch 300 LossPred 0.8607 LossAtt 1.0000 TrainAcc 0.6500 TestAcc 0.6201 0.6500
epoch 400 LossPred 0.7353 LossAtt 1.0000 TrainAcc 0.7300 TestAcc 0.6872 0.7300
epoch 500 LossPred 0.2661 LossAtt 1.0000 TrainAcc 0.9500 TestAcc 0.8842 0.9550
epoch 600 LossPred 0.1079 LossAtt 1.0000 TrainAcc 0.9800 TestAcc 0.9340 0.9700
epoch 700 LossPred 0.0749 LossAtt 1.0000 TrainAcc 0.9900 TestAcc 0.9426 0.9700
epoch 800 LossPred 0.0593 LossAtt 1.0000 TrainAcc 0.9900 TestAcc 0.9437 0.9750
epoch 900 LossPred 0.0493 LossAtt 1.0000 TrainAcc 0.9900 TestAcc 0.9448 0.9750
epoch 1000 LossPred 0.0378 LossAtt 1.0000 TrainAcc 0.9900 TestAcc 0.9416 0.9900
epoch 1100 LossPred 0.0309 LossAtt 1.0000 TrainAcc 0.9900 TestAcc 0.9491 0.9900
epoch 1200 LossPred 0.0222 LossAtt 1.0000 TrainAcc 1.0000 TestAcc 0.9610 0.9900
Optimization Finished!
********** replication  55  **********
epoch   0 LossPred 1.0804 LossAtt 1.0000 TrainAcc 0.3900 TestAcc 0.3755 0.3900
epoch 100 LossPred 0.8779 LossAtt 1.0000 TrainAcc 0.6100 TestAcc 0.6245 0.6050
epoch 200 LossPred 0.8472 LossAtt 1.0000 TrainAcc 0.6000 TestAcc 0.6602 0.6550
epoch 300 LossPred 0.6625 LossAtt 1.0000 TrainAcc 0.7400 TestAcc 0.7284 0.7600
epoch 400 LossPred 0.1882 LossAtt 1.0000 TrainAcc 0.9700 TestAcc 0.9729 0.9250
epoch 500 LossPred 0.1050 LossAtt 1.0000 TrainAcc 1.0000 TestAcc 0.9892 0.9400
Optimization Finished!
********** replication  56  **********
epoch   0 LossPred 1.1078 LossAtt 1.0000 TrainAcc 0.5400 TestAcc 0.5411 0.4850
epoch 100 LossPred 0.8826 LossAtt 1.0000 TrainAcc 0.6600 TestAcc 0.6190 0.6550
epoch 200 LossPred 0.8373 LossAtt 1.0000 TrainAcc 0.6600 TestAcc 0.6190 0.6600
epoch 300 LossPred 0.7155 LossAtt 1.0000 TrainAcc 0.7500 TestAcc 0.7165 0.7450
epoch 400 LossPred 0.1761 LossAtt 1.0000 TrainAcc 0.9900 TestAcc 0.9351 0.9350
epoch 500 LossPred 0.0959 LossAtt 1.0000 TrainAcc 0.9900 TestAcc 0.9654 0.9400
epoch 600 LossPred 0.0635 LossAtt 1.0000 TrainAcc 1.0000 TestAcc 0.9838 0.9550
Optimization Finished!
********** replication  57  **********
epoch   0 LossPred 0.9695 LossAtt 1.0000 TrainAcc 0.5600 TestAcc 0.5541 0.5900
epoch 100 LossPred 0.8036 LossAtt 1.0000 TrainAcc 0.7000 TestAcc 0.7316 0.7050
epoch 200 LossPred 0.4122 LossAtt 1.0000 TrainAcc 0.9400 TestAcc 0.9145 0.9300
epoch 300 LossPred 0.1948 LossAtt 1.0000 TrainAcc 0.9600 TestAcc 0.9361 0.9250
epoch 400 LossPred 0.0763 LossAtt 1.0000 TrainAcc 1.0000 TestAcc 0.9892 0.9800
Optimization Finished!
********** replication  58  **********
epoch   0 LossPred 1.0301 LossAtt 1.0000 TrainAcc 0.5800 TestAcc 0.5617 0.5950
epoch 100 LossPred 0.8122 LossAtt 1.0000 TrainAcc 0.6800 TestAcc 0.7165 0.6650
epoch 200 LossPred 0.3727 LossAtt 1.0000 TrainAcc 0.9300 TestAcc 0.9621 0.8850
epoch 300 LossPred 0.2259 LossAtt 1.0000 TrainAcc 0.9700 TestAcc 0.9838 0.9250
epoch 400 LossPred 0.0866 LossAtt 1.0000 TrainAcc 1.0000 TestAcc 0.9935 0.9800
Optimization Finished!
********** replication  59  **********
epoch   0 LossPred 1.0559 LossAtt 1.0000 TrainAcc 0.5500 TestAcc 0.5390 0.5250
epoch 100 LossPred 0.8327 LossAtt 1.0000 TrainAcc 0.6400 TestAcc 0.6212 0.6400
epoch 200 LossPred 0.8116 LossAtt 1.0000 TrainAcc 0.6300 TestAcc 0.6223 0.6150
epoch 300 LossPred 0.8032 LossAtt 1.0000 TrainAcc 0.6300 TestAcc 0.6223 0.6650
epoch 400 LossPred 0.7783 LossAtt 1.0000 TrainAcc 0.7000 TestAcc 0.6905 0.6750
epoch 500 LossPred 0.3208 LossAtt 1.0000 TrainAcc 0.9400 TestAcc 0.9253 0.9300
epoch 600 LossPred 0.1332 LossAtt 1.0000 TrainAcc 0.9900 TestAcc 0.9827 0.9550
epoch 700 LossPred 0.1026 LossAtt 1.0000 TrainAcc 1.0000 TestAcc 0.9881 0.9550
Optimization Finished!
********** replication  60  **********
epoch   0 LossPred 0.9554 LossAtt 1.0000 TrainAcc 0.6100 TestAcc 0.6126 0.6150
epoch 100 LossPred 0.8315 LossAtt 1.0000 TrainAcc 0.6200 TestAcc 0.6234 0.6200
epoch 200 LossPred 0.6736 LossAtt 1.0000 TrainAcc 0.7000 TestAcc 0.7035 0.7000
epoch 300 LossPred 0.2183 LossAtt 1.0000 TrainAcc 0.9700 TestAcc 0.9134 0.8950
epoch 400 LossPred 0.1172 LossAtt 1.0000 TrainAcc 0.9900 TestAcc 0.9491 0.9500
epoch 500 LossPred 0.0468 LossAtt 1.0000 TrainAcc 1.0000 TestAcc 0.9578 0.9700
Optimization Finished!
********** replication  61  **********
epoch   0 LossPred 1.0856 LossAtt 1.0000 TrainAcc 0.5100 TestAcc 0.4924 0.4850
epoch 100 LossPred 0.8502 LossAtt 1.0000 TrainAcc 0.6400 TestAcc 0.6212 0.6600
epoch 200 LossPred 0.6871 LossAtt 1.0000 TrainAcc 0.7200 TestAcc 0.7208 0.7550
epoch 300 LossPred 0.1750 LossAtt 1.0000 TrainAcc 0.9700 TestAcc 0.9665 0.9500
epoch 400 LossPred 0.1187 LossAtt 1.0000 TrainAcc 0.9800 TestAcc 0.9708 0.9600
epoch 500 LossPred 0.0628 LossAtt 1.0000 TrainAcc 0.9900 TestAcc 0.9578 0.9650
epoch 600 LossPred 0.0319 LossAtt 1.0000 TrainAcc 1.0000 TestAcc 0.9535 0.9750
Optimization Finished!
********** replication  62  **********
epoch   0 LossPred 1.2289 LossAtt 1.0000 TrainAcc 0.3700 TestAcc 0.4383 0.4450
epoch 100 LossPred 0.8906 LossAtt 1.0000 TrainAcc 0.6000 TestAcc 0.6255 0.5950
epoch 200 LossPred 0.5801 LossAtt 1.0000 TrainAcc 0.8700 TestAcc 0.8528 0.8250
epoch 300 LossPred 0.2583 LossAtt 1.0000 TrainAcc 0.9700 TestAcc 0.9697 0.9150
epoch 400 LossPred 0.1697 LossAtt 1.0000 TrainAcc 0.9900 TestAcc 0.9794 0.9300
epoch 500 LossPred 0.1114 LossAtt 1.0000 TrainAcc 1.0000 TestAcc 0.9719 0.9150
Optimization Finished!
********** replication  63  **********
epoch   0 LossPred 0.9566 LossAtt 1.0000 TrainAcc 0.6500 TestAcc 0.5368 0.6000
epoch 100 LossPred 0.8227 LossAtt 1.0000 TrainAcc 0.6900 TestAcc 0.6158 0.6900
epoch 200 LossPred 0.5209 LossAtt 1.0000 TrainAcc 0.8300 TestAcc 0.8074 0.8150
epoch 300 LossPred 0.2249 LossAtt 1.0000 TrainAcc 0.9700 TestAcc 0.9383 0.9600
epoch 400 LossPred 0.0905 LossAtt 1.0000 TrainAcc 1.0000 TestAcc 0.9502 0.9650
Optimization Finished!
********** replication  64  **********
epoch   0 LossPred 1.0765 LossAtt 1.0000 TrainAcc 0.5500 TestAcc 0.5379 0.5550
epoch 100 LossPred 0.8529 LossAtt 1.0000 TrainAcc 0.6200 TestAcc 0.5595 0.6200
epoch 200 LossPred 0.8159 LossAtt 1.0000 TrainAcc 0.6800 TestAcc 0.6158 0.6950
epoch 300 LossPred 0.7766 LossAtt 1.0000 TrainAcc 0.7100 TestAcc 0.6439 0.7200
epoch 400 LossPred 0.2507 LossAtt 1.0000 TrainAcc 0.9400 TestAcc 0.8615 0.9350
epoch 500 LossPred 0.1268 LossAtt 1.0000 TrainAcc 0.9900 TestAcc 0.8961 0.9650
epoch 600 LossPred 0.0871 LossAtt 1.0000 TrainAcc 0.9800 TestAcc 0.9037 0.9700
epoch 700 LossPred 0.0711 LossAtt 1.0000 TrainAcc 0.9800 TestAcc 0.8983 0.9700
epoch 800 LossPred 0.0540 LossAtt 1.0000 TrainAcc 0.9900 TestAcc 0.8929 0.9650
epoch 900 LossPred 0.0400 LossAtt 1.0000 TrainAcc 0.9900 TestAcc 0.8864 0.9600
epoch 1000 LossPred 0.0333 LossAtt 1.0000 TrainAcc 0.9900 TestAcc 0.8745 0.9600
epoch 1100 LossPred 0.0291 LossAtt 1.0000 TrainAcc 0.9900 TestAcc 0.8701 0.9700
epoch 1200 LossPred 0.0255 LossAtt 1.0000 TrainAcc 1.0000 TestAcc 0.8777 0.9700
Optimization Finished!
********** replication  65  **********
epoch   0 LossPred 1.0435 LossAtt 1.0000 TrainAcc 0.5600 TestAcc 0.4794 0.5650
epoch 100 LossPred 0.7395 LossAtt 1.0000 TrainAcc 0.7000 TestAcc 0.6104 0.7000
epoch 200 LossPred 0.3895 LossAtt 1.0000 TrainAcc 0.9100 TestAcc 0.8344 0.8950
epoch 300 LossPred 0.1461 LossAtt 1.0000 TrainAcc 0.9800 TestAcc 0.9318 0.9450
epoch 400 LossPred 0.1057 LossAtt 1.0000 TrainAcc 0.9800 TestAcc 0.9361 0.9550
epoch 500 LossPred 0.0756 LossAtt 1.0000 TrainAcc 0.9900 TestAcc 0.9361 0.9600
epoch 600 LossPred 0.0532 LossAtt 1.0000 TrainAcc 0.9900 TestAcc 0.9524 0.9600
epoch 700 LossPred 0.0382 LossAtt 1.0000 TrainAcc 1.0000 TestAcc 0.9675 0.9600
Optimization Finished!
********** replication  66  **********
epoch   0 LossPred 1.2570 LossAtt 1.0000 TrainAcc 0.4100 TestAcc 0.3734 0.3800
epoch 100 LossPred 0.7859 LossAtt 1.0000 TrainAcc 0.6800 TestAcc 0.6169 0.6800
epoch 200 LossPred 0.5742 LossAtt 1.0000 TrainAcc 0.8600 TestAcc 0.8874 0.8500
epoch 300 LossPred 0.4232 LossAtt 1.0000 TrainAcc 0.8900 TestAcc 0.8939 0.8800
epoch 400 LossPred 0.3214 LossAtt 1.0000 TrainAcc 0.9000 TestAcc 0.9113 0.8950
epoch 500 LossPred 0.1652 LossAtt 1.0000 TrainAcc 0.9800 TestAcc 0.9199 0.9350
epoch 600 LossPred 0.1078 LossAtt 1.0000 TrainAcc 0.9800 TestAcc 0.9578 0.9550
epoch 700 LossPred 0.0551 LossAtt 1.0000 TrainAcc 1.0000 TestAcc 0.9816 0.9500
Optimization Finished!
********** replication  67  **********
epoch   0 LossPred 0.9617 LossAtt 1.0000 TrainAcc 0.5800 TestAcc 0.5444 0.5850
epoch 100 LossPred 0.8131 LossAtt 1.0000 TrainAcc 0.6900 TestAcc 0.6158 0.6900
epoch 200 LossPred 0.6971 LossAtt 1.0000 TrainAcc 0.7200 TestAcc 0.6883 0.7200
epoch 300 LossPred 0.2495 LossAtt 1.0000 TrainAcc 0.9500 TestAcc 0.9156 0.9100
epoch 400 LossPred 0.1100 LossAtt 1.0000 TrainAcc 0.9900 TestAcc 0.9805 0.9550
epoch 500 LossPred 0.0634 LossAtt 1.0000 TrainAcc 1.0000 TestAcc 0.9838 0.9650
Optimization Finished!
********** replication  68  **********
epoch   0 LossPred 0.8499 LossAtt 1.0000 TrainAcc 0.6900 TestAcc 0.6006 0.7050
epoch 100 LossPred 0.7633 LossAtt 1.0000 TrainAcc 0.7100 TestAcc 0.6136 0.7100
epoch 200 LossPred 0.7203 LossAtt 1.0000 TrainAcc 0.7200 TestAcc 0.6883 0.7100
epoch 300 LossPred 0.2591 LossAtt 1.0000 TrainAcc 0.9300 TestAcc 0.9091 0.9250
epoch 400 LossPred 0.1351 LossAtt 1.0000 TrainAcc 0.9900 TestAcc 0.9719 0.9700
epoch 500 LossPred 0.0525 LossAtt 1.0000 TrainAcc 1.0000 TestAcc 0.9892 0.9500
Optimization Finished!
********** replication  69  **********
epoch   0 LossPred 1.3414 LossAtt 1.0000 TrainAcc 0.4500 TestAcc 0.4892 0.4250
epoch 100 LossPred 0.9718 LossAtt 1.0000 TrainAcc 0.5900 TestAcc 0.6266 0.5900
epoch 200 LossPred 0.8418 LossAtt 1.0000 TrainAcc 0.6600 TestAcc 0.6948 0.6800
epoch 300 LossPred 0.4418 LossAtt 1.0000 TrainAcc 0.9200 TestAcc 0.9156 0.9000
epoch 400 LossPred 0.2720 LossAtt 1.0000 TrainAcc 0.9500 TestAcc 0.9340 0.9200
epoch 500 LossPred 0.1871 LossAtt 1.0000 TrainAcc 0.9600 TestAcc 0.9188 0.9350
epoch 600 LossPred 0.1379 LossAtt 1.0000 TrainAcc 0.9700 TestAcc 0.9610 0.9450
epoch 700 LossPred 0.0941 LossAtt 1.0000 TrainAcc 0.9900 TestAcc 0.9675 0.9400
epoch 800 LossPred 0.0746 LossAtt 1.0000 TrainAcc 0.9900 TestAcc 0.9610 0.9400
epoch 900 LossPred 0.0639 LossAtt 1.0000 TrainAcc 0.9900 TestAcc 0.9556 0.9400
epoch 1000 LossPred 0.0563 LossAtt 1.0000 TrainAcc 0.9900 TestAcc 0.9513 0.9400
epoch 1100 LossPred 0.0504 LossAtt 1.0000 TrainAcc 0.9900 TestAcc 0.9524 0.9400
epoch 1200 LossPred 0.0457 LossAtt 1.0000 TrainAcc 0.9900 TestAcc 0.9481 0.9400
epoch 1300 LossPred 0.0418 LossAtt 1.0000 TrainAcc 0.9900 TestAcc 0.9470 0.9400
epoch 1400 LossPred 0.0381 LossAtt 1.0000 TrainAcc 1.0000 TestAcc 0.9470 0.9350
Optimization Finished!
********** replication  70  **********
epoch   0 LossPred 1.3679 LossAtt 1.0000 TrainAcc 0.4200 TestAcc 0.5087 0.4100
epoch 100 LossPred 0.9246 LossAtt 1.0000 TrainAcc 0.6900 TestAcc 0.6158 0.6700
epoch 200 LossPred 0.7782 LossAtt 1.0000 TrainAcc 0.7600 TestAcc 0.6082 0.7350
epoch 300 LossPred 0.6443 LossAtt 1.0000 TrainAcc 0.8200 TestAcc 0.6537 0.8050
epoch 400 LossPred 0.3093 LossAtt 1.0000 TrainAcc 0.9300 TestAcc 0.8874 0.9250
epoch 500 LossPred 0.2125 LossAtt 1.0000 TrainAcc 0.9400 TestAcc 0.8907 0.9350
epoch 600 LossPred 0.1805 LossAtt 1.0000 TrainAcc 0.9500 TestAcc 0.9069 0.9250
epoch 700 LossPred 0.1494 LossAtt 1.0000 TrainAcc 0.9700 TestAcc 0.9405 0.9400
epoch 800 LossPred 0.0817 LossAtt 1.0000 TrainAcc 1.0000 TestAcc 0.9610 0.9500
Optimization Finished!
********** replication  71  **********
epoch   0 LossPred 1.1733 LossAtt 1.0000 TrainAcc 0.5600 TestAcc 0.5628 0.5150
epoch 100 LossPred 0.8082 LossAtt 1.0000 TrainAcc 0.6900 TestAcc 0.6158 0.7000
epoch 200 LossPred 0.7226 LossAtt 1.0000 TrainAcc 0.7400 TestAcc 0.6926 0.7550
epoch 300 LossPred 0.3052 LossAtt 1.0000 TrainAcc 0.9100 TestAcc 0.9015 0.8950
epoch 400 LossPred 0.1301 LossAtt 1.0000 TrainAcc 0.9900 TestAcc 0.9729 0.9700
epoch 500 LossPred 0.0888 LossAtt 1.0000 TrainAcc 0.9900 TestAcc 0.9762 0.9750
epoch 600 LossPred 0.0660 LossAtt 1.0000 TrainAcc 0.9900 TestAcc 0.9751 0.9750
epoch 700 LossPred 0.0479 LossAtt 1.0000 TrainAcc 1.0000 TestAcc 0.9848 0.9750
Optimization Finished!
********** replication  72  **********
epoch   0 LossPred 1.1484 LossAtt 1.0000 TrainAcc 0.4400 TestAcc 0.5130 0.4400
epoch 100 LossPred 0.8669 LossAtt 1.0000 TrainAcc 0.6400 TestAcc 0.6212 0.6400
epoch 200 LossPred 0.7254 LossAtt 1.0000 TrainAcc 0.7800 TestAcc 0.7446 0.7450
epoch 300 LossPred 0.2367 LossAtt 1.0000 TrainAcc 0.9700 TestAcc 0.9113 0.9500
epoch 400 LossPred 0.1429 LossAtt 1.0000 TrainAcc 0.9800 TestAcc 0.9188 0.9550
epoch 500 LossPred 0.1022 LossAtt 1.0000 TrainAcc 0.9900 TestAcc 0.9535 0.9700
epoch 600 LossPred 0.0728 LossAtt 1.0000 TrainAcc 0.9900 TestAcc 0.9502 0.9750
epoch 700 LossPred 0.0596 LossAtt 1.0000 TrainAcc 0.9900 TestAcc 0.9600 0.9700
epoch 800 LossPred 0.0217 LossAtt 1.0000 TrainAcc 1.0000 TestAcc 0.9545 0.9600
Optimization Finished!
********** replication  73  **********
epoch   0 LossPred 1.0901 LossAtt 1.0000 TrainAcc 0.5100 TestAcc 0.5595 0.5250
epoch 100 LossPred 0.9053 LossAtt 1.0000 TrainAcc 0.5800 TestAcc 0.6526 0.6050
epoch 200 LossPred 0.8787 LossAtt 1.0000 TrainAcc 0.6100 TestAcc 0.7002 0.6200
epoch 300 LossPred 0.5331 LossAtt 1.0000 TrainAcc 0.8700 TestAcc 0.8929 0.8250
epoch 400 LossPred 0.2959 LossAtt 1.0000 TrainAcc 0.9600 TestAcc 0.8723 0.8900
epoch 500 LossPred 0.2300 LossAtt 1.0000 TrainAcc 0.9700 TestAcc 0.8745 0.9000
epoch 600 LossPred 0.1417 LossAtt 1.0000 TrainAcc 0.9900 TestAcc 0.8874 0.9300
epoch 700 LossPred 0.0655 LossAtt 1.0000 TrainAcc 1.0000 TestAcc 0.9080 0.9350
Optimization Finished!
********** replication  74  **********
epoch   0 LossPred 1.0909 LossAtt 1.0000 TrainAcc 0.4100 TestAcc 0.4719 0.4150
epoch 100 LossPred 0.8495 LossAtt 1.0000 TrainAcc 0.6600 TestAcc 0.6190 0.6600
epoch 200 LossPred 0.7992 LossAtt 1.0000 TrainAcc 0.6500 TestAcc 0.6006 0.6550
epoch 300 LossPred 0.5352 LossAtt 1.0000 TrainAcc 0.8700 TestAcc 0.7749 0.8500
epoch 400 LossPred 0.1742 LossAtt 1.0000 TrainAcc 0.9700 TestAcc 0.9113 0.9500
epoch 500 LossPred 0.1180 LossAtt 1.0000 TrainAcc 0.9800 TestAcc 0.8994 0.9650
epoch 600 LossPred 0.0859 LossAtt 1.0000 TrainAcc 0.9900 TestAcc 0.8874 0.9650
epoch 700 LossPred 0.0690 LossAtt 1.0000 TrainAcc 0.9900 TestAcc 0.8885 0.9650
epoch 800 LossPred 0.0578 LossAtt 1.0000 TrainAcc 0.9900 TestAcc 0.8896 0.9650
epoch 900 LossPred 0.0493 LossAtt 1.0000 TrainAcc 0.9900 TestAcc 0.8994 0.9650
epoch 1000 LossPred 0.0376 LossAtt 1.0000 TrainAcc 1.0000 TestAcc 0.9026 0.9600
Optimization Finished!
********** replication  75  **********
epoch   0 LossPred 1.1996 LossAtt 1.0000 TrainAcc 0.5600 TestAcc 0.6299 0.5350
epoch 100 LossPred 0.9907 LossAtt 1.0000 TrainAcc 0.5800 TestAcc 0.5736 0.5800
epoch 200 LossPred 0.9069 LossAtt 1.0000 TrainAcc 0.6700 TestAcc 0.6201 0.6600
epoch 300 LossPred 0.3358 LossAtt 1.0000 TrainAcc 0.9200 TestAcc 0.8582 0.8750
epoch 400 LossPred 0.1438 LossAtt 1.0000 TrainAcc 0.9800 TestAcc 0.8799 0.9400
epoch 500 LossPred 0.0887 LossAtt 1.0000 TrainAcc 1.0000 TestAcc 0.9080 0.9550
Optimization Finished!
********** replication  76  **********
epoch   0 LossPred 1.1124 LossAtt 1.0000 TrainAcc 0.5200 TestAcc 0.4838 0.5150
epoch 100 LossPred 0.8701 LossAtt 1.0000 TrainAcc 0.7000 TestAcc 0.6418 0.6950
epoch 200 LossPred 0.7938 LossAtt 1.0000 TrainAcc 0.7400 TestAcc 0.6169 0.7100
epoch 300 LossPred 0.6899 LossAtt 1.0000 TrainAcc 0.7900 TestAcc 0.7089 0.7550
epoch 400 LossPred 0.4898 LossAtt 1.0000 TrainAcc 0.8800 TestAcc 0.7576 0.8550
epoch 500 LossPred 0.1723 LossAtt 1.0000 TrainAcc 0.9800 TestAcc 0.8896 0.9400
epoch 600 LossPred 0.0960 LossAtt 1.0000 TrainAcc 0.9900 TestAcc 0.8874 0.9350
epoch 700 LossPred 0.0636 LossAtt 1.0000 TrainAcc 0.9900 TestAcc 0.8820 0.9050
epoch 800 LossPred 0.0472 LossAtt 1.0000 TrainAcc 0.9900 TestAcc 0.8788 0.9000
epoch 900 LossPred 0.0362 LossAtt 1.0000 TrainAcc 1.0000 TestAcc 0.8745 0.8850
Optimization Finished!
********** replication  77  **********
epoch   0 LossPred 1.1201 LossAtt 1.0000 TrainAcc 0.4900 TestAcc 0.5249 0.4850
epoch 100 LossPred 0.7833 LossAtt 1.0000 TrainAcc 0.7000 TestAcc 0.7294 0.7250
epoch 200 LossPred 0.2794 LossAtt 1.0000 TrainAcc 0.9900 TestAcc 0.9221 0.9300
epoch 300 LossPred 0.1640 LossAtt 1.0000 TrainAcc 0.9800 TestAcc 0.9221 0.9350
epoch 400 LossPred 0.1089 LossAtt 1.0000 TrainAcc 0.9900 TestAcc 0.9177 0.9300
epoch 500 LossPred 0.0766 LossAtt 1.0000 TrainAcc 1.0000 TestAcc 0.9188 0.9200
Optimization Finished!
********** replication  78  **********
epoch   0 LossPred 1.0460 LossAtt 1.0000 TrainAcc 0.5400 TestAcc 0.4805 0.5700
epoch 100 LossPred 0.7684 LossAtt 1.0000 TrainAcc 0.7400 TestAcc 0.7424 0.7250
epoch 200 LossPred 0.3473 LossAtt 1.0000 TrainAcc 0.8900 TestAcc 0.8874 0.9050
epoch 300 LossPred 0.1538 LossAtt 1.0000 TrainAcc 0.9900 TestAcc 0.9524 0.9600
epoch 400 LossPred 0.0888 LossAtt 1.0000 TrainAcc 1.0000 TestAcc 0.9773 0.9700
Optimization Finished!
********** replication  79  **********
epoch   0 LossPred 1.1623 LossAtt 1.0000 TrainAcc 0.4600 TestAcc 0.4437 0.4750
epoch 100 LossPred 0.8860 LossAtt 1.0000 TrainAcc 0.6600 TestAcc 0.6266 0.6700
epoch 200 LossPred 0.8169 LossAtt 1.0000 TrainAcc 0.7100 TestAcc 0.7045 0.7050
epoch 300 LossPred 0.3653 LossAtt 1.0000 TrainAcc 0.9200 TestAcc 0.8820 0.9000
epoch 400 LossPred 0.2574 LossAtt 1.0000 TrainAcc 0.9500 TestAcc 0.8972 0.9150
epoch 500 LossPred 0.2135 LossAtt 1.0000 TrainAcc 0.9500 TestAcc 0.8939 0.9200
epoch 600 LossPred 0.1844 LossAtt 1.0000 TrainAcc 0.9500 TestAcc 0.8929 0.9200
epoch 700 LossPred 0.1574 LossAtt 1.0000 TrainAcc 0.9700 TestAcc 0.8939 0.9250
epoch 800 LossPred 0.1300 LossAtt 1.0000 TrainAcc 0.9700 TestAcc 0.9134 0.9300
epoch 900 LossPred 0.0598 LossAtt 1.0000 TrainAcc 1.0000 TestAcc 0.9643 0.9650
Optimization Finished!
********** replication  80  **********
epoch   0 LossPred 1.1153 LossAtt 1.0000 TrainAcc 0.5100 TestAcc 0.5119 0.4950
epoch 100 LossPred 0.8369 LossAtt 1.0000 TrainAcc 0.7000 TestAcc 0.6147 0.7000
epoch 200 LossPred 0.7820 LossAtt 1.0000 TrainAcc 0.7000 TestAcc 0.6147 0.7000
epoch 300 LossPred 0.6778 LossAtt 1.0000 TrainAcc 0.7600 TestAcc 0.6364 0.7400
epoch 400 LossPred 0.2411 LossAtt 1.0000 TrainAcc 0.9300 TestAcc 0.8874 0.9250
epoch 500 LossPred 0.1267 LossAtt 1.0000 TrainAcc 0.9800 TestAcc 0.9297 0.9600
epoch 600 LossPred 0.0764 LossAtt 1.0000 TrainAcc 0.9900 TestAcc 0.9708 0.9700
epoch 700 LossPred 0.0442 LossAtt 1.0000 TrainAcc 1.0000 TestAcc 0.9924 0.9750
Optimization Finished!
********** replication  81  **********
epoch   0 LossPred 1.0454 LossAtt 1.0000 TrainAcc 0.5800 TestAcc 0.5768 0.5250
epoch 100 LossPred 0.8836 LossAtt 1.0000 TrainAcc 0.6200 TestAcc 0.6234 0.6200
epoch 200 LossPred 0.6834 LossAtt 1.0000 TrainAcc 0.8100 TestAcc 0.7749 0.7950
epoch 300 LossPred 0.2069 LossAtt 1.0000 TrainAcc 1.0000 TestAcc 0.9156 0.9550
Optimization Finished!
********** replication  82  **********
epoch   0 LossPred 1.2759 LossAtt 1.0000 TrainAcc 0.3700 TestAcc 0.3864 0.3800
epoch 100 LossPred 0.7014 LossAtt 1.0000 TrainAcc 0.7700 TestAcc 0.7045 0.7300
epoch 200 LossPred 0.5804 LossAtt 1.0000 TrainAcc 0.8000 TestAcc 0.7100 0.7950
epoch 300 LossPred 0.1619 LossAtt 1.0000 TrainAcc 0.9900 TestAcc 0.9448 0.9650
epoch 400 LossPred 0.1049 LossAtt 1.0000 TrainAcc 0.9900 TestAcc 0.9372 0.9650
epoch 500 LossPred 0.0795 LossAtt 1.0000 TrainAcc 0.9900 TestAcc 0.9383 0.9600
epoch 600 LossPred 0.0645 LossAtt 1.0000 TrainAcc 0.9900 TestAcc 0.9340 0.9550
epoch 700 LossPred 0.0542 LossAtt 1.0000 TrainAcc 0.9900 TestAcc 0.9394 0.9550
epoch 800 LossPred 0.0463 LossAtt 1.0000 TrainAcc 0.9900 TestAcc 0.9426 0.9550
epoch 900 LossPred 0.0398 LossAtt 1.0000 TrainAcc 0.9900 TestAcc 0.9416 0.9550
epoch 1000 LossPred 0.0348 LossAtt 1.0000 TrainAcc 0.9900 TestAcc 0.9524 0.9550
epoch 1100 LossPred 0.0316 LossAtt 1.0000 TrainAcc 0.9900 TestAcc 0.9545 0.9600
epoch 1200 LossPred 0.0295 LossAtt 1.0000 TrainAcc 0.9900 TestAcc 0.9643 0.9550
epoch 1300 LossPred 0.0280 LossAtt 1.0000 TrainAcc 0.9900 TestAcc 0.9632 0.9600
epoch 1400 LossPred 0.0267 LossAtt 1.0000 TrainAcc 1.0000 TestAcc 0.9632 0.9600
Optimization Finished!
********** replication  83  **********
epoch   0 LossPred 1.0098 LossAtt 1.0000 TrainAcc 0.6000 TestAcc 0.5714 0.6050
epoch 100 LossPred 0.8149 LossAtt 1.0000 TrainAcc 0.7200 TestAcc 0.7273 0.6900
epoch 200 LossPred 0.4287 LossAtt 1.0000 TrainAcc 0.9600 TestAcc 0.9589 0.9550
epoch 300 LossPred 0.2467 LossAtt 1.0000 TrainAcc 0.9700 TestAcc 0.9675 0.9400
epoch 400 LossPred 0.1620 LossAtt 1.0000 TrainAcc 0.9900 TestAcc 0.9773 0.9500
epoch 500 LossPred 0.0998 LossAtt 1.0000 TrainAcc 1.0000 TestAcc 0.9957 0.9650
Optimization Finished!
********** replication  84  **********
epoch   0 LossPred 1.1666 LossAtt 1.0000 TrainAcc 0.4000 TestAcc 0.4632 0.4250
epoch 100 LossPred 0.8492 LossAtt 1.0000 TrainAcc 0.6600 TestAcc 0.6190 0.6600
epoch 200 LossPred 0.3763 LossAtt 1.0000 TrainAcc 0.9100 TestAcc 0.9123 0.9000
epoch 300 LossPred 0.2322 LossAtt 1.0000 TrainAcc 0.9500 TestAcc 0.9405 0.9250
epoch 400 LossPred 0.1633 LossAtt 1.0000 TrainAcc 0.9600 TestAcc 0.9416 0.9150
epoch 500 LossPred 0.1194 LossAtt 1.0000 TrainAcc 0.9800 TestAcc 0.9502 0.9250
epoch 600 LossPred 0.0745 LossAtt 1.0000 TrainAcc 0.9900 TestAcc 0.9719 0.9500
epoch 700 LossPred 0.0509 LossAtt 1.0000 TrainAcc 1.0000 TestAcc 0.9762 0.9300
Optimization Finished!
********** replication  85  **********
epoch   0 LossPred 1.1827 LossAtt 1.0000 TrainAcc 0.4200 TestAcc 0.5206 0.4300
epoch 100 LossPred 0.9606 LossAtt 1.0000 TrainAcc 0.5600 TestAcc 0.6299 0.5600
epoch 200 LossPred 0.9318 LossAtt 1.0000 TrainAcc 0.5800 TestAcc 0.5530 0.5850
epoch 300 LossPred 0.9100 LossAtt 1.0000 TrainAcc 0.6300 TestAcc 0.6732 0.6400
epoch 400 LossPred 0.3936 LossAtt 1.0000 TrainAcc 0.9100 TestAcc 0.8853 0.8700
epoch 500 LossPred 0.2227 LossAtt 1.0000 TrainAcc 0.9700 TestAcc 0.9286 0.9250
epoch 600 LossPred 0.1249 LossAtt 1.0000 TrainAcc 0.9900 TestAcc 0.9708 0.9450
epoch 700 LossPred 0.0838 LossAtt 1.0000 TrainAcc 0.9900 TestAcc 0.9643 0.9350
epoch 800 LossPred 0.0663 LossAtt 1.0000 TrainAcc 0.9900 TestAcc 0.9632 0.9250
epoch 900 LossPred 0.0573 LossAtt 1.0000 TrainAcc 0.9900 TestAcc 0.9621 0.9250
epoch 1000 LossPred 0.0520 LossAtt 1.0000 TrainAcc 0.9900 TestAcc 0.9610 0.9250
epoch 1100 LossPred 0.0485 LossAtt 1.0000 TrainAcc 0.9900 TestAcc 0.9621 0.9300
epoch 1200 LossPred 0.0444 LossAtt 1.0000 TrainAcc 0.9900 TestAcc 0.9719 0.9300
epoch 1300 LossPred 0.0118 LossAtt 1.0000 TrainAcc 1.0000 TestAcc 0.9719 0.9300
Optimization Finished!
********** replication  86  **********
epoch   0 LossPred 1.1094 LossAtt 1.0000 TrainAcc 0.3300 TestAcc 0.3820 0.3700
epoch 100 LossPred 0.8258 LossAtt 1.0000 TrainAcc 0.7200 TestAcc 0.6591 0.7150
epoch 200 LossPred 0.6934 LossAtt 1.0000 TrainAcc 0.7700 TestAcc 0.6786 0.7750
epoch 300 LossPred 0.3237 LossAtt 1.0000 TrainAcc 0.9200 TestAcc 0.8929 0.9200
epoch 400 LossPred 0.1840 LossAtt 1.0000 TrainAcc 0.9800 TestAcc 0.9232 0.9400
epoch 500 LossPred 0.1117 LossAtt 1.0000 TrainAcc 0.9900 TestAcc 0.9535 0.9300
epoch 600 LossPred 0.0656 LossAtt 1.0000 TrainAcc 1.0000 TestAcc 0.9838 0.9200
Optimization Finished!
********** replication  87  **********
epoch   0 LossPred 1.3221 LossAtt 1.0000 TrainAcc 0.4800 TestAcc 0.5195 0.4550
epoch 100 LossPred 0.8564 LossAtt 1.0000 TrainAcc 0.6400 TestAcc 0.6364 0.6100
epoch 200 LossPred 0.7835 LossAtt 1.0000 TrainAcc 0.7200 TestAcc 0.6461 0.6750
epoch 300 LossPred 0.7396 LossAtt 1.0000 TrainAcc 0.7200 TestAcc 0.6786 0.7100
epoch 400 LossPred 0.3721 LossAtt 1.0000 TrainAcc 0.9400 TestAcc 0.8788 0.8850
epoch 500 LossPred 0.1728 LossAtt 1.0000 TrainAcc 0.9600 TestAcc 0.9134 0.9500
epoch 600 LossPred 0.1065 LossAtt 1.0000 TrainAcc 0.9900 TestAcc 0.9069 0.9600
epoch 700 LossPred 0.0800 LossAtt 1.0000 TrainAcc 0.9900 TestAcc 0.9069 0.9650
epoch 800 LossPred 0.0686 LossAtt 1.0000 TrainAcc 0.9900 TestAcc 0.9113 0.9650
epoch 900 LossPred 0.0620 LossAtt 1.0000 TrainAcc 0.9900 TestAcc 0.9156 0.9550
epoch 1000 LossPred 0.0575 LossAtt 1.0000 TrainAcc 0.9900 TestAcc 0.9188 0.9500
epoch 1100 LossPred 0.0541 LossAtt 1.0000 TrainAcc 0.9900 TestAcc 0.9188 0.9500
epoch 1200 LossPred 0.0513 LossAtt 1.0000 TrainAcc 0.9900 TestAcc 0.9167 0.9500
epoch 1300 LossPred 0.0492 LossAtt 1.0000 TrainAcc 0.9900 TestAcc 0.9156 0.9500
epoch 1400 LossPred 0.0475 LossAtt 1.0000 TrainAcc 0.9900 TestAcc 0.9156 0.9500
epoch 1500 LossPred 0.0461 LossAtt 1.0000 TrainAcc 0.9900 TestAcc 0.9134 0.9500
epoch 1600 LossPred 0.0450 LossAtt 1.0000 TrainAcc 0.9900 TestAcc 0.9145 0.9500
epoch 1700 LossPred 0.0440 LossAtt 1.0000 TrainAcc 0.9900 TestAcc 0.9134 0.9450
epoch 1800 LossPred 0.0433 LossAtt 1.0000 TrainAcc 0.9900 TestAcc 0.9134 0.9450
epoch 1900 LossPred 0.0426 LossAtt 1.0000 TrainAcc 0.9900 TestAcc 0.9145 0.9450
epoch 2000 LossPred 0.0421 LossAtt 1.0000 TrainAcc 0.9900 TestAcc 0.9156 0.9450
epoch 2100 LossPred 0.0417 LossAtt 1.0000 TrainAcc 0.9900 TestAcc 0.9177 0.9450
epoch 2200 LossPred 0.0414 LossAtt 1.0000 TrainAcc 0.9900 TestAcc 0.9177 0.9450
epoch 2300 LossPred 0.0411 LossAtt 1.0000 TrainAcc 0.9900 TestAcc 0.9188 0.9500
epoch 2400 LossPred 0.0409 LossAtt 1.0000 TrainAcc 0.9900 TestAcc 0.9199 0.9500
epoch 2500 LossPred 0.0407 LossAtt 1.0000 TrainAcc 0.9900 TestAcc 0.9221 0.9500
Optimization Finished!
********** replication  88  **********
epoch   0 LossPred 1.3579 LossAtt 1.0000 TrainAcc 0.3200 TestAcc 0.3994 0.3600
epoch 100 LossPred 0.9985 LossAtt 1.0000 TrainAcc 0.6500 TestAcc 0.6201 0.6500
epoch 200 LossPred 0.8220 LossAtt 1.0000 TrainAcc 0.6400 TestAcc 0.5996 0.6500
epoch 300 LossPred 0.7736 LossAtt 1.0000 TrainAcc 0.7400 TestAcc 0.6861 0.7400
epoch 400 LossPred 0.7487 LossAtt 1.0000 TrainAcc 0.7400 TestAcc 0.6861 0.7400
epoch 500 LossPred 0.6962 LossAtt 1.0000 TrainAcc 0.7500 TestAcc 0.7089 0.7550
epoch 600 LossPred 0.3487 LossAtt 1.0000 TrainAcc 0.9300 TestAcc 0.9058 0.9250
epoch 700 LossPred 0.1970 LossAtt 1.0000 TrainAcc 0.9900 TestAcc 0.9156 0.8950
epoch 800 LossPred 0.1380 LossAtt 1.0000 TrainAcc 1.0000 TestAcc 0.9210 0.8950
Optimization Finished!
********** replication  89  **********
epoch   0 LossPred 0.9646 LossAtt 1.0000 TrainAcc 0.5700 TestAcc 0.5974 0.5450
epoch 100 LossPred 0.8074 LossAtt 1.0000 TrainAcc 0.7100 TestAcc 0.7424 0.6950
epoch 200 LossPred 0.2732 LossAtt 1.0000 TrainAcc 0.9500 TestAcc 0.8647 0.9400
epoch 300 LossPred 0.1411 LossAtt 1.0000 TrainAcc 0.9700 TestAcc 0.9004 0.9550
epoch 400 LossPred 0.0584 LossAtt 1.0000 TrainAcc 1.0000 TestAcc 0.9621 0.9500
Optimization Finished!
********** replication  90  **********
epoch   0 LossPred 1.2737 LossAtt 1.0000 TrainAcc 0.4800 TestAcc 0.5011 0.4450
epoch 100 LossPred 0.9390 LossAtt 1.0000 TrainAcc 0.6100 TestAcc 0.6245 0.6100
epoch 200 LossPred 0.8532 LossAtt 1.0000 TrainAcc 0.7100 TestAcc 0.6721 0.6850
epoch 300 LossPred 0.7822 LossAtt 1.0000 TrainAcc 0.7000 TestAcc 0.7100 0.6950
epoch 400 LossPred 0.1946 LossAtt 1.0000 TrainAcc 0.9500 TestAcc 0.8994 0.9250
epoch 500 LossPred 0.1124 LossAtt 1.0000 TrainAcc 1.0000 TestAcc 0.9405 0.9400
Optimization Finished!
********** replication  91  **********
epoch   0 LossPred 0.9455 LossAtt 1.0000 TrainAcc 0.5200 TestAcc 0.5725 0.5100
epoch 100 LossPred 0.7352 LossAtt 1.0000 TrainAcc 0.7400 TestAcc 0.6861 0.7350
epoch 200 LossPred 0.5417 LossAtt 1.0000 TrainAcc 0.8400 TestAcc 0.8009 0.8300
epoch 300 LossPred 0.1706 LossAtt 1.0000 TrainAcc 0.9900 TestAcc 0.9491 0.9300
epoch 400 LossPred 0.0713 LossAtt 1.0000 TrainAcc 1.0000 TestAcc 0.9329 0.9650
Optimization Finished!
********** replication  92  **********
epoch   0 LossPred 1.1643 LossAtt 1.0000 TrainAcc 0.5100 TestAcc 0.4567 0.5250
epoch 100 LossPred 0.9073 LossAtt 1.0000 TrainAcc 0.6300 TestAcc 0.6342 0.6000
epoch 200 LossPred 0.5372 LossAtt 1.0000 TrainAcc 0.8600 TestAcc 0.8355 0.8350
epoch 300 LossPred 0.3217 LossAtt 1.0000 TrainAcc 0.9600 TestAcc 0.8950 0.9050
epoch 400 LossPred 0.2037 LossAtt 1.0000 TrainAcc 0.9700 TestAcc 0.8950 0.9200
epoch 500 LossPred 0.1408 LossAtt 1.0000 TrainAcc 0.9700 TestAcc 0.8972 0.9250
epoch 600 LossPred 0.1031 LossAtt 1.0000 TrainAcc 0.9900 TestAcc 0.8950 0.9300
epoch 700 LossPred 0.0723 LossAtt 1.0000 TrainAcc 0.9900 TestAcc 0.8972 0.9250
epoch 800 LossPred 0.0547 LossAtt 1.0000 TrainAcc 0.9900 TestAcc 0.8972 0.9300
epoch 900 LossPred 0.0387 LossAtt 1.0000 TrainAcc 1.0000 TestAcc 0.9048 0.9100
Optimization Finished!
********** replication  93  **********
epoch   0 LossPred 1.2076 LossAtt 1.0000 TrainAcc 0.4900 TestAcc 0.5141 0.5000
epoch 100 LossPred 0.9026 LossAtt 1.0000 TrainAcc 0.6200 TestAcc 0.6234 0.6100
epoch 200 LossPred 0.7771 LossAtt 1.0000 TrainAcc 0.7300 TestAcc 0.6872 0.7300
epoch 300 LossPred 0.5346 LossAtt 1.0000 TrainAcc 0.8800 TestAcc 0.7868 0.8250
epoch 400 LossPred 0.2489 LossAtt 1.0000 TrainAcc 0.9500 TestAcc 0.8918 0.9100
epoch 500 LossPred 0.1962 LossAtt 1.0000 TrainAcc 0.9800 TestAcc 0.9080 0.9200
epoch 600 LossPred 0.1516 LossAtt 1.0000 TrainAcc 0.9800 TestAcc 0.9177 0.9450
epoch 700 LossPred 0.1096 LossAtt 1.0000 TrainAcc 0.9900 TestAcc 0.9372 0.9250
epoch 800 LossPred 0.0765 LossAtt 1.0000 TrainAcc 0.9900 TestAcc 0.9297 0.9200
epoch 900 LossPred 0.0433 LossAtt 1.0000 TrainAcc 1.0000 TestAcc 0.9307 0.9250
Optimization Finished!
********** replication  94  **********
epoch   0 LossPred 1.1109 LossAtt 1.0000 TrainAcc 0.4000 TestAcc 0.3874 0.3950
epoch 100 LossPred 0.8577 LossAtt 1.0000 TrainAcc 0.6400 TestAcc 0.5498 0.6050
epoch 200 LossPred 0.4776 LossAtt 1.0000 TrainAcc 0.9300 TestAcc 0.8452 0.9150
epoch 300 LossPred 0.2808 LossAtt 1.0000 TrainAcc 0.9500 TestAcc 0.8885 0.9400
epoch 400 LossPred 0.1580 LossAtt 1.0000 TrainAcc 0.9900 TestAcc 0.8950 0.9450
epoch 500 LossPred 0.0782 LossAtt 1.0000 TrainAcc 1.0000 TestAcc 0.8950 0.9500
Optimization Finished!
********** replication  95  **********
epoch   0 LossPred 1.1753 LossAtt 1.0000 TrainAcc 0.4800 TestAcc 0.4848 0.4600
epoch 100 LossPred 0.8929 LossAtt 1.0000 TrainAcc 0.6300 TestAcc 0.6223 0.6300
epoch 200 LossPred 0.4388 LossAtt 1.0000 TrainAcc 0.9500 TestAcc 0.9491 0.9200
epoch 300 LossPred 0.2493 LossAtt 1.0000 TrainAcc 0.9700 TestAcc 0.9524 0.9100
epoch 400 LossPred 0.1647 LossAtt 1.0000 TrainAcc 0.9800 TestAcc 0.9621 0.9100
epoch 500 LossPred 0.1172 LossAtt 1.0000 TrainAcc 0.9900 TestAcc 0.9665 0.9150
epoch 600 LossPred 0.0889 LossAtt 1.0000 TrainAcc 0.9900 TestAcc 0.9729 0.9150
epoch 700 LossPred 0.0711 LossAtt 1.0000 TrainAcc 0.9800 TestAcc 0.9773 0.9100
epoch 800 LossPred 0.0375 LossAtt 1.0000 TrainAcc 1.0000 TestAcc 0.9621 0.9100
Optimization Finished!
********** replication  96  **********
epoch   0 LossPred 1.1686 LossAtt 1.0000 TrainAcc 0.4100 TestAcc 0.3755 0.4100
epoch 100 LossPred 0.8394 LossAtt 1.0000 TrainAcc 0.6900 TestAcc 0.6158 0.6750
epoch 200 LossPred 0.6930 LossAtt 1.0000 TrainAcc 0.7600 TestAcc 0.6753 0.7600
epoch 300 LossPred 0.1791 LossAtt 1.0000 TrainAcc 1.0000 TestAcc 0.9416 0.9600
Optimization Finished!
********** replication  97  **********
epoch   0 LossPred 1.0515 LossAtt 1.0000 TrainAcc 0.4300 TestAcc 0.5281 0.4450
epoch 100 LossPred 0.9274 LossAtt 1.0000 TrainAcc 0.5900 TestAcc 0.6266 0.5850
epoch 200 LossPred 0.8642 LossAtt 1.0000 TrainAcc 0.6100 TestAcc 0.6245 0.5800
epoch 300 LossPred 0.3835 LossAtt 1.0000 TrainAcc 0.8700 TestAcc 0.8939 0.8600
epoch 400 LossPred 0.2471 LossAtt 1.0000 TrainAcc 0.9300 TestAcc 0.8885 0.8950
epoch 500 LossPred 0.1650 LossAtt 1.0000 TrainAcc 0.9600 TestAcc 0.9069 0.9200
epoch 600 LossPred 0.1330 LossAtt 1.0000 TrainAcc 0.9600 TestAcc 0.9167 0.9250
epoch 700 LossPred 0.1060 LossAtt 1.0000 TrainAcc 0.9800 TestAcc 0.9167 0.9300
epoch 800 LossPred 0.0871 LossAtt 1.0000 TrainAcc 0.9800 TestAcc 0.9264 0.9500
epoch 900 LossPred 0.0580 LossAtt 1.0000 TrainAcc 0.9900 TestAcc 0.9351 0.9650
epoch 1000 LossPred 0.0461 LossAtt 1.0000 TrainAcc 0.9900 TestAcc 0.9307 0.9650
epoch 1100 LossPred 0.0354 LossAtt 1.0000 TrainAcc 1.0000 TestAcc 0.9361 0.9800
Optimization Finished!
********** replication  98  **********
epoch   0 LossPred 1.2315 LossAtt 1.0000 TrainAcc 0.4300 TestAcc 0.4470 0.4750
epoch 100 LossPred 0.8697 LossAtt 1.0000 TrainAcc 0.5600 TestAcc 0.5877 0.5500
epoch 200 LossPred 0.8367 LossAtt 1.0000 TrainAcc 0.6700 TestAcc 0.6937 0.6450
epoch 300 LossPred 0.8205 LossAtt 1.0000 TrainAcc 0.6700 TestAcc 0.6180 0.6700
epoch 400 LossPred 0.7993 LossAtt 1.0000 TrainAcc 0.6900 TestAcc 0.6699 0.6850
epoch 500 LossPred 0.6813 LossAtt 1.0000 TrainAcc 0.7300 TestAcc 0.7565 0.7250
epoch 600 LossPred 0.2044 LossAtt 1.0000 TrainAcc 0.9600 TestAcc 0.9297 0.9500
epoch 700 LossPred 0.1349 LossAtt 1.0000 TrainAcc 0.9900 TestAcc 0.9437 0.9550
epoch 800 LossPred 0.0940 LossAtt 1.0000 TrainAcc 1.0000 TestAcc 0.9405 0.9550
Optimization Finished!
********** replication  99  **********
epoch   0 LossPred 1.1192 LossAtt 1.0000 TrainAcc 0.4200 TestAcc 0.4481 0.4450
epoch 100 LossPred 0.7891 LossAtt 1.0000 TrainAcc 0.7200 TestAcc 0.7229 0.7150
epoch 200 LossPred 0.3566 LossAtt 1.0000 TrainAcc 0.8900 TestAcc 0.8247 0.8750
epoch 300 LossPred 0.2396 LossAtt 1.0000 TrainAcc 0.9600 TestAcc 0.9351 0.9450
epoch 400 LossPred 0.1829 LossAtt 1.0000 TrainAcc 0.9700 TestAcc 0.9535 0.9700
epoch 500 LossPred 0.1256 LossAtt 1.0000 TrainAcc 0.9900 TestAcc 0.9654 0.9700
epoch 600 LossPred 0.0573 LossAtt 1.0000 TrainAcc 1.0000 TestAcc 0.9545 0.9350
Optimization Finished!
********************************************************************
Namespace(arch='tanh', batch_size=256, display_epoch=100, input_noise_level=0.15, latent_attractor_space=True, loss_switch_frequency=0, lrate_attractor=0.002, lrate_prediction=0.002, lrate_wt_penalty=0.0, n_attractor_hidden=10, n_attractor_steps=0, n_hidden=5, n_replications=100, noise_level=0.5, report_best_train_performance=True, seq_len=10, task='majority', train_attr_weights_on_prediction=False, training_epochs=2500)
********************************************************************
mean train accuracy 0.9984
indiv runs  [1.0, 1.0, 1.0, 0.99, 1.0, 1.0, 1.0, 1.0, 1.0, 1.0, 1.0, 1.0, 1.0, 1.0, 1.0, 1.0, 1.0, 1.0, 1.0, 1.0, 1.0, 1.0, 1.0, 1.0, 1.0, 1.0, 0.92, 1.0, 0.94, 1.0, 1.0, 1.0, 1.0, 1.0, 1.0, 1.0, 1.0, 1.0, 1.0, 1.0, 1.0, 1.0, 1.0, 1.0, 1.0, 1.0, 1.0, 1.0, 1.0, 1.0, 1.0, 1.0, 1.0, 1.0, 1.0, 1.0, 1.0, 1.0, 1.0, 1.0, 1.0, 1.0, 1.0, 1.0, 1.0, 1.0, 1.0, 1.0, 1.0, 1.0, 1.0, 1.0, 1.0, 1.0, 1.0, 1.0, 1.0, 1.0, 1.0, 1.0, 1.0, 1.0, 1.0, 1.0, 1.0, 1.0, 1.0, 0.99, 1.0, 1.0, 1.0, 1.0, 1.0, 1.0, 1.0, 1.0, 1.0, 1.0, 1.0, 1.0]
mean epoch 676.0
indiv epochs  [1001, 801, 501, 501, 701, 901, 401, 701, 301, 401, 601, 601, 501, 901, 401, 801, 401, 701, 401, 401, 701, 501, 501, 601, 1201, 401, 801, 801, 601, 901, 1201, 601, 1401, 1201, 501, 601, 401, 501, 901, 601, 501, 601, 801, 501, 501, 601, 501, 601, 701, 301, 901, 1201, 501, 601, 401, 401, 701, 501, 601, 501, 401, 1201, 701, 701, 501, 501, 1401, 801, 701, 801, 701, 1001, 501, 901, 501, 401, 901, 701, 301, 1401, 501, 701, 1301, 601, 801, 401, 501, 401, 901, 901, 501, 801, 301, 1101, 801, 601]
test1 accuracy mean  0.9430195  median  0.9540043
test2 accuracy mean  0.949  median  0.955
test1 indiv runs  [0.9285714, 0.9816017, 0.96428573, 0.8300866, 0.95454544, 0.991342, 0.9686147, 0.9729437, 0.92748916, 0.92748916, 0.94372296, 0.969697, 0.9199134, 0.93939394, 0.9621212, 0.991342, 0.97077924, 0.9502165, 0.96103895, 0.9664502, 0.9729437, 0.97727275, 0.9664502, 0.95238096, 0.93722945, 0.8668831, 0.5497835, 0.94372296, 0.7867965, 0.9361472, 0.9751082, 0.9621212, 0.9361472, 0.95671, 0.9502165, 0.9166667, 0.9069264, 0.9361472, 0.9177489, 0.9448052, 0.97402596, 0.9199134, 0.9502165, 0.9177489, 0.9339827, 0.9729437, 0.965368, 0.94588745, 0.8798701, 0.9848485, 0.978355, 0.9729437, 0.9329004, 0.89285713, 0.96103895, 0.98917747, 0.98376626, 0.98917747, 0.9935065, 0.9880952, 0.9577922, 0.9534632, 0.9718615, 0.9502165, 0.87770563, 0.96753246, 0.9816017, 0.98376626, 0.98917747, 0.9469697, 0.96103895, 0.9848485, 0.95454544, 0.90800864, 0.9025974, 0.90800864, 0.87445885, 0.91883117, 0.97727275, 0.96428573, 0.99242425, 0.91558444, 0.9632035, 0.995671, 0.97619045, 0.9718615, 0.98376626, 0.9069264, 0.92099565, 0.9621212, 0.9404762, 0.9329004, 0.9047619, 0.93073595, 0.8950216, 0.9621212, 0.9415584, 0.9361472, 0.9404762, 0.95454544]
test2 indiv runs  [0.975, 0.905, 0.955, 0.95, 0.94, 0.965, 0.965, 0.965, 0.95, 0.97, 0.95, 0.96, 0.93, 0.94, 0.95, 0.96, 0.93, 0.975, 0.935, 0.93, 0.905, 0.98, 0.96, 0.94, 0.945, 0.935, 0.735, 0.955, 0.81, 0.955, 0.98, 0.975, 0.98, 0.965, 0.97, 0.965, 0.965, 0.975, 0.935, 0.935, 0.97, 0.985, 0.96, 0.96, 0.925, 0.955, 0.965, 0.98, 0.925, 0.94, 0.98, 0.97, 0.95, 0.97, 0.99, 0.94, 0.955, 0.98, 0.98, 0.955, 0.97, 0.975, 0.915, 0.965, 0.97, 0.96, 0.95, 0.965, 0.95, 0.935, 0.95, 0.975, 0.96, 0.935, 0.96, 0.955, 0.885, 0.92, 0.97, 0.965, 0.975, 0.955, 0.96, 0.965, 0.93, 0.93, 0.92, 0.96, 0.895, 0.95, 0.94, 0.965, 0.91, 0.925, 0.95, 0.91, 0.96, 0.98, 0.955, 0.935]
