Namespace(arch='tanh', batch_size=256, display_epoch=100, input_noise_level=0.15, latent_attractor_space=True, loss_switch_frequency=0, lrate_attractor=0.002, lrate_prediction=0.002, lrate_wt_penalty=0.0, n_attractor_hidden=20, n_attractor_steps=5, n_hidden=10, n_replications=100, noise_level=0.25, report_best_train_performance=True, seq_len=10, task='majority', train_attr_weights_on_prediction=False, training_epochs=2500)
TRAINING ON 100 EXAMPLES, TESTING ON 924
********** replication  0  **********
epoch   0 LossPred 1.3039 LossAtt 1.0243 TrainAcc 0.4500 TestAcc 0.5162 0.4750
epoch 100 LossPred 0.9285 LossAtt 0.3339 TrainAcc 0.7200 TestAcc 0.6883 0.7200
epoch 200 LossPred 0.8565 LossAtt 0.3743 TrainAcc 0.6900 TestAcc 0.6591 0.6850
epoch 300 LossPred 0.7047 LossAtt 0.4969 TrainAcc 0.7400 TestAcc 0.7132 0.7250
epoch 400 LossPred 0.0969 LossAtt 0.4670 TrainAcc 0.9800 TestAcc 0.8939 0.9750
epoch 500 LossPred 0.0479 LossAtt 0.4458 TrainAcc 0.9900 TestAcc 0.8820 0.9900
epoch 600 LossPred 0.0479 LossAtt 0.4933 TrainAcc 0.9900 TestAcc 0.8636 0.9900
epoch 700 LossPred 0.0192 LossAtt 0.4705 TrainAcc 1.0000 TestAcc 0.8593 0.9900
Optimization Finished!
********** replication  1  **********
epoch   0 LossPred 1.0999 LossAtt 1.0414 TrainAcc 0.5000 TestAcc 0.5606 0.4750
epoch 100 LossPred 0.7707 LossAtt 0.3826 TrainAcc 0.7200 TestAcc 0.7121 0.7200
epoch 200 LossPred 0.2146 LossAtt 0.4429 TrainAcc 1.0000 TestAcc 0.9329 0.9500
Optimization Finished!
********** replication  2  **********
epoch   0 LossPred 1.0980 LossAtt 1.0182 TrainAcc 0.4800 TestAcc 0.4416 0.4350
epoch 100 LossPred 0.7814 LossAtt 0.2469 TrainAcc 0.7000 TestAcc 0.6147 0.7000
epoch 200 LossPred 0.4359 LossAtt 0.3146 TrainAcc 0.8900 TestAcc 0.8690 0.8700
epoch 300 LossPred 0.2586 LossAtt 0.2975 TrainAcc 0.9100 TestAcc 0.9242 0.9000
epoch 400 LossPred 0.1708 LossAtt 0.3011 TrainAcc 0.9500 TestAcc 0.9578 0.9350
epoch 500 LossPred 0.1325 LossAtt 0.3045 TrainAcc 0.9600 TestAcc 0.9675 0.9400
epoch 600 LossPred 0.1148 LossAtt 0.3007 TrainAcc 0.9600 TestAcc 0.9762 0.9500
epoch 700 LossPred 0.1304 LossAtt 0.3241 TrainAcc 0.9600 TestAcc 0.9567 0.9400
epoch 800 LossPred 0.1009 LossAtt 0.3170 TrainAcc 0.9600 TestAcc 0.9848 0.9600
epoch 900 LossPred 0.1410 LossAtt 0.3270 TrainAcc 0.9700 TestAcc 0.9697 0.9400
epoch 1000 LossPred 0.1041 LossAtt 0.3128 TrainAcc 0.9700 TestAcc 0.9881 0.9600
epoch 1100 LossPred 0.0962 LossAtt 0.3298 TrainAcc 0.9700 TestAcc 0.9892 0.9700
epoch 1200 LossPred 0.1384 LossAtt 0.3112 TrainAcc 0.9500 TestAcc 0.9697 0.9450
epoch 1300 LossPred 0.0803 LossAtt 0.3167 TrainAcc 0.9800 TestAcc 0.9924 0.9700
epoch 1400 LossPred 0.1622 LossAtt 0.3288 TrainAcc 0.9600 TestAcc 0.9513 0.9100
epoch 1500 LossPred 0.0738 LossAtt 0.3247 TrainAcc 0.9900 TestAcc 0.9784 0.9600
epoch 1600 LossPred 0.1052 LossAtt 0.3078 TrainAcc 0.9700 TestAcc 0.9838 0.9600
epoch 1700 LossPred 0.1144 LossAtt 0.3133 TrainAcc 0.9700 TestAcc 0.9675 0.9050
epoch 1800 LossPred 0.0676 LossAtt 0.3030 TrainAcc 0.9800 TestAcc 0.9989 0.9800
epoch 1900 LossPred 0.0608 LossAtt 0.3045 TrainAcc 0.9800 TestAcc 0.9935 0.9800
epoch 2000 LossPred 0.0679 LossAtt 0.2946 TrainAcc 0.9900 TestAcc 0.9859 0.9350
epoch 2100 LossPred 0.0502 LossAtt 0.3112 TrainAcc 0.9900 TestAcc 1.0000 0.9850
epoch 2200 LossPred 0.0477 LossAtt 0.3000 TrainAcc 0.9900 TestAcc 0.9957 0.9900
epoch 2300 LossPred 0.2820 LossAtt 0.3462 TrainAcc 0.8900 TestAcc 0.8485 0.8900
epoch 2400 LossPred 0.3992 LossAtt 0.3466 TrainAcc 0.8500 TestAcc 0.8149 0.8650
epoch 2500 LossPred 0.0472 LossAtt 0.3444 TrainAcc 1.0000 TestAcc 0.9665 0.9450
Optimization Finished!
********** replication  3  **********
epoch   0 LossPred 1.0266 LossAtt 1.0547 TrainAcc 0.4100 TestAcc 0.4188 0.4050
epoch 100 LossPred 0.5867 LossAtt 0.4056 TrainAcc 0.8800 TestAcc 0.8333 0.8600
epoch 200 LossPred 0.1954 LossAtt 0.3618 TrainAcc 0.9400 TestAcc 0.9416 0.9400
epoch 300 LossPred 0.1323 LossAtt 0.3258 TrainAcc 0.9600 TestAcc 0.9232 0.9400
epoch 400 LossPred 0.0955 LossAtt 0.3070 TrainAcc 0.9800 TestAcc 0.9600 0.9450
epoch 500 LossPred 0.0771 LossAtt 0.3258 TrainAcc 0.9900 TestAcc 0.9729 0.9650
epoch 600 LossPred 0.0646 LossAtt 0.3104 TrainAcc 0.9800 TestAcc 0.9816 0.9600
epoch 700 LossPred 0.0654 LossAtt 0.3148 TrainAcc 0.9900 TestAcc 0.9708 0.9650
epoch 800 LossPred 0.0421 LossAtt 0.3027 TrainAcc 1.0000 TestAcc 0.9892 0.9700
Optimization Finished!
********** replication  4  **********
epoch   0 LossPred 1.0754 LossAtt 1.0215 TrainAcc 0.3900 TestAcc 0.3755 0.3900
epoch 100 LossPred 0.8977 LossAtt 0.2733 TrainAcc 0.6100 TestAcc 0.6245 0.6100
epoch 200 LossPred 0.4491 LossAtt 0.3211 TrainAcc 0.8700 TestAcc 0.8788 0.8600
epoch 300 LossPred 0.2643 LossAtt 0.2885 TrainAcc 0.9600 TestAcc 0.9329 0.9350
epoch 400 LossPred 0.1815 LossAtt 0.2876 TrainAcc 0.9800 TestAcc 0.9729 0.9600
epoch 500 LossPred 0.1514 LossAtt 0.2948 TrainAcc 0.9800 TestAcc 0.9513 0.9700
epoch 600 LossPred 0.1084 LossAtt 0.2860 TrainAcc 0.9900 TestAcc 0.9773 0.9750
epoch 700 LossPred 0.0897 LossAtt 0.2608 TrainAcc 1.0000 TestAcc 0.9827 0.9750
Optimization Finished!
********** replication  5  **********
epoch   0 LossPred 0.9545 LossAtt 1.0127 TrainAcc 0.6100 TestAcc 0.4968 0.6000
epoch 100 LossPred 0.7132 LossAtt 0.3727 TrainAcc 0.7300 TestAcc 0.6115 0.7300
epoch 200 LossPred 0.2529 LossAtt 0.3942 TrainAcc 0.9800 TestAcc 0.9589 0.9400
epoch 300 LossPred 0.1405 LossAtt 0.4145 TrainAcc 0.9800 TestAcc 0.9729 0.9500
epoch 400 LossPred 0.1045 LossAtt 0.3954 TrainAcc 0.9700 TestAcc 0.9816 0.9600
epoch 500 LossPred 0.0762 LossAtt 0.3797 TrainAcc 0.9900 TestAcc 0.9665 0.9500
epoch 600 LossPred 0.0617 LossAtt 0.3683 TrainAcc 1.0000 TestAcc 0.9654 0.9400
Optimization Finished!
********** replication  6  **********
epoch   0 LossPred 1.4713 LossAtt 1.0198 TrainAcc 0.3300 TestAcc 0.3820 0.4000
epoch 100 LossPred 0.8739 LossAtt 0.3679 TrainAcc 0.6700 TestAcc 0.6180 0.6700
epoch 200 LossPred 0.7165 LossAtt 0.3844 TrainAcc 0.7200 TestAcc 0.7240 0.7300
epoch 300 LossPred 0.2188 LossAtt 0.3105 TrainAcc 0.9600 TestAcc 0.8658 0.9200
epoch 400 LossPred 0.1636 LossAtt 0.3127 TrainAcc 0.9600 TestAcc 0.8918 0.9150
epoch 500 LossPred 0.1216 LossAtt 0.3086 TrainAcc 0.9800 TestAcc 0.8983 0.9400
epoch 600 LossPred 0.1031 LossAtt 0.3018 TrainAcc 0.9700 TestAcc 0.9048 0.9500
epoch 700 LossPred 0.1416 LossAtt 0.2997 TrainAcc 0.9600 TestAcc 0.9253 0.9250
epoch 800 LossPred 0.0845 LossAtt 0.3019 TrainAcc 0.9900 TestAcc 0.9253 0.9550
epoch 900 LossPred 0.0858 LossAtt 0.2906 TrainAcc 0.9800 TestAcc 0.9459 0.9550
epoch 1000 LossPred 0.1460 LossAtt 0.2943 TrainAcc 0.9500 TestAcc 0.9242 0.9350
epoch 1100 LossPred 0.0785 LossAtt 0.2851 TrainAcc 0.9900 TestAcc 0.9448 0.9550
epoch 1200 LossPred 0.1557 LossAtt 0.2810 TrainAcc 0.9300 TestAcc 0.9232 0.9350
epoch 1300 LossPred 0.0746 LossAtt 0.2950 TrainAcc 0.9900 TestAcc 0.9513 0.9600
epoch 1400 LossPred 0.3348 LossAtt 0.2955 TrainAcc 0.8600 TestAcc 0.8701 0.8550
epoch 1500 LossPred 0.1000 LossAtt 0.3008 TrainAcc 0.9800 TestAcc 0.9405 0.9700
epoch 1600 LossPred 0.0776 LossAtt 0.2973 TrainAcc 0.9700 TestAcc 0.9416 0.9700
epoch 1700 LossPred 0.0691 LossAtt 0.2887 TrainAcc 0.9700 TestAcc 0.9416 0.9700
epoch 1800 LossPred 0.0724 LossAtt 0.2880 TrainAcc 0.9800 TestAcc 0.9307 0.9650
epoch 1900 LossPred 0.0783 LossAtt 0.2916 TrainAcc 0.9800 TestAcc 0.9286 0.9700
epoch 2000 LossPred 0.0406 LossAtt 0.2806 TrainAcc 0.9900 TestAcc 0.9535 0.9850
epoch 2100 LossPred 0.0760 LossAtt 0.2850 TrainAcc 0.9800 TestAcc 0.9361 0.9650
epoch 2200 LossPred 0.0364 LossAtt 0.2864 TrainAcc 0.9900 TestAcc 0.9545 0.9850
epoch 2300 LossPred 0.0145 LossAtt 0.2794 TrainAcc 1.0000 TestAcc 0.9632 0.9900
Optimization Finished!
********** replication  7  **********
epoch   0 LossPred 1.1639 LossAtt 1.0314 TrainAcc 0.4500 TestAcc 0.5509 0.4700
epoch 100 LossPred 0.7697 LossAtt 0.3139 TrainAcc 0.6600 TestAcc 0.5433 0.6600
epoch 200 LossPred 0.2225 LossAtt 0.3573 TrainAcc 0.9700 TestAcc 0.9632 0.9500
epoch 300 LossPred 0.1765 LossAtt 0.3596 TrainAcc 0.9500 TestAcc 0.9188 0.9300
epoch 400 LossPred 0.2122 LossAtt 0.3364 TrainAcc 0.9300 TestAcc 0.9210 0.9300
epoch 500 LossPred 0.1764 LossAtt 0.3308 TrainAcc 0.9400 TestAcc 0.9297 0.9250
epoch 600 LossPred 0.1224 LossAtt 0.3171 TrainAcc 0.9600 TestAcc 0.9416 0.9400
epoch 700 LossPred 0.0707 LossAtt 0.3139 TrainAcc 1.0000 TestAcc 0.9556 0.9400
Optimization Finished!
********** replication  8  **********
epoch   0 LossPred 1.1852 LossAtt 1.0434 TrainAcc 0.4200 TestAcc 0.5022 0.4450
epoch 100 LossPred 0.8124 LossAtt 0.4344 TrainAcc 0.7200 TestAcc 0.6807 0.6950
epoch 200 LossPred 0.2457 LossAtt 0.4694 TrainAcc 0.9500 TestAcc 0.9221 0.9550
epoch 300 LossPred 0.0934 LossAtt 0.4721 TrainAcc 1.0000 TestAcc 0.9545 0.9600
Optimization Finished!
********** replication  9  **********
epoch   0 LossPred 1.1805 LossAtt 1.0446 TrainAcc 0.4100 TestAcc 0.3734 0.4250
epoch 100 LossPred 0.8819 LossAtt 0.3648 TrainAcc 0.6300 TestAcc 0.6981 0.6550
epoch 200 LossPred 0.7364 LossAtt 0.3851 TrainAcc 0.7300 TestAcc 0.7565 0.7200
epoch 300 LossPred 0.1873 LossAtt 0.3556 TrainAcc 0.9600 TestAcc 0.9058 0.9000
epoch 400 LossPred 0.0611 LossAtt 0.3622 TrainAcc 1.0000 TestAcc 0.9610 0.9550
Optimization Finished!
********** replication  10  **********
epoch   0 LossPred 1.0804 LossAtt 1.0242 TrainAcc 0.5100 TestAcc 0.4578 0.4650
epoch 100 LossPred 0.7825 LossAtt 0.3583 TrainAcc 0.7200 TestAcc 0.6948 0.6950
epoch 200 LossPred 0.1495 LossAtt 0.3905 TrainAcc 1.0000 TestAcc 0.9621 0.9450
Optimization Finished!
********** replication  11  **********
epoch   0 LossPred 0.9586 LossAtt 1.0119 TrainAcc 0.6500 TestAcc 0.6201 0.6500
epoch 100 LossPred 0.7879 LossAtt 0.3948 TrainAcc 0.6500 TestAcc 0.6201 0.6500
epoch 200 LossPred 0.1955 LossAtt 0.4416 TrainAcc 0.9500 TestAcc 0.9524 0.9450
epoch 300 LossPred 0.1033 LossAtt 0.4505 TrainAcc 1.0000 TestAcc 0.9502 0.9450
Optimization Finished!
********** replication  12  **********
epoch   0 LossPred 1.0524 LossAtt 1.0225 TrainAcc 0.4700 TestAcc 0.5206 0.4600
epoch 100 LossPred 0.7445 LossAtt 0.3721 TrainAcc 0.7400 TestAcc 0.6861 0.7400
epoch 200 LossPred 0.1701 LossAtt 0.3836 TrainAcc 0.9700 TestAcc 0.9394 0.9300
epoch 300 LossPred 0.1060 LossAtt 0.3758 TrainAcc 0.9700 TestAcc 0.9708 0.9500
epoch 400 LossPred 0.0577 LossAtt 0.3703 TrainAcc 0.9900 TestAcc 0.9686 0.9600
epoch 500 LossPred 0.0428 LossAtt 0.3527 TrainAcc 0.9900 TestAcc 0.9762 0.9600
epoch 600 LossPred 0.0383 LossAtt 0.3257 TrainAcc 0.9900 TestAcc 0.9784 0.9600
epoch 700 LossPred 0.0327 LossAtt 0.3249 TrainAcc 0.9900 TestAcc 0.9719 0.9500
epoch 800 LossPred 0.0221 LossAtt 0.3150 TrainAcc 1.0000 TestAcc 0.9838 0.9550
Optimization Finished!
********** replication  13  **********
epoch   0 LossPred 1.0716 LossAtt 1.0377 TrainAcc 0.4500 TestAcc 0.4524 0.4700
epoch 100 LossPred 0.8004 LossAtt 0.3733 TrainAcc 0.6600 TestAcc 0.6190 0.6600
epoch 200 LossPred 0.2338 LossAtt 0.3569 TrainAcc 0.9500 TestAcc 0.9264 0.9150
epoch 300 LossPred 0.1484 LossAtt 0.3301 TrainAcc 0.9800 TestAcc 0.9556 0.9450
epoch 400 LossPred 0.1282 LossAtt 0.3120 TrainAcc 0.9700 TestAcc 0.9697 0.9350
epoch 500 LossPred 0.1073 LossAtt 0.2984 TrainAcc 0.9600 TestAcc 0.9762 0.9350
epoch 600 LossPred 0.2592 LossAtt 0.3248 TrainAcc 0.9200 TestAcc 0.8961 0.8950
epoch 700 LossPred 0.0724 LossAtt 0.3218 TrainAcc 0.9900 TestAcc 0.9654 0.9500
epoch 800 LossPred 0.0544 LossAtt 0.3117 TrainAcc 1.0000 TestAcc 0.9600 0.9600
Optimization Finished!
********** replication  14  **********
epoch   0 LossPred 1.0424 LossAtt 1.0162 TrainAcc 0.4700 TestAcc 0.4935 0.4900
epoch 100 LossPred 0.8015 LossAtt 0.3580 TrainAcc 0.6700 TestAcc 0.6180 0.6750
epoch 200 LossPred 0.2850 LossAtt 0.4145 TrainAcc 0.9100 TestAcc 0.8896 0.9300
epoch 300 LossPred 0.1685 LossAtt 0.3337 TrainAcc 0.9500 TestAcc 0.9145 0.9350
epoch 400 LossPred 0.0715 LossAtt 0.3287 TrainAcc 1.0000 TestAcc 0.9578 0.9600
Optimization Finished!
********** replication  15  **********
epoch   0 LossPred 1.1508 LossAtt 1.0352 TrainAcc 0.4600 TestAcc 0.5649 0.4350
epoch 100 LossPred 0.8427 LossAtt 0.3381 TrainAcc 0.6700 TestAcc 0.6180 0.6700
epoch 200 LossPred 0.3735 LossAtt 0.3741 TrainAcc 0.8900 TestAcc 0.8571 0.8800
epoch 300 LossPred 0.1647 LossAtt 0.3896 TrainAcc 0.9600 TestAcc 0.9459 0.9450
epoch 400 LossPred 0.0595 LossAtt 0.3478 TrainAcc 1.0000 TestAcc 0.9621 0.9600
Optimization Finished!
********** replication  16  **********
epoch   0 LossPred 1.3517 LossAtt 0.9963 TrainAcc 0.4000 TestAcc 0.3755 0.4000
epoch 100 LossPred 0.8135 LossAtt 0.2980 TrainAcc 0.6800 TestAcc 0.6169 0.6800
epoch 200 LossPred 0.4065 LossAtt 0.3585 TrainAcc 0.8800 TestAcc 0.8701 0.8850
epoch 300 LossPred 0.2454 LossAtt 0.3020 TrainAcc 0.9400 TestAcc 0.9221 0.9100
epoch 400 LossPred 0.2053 LossAtt 0.2891 TrainAcc 0.9400 TestAcc 0.9232 0.9200
epoch 500 LossPred 0.1895 LossAtt 0.2909 TrainAcc 0.9500 TestAcc 0.9426 0.9350
epoch 600 LossPred 0.1497 LossAtt 0.2769 TrainAcc 0.9700 TestAcc 0.9448 0.9500
epoch 700 LossPred 0.1343 LossAtt 0.2667 TrainAcc 0.9800 TestAcc 0.9556 0.9500
epoch 800 LossPred 0.1598 LossAtt 0.2648 TrainAcc 0.9500 TestAcc 0.9102 0.9350
epoch 900 LossPred 0.1804 LossAtt 0.2760 TrainAcc 0.9200 TestAcc 0.9426 0.9350
epoch 1000 LossPred 0.1121 LossAtt 0.2781 TrainAcc 0.9800 TestAcc 0.9600 0.9700
epoch 1100 LossPred 0.1012 LossAtt 0.2486 TrainAcc 0.9700 TestAcc 0.9589 0.9800
epoch 1200 LossPred 0.1067 LossAtt 0.2406 TrainAcc 0.9700 TestAcc 0.9361 0.9800
epoch 1300 LossPred 0.0805 LossAtt 0.2010 TrainAcc 0.9800 TestAcc 0.9708 0.9800
epoch 1400 LossPred 0.0687 LossAtt 0.1991 TrainAcc 0.9800 TestAcc 0.9697 0.9850
epoch 1500 LossPred 0.0592 LossAtt 0.1844 TrainAcc 0.9800 TestAcc 0.9675 0.9750
epoch 1600 LossPred 0.1077 LossAtt 0.2165 TrainAcc 0.9600 TestAcc 0.9665 0.9550
epoch 1700 LossPred 0.0599 LossAtt 0.1875 TrainAcc 0.9900 TestAcc 0.9838 0.9550
epoch 1800 LossPred 0.0446 LossAtt 0.1821 TrainAcc 0.9900 TestAcc 0.9935 0.9650
epoch 1900 LossPred 0.1158 LossAtt 0.1885 TrainAcc 0.9600 TestAcc 0.9297 0.9300
epoch 2000 LossPred 0.1884 LossAtt 0.1990 TrainAcc 0.9400 TestAcc 0.9481 0.9300
epoch 2100 LossPred 0.0909 LossAtt 0.1803 TrainAcc 0.9800 TestAcc 0.9740 0.9350
epoch 2200 LossPred 0.1182 LossAtt 0.1750 TrainAcc 0.9600 TestAcc 0.9675 0.9400
epoch 2300 LossPred 0.1047 LossAtt 0.1931 TrainAcc 0.9800 TestAcc 0.9805 0.9350
epoch 2400 LossPred 0.1163 LossAtt 0.1897 TrainAcc 0.9500 TestAcc 0.9589 0.9400
epoch 2500 LossPred 0.0971 LossAtt 0.1963 TrainAcc 0.9700 TestAcc 0.9621 0.9550
Optimization Finished!
********** replication  17  **********
epoch   0 LossPred 1.0228 LossAtt 1.0309 TrainAcc 0.4900 TestAcc 0.5076 0.4850
epoch 100 LossPred 0.8769 LossAtt 0.3307 TrainAcc 0.6500 TestAcc 0.6201 0.6500
epoch 200 LossPred 0.4318 LossAtt 0.4438 TrainAcc 0.8900 TestAcc 0.8939 0.8750
epoch 300 LossPred 0.1798 LossAtt 0.3658 TrainAcc 0.9800 TestAcc 0.9578 0.9350
epoch 400 LossPred 0.1201 LossAtt 0.3118 TrainAcc 0.9700 TestAcc 0.9719 0.9500
epoch 500 LossPred 0.0873 LossAtt 0.3158 TrainAcc 0.9900 TestAcc 0.9870 0.9500
epoch 600 LossPred 0.0650 LossAtt 0.3163 TrainAcc 0.9900 TestAcc 0.9892 0.9450
epoch 700 LossPred 0.0561 LossAtt 0.3081 TrainAcc 0.9900 TestAcc 0.9881 0.9550
epoch 800 LossPred 0.0486 LossAtt 0.3075 TrainAcc 0.9900 TestAcc 0.9881 0.9650
epoch 900 LossPred 0.0542 LossAtt 0.2816 TrainAcc 0.9900 TestAcc 0.9848 0.9500
epoch 1000 LossPred 0.0458 LossAtt 0.2897 TrainAcc 0.9900 TestAcc 0.9838 0.9600
epoch 1100 LossPred 0.0562 LossAtt 0.3266 TrainAcc 0.9900 TestAcc 0.9708 0.9600
epoch 1200 LossPred 0.0388 LossAtt 0.3118 TrainAcc 0.9900 TestAcc 0.9567 0.9800
epoch 1300 LossPred 0.0400 LossAtt 0.3168 TrainAcc 0.9900 TestAcc 0.9405 0.9900
epoch 1400 LossPred 0.0389 LossAtt 0.2915 TrainAcc 0.9900 TestAcc 0.9719 0.9850
epoch 1500 LossPred 0.1293 LossAtt 0.3158 TrainAcc 0.9600 TestAcc 0.9610 0.9300
epoch 1600 LossPred 0.0345 LossAtt 0.3081 TrainAcc 0.9900 TestAcc 0.9524 0.9850
epoch 1700 LossPred 0.2010 LossAtt 0.2873 TrainAcc 0.9400 TestAcc 0.9351 0.9050
epoch 1800 LossPred 0.0357 LossAtt 0.3165 TrainAcc 0.9900 TestAcc 0.9708 0.9750
epoch 1900 LossPred 0.0217 LossAtt 0.2973 TrainAcc 1.0000 TestAcc 0.9621 1.0000
Optimization Finished!
********** replication  18  **********
epoch   0 LossPred 1.1200 LossAtt 1.0402 TrainAcc 0.4400 TestAcc 0.4459 0.4950
epoch 100 LossPred 0.6647 LossAtt 0.3370 TrainAcc 0.7800 TestAcc 0.6948 0.7900
epoch 200 LossPred 0.2002 LossAtt 0.2466 TrainAcc 0.9500 TestAcc 0.8690 0.9550
epoch 300 LossPred 0.1615 LossAtt 0.2028 TrainAcc 0.9500 TestAcc 0.8918 0.9550
epoch 400 LossPred 0.1449 LossAtt 0.1709 TrainAcc 0.9600 TestAcc 0.8983 0.9550
epoch 500 LossPred 0.1147 LossAtt 0.2152 TrainAcc 0.9800 TestAcc 0.9102 0.9700
epoch 600 LossPred 0.1234 LossAtt 0.2360 TrainAcc 0.9600 TestAcc 0.8918 0.9550
epoch 700 LossPred 0.0758 LossAtt 0.2210 TrainAcc 0.9800 TestAcc 0.9329 0.9650
epoch 800 LossPred 0.0708 LossAtt 0.2231 TrainAcc 0.9800 TestAcc 0.9297 0.9700
epoch 900 LossPred 0.0610 LossAtt 0.2328 TrainAcc 0.9900 TestAcc 0.9361 0.9850
epoch 1000 LossPred 0.1295 LossAtt 0.2381 TrainAcc 0.9400 TestAcc 0.9264 0.9550
epoch 1100 LossPred 0.0286 LossAtt 0.1989 TrainAcc 1.0000 TestAcc 0.9675 0.9900
Optimization Finished!
********** replication  19  **********
epoch   0 LossPred 1.2025 LossAtt 1.0304 TrainAcc 0.3000 TestAcc 0.3853 0.3600
epoch 100 LossPred 0.7575 LossAtt 0.3853 TrainAcc 0.7000 TestAcc 0.6147 0.7000
epoch 200 LossPred 0.2419 LossAtt 0.3522 TrainAcc 0.9600 TestAcc 0.8409 0.9500
epoch 300 LossPred 0.1249 LossAtt 0.3391 TrainAcc 0.9800 TestAcc 0.8788 0.9450
epoch 400 LossPred 0.1020 LossAtt 0.3464 TrainAcc 0.9800 TestAcc 0.8755 0.9500
epoch 500 LossPred 0.0841 LossAtt 0.3493 TrainAcc 0.9900 TestAcc 0.8777 0.9600
epoch 600 LossPred 0.0811 LossAtt 0.3277 TrainAcc 0.9900 TestAcc 0.8788 0.9550
epoch 700 LossPred 0.0703 LossAtt 0.3378 TrainAcc 0.9900 TestAcc 0.8777 0.9600
epoch 800 LossPred 0.0771 LossAtt 0.3086 TrainAcc 0.9900 TestAcc 0.8864 0.9400
epoch 900 LossPred 0.0624 LossAtt 0.3134 TrainAcc 0.9900 TestAcc 0.8810 0.9550
epoch 1000 LossPred 0.0783 LossAtt 0.3090 TrainAcc 0.9800 TestAcc 0.8463 0.9650
epoch 1100 LossPred 0.1147 LossAtt 0.2992 TrainAcc 0.9600 TestAcc 0.8279 0.9400
epoch 1200 LossPred 0.0698 LossAtt 0.2983 TrainAcc 0.9800 TestAcc 0.8842 0.9750
epoch 1300 LossPred 0.0455 LossAtt 0.2918 TrainAcc 0.9800 TestAcc 0.8658 0.9850
epoch 1400 LossPred 0.1094 LossAtt 0.2722 TrainAcc 0.9700 TestAcc 0.8301 0.9550
epoch 1500 LossPred 0.0441 LossAtt 0.2952 TrainAcc 0.9900 TestAcc 0.8690 0.9800
epoch 1600 LossPred 0.0260 LossAtt 0.2793 TrainAcc 1.0000 TestAcc 0.8777 0.9850
Optimization Finished!
********** replication  20  **********
epoch   0 LossPred 1.0742 LossAtt 1.0321 TrainAcc 0.5100 TestAcc 0.5595 0.4800
epoch 100 LossPred 0.7461 LossAtt 0.3829 TrainAcc 0.6900 TestAcc 0.6439 0.6950
epoch 200 LossPred 0.2060 LossAtt 0.4009 TrainAcc 0.9800 TestAcc 0.9351 0.9350
epoch 300 LossPred 0.1319 LossAtt 0.3642 TrainAcc 0.9700 TestAcc 0.9600 0.9650
epoch 400 LossPred 0.0972 LossAtt 0.3659 TrainAcc 0.9900 TestAcc 0.9751 0.9500
epoch 500 LossPred 0.1421 LossAtt 0.3312 TrainAcc 0.9600 TestAcc 0.9470 0.9200
epoch 600 LossPred 0.0448 LossAtt 0.3153 TrainAcc 1.0000 TestAcc 0.9913 0.9800
Optimization Finished!
********** replication  21  **********
epoch   0 LossPred 1.0600 LossAtt 1.0240 TrainAcc 0.5100 TestAcc 0.4881 0.4900
epoch 100 LossPred 0.8136 LossAtt 0.3988 TrainAcc 0.7300 TestAcc 0.6872 0.7250
epoch 200 LossPred 0.2516 LossAtt 0.4326 TrainAcc 0.9100 TestAcc 0.9058 0.9050
epoch 300 LossPred 0.1059 LossAtt 0.4118 TrainAcc 0.9900 TestAcc 0.9805 0.9400
epoch 400 LossPred 0.1497 LossAtt 0.4094 TrainAcc 0.9400 TestAcc 0.9481 0.9200
epoch 500 LossPred 0.0467 LossAtt 0.4204 TrainAcc 1.0000 TestAcc 0.9848 0.9600
Optimization Finished!
********** replication  22  **********
epoch   0 LossPred 0.9962 LossAtt 1.0045 TrainAcc 0.6100 TestAcc 0.5314 0.5700
epoch 100 LossPred 0.8178 LossAtt 0.3019 TrainAcc 0.7000 TestAcc 0.6450 0.6800
epoch 200 LossPred 0.1596 LossAtt 0.2994 TrainAcc 0.9600 TestAcc 0.9329 0.9600
epoch 300 LossPred 0.1327 LossAtt 0.2822 TrainAcc 0.9700 TestAcc 0.9188 0.9550
epoch 400 LossPred 0.2157 LossAtt 0.2650 TrainAcc 0.9200 TestAcc 0.8723 0.8950
epoch 500 LossPred 0.1482 LossAtt 0.2414 TrainAcc 0.9700 TestAcc 0.9329 0.9400
epoch 600 LossPred 0.0696 LossAtt 0.2516 TrainAcc 0.9900 TestAcc 0.9578 0.9700
epoch 700 LossPred 0.0330 LossAtt 0.2575 TrainAcc 1.0000 TestAcc 0.9524 0.9900
Optimization Finished!
********** replication  23  **********
epoch   0 LossPred 1.0838 LossAtt 1.0153 TrainAcc 0.5100 TestAcc 0.5152 0.4700
epoch 100 LossPred 0.6443 LossAtt 0.3460 TrainAcc 0.7700 TestAcc 0.6829 0.7700
epoch 200 LossPred 0.2557 LossAtt 0.3365 TrainAcc 0.9300 TestAcc 0.8929 0.9300
epoch 300 LossPred 0.1689 LossAtt 0.3381 TrainAcc 0.9700 TestAcc 0.9416 0.9550
epoch 400 LossPred 0.1639 LossAtt 0.3192 TrainAcc 0.9600 TestAcc 0.9286 0.9400
epoch 500 LossPred 0.0901 LossAtt 0.2756 TrainAcc 1.0000 TestAcc 0.9719 0.9700
Optimization Finished!
********** replication  24  **********
epoch   0 LossPred 1.0093 LossAtt 1.0142 TrainAcc 0.5200 TestAcc 0.5152 0.5250
epoch 100 LossPred 0.8234 LossAtt 0.3391 TrainAcc 0.6600 TestAcc 0.6190 0.6600
epoch 200 LossPred 0.1922 LossAtt 0.4167 TrainAcc 0.9500 TestAcc 0.9297 0.9450
epoch 300 LossPred 0.1139 LossAtt 0.3814 TrainAcc 0.9900 TestAcc 0.9870 0.9550
epoch 400 LossPred 0.0869 LossAtt 0.3667 TrainAcc 0.9800 TestAcc 0.9913 0.9600
epoch 500 LossPred 0.0585 LossAtt 0.3713 TrainAcc 0.9900 TestAcc 0.9968 0.9800
epoch 600 LossPred 0.0364 LossAtt 0.3599 TrainAcc 1.0000 TestAcc 0.9903 0.9800
Optimization Finished!
********** replication  25  **********
epoch   0 LossPred 0.9787 LossAtt 1.0344 TrainAcc 0.5100 TestAcc 0.4383 0.5600
epoch 100 LossPred 0.7370 LossAtt 0.3287 TrainAcc 0.7400 TestAcc 0.6797 0.7400
epoch 200 LossPred 0.3136 LossAtt 0.2988 TrainAcc 0.8800 TestAcc 0.8994 0.8950
epoch 300 LossPred 0.2382 LossAtt 0.2786 TrainAcc 0.9300 TestAcc 0.8939 0.9150
epoch 400 LossPred 0.1664 LossAtt 0.2677 TrainAcc 0.9600 TestAcc 0.9297 0.9150
epoch 500 LossPred 0.1544 LossAtt 0.2632 TrainAcc 0.9500 TestAcc 0.9232 0.9350
epoch 600 LossPred 0.2751 LossAtt 0.3012 TrainAcc 0.9100 TestAcc 0.8907 0.9100
epoch 700 LossPred 0.3009 LossAtt 0.3045 TrainAcc 0.9100 TestAcc 0.8745 0.9150
epoch 800 LossPred 0.1120 LossAtt 0.2755 TrainAcc 0.9700 TestAcc 0.9416 0.9600
epoch 900 LossPred 0.0507 LossAtt 0.2602 TrainAcc 1.0000 TestAcc 0.9708 0.9600
Optimization Finished!
********** replication  26  **********
epoch   0 LossPred 0.9836 LossAtt 1.0230 TrainAcc 0.5500 TestAcc 0.5812 0.5300
epoch 100 LossPred 0.6672 LossAtt 0.4253 TrainAcc 0.7300 TestAcc 0.7186 0.7350
epoch 200 LossPred 0.1994 LossAtt 0.3978 TrainAcc 0.9600 TestAcc 0.9253 0.9350
epoch 300 LossPred 0.1120 LossAtt 0.4022 TrainAcc 0.9700 TestAcc 0.9426 0.9500
epoch 400 LossPred 0.0725 LossAtt 0.3766 TrainAcc 0.9900 TestAcc 0.9621 0.9500
epoch 500 LossPred 0.0561 LossAtt 0.3887 TrainAcc 0.9900 TestAcc 0.9675 0.9550
epoch 600 LossPred 0.0532 LossAtt 0.3852 TrainAcc 1.0000 TestAcc 0.9697 0.9750
Optimization Finished!
********** replication  27  **********
epoch   0 LossPred 1.1700 LossAtt 1.0172 TrainAcc 0.3900 TestAcc 0.4513 0.3900
epoch 100 LossPred 0.8474 LossAtt 0.3497 TrainAcc 0.6700 TestAcc 0.6180 0.6700
epoch 200 LossPred 0.3100 LossAtt 0.3906 TrainAcc 0.9400 TestAcc 0.9329 0.9100
epoch 300 LossPred 0.1766 LossAtt 0.3704 TrainAcc 0.9900 TestAcc 0.9600 0.9350
epoch 400 LossPred 0.1242 LossAtt 0.3590 TrainAcc 1.0000 TestAcc 0.9729 0.9400
Optimization Finished!
********** replication  28  **********
epoch   0 LossPred 1.1218 LossAtt 1.0134 TrainAcc 0.4400 TestAcc 0.3874 0.5250
epoch 100 LossPred 0.8727 LossAtt 0.3809 TrainAcc 0.6600 TestAcc 0.6190 0.6600
epoch 200 LossPred 0.3951 LossAtt 0.4315 TrainAcc 0.9200 TestAcc 0.8517 0.9150
epoch 300 LossPred 0.1530 LossAtt 0.3899 TrainAcc 0.9800 TestAcc 0.9351 0.9600
epoch 400 LossPred 0.1583 LossAtt 0.3673 TrainAcc 0.9300 TestAcc 0.9004 0.9500
epoch 500 LossPred 0.0781 LossAtt 0.3465 TrainAcc 0.9900 TestAcc 0.9621 0.9850
epoch 600 LossPred 0.1165 LossAtt 0.3793 TrainAcc 0.9500 TestAcc 0.9253 0.9550
epoch 700 LossPred 0.0798 LossAtt 0.3751 TrainAcc 0.9800 TestAcc 0.9448 0.9850
epoch 800 LossPred 0.0246 LossAtt 0.3777 TrainAcc 1.0000 TestAcc 0.9762 0.9950
Optimization Finished!
********** replication  29  **********
epoch   0 LossPred 1.0240 LossAtt 1.0525 TrainAcc 0.4600 TestAcc 0.4437 0.4600
epoch 100 LossPred 0.7345 LossAtt 0.3415 TrainAcc 0.8200 TestAcc 0.8128 0.8100
epoch 200 LossPred 0.2299 LossAtt 0.3989 TrainAcc 0.9300 TestAcc 0.9145 0.8800
epoch 300 LossPred 0.1499 LossAtt 0.3540 TrainAcc 0.9500 TestAcc 0.9729 0.9400
epoch 400 LossPred 0.1058 LossAtt 0.3572 TrainAcc 0.9700 TestAcc 0.9675 0.9250
epoch 500 LossPred 0.0792 LossAtt 0.3640 TrainAcc 0.9900 TestAcc 0.9567 0.9200
epoch 600 LossPred 0.0780 LossAtt 0.3351 TrainAcc 0.9800 TestAcc 0.9665 0.9150
epoch 700 LossPred 0.2025 LossAtt 0.3498 TrainAcc 0.9300 TestAcc 0.9102 0.9100
epoch 800 LossPred 0.0638 LossAtt 0.3268 TrainAcc 0.9900 TestAcc 0.9729 0.9450
epoch 900 LossPred 0.0581 LossAtt 0.3123 TrainAcc 0.9900 TestAcc 0.9794 0.9400
epoch 1000 LossPred 0.0516 LossAtt 0.3009 TrainAcc 0.9900 TestAcc 0.9762 0.9200
epoch 1100 LossPred 0.0484 LossAtt 0.3043 TrainAcc 0.9900 TestAcc 0.9827 0.9450
epoch 1200 LossPred 0.0400 LossAtt 0.3004 TrainAcc 0.9900 TestAcc 0.9827 0.9300
epoch 1300 LossPred 0.0611 LossAtt 0.2955 TrainAcc 0.9800 TestAcc 0.9675 0.9250
epoch 1400 LossPred 0.2036 LossAtt 0.3036 TrainAcc 0.9300 TestAcc 0.8950 0.8950
epoch 1500 LossPred 0.0557 LossAtt 0.3062 TrainAcc 0.9800 TestAcc 0.9805 0.9550
epoch 1600 LossPred 0.0476 LossAtt 0.2744 TrainAcc 0.9800 TestAcc 0.9827 0.9500
epoch 1700 LossPred 0.0421 LossAtt 0.2677 TrainAcc 0.9700 TestAcc 0.9805 0.9350
epoch 1800 LossPred 0.0225 LossAtt 0.2538 TrainAcc 1.0000 TestAcc 0.9838 0.9200
Optimization Finished!
********** replication  30  **********
epoch   0 LossPred 1.1112 LossAtt 1.0490 TrainAcc 0.3800 TestAcc 0.3766 0.4050
epoch 100 LossPred 0.8924 LossAtt 0.2590 TrainAcc 0.6300 TestAcc 0.6223 0.6300
epoch 200 LossPred 0.8288 LossAtt 0.2399 TrainAcc 0.7000 TestAcc 0.6937 0.7000
epoch 300 LossPred 0.2173 LossAtt 0.2409 TrainAcc 0.9600 TestAcc 0.9026 0.9250
epoch 400 LossPred 0.1394 LossAtt 0.2059 TrainAcc 0.9700 TestAcc 0.9361 0.9600
epoch 500 LossPred 0.1369 LossAtt 0.2101 TrainAcc 0.9800 TestAcc 0.9481 0.9650
epoch 600 LossPred 0.0764 LossAtt 0.2008 TrainAcc 0.9900 TestAcc 0.9794 0.9850
epoch 700 LossPred 0.0512 LossAtt 0.2023 TrainAcc 1.0000 TestAcc 0.9838 0.9850
Optimization Finished!
********** replication  31  **********
epoch   0 LossPred 1.1218 LossAtt 1.0171 TrainAcc 0.4500 TestAcc 0.3864 0.4700
epoch 100 LossPred 0.7786 LossAtt 0.4197 TrainAcc 0.7400 TestAcc 0.6104 0.7450
epoch 200 LossPred 0.1892 LossAtt 0.4374 TrainAcc 0.9700 TestAcc 0.9199 0.9600
epoch 300 LossPred 0.0639 LossAtt 0.4200 TrainAcc 1.0000 TestAcc 0.9264 0.9800
Optimization Finished!
********** replication  32  **********
epoch   0 LossPred 0.9815 LossAtt 1.0002 TrainAcc 0.5400 TestAcc 0.4675 0.5650
epoch 100 LossPred 0.6940 LossAtt 0.3465 TrainAcc 0.7400 TestAcc 0.6320 0.7350
epoch 200 LossPred 0.3249 LossAtt 0.3749 TrainAcc 0.8700 TestAcc 0.8939 0.8550
epoch 300 LossPred 0.1463 LossAtt 0.3275 TrainAcc 0.9900 TestAcc 0.9394 0.9450
epoch 400 LossPred 0.1129 LossAtt 0.3332 TrainAcc 0.9600 TestAcc 0.9351 0.9450
epoch 500 LossPred 0.0465 LossAtt 0.3418 TrainAcc 1.0000 TestAcc 0.9665 0.9750
Optimization Finished!
********** replication  33  **********
epoch   0 LossPred 0.9980 LossAtt 1.0385 TrainAcc 0.5200 TestAcc 0.4848 0.5200
epoch 100 LossPred 0.7482 LossAtt 0.3823 TrainAcc 0.7600 TestAcc 0.7056 0.7500
epoch 200 LossPred 0.1235 LossAtt 0.4028 TrainAcc 0.9800 TestAcc 0.9567 0.9550
epoch 300 LossPred 0.0446 LossAtt 0.3945 TrainAcc 0.9900 TestAcc 0.9481 0.9600
epoch 400 LossPred 0.0325 LossAtt 0.3976 TrainAcc 0.9900 TestAcc 0.9318 0.9600
epoch 500 LossPred 0.0307 LossAtt 0.3893 TrainAcc 1.0000 TestAcc 0.9697 0.9550
Optimization Finished!
********** replication  34  **********
epoch   0 LossPred 1.1426 LossAtt 1.0456 TrainAcc 0.4600 TestAcc 0.4881 0.4750
epoch 100 LossPred 0.7788 LossAtt 0.3030 TrainAcc 0.6300 TestAcc 0.6223 0.6300
epoch 200 LossPred 0.3045 LossAtt 0.2529 TrainAcc 0.9100 TestAcc 0.8929 0.8650
epoch 300 LossPred 0.2595 LossAtt 0.2380 TrainAcc 0.9300 TestAcc 0.9080 0.8750
epoch 400 LossPred 0.1897 LossAtt 0.2550 TrainAcc 0.9400 TestAcc 0.9372 0.8900
epoch 500 LossPred 0.1032 LossAtt 0.2765 TrainAcc 0.9800 TestAcc 0.9848 0.9100
epoch 600 LossPred 0.0778 LossAtt 0.2609 TrainAcc 0.9800 TestAcc 0.9848 0.9050
epoch 700 LossPred 0.1117 LossAtt 0.2615 TrainAcc 0.9800 TestAcc 0.9686 0.9050
epoch 800 LossPred 0.0333 LossAtt 0.2613 TrainAcc 1.0000 TestAcc 0.9968 0.9150
Optimization Finished!
********** replication  35  **********
epoch   0 LossPred 1.0530 LossAtt 1.0256 TrainAcc 0.5200 TestAcc 0.4913 0.5250
epoch 100 LossPred 0.7923 LossAtt 0.4237 TrainAcc 0.6700 TestAcc 0.5703 0.6750
epoch 200 LossPred 0.1699 LossAtt 0.4927 TrainAcc 0.9600 TestAcc 0.9253 0.9350
epoch 300 LossPred 0.0950 LossAtt 0.4639 TrainAcc 0.9800 TestAcc 0.9459 0.9500
epoch 400 LossPred 0.0813 LossAtt 0.4570 TrainAcc 0.9800 TestAcc 0.9470 0.9550
epoch 500 LossPred 0.0584 LossAtt 0.4114 TrainAcc 0.9900 TestAcc 0.9686 0.9650
epoch 600 LossPred 0.0505 LossAtt 0.4104 TrainAcc 0.9900 TestAcc 0.9740 0.9650
epoch 700 LossPred 0.0495 LossAtt 0.4102 TrainAcc 0.9900 TestAcc 0.9708 0.9600
epoch 800 LossPred 0.0454 LossAtt 0.3928 TrainAcc 0.9900 TestAcc 0.9654 0.9700
epoch 900 LossPred 0.0445 LossAtt 0.3887 TrainAcc 0.9900 TestAcc 0.9719 0.9700
epoch 1000 LossPred 0.0411 LossAtt 0.3877 TrainAcc 0.9900 TestAcc 0.9589 0.9550
epoch 1100 LossPred 0.0391 LossAtt 0.3758 TrainAcc 0.9900 TestAcc 0.9578 0.9550
epoch 1200 LossPred 0.0374 LossAtt 0.3835 TrainAcc 0.9900 TestAcc 0.9535 0.9650
epoch 1300 LossPred 0.0363 LossAtt 0.3978 TrainAcc 0.9900 TestAcc 0.9491 0.9650
epoch 1400 LossPred 0.0397 LossAtt 0.4051 TrainAcc 0.9900 TestAcc 0.9459 0.9550
epoch 1500 LossPred 0.0440 LossAtt 0.3999 TrainAcc 0.9900 TestAcc 0.9470 0.9750
epoch 1600 LossPred 0.0263 LossAtt 0.3904 TrainAcc 0.9900 TestAcc 0.9448 0.9650
epoch 1700 LossPred 0.0439 LossAtt 0.3858 TrainAcc 0.9900 TestAcc 0.9394 0.9550
epoch 1800 LossPred 0.0248 LossAtt 0.4050 TrainAcc 0.9900 TestAcc 0.9405 0.9550
epoch 1900 LossPred 0.0237 LossAtt 0.3832 TrainAcc 0.9900 TestAcc 0.9405 0.9750
epoch 2000 LossPred 0.0264 LossAtt 0.3954 TrainAcc 0.9900 TestAcc 0.9426 0.9750
epoch 2100 LossPred 0.0192 LossAtt 0.3957 TrainAcc 0.9900 TestAcc 0.9426 0.9650
epoch 2200 LossPred 0.0234 LossAtt 0.3817 TrainAcc 0.9900 TestAcc 0.9416 0.9700
epoch 2300 LossPred 0.0254 LossAtt 0.3836 TrainAcc 0.9900 TestAcc 0.9221 0.9700
epoch 2400 LossPred 0.0161 LossAtt 0.3967 TrainAcc 1.0000 TestAcc 0.9329 0.9550
Optimization Finished!
********** replication  36  **********
epoch   0 LossPred 1.1152 LossAtt 1.0494 TrainAcc 0.4200 TestAcc 0.4481 0.4100
epoch 100 LossPred 0.7722 LossAtt 0.3660 TrainAcc 0.7200 TestAcc 0.6126 0.7200
epoch 200 LossPred 0.7436 LossAtt 0.3172 TrainAcc 0.7400 TestAcc 0.6861 0.7400
epoch 300 LossPred 0.4726 LossAtt 0.4167 TrainAcc 0.8300 TestAcc 0.7814 0.8000
epoch 400 LossPred 0.1229 LossAtt 0.4077 TrainAcc 0.9800 TestAcc 0.9221 0.9550
epoch 500 LossPred 0.0698 LossAtt 0.3952 TrainAcc 1.0000 TestAcc 0.9199 0.9550
Optimization Finished!
********** replication  37  **********
epoch   0 LossPred 0.9775 LossAtt 1.0425 TrainAcc 0.5200 TestAcc 0.4675 0.5750
epoch 100 LossPred 0.6951 LossAtt 0.3842 TrainAcc 0.7400 TestAcc 0.6861 0.7600
epoch 200 LossPred 0.3264 LossAtt 0.3240 TrainAcc 0.8800 TestAcc 0.8983 0.8450
epoch 300 LossPred 0.1955 LossAtt 0.3540 TrainAcc 0.9300 TestAcc 0.9383 0.9150
epoch 400 LossPred 0.1724 LossAtt 0.3529 TrainAcc 0.9200 TestAcc 0.9437 0.9100
epoch 500 LossPred 0.1107 LossAtt 0.3480 TrainAcc 0.9700 TestAcc 0.9708 0.9550
epoch 600 LossPred 0.0826 LossAtt 0.3461 TrainAcc 0.9900 TestAcc 0.9762 0.9650
epoch 700 LossPred 0.1265 LossAtt 0.3134 TrainAcc 0.9800 TestAcc 0.9448 0.9550
epoch 800 LossPred 0.0560 LossAtt 0.3153 TrainAcc 0.9900 TestAcc 0.9784 0.9750
epoch 900 LossPred 0.0315 LossAtt 0.3057 TrainAcc 1.0000 TestAcc 0.9816 0.9850
Optimization Finished!
********** replication  38  **********
epoch   0 LossPred 1.0671 LossAtt 1.0184 TrainAcc 0.4700 TestAcc 0.4881 0.4850
epoch 100 LossPred 0.8072 LossAtt 0.3493 TrainAcc 0.7700 TestAcc 0.7045 0.7400
epoch 200 LossPred 0.2340 LossAtt 0.2923 TrainAcc 0.9700 TestAcc 0.9329 0.9500
epoch 300 LossPred 0.1581 LossAtt 0.2888 TrainAcc 0.9900 TestAcc 0.9437 0.9650
epoch 400 LossPred 0.1360 LossAtt 0.2652 TrainAcc 0.9800 TestAcc 0.9394 0.9450
epoch 500 LossPred 0.1143 LossAtt 0.2508 TrainAcc 0.9800 TestAcc 0.9470 0.9550
epoch 600 LossPred 0.0874 LossAtt 0.2390 TrainAcc 0.9900 TestAcc 0.9535 0.9700
epoch 700 LossPred 0.1089 LossAtt 0.2573 TrainAcc 0.9700 TestAcc 0.9372 0.9450
epoch 800 LossPred 0.0645 LossAtt 0.2521 TrainAcc 0.9900 TestAcc 0.9556 0.9650
epoch 900 LossPred 0.0537 LossAtt 0.2588 TrainAcc 0.9900 TestAcc 0.9675 0.9750
epoch 1000 LossPred 0.0384 LossAtt 0.2645 TrainAcc 0.9900 TestAcc 0.9686 0.9850
epoch 1100 LossPred 0.0218 LossAtt 0.2646 TrainAcc 1.0000 TestAcc 0.9762 0.9850
Optimization Finished!
********** replication  39  **********
epoch   0 LossPred 0.9882 LossAtt 1.0119 TrainAcc 0.5200 TestAcc 0.6017 0.5600
epoch 100 LossPred 0.7389 LossAtt 0.3448 TrainAcc 0.7100 TestAcc 0.6677 0.7100
epoch 200 LossPred 0.1886 LossAtt 0.3850 TrainAcc 0.9600 TestAcc 0.9567 0.9150
epoch 300 LossPred 0.1329 LossAtt 0.4119 TrainAcc 0.9800 TestAcc 0.9762 0.9050
epoch 400 LossPred 0.1026 LossAtt 0.4101 TrainAcc 0.9900 TestAcc 0.9805 0.9050
epoch 500 LossPred 0.1024 LossAtt 0.4087 TrainAcc 0.9800 TestAcc 0.9654 0.9250
epoch 600 LossPred 0.0708 LossAtt 0.3868 TrainAcc 0.9900 TestAcc 0.9903 0.9300
epoch 700 LossPred 0.0744 LossAtt 0.3750 TrainAcc 0.9800 TestAcc 0.9784 0.9100
epoch 800 LossPred 0.0983 LossAtt 0.3714 TrainAcc 0.9800 TestAcc 0.9621 0.9200
epoch 900 LossPred 0.0412 LossAtt 0.3936 TrainAcc 0.9900 TestAcc 0.9805 0.9300
epoch 1000 LossPred 0.0461 LossAtt 0.4002 TrainAcc 0.9900 TestAcc 0.9621 0.9200
epoch 1100 LossPred 0.0123 LossAtt 0.3733 TrainAcc 1.0000 TestAcc 0.9794 0.9650
Optimization Finished!
********** replication  40  **********
epoch   0 LossPred 1.0563 LossAtt 1.0021 TrainAcc 0.6300 TestAcc 0.5465 0.6250
epoch 100 LossPred 0.4636 LossAtt 0.4540 TrainAcc 0.8900 TestAcc 0.8387 0.8800
epoch 200 LossPred 0.2170 LossAtt 0.3911 TrainAcc 0.9500 TestAcc 0.9297 0.9350
epoch 300 LossPred 0.1525 LossAtt 0.3850 TrainAcc 0.9600 TestAcc 0.9437 0.9450
epoch 400 LossPred 0.1251 LossAtt 0.3804 TrainAcc 0.9800 TestAcc 0.9632 0.9500
epoch 500 LossPred 0.1151 LossAtt 0.3684 TrainAcc 0.9600 TestAcc 0.9459 0.9450
epoch 600 LossPred 0.0883 LossAtt 0.3524 TrainAcc 0.9800 TestAcc 0.9535 0.9500
epoch 700 LossPred 0.0635 LossAtt 0.3640 TrainAcc 0.9900 TestAcc 0.9545 0.9350
epoch 800 LossPred 0.0533 LossAtt 0.3595 TrainAcc 0.9900 TestAcc 0.9459 0.9350
epoch 900 LossPred 0.0295 LossAtt 0.3688 TrainAcc 1.0000 TestAcc 0.9556 0.9300
Optimization Finished!
********** replication  41  **********
epoch   0 LossPred 1.0251 LossAtt 1.0124 TrainAcc 0.5200 TestAcc 0.4827 0.5100
epoch 100 LossPred 0.7822 LossAtt 0.3473 TrainAcc 0.6900 TestAcc 0.6158 0.6900
epoch 200 LossPred 0.1798 LossAtt 0.3683 TrainAcc 0.9700 TestAcc 0.9156 0.9500
epoch 300 LossPred 0.0739 LossAtt 0.3643 TrainAcc 1.0000 TestAcc 0.9242 0.9750
Optimization Finished!
********** replication  42  **********
epoch   0 LossPred 0.9848 LossAtt 1.0192 TrainAcc 0.5500 TestAcc 0.5097 0.5700
epoch 100 LossPred 0.7494 LossAtt 0.3955 TrainAcc 0.6800 TestAcc 0.6169 0.6600
epoch 200 LossPred 0.7015 LossAtt 0.3128 TrainAcc 0.7200 TestAcc 0.6883 0.7250
epoch 300 LossPred 0.2240 LossAtt 0.3898 TrainAcc 0.9500 TestAcc 0.8885 0.9600
epoch 400 LossPred 0.1672 LossAtt 0.3468 TrainAcc 0.9600 TestAcc 0.9113 0.9600
epoch 500 LossPred 0.1407 LossAtt 0.3364 TrainAcc 0.9600 TestAcc 0.9188 0.9700
epoch 600 LossPred 0.1126 LossAtt 0.3521 TrainAcc 0.9700 TestAcc 0.9567 0.9700
epoch 700 LossPred 0.1348 LossAtt 0.3331 TrainAcc 0.9400 TestAcc 0.8896 0.9450
epoch 800 LossPred 0.2664 LossAtt 0.3237 TrainAcc 0.9000 TestAcc 0.8063 0.9150
epoch 900 LossPred 0.0599 LossAtt 0.2993 TrainAcc 0.9900 TestAcc 0.9459 0.9750
epoch 1000 LossPred 0.0273 LossAtt 0.3059 TrainAcc 1.0000 TestAcc 0.9762 0.9850
Optimization Finished!
********** replication  43  **********
epoch   0 LossPred 1.1575 LossAtt 1.0463 TrainAcc 0.3500 TestAcc 0.3799 0.3600
epoch 100 LossPred 0.8091 LossAtt 0.3105 TrainAcc 0.5800 TestAcc 0.6277 0.6700
epoch 200 LossPred 0.3596 LossAtt 0.4283 TrainAcc 0.9400 TestAcc 0.8939 0.9150
epoch 300 LossPred 0.1535 LossAtt 0.3827 TrainAcc 0.9700 TestAcc 0.9340 0.9600
epoch 400 LossPred 0.0938 LossAtt 0.3604 TrainAcc 0.9900 TestAcc 0.9372 0.9650
epoch 500 LossPred 0.0727 LossAtt 0.3454 TrainAcc 0.9900 TestAcc 0.9437 0.9650
epoch 600 LossPred 0.0617 LossAtt 0.3448 TrainAcc 0.9900 TestAcc 0.9610 0.9800
epoch 700 LossPred 0.0480 LossAtt 0.3329 TrainAcc 0.9900 TestAcc 0.9740 0.9750
epoch 800 LossPred 0.0250 LossAtt 0.3487 TrainAcc 1.0000 TestAcc 0.9859 0.9900
Optimization Finished!
********** replication  44  **********
epoch   0 LossPred 1.1885 LossAtt 1.0140 TrainAcc 0.3900 TestAcc 0.3755 0.4000
epoch 100 LossPred 0.8102 LossAtt 0.3216 TrainAcc 0.7000 TestAcc 0.6147 0.7000
epoch 200 LossPred 0.7671 LossAtt 0.2710 TrainAcc 0.7000 TestAcc 0.6147 0.7000
epoch 300 LossPred 0.3385 LossAtt 0.3423 TrainAcc 0.9200 TestAcc 0.8658 0.9150
epoch 400 LossPred 0.1387 LossAtt 0.3294 TrainAcc 0.9900 TestAcc 0.9372 0.9500
epoch 500 LossPred 0.1028 LossAtt 0.3244 TrainAcc 0.9700 TestAcc 0.9589 0.9700
epoch 600 LossPred 0.0642 LossAtt 0.2943 TrainAcc 0.9900 TestAcc 0.9719 0.9850
epoch 700 LossPred 0.0592 LossAtt 0.3035 TrainAcc 1.0000 TestAcc 0.9762 0.9650
Optimization Finished!
********** replication  45  **********
epoch   0 LossPred 1.0250 LossAtt 1.0466 TrainAcc 0.5400 TestAcc 0.4892 0.5250
epoch 100 LossPred 0.5858 LossAtt 0.3840 TrainAcc 0.7900 TestAcc 0.7955 0.8150
epoch 200 LossPred 0.0844 LossAtt 0.3379 TrainAcc 0.9900 TestAcc 0.9361 0.9700
epoch 300 LossPred 0.0812 LossAtt 0.3173 TrainAcc 0.9800 TestAcc 0.9372 0.9700
epoch 400 LossPred 0.0503 LossAtt 0.3200 TrainAcc 0.9800 TestAcc 0.9437 0.9850
epoch 500 LossPred 0.0409 LossAtt 0.3132 TrainAcc 1.0000 TestAcc 0.9351 0.9350
Optimization Finished!
********** replication  46  **********
epoch   0 LossPred 1.1315 LossAtt 1.0139 TrainAcc 0.5100 TestAcc 0.5054 0.5200
epoch 100 LossPred 0.8505 LossAtt 0.3658 TrainAcc 0.6500 TestAcc 0.6201 0.6800
epoch 200 LossPred 0.3477 LossAtt 0.3406 TrainAcc 0.9500 TestAcc 0.9491 0.9000
epoch 300 LossPred 0.2048 LossAtt 0.3360 TrainAcc 0.9600 TestAcc 0.9621 0.9200
epoch 400 LossPred 0.1212 LossAtt 0.3262 TrainAcc 0.9900 TestAcc 0.9848 0.9350
epoch 500 LossPred 0.0858 LossAtt 0.3245 TrainAcc 1.0000 TestAcc 0.9913 0.9350
Optimization Finished!
********** replication  47  **********
epoch   0 LossPred 1.2014 LossAtt 1.0268 TrainAcc 0.4700 TestAcc 0.4383 0.4650
epoch 100 LossPred 0.8934 LossAtt 0.3570 TrainAcc 0.6600 TestAcc 0.6948 0.6550
epoch 200 LossPred 0.6033 LossAtt 0.4434 TrainAcc 0.8100 TestAcc 0.8019 0.8100
epoch 300 LossPred 0.2391 LossAtt 0.4239 TrainAcc 0.9600 TestAcc 0.9394 0.9250
epoch 400 LossPred 0.1533 LossAtt 0.3854 TrainAcc 0.9800 TestAcc 0.9426 0.9400
epoch 500 LossPred 0.0845 LossAtt 0.3570 TrainAcc 1.0000 TestAcc 0.9697 0.9650
Optimization Finished!
********** replication  48  **********
epoch   0 LossPred 0.9541 LossAtt 1.0211 TrainAcc 0.6600 TestAcc 0.5606 0.6450
epoch 100 LossPred 0.5207 LossAtt 0.3398 TrainAcc 0.8500 TestAcc 0.7478 0.8050
epoch 200 LossPred 0.1778 LossAtt 0.2831 TrainAcc 0.9500 TestAcc 0.8604 0.9100
epoch 300 LossPred 0.1275 LossAtt 0.3037 TrainAcc 0.9700 TestAcc 0.9134 0.9400
epoch 400 LossPred 0.0804 LossAtt 0.3217 TrainAcc 0.9900 TestAcc 0.9340 0.9600
epoch 500 LossPred 0.0497 LossAtt 0.3051 TrainAcc 1.0000 TestAcc 0.9545 0.9850
Optimization Finished!
********** replication  49  **********
epoch   0 LossPred 1.0307 LossAtt 1.0139 TrainAcc 0.4200 TestAcc 0.4610 0.4550
epoch 100 LossPred 0.7244 LossAtt 0.3106 TrainAcc 0.7200 TestAcc 0.7792 0.7100
epoch 200 LossPred 0.2634 LossAtt 0.2702 TrainAcc 0.9500 TestAcc 0.9156 0.9250
epoch 300 LossPred 0.1598 LossAtt 0.3026 TrainAcc 0.9700 TestAcc 0.9405 0.9600
epoch 400 LossPred 0.1156 LossAtt 0.2895 TrainAcc 0.9800 TestAcc 0.9729 0.9650
epoch 500 LossPred 0.0887 LossAtt 0.2865 TrainAcc 0.9900 TestAcc 0.9729 0.9700
epoch 600 LossPred 0.0931 LossAtt 0.2844 TrainAcc 0.9900 TestAcc 0.9632 0.9600
epoch 700 LossPred 0.1034 LossAtt 0.2862 TrainAcc 0.9800 TestAcc 0.9459 0.9300
epoch 800 LossPred 0.0507 LossAtt 0.2958 TrainAcc 1.0000 TestAcc 0.9827 0.9600
Optimization Finished!
********** replication  50  **********
epoch   0 LossPred 1.0980 LossAtt 1.0858 TrainAcc 0.4900 TestAcc 0.5076 0.5050
epoch 100 LossPred 0.7449 LossAtt 0.3952 TrainAcc 0.7500 TestAcc 0.6851 0.7400
epoch 200 LossPred 0.2950 LossAtt 0.4289 TrainAcc 0.9300 TestAcc 0.8604 0.9100
epoch 300 LossPred 0.1561 LossAtt 0.3974 TrainAcc 0.9900 TestAcc 0.9405 0.9450
epoch 400 LossPred 0.1368 LossAtt 0.3514 TrainAcc 0.9600 TestAcc 0.9297 0.9200
epoch 500 LossPred 0.0957 LossAtt 0.3263 TrainAcc 0.9900 TestAcc 0.9719 0.9500
epoch 600 LossPred 0.0719 LossAtt 0.3359 TrainAcc 0.9900 TestAcc 0.9708 0.9550
epoch 700 LossPred 0.0644 LossAtt 0.3509 TrainAcc 0.9900 TestAcc 0.9535 0.9400
epoch 800 LossPred 0.0527 LossAtt 0.3360 TrainAcc 0.9900 TestAcc 0.9589 0.9500
epoch 900 LossPred 0.0474 LossAtt 0.3524 TrainAcc 0.9900 TestAcc 0.9567 0.9550
epoch 1000 LossPred 0.0589 LossAtt 0.3467 TrainAcc 0.9800 TestAcc 0.9437 0.9450
epoch 1100 LossPred 0.0804 LossAtt 0.3343 TrainAcc 0.9800 TestAcc 0.9329 0.9450
epoch 1200 LossPred 0.0340 LossAtt 0.3184 TrainAcc 0.9900 TestAcc 0.9708 0.9550
epoch 1300 LossPred 0.0512 LossAtt 0.3299 TrainAcc 0.9900 TestAcc 0.9535 0.9550
epoch 1400 LossPred 0.0274 LossAtt 0.3240 TrainAcc 1.0000 TestAcc 0.9762 0.9650
Optimization Finished!
********** replication  51  **********
epoch   0 LossPred 1.0887 LossAtt 1.0117 TrainAcc 0.5600 TestAcc 0.5779 0.5300
epoch 100 LossPred 0.9167 LossAtt 0.2685 TrainAcc 0.6100 TestAcc 0.6245 0.6100
epoch 200 LossPred 0.3471 LossAtt 0.3390 TrainAcc 0.8900 TestAcc 0.8561 0.8800
epoch 300 LossPred 0.2086 LossAtt 0.3562 TrainAcc 0.9300 TestAcc 0.8788 0.9000
epoch 400 LossPred 0.1684 LossAtt 0.3347 TrainAcc 0.9400 TestAcc 0.9156 0.9100
epoch 500 LossPred 0.1536 LossAtt 0.3649 TrainAcc 0.9500 TestAcc 0.9102 0.9050
epoch 600 LossPred 0.1361 LossAtt 0.3306 TrainAcc 0.9600 TestAcc 0.9264 0.9250
epoch 700 LossPred 0.1393 LossAtt 0.3146 TrainAcc 0.9500 TestAcc 0.9058 0.9100
epoch 800 LossPred 0.1068 LossAtt 0.3114 TrainAcc 0.9800 TestAcc 0.9567 0.9300
epoch 900 LossPred 0.1053 LossAtt 0.2974 TrainAcc 0.9700 TestAcc 0.9513 0.9200
epoch 1000 LossPred 0.1069 LossAtt 0.3054 TrainAcc 0.9700 TestAcc 0.9426 0.9400
epoch 1100 LossPred 0.1024 LossAtt 0.2857 TrainAcc 0.9700 TestAcc 0.9578 0.9450
epoch 1200 LossPred 0.0950 LossAtt 0.2651 TrainAcc 0.9700 TestAcc 0.9383 0.9300
epoch 1300 LossPred 0.0931 LossAtt 0.2624 TrainAcc 0.9700 TestAcc 0.9416 0.9450
epoch 1400 LossPred 0.0937 LossAtt 0.2699 TrainAcc 0.9700 TestAcc 0.9416 0.9450
epoch 1500 LossPred 0.1011 LossAtt 0.2697 TrainAcc 0.9700 TestAcc 0.9545 0.9400
epoch 1600 LossPred 0.0947 LossAtt 0.2603 TrainAcc 0.9800 TestAcc 0.9589 0.9600
epoch 1700 LossPred 0.0911 LossAtt 0.2435 TrainAcc 0.9700 TestAcc 0.9416 0.9650
epoch 1800 LossPred 0.0921 LossAtt 0.2684 TrainAcc 0.9800 TestAcc 0.9654 0.9600
epoch 1900 LossPred 0.0910 LossAtt 0.2528 TrainAcc 0.9700 TestAcc 0.9545 0.9650
epoch 2000 LossPred 0.0914 LossAtt 0.2517 TrainAcc 0.9700 TestAcc 0.9535 0.9650
epoch 2100 LossPred 0.0902 LossAtt 0.2498 TrainAcc 0.9700 TestAcc 0.9600 0.9700
epoch 2200 LossPred 0.2385 LossAtt 0.2587 TrainAcc 0.9300 TestAcc 0.8907 0.9050
epoch 2300 LossPred 0.1401 LossAtt 0.2642 TrainAcc 0.9600 TestAcc 0.9524 0.9250
epoch 2400 LossPred 0.0911 LossAtt 0.2500 TrainAcc 0.9700 TestAcc 0.9643 0.9700
epoch 2500 LossPred 0.0976 LossAtt 0.2567 TrainAcc 0.9700 TestAcc 0.9805 0.9500
Optimization Finished!
********** replication  52  **********
epoch   0 LossPred 0.9756 LossAtt 1.0221 TrainAcc 0.6300 TestAcc 0.6223 0.6400
epoch 100 LossPred 0.3896 LossAtt 0.3986 TrainAcc 0.8900 TestAcc 0.8907 0.8950
epoch 200 LossPred 0.2353 LossAtt 0.3495 TrainAcc 0.9300 TestAcc 0.9037 0.9000
epoch 300 LossPred 0.1341 LossAtt 0.3568 TrainAcc 0.9600 TestAcc 0.9383 0.9400
epoch 400 LossPred 0.0954 LossAtt 0.3198 TrainAcc 0.9700 TestAcc 0.9416 0.9400
epoch 500 LossPred 0.0852 LossAtt 0.3078 TrainAcc 0.9700 TestAcc 0.9470 0.9450
epoch 600 LossPred 0.0789 LossAtt 0.3210 TrainAcc 0.9800 TestAcc 0.9502 0.9500
epoch 700 LossPred 0.0802 LossAtt 0.3029 TrainAcc 0.9800 TestAcc 0.9513 0.9500
epoch 800 LossPred 0.0706 LossAtt 0.2790 TrainAcc 0.9700 TestAcc 0.9567 0.9400
epoch 900 LossPred 0.0630 LossAtt 0.2670 TrainAcc 0.9800 TestAcc 0.9632 0.9600
epoch 1000 LossPred 0.1140 LossAtt 0.2639 TrainAcc 0.9700 TestAcc 0.9405 0.9300
epoch 1100 LossPred 0.0552 LossAtt 0.2601 TrainAcc 0.9800 TestAcc 0.9751 0.9550
epoch 1200 LossPred 0.0528 LossAtt 0.2579 TrainAcc 0.9800 TestAcc 0.9773 0.9650
epoch 1300 LossPred 0.0483 LossAtt 0.2639 TrainAcc 0.9900 TestAcc 0.9805 0.9650
epoch 1400 LossPred 0.0466 LossAtt 0.2390 TrainAcc 0.9800 TestAcc 0.9805 0.9750
epoch 1500 LossPred 0.0475 LossAtt 0.2469 TrainAcc 0.9900 TestAcc 0.9816 0.9650
epoch 1600 LossPred 0.0414 LossAtt 0.2253 TrainAcc 0.9900 TestAcc 0.9838 0.9650
epoch 1700 LossPred 0.0392 LossAtt 0.2318 TrainAcc 0.9900 TestAcc 0.9816 0.9800
epoch 1800 LossPred 0.0300 LossAtt 0.2410 TrainAcc 0.9900 TestAcc 0.9892 0.9900
epoch 1900 LossPred 0.0356 LossAtt 0.2294 TrainAcc 0.9900 TestAcc 0.9859 0.9900
epoch 2000 LossPred 0.0231 LossAtt 0.2093 TrainAcc 1.0000 TestAcc 0.9957 0.9900
Optimization Finished!
********** replication  53  **********
epoch   0 LossPred 1.1737 LossAtt 1.0327 TrainAcc 0.4900 TestAcc 0.4838 0.5050
epoch 100 LossPred 0.8093 LossAtt 0.3443 TrainAcc 0.7700 TestAcc 0.6829 0.7700
epoch 200 LossPred 0.2665 LossAtt 0.4372 TrainAcc 0.9400 TestAcc 0.9221 0.9400
epoch 300 LossPred 0.1216 LossAtt 0.4355 TrainAcc 0.9900 TestAcc 0.9719 0.9450
epoch 400 LossPred 0.1075 LossAtt 0.4203 TrainAcc 0.9700 TestAcc 0.9632 0.9650
epoch 500 LossPred 0.0512 LossAtt 0.3732 TrainAcc 1.0000 TestAcc 0.9827 0.9800
Optimization Finished!
********** replication  54  **********
epoch   0 LossPred 1.0529 LossAtt 1.0370 TrainAcc 0.5900 TestAcc 0.6266 0.4900
epoch 100 LossPred 0.7887 LossAtt 0.3506 TrainAcc 0.6500 TestAcc 0.5541 0.6500
epoch 200 LossPred 0.2840 LossAtt 0.4010 TrainAcc 0.9700 TestAcc 0.9145 0.9600
epoch 300 LossPred 0.1167 LossAtt 0.3695 TrainAcc 1.0000 TestAcc 0.9318 0.9850
Optimization Finished!
********** replication  55  **********
epoch   0 LossPred 1.1825 LossAtt 1.0260 TrainAcc 0.3300 TestAcc 0.3820 0.3600
epoch 100 LossPred 0.8216 LossAtt 0.2663 TrainAcc 0.6700 TestAcc 0.6180 0.6700
epoch 200 LossPred 0.3242 LossAtt 0.3788 TrainAcc 0.9000 TestAcc 0.9037 0.8900
epoch 300 LossPred 0.1328 LossAtt 0.3693 TrainAcc 0.9900 TestAcc 0.9675 0.9800
epoch 400 LossPred 0.1645 LossAtt 0.3922 TrainAcc 0.9300 TestAcc 0.9448 0.9050
epoch 500 LossPred 0.0403 LossAtt 0.3735 TrainAcc 1.0000 TestAcc 0.9913 0.9800
Optimization Finished!
********** replication  56  **********
epoch   0 LossPred 1.0709 LossAtt 1.0304 TrainAcc 0.4400 TestAcc 0.4632 0.4500
epoch 100 LossPred 0.7624 LossAtt 0.3300 TrainAcc 0.7500 TestAcc 0.6851 0.7250
epoch 200 LossPred 0.2762 LossAtt 0.3327 TrainAcc 0.9600 TestAcc 0.9351 0.9100
epoch 300 LossPred 0.1770 LossAtt 0.2977 TrainAcc 0.9500 TestAcc 0.9340 0.9200
epoch 400 LossPred 0.1430 LossAtt 0.2981 TrainAcc 0.9700 TestAcc 0.9502 0.9200
epoch 500 LossPred 0.1089 LossAtt 0.3081 TrainAcc 1.0000 TestAcc 0.9675 0.9300
Optimization Finished!
********** replication  57  **********
epoch   0 LossPred 1.1481 LossAtt 1.0737 TrainAcc 0.3800 TestAcc 0.4242 0.4750
epoch 100 LossPred 0.7435 LossAtt 0.3852 TrainAcc 0.7000 TestAcc 0.6147 0.7000
epoch 200 LossPred 0.5000 LossAtt 0.3785 TrainAcc 0.8300 TestAcc 0.7273 0.8450
epoch 300 LossPred 0.1495 LossAtt 0.3556 TrainAcc 0.9800 TestAcc 0.8626 0.9600
epoch 400 LossPred 0.0778 LossAtt 0.3429 TrainAcc 0.9900 TestAcc 0.8929 0.9600
epoch 500 LossPred 0.0471 LossAtt 0.3447 TrainAcc 1.0000 TestAcc 0.8885 0.9750
Optimization Finished!
********** replication  58  **********
epoch   0 LossPred 1.0231 LossAtt 1.0357 TrainAcc 0.5200 TestAcc 0.4968 0.5150
epoch 100 LossPred 0.8314 LossAtt 0.3774 TrainAcc 0.6500 TestAcc 0.7175 0.6250
epoch 200 LossPred 0.2285 LossAtt 0.3432 TrainAcc 0.9600 TestAcc 0.9177 0.9350
epoch 300 LossPred 0.1572 LossAtt 0.3158 TrainAcc 0.9500 TestAcc 0.9091 0.9200
epoch 400 LossPred 0.1207 LossAtt 0.3142 TrainAcc 0.9500 TestAcc 0.9448 0.9250
epoch 500 LossPred 0.1710 LossAtt 0.3245 TrainAcc 0.9400 TestAcc 0.9329 0.9150
epoch 600 LossPred 0.0919 LossAtt 0.2943 TrainAcc 0.9800 TestAcc 0.9545 0.9350
epoch 700 LossPred 0.1241 LossAtt 0.3084 TrainAcc 0.9600 TestAcc 0.9383 0.9350
epoch 800 LossPred 0.1243 LossAtt 0.3019 TrainAcc 0.9600 TestAcc 0.9600 0.9400
epoch 900 LossPred 0.0802 LossAtt 0.3221 TrainAcc 0.9700 TestAcc 0.9654 0.9600
epoch 1000 LossPred 0.0725 LossAtt 0.3121 TrainAcc 0.9900 TestAcc 0.9729 0.9700
epoch 1100 LossPred 0.0661 LossAtt 0.2960 TrainAcc 0.9900 TestAcc 0.9751 0.9650
epoch 1200 LossPred 0.0464 LossAtt 0.2781 TrainAcc 0.9900 TestAcc 0.9827 0.9700
epoch 1300 LossPred 0.0462 LossAtt 0.2977 TrainAcc 0.9800 TestAcc 0.9838 0.9700
epoch 1400 LossPred 0.0402 LossAtt 0.2855 TrainAcc 0.9900 TestAcc 0.9848 0.9750
epoch 1500 LossPred 0.0374 LossAtt 0.2765 TrainAcc 1.0000 TestAcc 0.9881 0.9750
Optimization Finished!
********** replication  59  **********
epoch   0 LossPred 1.0472 LossAtt 1.0353 TrainAcc 0.5600 TestAcc 0.5152 0.5700
epoch 100 LossPred 0.4581 LossAtt 0.4365 TrainAcc 0.9500 TestAcc 0.8907 0.8900
epoch 200 LossPred 0.1384 LossAtt 0.4179 TrainAcc 0.9900 TestAcc 0.9556 0.9650
epoch 300 LossPred 0.0787 LossAtt 0.4146 TrainAcc 1.0000 TestAcc 0.9654 0.9750
Optimization Finished!
********** replication  60  **********
epoch   0 LossPred 1.0395 LossAtt 1.0263 TrainAcc 0.4200 TestAcc 0.4935 0.4150
epoch 100 LossPred 0.8466 LossAtt 0.3292 TrainAcc 0.6700 TestAcc 0.6180 0.6700
epoch 200 LossPred 0.3811 LossAtt 0.3779 TrainAcc 0.8800 TestAcc 0.8225 0.8700
epoch 300 LossPred 0.2271 LossAtt 0.3498 TrainAcc 0.9300 TestAcc 0.9134 0.9400
epoch 400 LossPred 0.1475 LossAtt 0.3758 TrainAcc 0.9600 TestAcc 0.9448 0.9450
epoch 500 LossPred 0.0831 LossAtt 0.3941 TrainAcc 0.9900 TestAcc 0.9697 0.9700
epoch 600 LossPred 0.0590 LossAtt 0.3813 TrainAcc 1.0000 TestAcc 0.9643 0.9700
Optimization Finished!
********** replication  61  **********
epoch   0 LossPred 1.0000 LossAtt 1.0083 TrainAcc 0.5000 TestAcc 0.5433 0.4950
epoch 100 LossPred 0.4284 LossAtt 0.3690 TrainAcc 0.9100 TestAcc 0.8929 0.8650
epoch 200 LossPred 0.1253 LossAtt 0.3060 TrainAcc 0.9900 TestAcc 0.9632 0.9400
epoch 300 LossPred 0.1125 LossAtt 0.2889 TrainAcc 0.9700 TestAcc 0.9513 0.9200
epoch 400 LossPred 0.0689 LossAtt 0.3012 TrainAcc 0.9900 TestAcc 0.9729 0.9450
epoch 500 LossPred 0.0381 LossAtt 0.3091 TrainAcc 1.0000 TestAcc 0.9740 0.9550
Optimization Finished!
********** replication  62  **********
epoch   0 LossPred 1.0762 LossAtt 1.0241 TrainAcc 0.6000 TestAcc 0.6006 0.5750
epoch 100 LossPred 0.7449 LossAtt 0.3784 TrainAcc 0.7900 TestAcc 0.7468 0.7350
epoch 200 LossPred 0.3877 LossAtt 0.3670 TrainAcc 0.9100 TestAcc 0.8961 0.9100
epoch 300 LossPred 0.2221 LossAtt 0.3667 TrainAcc 0.9700 TestAcc 0.9459 0.9250
epoch 400 LossPred 0.1573 LossAtt 0.3541 TrainAcc 0.9700 TestAcc 0.9481 0.9450
epoch 500 LossPred 0.1447 LossAtt 0.3099 TrainAcc 0.9600 TestAcc 0.9372 0.9600
epoch 600 LossPred 0.0986 LossAtt 0.2823 TrainAcc 0.9800 TestAcc 0.9600 0.9600
epoch 700 LossPred 0.0889 LossAtt 0.2634 TrainAcc 0.9800 TestAcc 0.9621 0.9550
epoch 800 LossPred 0.0830 LossAtt 0.2594 TrainAcc 0.9800 TestAcc 0.9643 0.9550
epoch 900 LossPred 0.0687 LossAtt 0.2491 TrainAcc 0.9900 TestAcc 0.9794 0.9700
epoch 1000 LossPred 0.1836 LossAtt 0.2402 TrainAcc 0.9300 TestAcc 0.9058 0.9050
epoch 1100 LossPred 0.0836 LossAtt 0.2496 TrainAcc 0.9700 TestAcc 0.9762 0.9600
epoch 1200 LossPred 0.0823 LossAtt 0.2570 TrainAcc 0.9800 TestAcc 0.9686 0.9650
epoch 1300 LossPred 0.1016 LossAtt 0.2572 TrainAcc 0.9600 TestAcc 0.9556 0.9250
epoch 1400 LossPred 0.1824 LossAtt 0.2696 TrainAcc 0.9400 TestAcc 0.9242 0.9350
epoch 1500 LossPred 0.1088 LossAtt 0.2971 TrainAcc 0.9600 TestAcc 0.9556 0.9500
epoch 1600 LossPred 0.1487 LossAtt 0.3233 TrainAcc 0.9400 TestAcc 0.9210 0.9150
epoch 1700 LossPred 0.1413 LossAtt 0.3063 TrainAcc 0.9500 TestAcc 0.9134 0.9300
epoch 1800 LossPred 0.1346 LossAtt 0.2919 TrainAcc 0.9500 TestAcc 0.9535 0.9500
epoch 1900 LossPred 0.2009 LossAtt 0.2892 TrainAcc 0.9300 TestAcc 0.9069 0.9200
epoch 2000 LossPred 0.2204 LossAtt 0.3087 TrainAcc 0.9200 TestAcc 0.8939 0.9100
epoch 2100 LossPred 0.1096 LossAtt 0.2857 TrainAcc 0.9600 TestAcc 0.9556 0.9550
epoch 2200 LossPred 0.2739 LossAtt 0.2803 TrainAcc 0.8800 TestAcc 0.8452 0.8900
epoch 2300 LossPred 0.0906 LossAtt 0.2812 TrainAcc 0.9700 TestAcc 0.9632 0.9800
epoch 2400 LossPred 0.0992 LossAtt 0.2569 TrainAcc 0.9800 TestAcc 0.9481 0.9600
epoch 2500 LossPred 0.1643 LossAtt 0.2612 TrainAcc 0.9400 TestAcc 0.8961 0.9300
Optimization Finished!
********** replication  63  **********
epoch   0 LossPred 1.0088 LossAtt 1.0180 TrainAcc 0.4700 TestAcc 0.4762 0.4650
epoch 100 LossPred 0.8328 LossAtt 0.3309 TrainAcc 0.6300 TestAcc 0.6223 0.6300
epoch 200 LossPred 0.2223 LossAtt 0.3538 TrainAcc 0.9200 TestAcc 0.9015 0.9350
epoch 300 LossPred 0.1561 LossAtt 0.2956 TrainAcc 0.9500 TestAcc 0.9123 0.9350
epoch 400 LossPred 0.1066 LossAtt 0.2910 TrainAcc 0.9700 TestAcc 0.9405 0.9400
epoch 500 LossPred 0.1690 LossAtt 0.2794 TrainAcc 0.9300 TestAcc 0.9080 0.9300
epoch 600 LossPred 0.0805 LossAtt 0.2852 TrainAcc 0.9900 TestAcc 0.9416 0.9400
epoch 700 LossPred 0.0646 LossAtt 0.2698 TrainAcc 0.9800 TestAcc 0.9470 0.9550
epoch 800 LossPred 0.0553 LossAtt 0.2853 TrainAcc 0.9900 TestAcc 0.9556 0.9500
epoch 900 LossPred 0.0524 LossAtt 0.2761 TrainAcc 0.9900 TestAcc 0.9481 0.9550
epoch 1000 LossPred 0.0416 LossAtt 0.2736 TrainAcc 1.0000 TestAcc 0.9545 0.9600
Optimization Finished!
********** replication  64  **********
epoch   0 LossPred 0.9755 LossAtt 1.0329 TrainAcc 0.5300 TestAcc 0.5790 0.5800
epoch 100 LossPred 0.7464 LossAtt 0.3845 TrainAcc 0.7000 TestAcc 0.6905 0.7100
epoch 200 LossPred 0.1903 LossAtt 0.3812 TrainAcc 0.9700 TestAcc 0.9221 0.9200
epoch 300 LossPred 0.1294 LossAtt 0.3870 TrainAcc 0.9700 TestAcc 0.9221 0.9250
epoch 400 LossPred 0.0973 LossAtt 0.3807 TrainAcc 0.9900 TestAcc 0.9318 0.9200
epoch 500 LossPred 0.0766 LossAtt 0.3616 TrainAcc 0.9900 TestAcc 0.9297 0.9250
epoch 600 LossPred 0.0622 LossAtt 0.3416 TrainAcc 0.9900 TestAcc 0.9307 0.9350
epoch 700 LossPred 0.0584 LossAtt 0.3228 TrainAcc 0.9900 TestAcc 0.9329 0.9600
epoch 800 LossPred 0.0509 LossAtt 0.3192 TrainAcc 1.0000 TestAcc 0.9329 0.9500
Optimization Finished!
********** replication  65  **********
epoch   0 LossPred 0.9765 LossAtt 1.0122 TrainAcc 0.6200 TestAcc 0.5909 0.6250
epoch 100 LossPred 0.3536 LossAtt 0.3682 TrainAcc 0.9500 TestAcc 0.9091 0.9200
epoch 200 LossPred 0.1656 LossAtt 0.2909 TrainAcc 0.9500 TestAcc 0.9632 0.9700
epoch 300 LossPred 0.1183 LossAtt 0.3040 TrainAcc 0.9700 TestAcc 0.9665 0.9550
epoch 400 LossPred 0.1993 LossAtt 0.3231 TrainAcc 0.8900 TestAcc 0.9318 0.9050
epoch 500 LossPred 0.0459 LossAtt 0.3280 TrainAcc 0.9900 TestAcc 0.9805 0.9800
epoch 600 LossPred 0.0380 LossAtt 0.3036 TrainAcc 0.9900 TestAcc 0.9773 0.9750
epoch 700 LossPred 0.0382 LossAtt 0.2970 TrainAcc 0.9900 TestAcc 0.9870 0.9900
epoch 800 LossPred 0.0300 LossAtt 0.3222 TrainAcc 0.9900 TestAcc 0.9859 0.9750
epoch 900 LossPred 0.0341 LossAtt 0.3225 TrainAcc 1.0000 TestAcc 0.9827 0.9700
Optimization Finished!
********** replication  66  **********
epoch   0 LossPred 1.0073 LossAtt 1.0525 TrainAcc 0.5700 TestAcc 0.5271 0.5500
epoch 100 LossPred 0.8642 LossAtt 0.4071 TrainAcc 0.6700 TestAcc 0.6926 0.6650
epoch 200 LossPred 0.1473 LossAtt 0.4546 TrainAcc 0.9700 TestAcc 0.9794 0.9600
epoch 300 LossPred 0.1052 LossAtt 0.4195 TrainAcc 0.9700 TestAcc 0.9740 0.9600
epoch 400 LossPred 0.0586 LossAtt 0.4416 TrainAcc 0.9900 TestAcc 0.9805 0.9650
epoch 500 LossPred 0.0530 LossAtt 0.4141 TrainAcc 0.9900 TestAcc 0.9697 0.9550
epoch 600 LossPred 0.0952 LossAtt 0.4381 TrainAcc 0.9800 TestAcc 0.9654 0.9500
epoch 700 LossPred 0.0314 LossAtt 0.4044 TrainAcc 1.0000 TestAcc 0.9859 0.9600
Optimization Finished!
********** replication  67  **********
epoch   0 LossPred 1.0823 LossAtt 1.0172 TrainAcc 0.4800 TestAcc 0.4978 0.4800
epoch 100 LossPred 0.8301 LossAtt 0.3324 TrainAcc 0.7000 TestAcc 0.6905 0.6950
epoch 200 LossPred 0.1990 LossAtt 0.3546 TrainAcc 0.9800 TestAcc 0.9405 0.9400
epoch 300 LossPred 0.1584 LossAtt 0.3165 TrainAcc 0.9700 TestAcc 0.9253 0.9350
epoch 400 LossPred 0.1215 LossAtt 0.3150 TrainAcc 0.9700 TestAcc 0.9459 0.9400
epoch 500 LossPred 0.1211 LossAtt 0.3087 TrainAcc 0.9700 TestAcc 0.9351 0.9400
epoch 600 LossPred 0.1554 LossAtt 0.3015 TrainAcc 0.9400 TestAcc 0.9307 0.9450
epoch 700 LossPred 0.1013 LossAtt 0.2824 TrainAcc 0.9800 TestAcc 0.9535 0.9450
epoch 800 LossPred 0.0791 LossAtt 0.2772 TrainAcc 0.9800 TestAcc 0.9610 0.9600
epoch 900 LossPred 0.0825 LossAtt 0.2826 TrainAcc 0.9700 TestAcc 0.9632 0.9650
epoch 1000 LossPred 0.0582 LossAtt 0.2628 TrainAcc 0.9900 TestAcc 0.9708 0.9600
epoch 1100 LossPred 0.1536 LossAtt 0.2762 TrainAcc 0.9400 TestAcc 0.9340 0.9200
epoch 1200 LossPred 0.4290 LossAtt 0.2960 TrainAcc 0.8400 TestAcc 0.8117 0.8200
epoch 1300 LossPred 0.1016 LossAtt 0.2909 TrainAcc 0.9700 TestAcc 0.9567 0.9550
epoch 1400 LossPred 0.0833 LossAtt 0.2711 TrainAcc 0.9700 TestAcc 0.9556 0.9600
epoch 1500 LossPred 0.0495 LossAtt 0.2469 TrainAcc 0.9900 TestAcc 0.9610 0.9600
epoch 1600 LossPred 0.0473 LossAtt 0.2335 TrainAcc 0.9800 TestAcc 0.9719 0.9550
epoch 1700 LossPred 0.0454 LossAtt 0.2201 TrainAcc 0.9900 TestAcc 0.9643 0.9600
epoch 1800 LossPred 0.0679 LossAtt 0.2087 TrainAcc 0.9800 TestAcc 0.9589 0.9600
epoch 1900 LossPred 0.1282 LossAtt 0.2260 TrainAcc 0.9500 TestAcc 0.9448 0.9450
epoch 2000 LossPred 0.0457 LossAtt 0.2280 TrainAcc 0.9800 TestAcc 0.9784 0.9600
epoch 2100 LossPred 0.0323 LossAtt 0.2101 TrainAcc 0.9900 TestAcc 0.9784 0.9650
epoch 2200 LossPred 0.0522 LossAtt 0.2105 TrainAcc 0.9900 TestAcc 0.9632 0.9550
epoch 2300 LossPred 0.1047 LossAtt 0.2419 TrainAcc 0.9600 TestAcc 0.9697 0.9450
epoch 2400 LossPred 0.0467 LossAtt 0.2097 TrainAcc 0.9900 TestAcc 0.9643 0.9700
epoch 2500 LossPred 0.0327 LossAtt 0.1986 TrainAcc 0.9900 TestAcc 0.9740 0.9750
Optimization Finished!
********** replication  68  **********
epoch   0 LossPred 0.9884 LossAtt 1.0309 TrainAcc 0.5000 TestAcc 0.4848 0.5050
epoch 100 LossPred 0.7455 LossAtt 0.4150 TrainAcc 0.7100 TestAcc 0.7024 0.7150
epoch 200 LossPred 0.1385 LossAtt 0.4009 TrainAcc 0.9700 TestAcc 0.9784 0.9500
epoch 300 LossPred 0.0808 LossAtt 0.3497 TrainAcc 0.9900 TestAcc 0.9903 0.9750
epoch 400 LossPred 0.0589 LossAtt 0.3431 TrainAcc 0.9900 TestAcc 0.9924 0.9800
epoch 500 LossPred 0.0459 LossAtt 0.3123 TrainAcc 0.9900 TestAcc 0.9924 0.9850
epoch 600 LossPred 0.0369 LossAtt 0.2968 TrainAcc 0.9900 TestAcc 0.9935 0.9900
epoch 700 LossPred 0.0294 LossAtt 0.2909 TrainAcc 1.0000 TestAcc 0.9913 0.9950
Optimization Finished!
********** replication  69  **********
epoch   0 LossPred 0.9688 LossAtt 1.0112 TrainAcc 0.5800 TestAcc 0.5736 0.6050
epoch 100 LossPred 0.5540 LossAtt 0.4114 TrainAcc 0.8600 TestAcc 0.7944 0.8100
epoch 200 LossPred 0.1487 LossAtt 0.3854 TrainAcc 0.9900 TestAcc 0.9567 0.9550
epoch 300 LossPred 0.1226 LossAtt 0.3728 TrainAcc 0.9800 TestAcc 0.9426 0.9400
epoch 400 LossPred 0.0667 LossAtt 0.3625 TrainAcc 0.9900 TestAcc 0.9719 0.9800
epoch 500 LossPred 0.1044 LossAtt 0.3664 TrainAcc 0.9800 TestAcc 0.9383 0.9200
epoch 600 LossPred 0.0338 LossAtt 0.3244 TrainAcc 1.0000 TestAcc 0.9773 0.9800
Optimization Finished!
********** replication  70  **********
epoch   0 LossPred 1.1004 LossAtt 1.0131 TrainAcc 0.4200 TestAcc 0.4253 0.3900
epoch 100 LossPred 0.7405 LossAtt 0.3912 TrainAcc 0.7500 TestAcc 0.6807 0.7450
epoch 200 LossPred 0.1661 LossAtt 0.4010 TrainAcc 0.9800 TestAcc 0.9481 0.9150
epoch 300 LossPred 0.0917 LossAtt 0.3952 TrainAcc 0.9900 TestAcc 0.9589 0.9650
epoch 400 LossPred 0.0790 LossAtt 0.4039 TrainAcc 0.9900 TestAcc 0.9578 0.9350
epoch 500 LossPred 0.0466 LossAtt 0.3907 TrainAcc 1.0000 TestAcc 0.9610 0.9600
Optimization Finished!
********** replication  71  **********
epoch   0 LossPred 1.1127 LossAtt 0.9981 TrainAcc 0.4100 TestAcc 0.4491 0.4050
epoch 100 LossPred 0.8207 LossAtt 0.2914 TrainAcc 0.6600 TestAcc 0.6190 0.6600
epoch 200 LossPred 0.8080 LossAtt 0.1579 TrainAcc 0.6600 TestAcc 0.6190 0.6500
epoch 300 LossPred 0.4579 LossAtt 0.3601 TrainAcc 0.8600 TestAcc 0.8431 0.8400
epoch 400 LossPred 0.2759 LossAtt 0.2925 TrainAcc 0.8800 TestAcc 0.9080 0.8600
epoch 500 LossPred 0.1831 LossAtt 0.2788 TrainAcc 0.9400 TestAcc 0.9080 0.8900
epoch 600 LossPred 0.1290 LossAtt 0.2921 TrainAcc 0.9600 TestAcc 0.9643 0.9650
epoch 700 LossPred 0.1213 LossAtt 0.2794 TrainAcc 0.9600 TestAcc 0.9719 0.9700
epoch 800 LossPred 0.0776 LossAtt 0.2754 TrainAcc 0.9800 TestAcc 0.9719 0.9750
epoch 900 LossPred 0.0670 LossAtt 0.2715 TrainAcc 0.9800 TestAcc 0.9697 0.9850
epoch 1000 LossPred 0.0938 LossAtt 0.2679 TrainAcc 0.9700 TestAcc 0.9524 0.9500
epoch 1100 LossPred 0.0650 LossAtt 0.2570 TrainAcc 0.9900 TestAcc 0.9719 0.9850
epoch 1200 LossPred 0.0733 LossAtt 0.2412 TrainAcc 0.9900 TestAcc 0.9859 0.9750
epoch 1300 LossPred 0.1095 LossAtt 0.2453 TrainAcc 0.9700 TestAcc 0.9437 0.9400
epoch 1400 LossPred 0.0450 LossAtt 0.2556 TrainAcc 0.9900 TestAcc 0.9805 0.9850
epoch 1500 LossPred 0.0429 LossAtt 0.2376 TrainAcc 0.9900 TestAcc 0.9924 0.9900
epoch 1600 LossPred 0.0685 LossAtt 0.2374 TrainAcc 0.9900 TestAcc 0.9610 0.9800
epoch 1700 LossPred 0.0608 LossAtt 0.2317 TrainAcc 0.9900 TestAcc 0.9719 0.9800
epoch 1800 LossPred 0.0416 LossAtt 0.2295 TrainAcc 0.9900 TestAcc 0.9827 0.9950
epoch 1900 LossPred 0.0375 LossAtt 0.2356 TrainAcc 1.0000 TestAcc 0.9838 0.9950
Optimization Finished!
********** replication  72  **********
epoch   0 LossPred 1.1182 LossAtt 1.0493 TrainAcc 0.3600 TestAcc 0.3788 0.4550
epoch 100 LossPred 0.8743 LossAtt 0.3698 TrainAcc 0.6400 TestAcc 0.6212 0.6500
epoch 200 LossPred 0.4693 LossAtt 0.3555 TrainAcc 0.8800 TestAcc 0.8561 0.8750
epoch 300 LossPred 0.1980 LossAtt 0.3307 TrainAcc 0.9400 TestAcc 0.9015 0.9050
epoch 400 LossPred 0.1381 LossAtt 0.2947 TrainAcc 0.9700 TestAcc 0.9426 0.9200
epoch 500 LossPred 0.1077 LossAtt 0.2661 TrainAcc 0.9800 TestAcc 0.9600 0.9100
epoch 600 LossPred 0.0744 LossAtt 0.2981 TrainAcc 0.9900 TestAcc 0.9665 0.9250
epoch 700 LossPred 0.0521 LossAtt 0.2770 TrainAcc 1.0000 TestAcc 0.9816 0.9350
Optimization Finished!
********** replication  73  **********
epoch   0 LossPred 1.0025 LossAtt 1.0381 TrainAcc 0.5700 TestAcc 0.6288 0.5550
epoch 100 LossPred 0.8515 LossAtt 0.3261 TrainAcc 0.6800 TestAcc 0.5628 0.6600
epoch 200 LossPred 0.5755 LossAtt 0.3067 TrainAcc 0.7800 TestAcc 0.7100 0.7700
epoch 300 LossPred 0.0599 LossAtt 0.2893 TrainAcc 1.0000 TestAcc 0.9513 0.9450
Optimization Finished!
********** replication  74  **********
epoch   0 LossPred 1.0990 LossAtt 1.0666 TrainAcc 0.5300 TestAcc 0.5455 0.5200
epoch 100 LossPred 0.7358 LossAtt 0.4371 TrainAcc 0.7300 TestAcc 0.8312 0.7800
epoch 200 LossPred 0.2146 LossAtt 0.4105 TrainAcc 0.9600 TestAcc 0.9297 0.9400
epoch 300 LossPred 0.1652 LossAtt 0.3856 TrainAcc 0.9500 TestAcc 0.9405 0.9400
epoch 400 LossPred 0.1102 LossAtt 0.3576 TrainAcc 0.9800 TestAcc 0.9502 0.9650
epoch 500 LossPred 0.0870 LossAtt 0.3580 TrainAcc 0.9700 TestAcc 0.9654 0.9550
epoch 600 LossPred 0.0618 LossAtt 0.3428 TrainAcc 0.9900 TestAcc 0.9643 0.9650
epoch 700 LossPred 0.0473 LossAtt 0.3404 TrainAcc 1.0000 TestAcc 0.9708 0.9650
Optimization Finished!
********** replication  75  **********
epoch   0 LossPred 1.0675 LossAtt 1.0457 TrainAcc 0.4500 TestAcc 0.4232 0.4250
epoch 100 LossPred 0.7616 LossAtt 0.3626 TrainAcc 0.7600 TestAcc 0.6840 0.7650
epoch 200 LossPred 0.2993 LossAtt 0.4126 TrainAcc 0.9500 TestAcc 0.9188 0.9250
epoch 300 LossPred 0.1668 LossAtt 0.3843 TrainAcc 0.9800 TestAcc 0.9221 0.9650
epoch 400 LossPred 0.0897 LossAtt 0.3565 TrainAcc 1.0000 TestAcc 0.9513 0.9500
Optimization Finished!
********** replication  76  **********
epoch   0 LossPred 1.2879 LossAtt 1.0841 TrainAcc 0.5000 TestAcc 0.4719 0.4600
epoch 100 LossPred 0.7632 LossAtt 0.3886 TrainAcc 0.7700 TestAcc 0.6829 0.7650
epoch 200 LossPred 0.4607 LossAtt 0.4247 TrainAcc 0.8900 TestAcc 0.8409 0.8500
epoch 300 LossPred 0.3755 LossAtt 0.3862 TrainAcc 0.9000 TestAcc 0.8734 0.8400
epoch 400 LossPred 0.2356 LossAtt 0.3597 TrainAcc 0.9600 TestAcc 0.9470 0.9200
epoch 500 LossPred 0.1807 LossAtt 0.3771 TrainAcc 0.9800 TestAcc 0.9665 0.9600
epoch 600 LossPred 0.1404 LossAtt 0.3503 TrainAcc 0.9800 TestAcc 0.9708 0.9550
epoch 700 LossPred 0.1017 LossAtt 0.3620 TrainAcc 0.9900 TestAcc 0.9827 0.9600
epoch 800 LossPred 0.0727 LossAtt 0.3444 TrainAcc 1.0000 TestAcc 0.9935 0.9850
Optimization Finished!
********** replication  77  **********
epoch   0 LossPred 1.1090 LossAtt 1.0398 TrainAcc 0.3800 TestAcc 0.3766 0.3800
epoch 100 LossPred 0.8575 LossAtt 0.2958 TrainAcc 0.7000 TestAcc 0.6905 0.7000
epoch 200 LossPred 0.5045 LossAtt 0.4165 TrainAcc 0.8100 TestAcc 0.8712 0.8700
epoch 300 LossPred 0.1926 LossAtt 0.3796 TrainAcc 0.9600 TestAcc 0.9708 0.9250
epoch 400 LossPred 0.1025 LossAtt 0.3542 TrainAcc 1.0000 TestAcc 0.9946 0.9700
Optimization Finished!
********** replication  78  **********
epoch   0 LossPred 1.1993 LossAtt 1.0160 TrainAcc 0.4700 TestAcc 0.4665 0.4400
epoch 100 LossPred 0.8606 LossAtt 0.2995 TrainAcc 0.6500 TestAcc 0.6959 0.6750
epoch 200 LossPred 0.3725 LossAtt 0.2919 TrainAcc 0.9200 TestAcc 0.9134 0.8900
epoch 300 LossPred 0.2579 LossAtt 0.2823 TrainAcc 0.9200 TestAcc 0.9145 0.8900
epoch 400 LossPred 0.2172 LossAtt 0.2883 TrainAcc 0.9300 TestAcc 0.9448 0.8750
epoch 500 LossPred 0.1790 LossAtt 0.3061 TrainAcc 0.9500 TestAcc 0.9535 0.8950
epoch 600 LossPred 0.1420 LossAtt 0.3233 TrainAcc 0.9800 TestAcc 0.9556 0.9050
epoch 700 LossPred 0.1001 LossAtt 0.3382 TrainAcc 0.9900 TestAcc 0.9740 0.9450
epoch 800 LossPred 0.0581 LossAtt 0.3275 TrainAcc 1.0000 TestAcc 0.9859 0.9750
Optimization Finished!
********** replication  79  **********
epoch   0 LossPred 1.2276 LossAtt 1.0418 TrainAcc 0.4100 TestAcc 0.4491 0.4200
epoch 100 LossPred 0.8704 LossAtt 0.4613 TrainAcc 0.6000 TestAcc 0.7013 0.6000
epoch 200 LossPred 0.2398 LossAtt 0.4348 TrainAcc 0.9300 TestAcc 0.9177 0.9150
epoch 300 LossPred 0.1048 LossAtt 0.4391 TrainAcc 0.9800 TestAcc 0.9567 0.9600
epoch 400 LossPred 0.0621 LossAtt 0.4195 TrainAcc 1.0000 TestAcc 0.9610 0.9650
Optimization Finished!
********** replication  80  **********
epoch   0 LossPred 1.1592 LossAtt 1.0334 TrainAcc 0.4700 TestAcc 0.4426 0.4700
epoch 100 LossPred 0.8807 LossAtt 0.3407 TrainAcc 0.6700 TestAcc 0.6937 0.6750
epoch 200 LossPred 0.3658 LossAtt 0.2661 TrainAcc 0.9600 TestAcc 0.9286 0.9300
epoch 300 LossPred 0.2812 LossAtt 0.2878 TrainAcc 0.9300 TestAcc 0.8885 0.8900
epoch 400 LossPred 0.1568 LossAtt 0.2473 TrainAcc 0.9800 TestAcc 0.9297 0.9600
epoch 500 LossPred 0.1277 LossAtt 0.2631 TrainAcc 0.9800 TestAcc 0.9297 0.9500
epoch 600 LossPred 0.0923 LossAtt 0.2658 TrainAcc 1.0000 TestAcc 0.9502 0.9700
Optimization Finished!
********** replication  81  **********
epoch   0 LossPred 1.1905 LossAtt 1.0275 TrainAcc 0.2900 TestAcc 0.3864 0.3000
epoch 100 LossPred 0.7645 LossAtt 0.3341 TrainAcc 0.7100 TestAcc 0.6136 0.7100
epoch 200 LossPred 0.3505 LossAtt 0.3141 TrainAcc 0.8700 TestAcc 0.8128 0.8650
epoch 300 LossPred 0.2033 LossAtt 0.2857 TrainAcc 0.9900 TestAcc 0.9199 0.9400
epoch 400 LossPred 0.2457 LossAtt 0.2862 TrainAcc 0.9100 TestAcc 0.8907 0.9400
epoch 500 LossPred 0.1181 LossAtt 0.2683 TrainAcc 0.9900 TestAcc 0.9470 0.9500
epoch 600 LossPred 0.0859 LossAtt 0.2430 TrainAcc 0.9900 TestAcc 0.9426 0.9600
epoch 700 LossPred 0.0709 LossAtt 0.2325 TrainAcc 0.9900 TestAcc 0.9610 0.9600
epoch 800 LossPred 0.0710 LossAtt 0.2287 TrainAcc 1.0000 TestAcc 0.9210 0.9650
Optimization Finished!
********** replication  82  **********
epoch   0 LossPred 0.9953 LossAtt 1.0279 TrainAcc 0.5600 TestAcc 0.5357 0.5750
epoch 100 LossPred 0.4818 LossAtt 0.4293 TrainAcc 0.8300 TestAcc 0.7976 0.8300
epoch 200 LossPred 0.1683 LossAtt 0.3734 TrainAcc 0.9500 TestAcc 0.9470 0.9100
epoch 300 LossPred 0.1270 LossAtt 0.3726 TrainAcc 0.9800 TestAcc 0.9470 0.9250
epoch 400 LossPred 0.1215 LossAtt 0.3642 TrainAcc 0.9700 TestAcc 0.9643 0.9400
epoch 500 LossPred 0.0645 LossAtt 0.3590 TrainAcc 0.9900 TestAcc 0.9859 0.9450
epoch 600 LossPred 0.0742 LossAtt 0.3614 TrainAcc 0.9900 TestAcc 0.9459 0.9450
epoch 700 LossPred 0.1948 LossAtt 0.3447 TrainAcc 0.9400 TestAcc 0.9080 0.8900
epoch 800 LossPred 0.0535 LossAtt 0.3490 TrainAcc 0.9900 TestAcc 0.9729 0.9600
epoch 900 LossPred 0.0531 LossAtt 0.3328 TrainAcc 0.9900 TestAcc 0.9708 0.9550
epoch 1000 LossPred 0.0551 LossAtt 0.3260 TrainAcc 0.9900 TestAcc 0.9859 0.9600
epoch 1100 LossPred 0.0473 LossAtt 0.3162 TrainAcc 0.9900 TestAcc 0.9881 0.9700
epoch 1200 LossPred 0.0497 LossAtt 0.3072 TrainAcc 0.9900 TestAcc 0.9827 0.9800
epoch 1300 LossPred 0.0429 LossAtt 0.3034 TrainAcc 0.9900 TestAcc 0.9903 0.9800
epoch 1400 LossPred 0.0399 LossAtt 0.2818 TrainAcc 0.9900 TestAcc 0.9838 0.9800
epoch 1500 LossPred 0.0379 LossAtt 0.2993 TrainAcc 0.9900 TestAcc 0.9892 0.9850
epoch 1600 LossPred 0.0267 LossAtt 0.2732 TrainAcc 0.9900 TestAcc 0.9805 0.9800
epoch 1700 LossPred 0.0490 LossAtt 0.2890 TrainAcc 1.0000 TestAcc 0.9762 0.9700
Optimization Finished!
********** replication  83  **********
epoch   0 LossPred 1.0152 LossAtt 1.0414 TrainAcc 0.4400 TestAcc 0.4470 0.4600
epoch 100 LossPred 0.6561 LossAtt 0.3772 TrainAcc 0.7700 TestAcc 0.7045 0.7700
epoch 200 LossPred 0.2873 LossAtt 0.3868 TrainAcc 0.9300 TestAcc 0.8571 0.9150
epoch 300 LossPred 0.1462 LossAtt 0.3653 TrainAcc 0.9900 TestAcc 0.9351 0.9500
epoch 400 LossPred 0.1000 LossAtt 0.3342 TrainAcc 0.9600 TestAcc 0.9416 0.9650
epoch 500 LossPred 0.0704 LossAtt 0.3415 TrainAcc 0.9800 TestAcc 0.9556 0.9500
epoch 600 LossPred 0.0562 LossAtt 0.3393 TrainAcc 0.9900 TestAcc 0.9502 0.9600
epoch 700 LossPred 0.0657 LossAtt 0.3301 TrainAcc 0.9900 TestAcc 0.9361 0.9750
epoch 800 LossPred 0.0529 LossAtt 0.3156 TrainAcc 0.9800 TestAcc 0.9437 0.9650
epoch 900 LossPred 0.1322 LossAtt 0.3125 TrainAcc 0.9500 TestAcc 0.9307 0.9400
epoch 1000 LossPred 0.0768 LossAtt 0.3147 TrainAcc 0.9900 TestAcc 0.9351 0.9750
epoch 1100 LossPred 0.0625 LossAtt 0.2645 TrainAcc 0.9900 TestAcc 0.9459 0.9850
epoch 1200 LossPred 0.0637 LossAtt 0.2784 TrainAcc 0.9800 TestAcc 0.9578 0.9850
epoch 1300 LossPred 0.0628 LossAtt 0.2854 TrainAcc 0.9900 TestAcc 0.9578 0.9850
epoch 1400 LossPred 0.0590 LossAtt 0.2701 TrainAcc 0.9900 TestAcc 0.9578 0.9900
epoch 1500 LossPred 0.0288 LossAtt 0.2498 TrainAcc 1.0000 TestAcc 0.9578 0.9850
Optimization Finished!
********** replication  84  **********
epoch   0 LossPred 1.0841 LossAtt 1.0344 TrainAcc 0.5000 TestAcc 0.5065 0.5600
epoch 100 LossPred 0.8390 LossAtt 0.3847 TrainAcc 0.6800 TestAcc 0.7056 0.6600
epoch 200 LossPred 0.2661 LossAtt 0.4010 TrainAcc 0.9200 TestAcc 0.9253 0.9350
epoch 300 LossPred 0.1277 LossAtt 0.3649 TrainAcc 0.9700 TestAcc 0.9502 0.9550
epoch 400 LossPred 0.0870 LossAtt 0.3307 TrainAcc 0.9900 TestAcc 0.9740 0.9600
epoch 500 LossPred 0.0603 LossAtt 0.3232 TrainAcc 0.9900 TestAcc 0.9838 0.9700
epoch 600 LossPred 0.0501 LossAtt 0.3051 TrainAcc 0.9900 TestAcc 0.9827 0.9800
epoch 700 LossPred 0.0406 LossAtt 0.2903 TrainAcc 0.9900 TestAcc 0.9740 0.9700
epoch 800 LossPred 0.0316 LossAtt 0.2778 TrainAcc 0.9900 TestAcc 0.9794 0.9850
epoch 900 LossPred 0.0283 LossAtt 0.2807 TrainAcc 0.9900 TestAcc 0.9903 0.9850
epoch 1000 LossPred 0.0338 LossAtt 0.2748 TrainAcc 1.0000 TestAcc 0.9827 0.9600
Optimization Finished!
********** replication  85  **********
epoch   0 LossPred 0.9970 LossAtt 1.0200 TrainAcc 0.5700 TestAcc 0.5476 0.5200
epoch 100 LossPred 0.6370 LossAtt 0.3749 TrainAcc 0.8000 TestAcc 0.7673 0.7800
epoch 200 LossPred 0.1533 LossAtt 0.3532 TrainAcc 0.9800 TestAcc 0.9535 0.9250
epoch 300 LossPred 0.1222 LossAtt 0.3185 TrainAcc 0.9500 TestAcc 0.9123 0.9400
epoch 400 LossPred 0.0621 LossAtt 0.3263 TrainAcc 0.9900 TestAcc 0.9827 0.9700
epoch 500 LossPred 0.0544 LossAtt 0.3030 TrainAcc 1.0000 TestAcc 0.9729 0.9550
Optimization Finished!
********** replication  86  **********
epoch   0 LossPred 1.0552 LossAtt 1.0171 TrainAcc 0.4800 TestAcc 0.5563 0.4600
epoch 100 LossPred 0.7182 LossAtt 0.2952 TrainAcc 0.7200 TestAcc 0.6126 0.7250
epoch 200 LossPred 0.1995 LossAtt 0.2738 TrainAcc 0.9400 TestAcc 0.8799 0.9450
epoch 300 LossPred 0.1402 LossAtt 0.2528 TrainAcc 0.9800 TestAcc 0.9167 0.9400
epoch 400 LossPred 0.1159 LossAtt 0.2895 TrainAcc 0.9800 TestAcc 0.9026 0.9350
epoch 500 LossPred 0.1389 LossAtt 0.3153 TrainAcc 0.9400 TestAcc 0.8961 0.9400
epoch 600 LossPred 0.0917 LossAtt 0.3079 TrainAcc 0.9800 TestAcc 0.9026 0.9450
epoch 700 LossPred 0.0962 LossAtt 0.3081 TrainAcc 0.9700 TestAcc 0.8983 0.9500
epoch 800 LossPred 0.0657 LossAtt 0.3208 TrainAcc 0.9900 TestAcc 0.9080 0.9550
epoch 900 LossPred 0.0612 LossAtt 0.3214 TrainAcc 0.9900 TestAcc 0.9037 0.9550
epoch 1000 LossPred 0.0529 LossAtt 0.3086 TrainAcc 0.9900 TestAcc 0.8983 0.9650
epoch 1100 LossPred 0.0614 LossAtt 0.2818 TrainAcc 0.9900 TestAcc 0.8874 0.9550
epoch 1200 LossPred 0.0470 LossAtt 0.2854 TrainAcc 0.9900 TestAcc 0.8994 0.9700
epoch 1300 LossPred 0.0442 LossAtt 0.2943 TrainAcc 0.9900 TestAcc 0.8950 0.9700
epoch 1400 LossPred 0.0455 LossAtt 0.3000 TrainAcc 0.9900 TestAcc 0.8961 0.9550
epoch 1500 LossPred 0.0395 LossAtt 0.2968 TrainAcc 0.9900 TestAcc 0.9026 0.9700
epoch 1600 LossPred 0.0381 LossAtt 0.2777 TrainAcc 0.9900 TestAcc 0.9026 0.9650
epoch 1700 LossPred 0.0371 LossAtt 0.2805 TrainAcc 0.9900 TestAcc 0.9080 0.9650
epoch 1800 LossPred 0.0362 LossAtt 0.2619 TrainAcc 0.9900 TestAcc 0.9123 0.9650
epoch 1900 LossPred 0.0370 LossAtt 0.2812 TrainAcc 0.9900 TestAcc 0.9113 0.9600
epoch 2000 LossPred 0.0333 LossAtt 0.2658 TrainAcc 0.9900 TestAcc 0.9037 0.9650
epoch 2100 LossPred 0.0310 LossAtt 0.2908 TrainAcc 0.9900 TestAcc 0.9091 0.9700
epoch 2200 LossPred 0.0297 LossAtt 0.2804 TrainAcc 0.9900 TestAcc 0.9177 0.9650
epoch 2300 LossPred 0.0281 LossAtt 0.2758 TrainAcc 0.9900 TestAcc 0.9113 0.9650
epoch 2400 LossPred 0.0275 LossAtt 0.2864 TrainAcc 0.9900 TestAcc 0.9167 0.9600
epoch 2500 LossPred 0.0242 LossAtt 0.2595 TrainAcc 0.9900 TestAcc 0.9188 0.9600
Optimization Finished!
********** replication  87  **********
epoch   0 LossPred 1.0675 LossAtt 1.0494 TrainAcc 0.5500 TestAcc 0.5552 0.5700
epoch 100 LossPred 0.8166 LossAtt 0.3799 TrainAcc 0.7100 TestAcc 0.6894 0.7100
epoch 200 LossPred 0.2919 LossAtt 0.3549 TrainAcc 0.9200 TestAcc 0.9080 0.8800
epoch 300 LossPred 0.1420 LossAtt 0.3533 TrainAcc 0.9800 TestAcc 0.9719 0.9450
epoch 400 LossPred 0.0767 LossAtt 0.3573 TrainAcc 0.9900 TestAcc 0.9827 0.9650
epoch 500 LossPred 0.0437 LossAtt 0.3541 TrainAcc 1.0000 TestAcc 0.9870 0.9750
Optimization Finished!
********** replication  88  **********
epoch   0 LossPred 1.0158 LossAtt 1.0199 TrainAcc 0.4700 TestAcc 0.4167 0.5100
epoch 100 LossPred 0.7363 LossAtt 0.3784 TrainAcc 0.7300 TestAcc 0.6115 0.7300
epoch 200 LossPred 0.1090 LossAtt 0.4101 TrainAcc 0.9800 TestAcc 0.9481 0.9500
epoch 300 LossPred 0.0591 LossAtt 0.4082 TrainAcc 1.0000 TestAcc 0.9416 0.9650
Optimization Finished!
********** replication  89  **********
epoch   0 LossPred 1.0323 LossAtt 1.0201 TrainAcc 0.4200 TestAcc 0.3723 0.4250
epoch 100 LossPred 0.8395 LossAtt 0.3608 TrainAcc 0.6600 TestAcc 0.6190 0.6600
epoch 200 LossPred 0.2516 LossAtt 0.4182 TrainAcc 0.9500 TestAcc 0.8972 0.9450
epoch 300 LossPred 0.0721 LossAtt 0.3554 TrainAcc 1.0000 TestAcc 0.9394 0.9750
Optimization Finished!
********** replication  90  **********
epoch   0 LossPred 0.9790 LossAtt 1.0385 TrainAcc 0.5400 TestAcc 0.4913 0.5250
epoch 100 LossPred 0.7623 LossAtt 0.3618 TrainAcc 0.6800 TestAcc 0.6926 0.6800
epoch 200 LossPred 0.2994 LossAtt 0.3768 TrainAcc 0.9400 TestAcc 0.9058 0.8800
epoch 300 LossPred 0.1597 LossAtt 0.3697 TrainAcc 0.9700 TestAcc 0.9426 0.9450
epoch 400 LossPred 0.0885 LossAtt 0.3577 TrainAcc 0.9900 TestAcc 0.9794 0.9600
epoch 500 LossPred 0.1176 LossAtt 0.3464 TrainAcc 0.9700 TestAcc 0.9513 0.9500
epoch 600 LossPred 0.0603 LossAtt 0.3336 TrainAcc 1.0000 TestAcc 0.9838 0.9550
Optimization Finished!
********** replication  91  **********
epoch   0 LossPred 1.0939 LossAtt 1.0820 TrainAcc 0.3300 TestAcc 0.3820 0.4400
epoch 100 LossPred 0.7548 LossAtt 0.3480 TrainAcc 0.7500 TestAcc 0.6310 0.7300
epoch 200 LossPred 0.3008 LossAtt 0.4002 TrainAcc 0.9000 TestAcc 0.8874 0.9200
epoch 300 LossPred 0.1294 LossAtt 0.4427 TrainAcc 1.0000 TestAcc 0.9697 0.9650
Optimization Finished!
********** replication  92  **********
epoch   0 LossPred 1.2909 LossAtt 1.0392 TrainAcc 0.4600 TestAcc 0.4610 0.4700
epoch 100 LossPred 0.8666 LossAtt 0.3121 TrainAcc 0.6800 TestAcc 0.6169 0.6750
epoch 200 LossPred 0.8078 LossAtt 0.3110 TrainAcc 0.6800 TestAcc 0.6169 0.6800
epoch 300 LossPred 0.2411 LossAtt 0.3873 TrainAcc 0.9500 TestAcc 0.9318 0.9450
epoch 400 LossPred 0.0967 LossAtt 0.3354 TrainAcc 1.0000 TestAcc 0.9513 0.9500
Optimization Finished!
********** replication  93  **********
epoch   0 LossPred 0.9683 LossAtt 1.0158 TrainAcc 0.6000 TestAcc 0.5271 0.6050
epoch 100 LossPred 0.8076 LossAtt 0.3762 TrainAcc 0.6800 TestAcc 0.6169 0.6850
epoch 200 LossPred 0.3196 LossAtt 0.4760 TrainAcc 0.9300 TestAcc 0.8582 0.9150
epoch 300 LossPred 0.0973 LossAtt 0.4237 TrainAcc 0.9800 TestAcc 0.8972 0.9650
epoch 400 LossPred 0.0667 LossAtt 0.4328 TrainAcc 0.9900 TestAcc 0.9091 0.9650
epoch 500 LossPred 0.0485 LossAtt 0.4101 TrainAcc 0.9900 TestAcc 0.9134 0.9850
epoch 600 LossPred 0.0432 LossAtt 0.4239 TrainAcc 0.9800 TestAcc 0.9134 0.9850
epoch 700 LossPred 0.0200 LossAtt 0.4351 TrainAcc 1.0000 TestAcc 0.9069 0.9900
Optimization Finished!
********** replication  94  **********
epoch   0 LossPred 1.1821 LossAtt 1.0205 TrainAcc 0.5000 TestAcc 0.4827 0.4350
epoch 100 LossPred 0.8343 LossAtt 0.3623 TrainAcc 0.6500 TestAcc 0.6201 0.6500
epoch 200 LossPred 0.7696 LossAtt 0.3376 TrainAcc 0.7600 TestAcc 0.6840 0.7600
epoch 300 LossPred 0.5419 LossAtt 0.3813 TrainAcc 0.8500 TestAcc 0.8149 0.8300
epoch 400 LossPred 0.2628 LossAtt 0.3452 TrainAcc 0.9400 TestAcc 0.9329 0.9250
epoch 500 LossPred 0.1657 LossAtt 0.3648 TrainAcc 0.9700 TestAcc 0.9372 0.9550
epoch 600 LossPred 0.1787 LossAtt 0.3547 TrainAcc 0.9500 TestAcc 0.9275 0.9500
epoch 700 LossPred 0.0977 LossAtt 0.3450 TrainAcc 0.9900 TestAcc 0.9242 0.9650
epoch 800 LossPred 0.0762 LossAtt 0.3320 TrainAcc 0.9900 TestAcc 0.9448 0.9750
epoch 900 LossPred 0.0806 LossAtt 0.3152 TrainAcc 0.9900 TestAcc 0.9535 0.9600
epoch 1000 LossPred 0.0496 LossAtt 0.3139 TrainAcc 1.0000 TestAcc 0.9437 0.9650
Optimization Finished!
********** replication  95  **********
epoch   0 LossPred 1.1743 LossAtt 1.0403 TrainAcc 0.3600 TestAcc 0.3788 0.3850
epoch 100 LossPred 0.8208 LossAtt 0.3193 TrainAcc 0.7200 TestAcc 0.6883 0.7000
epoch 200 LossPred 0.2011 LossAtt 0.3684 TrainAcc 0.9700 TestAcc 0.9177 0.9450
epoch 300 LossPred 0.0809 LossAtt 0.3459 TrainAcc 0.9900 TestAcc 0.9426 0.9700
epoch 400 LossPred 0.0657 LossAtt 0.3354 TrainAcc 1.0000 TestAcc 0.9470 0.9650
Optimization Finished!
********** replication  96  **********
epoch   0 LossPred 1.0099 LossAtt 1.0122 TrainAcc 0.5400 TestAcc 0.4329 0.5200
epoch 100 LossPred 0.8127 LossAtt 0.4297 TrainAcc 0.7200 TestAcc 0.6710 0.6850
epoch 200 LossPred 0.2478 LossAtt 0.4221 TrainAcc 0.9500 TestAcc 0.9426 0.9150
epoch 300 LossPred 0.1317 LossAtt 0.4004 TrainAcc 0.9800 TestAcc 0.9318 0.9500
epoch 400 LossPred 0.0944 LossAtt 0.3995 TrainAcc 0.9900 TestAcc 0.9535 0.9500
epoch 500 LossPred 0.0795 LossAtt 0.3936 TrainAcc 0.9900 TestAcc 0.9426 0.9650
epoch 600 LossPred 0.0502 LossAtt 0.3809 TrainAcc 0.9900 TestAcc 0.9675 0.9650
epoch 700 LossPred 0.0858 LossAtt 0.3763 TrainAcc 0.9700 TestAcc 0.9610 0.9600
epoch 800 LossPred 0.0505 LossAtt 0.3601 TrainAcc 0.9900 TestAcc 0.9762 0.9700
epoch 900 LossPred 0.0526 LossAtt 0.3595 TrainAcc 0.9900 TestAcc 0.9697 0.9550
epoch 1000 LossPred 0.0383 LossAtt 0.3428 TrainAcc 0.9900 TestAcc 0.9589 0.9750
epoch 1100 LossPred 0.0308 LossAtt 0.3236 TrainAcc 0.9900 TestAcc 0.9740 0.9700
epoch 1200 LossPred 0.0330 LossAtt 0.3410 TrainAcc 0.9900 TestAcc 0.9697 0.9750
epoch 1300 LossPred 0.1279 LossAtt 0.3320 TrainAcc 0.9700 TestAcc 0.9502 0.9500
epoch 1400 LossPred 0.0237 LossAtt 0.3301 TrainAcc 0.9900 TestAcc 0.9545 0.9800
epoch 1500 LossPred 0.0241 LossAtt 0.3446 TrainAcc 0.9900 TestAcc 0.9632 0.9700
epoch 1600 LossPred 0.0157 LossAtt 0.3413 TrainAcc 1.0000 TestAcc 0.9719 0.9750
Optimization Finished!
********** replication  97  **********
epoch   0 LossPred 1.0316 LossAtt 1.0518 TrainAcc 0.4500 TestAcc 0.4448 0.4550
epoch 100 LossPred 0.8279 LossAtt 0.3184 TrainAcc 0.6500 TestAcc 0.6201 0.6500
epoch 200 LossPred 0.7356 LossAtt 0.3519 TrainAcc 0.7100 TestAcc 0.7208 0.7150
epoch 300 LossPred 0.2863 LossAtt 0.3164 TrainAcc 0.9000 TestAcc 0.9037 0.9100
epoch 400 LossPred 0.3267 LossAtt 0.3161 TrainAcc 0.8900 TestAcc 0.8766 0.8650
epoch 500 LossPred 0.2004 LossAtt 0.2780 TrainAcc 0.9700 TestAcc 0.9329 0.9350
epoch 600 LossPred 0.2641 LossAtt 0.2976 TrainAcc 0.9200 TestAcc 0.8929 0.8600
epoch 700 LossPred 0.1729 LossAtt 0.2888 TrainAcc 0.9500 TestAcc 0.9383 0.9500
epoch 800 LossPred 0.1796 LossAtt 0.2897 TrainAcc 0.9400 TestAcc 0.9264 0.8800
epoch 900 LossPred 0.1566 LossAtt 0.2664 TrainAcc 0.9600 TestAcc 0.9394 0.9100
epoch 1000 LossPred 0.1271 LossAtt 0.2612 TrainAcc 0.9600 TestAcc 0.9686 0.9150
epoch 1100 LossPred 0.0864 LossAtt 0.2544 TrainAcc 0.9900 TestAcc 0.9805 0.9550
epoch 1200 LossPred 0.0821 LossAtt 0.2655 TrainAcc 0.9900 TestAcc 0.9838 0.9500
epoch 1300 LossPred 0.0530 LossAtt 0.2523 TrainAcc 0.9900 TestAcc 0.9740 0.9600
epoch 1400 LossPred 0.0425 LossAtt 0.2591 TrainAcc 0.9900 TestAcc 0.9729 0.9700
epoch 1500 LossPred 0.0456 LossAtt 0.2433 TrainAcc 1.0000 TestAcc 0.9892 0.9700
Optimization Finished!
********** replication  98  **********
epoch   0 LossPred 1.0333 LossAtt 1.0519 TrainAcc 0.5700 TestAcc 0.6288 0.5450
epoch 100 LossPred 0.9021 LossAtt 0.3840 TrainAcc 0.6200 TestAcc 0.5844 0.6250
epoch 200 LossPred 0.7340 LossAtt 0.4444 TrainAcc 0.7100 TestAcc 0.6872 0.7200
epoch 300 LossPred 0.1454 LossAtt 0.4159 TrainAcc 0.9600 TestAcc 0.9188 0.9450
epoch 400 LossPred 0.0753 LossAtt 0.3922 TrainAcc 0.9800 TestAcc 0.9600 0.9650
epoch 500 LossPred 0.0513 LossAtt 0.3764 TrainAcc 1.0000 TestAcc 0.9459 0.9600
Optimization Finished!
********** replication  99  **********
epoch   0 LossPred 1.0281 LossAtt 1.0085 TrainAcc 0.5300 TestAcc 0.5119 0.5350
epoch 100 LossPred 0.8671 LossAtt 0.3275 TrainAcc 0.6300 TestAcc 0.6981 0.6300
epoch 200 LossPred 0.2733 LossAtt 0.3649 TrainAcc 0.9000 TestAcc 0.8647 0.8900
epoch 300 LossPred 0.1468 LossAtt 0.3397 TrainAcc 0.9600 TestAcc 0.9221 0.9250
epoch 400 LossPred 0.1361 LossAtt 0.3203 TrainAcc 0.9700 TestAcc 0.8734 0.9200
epoch 500 LossPred 0.0528 LossAtt 0.3070 TrainAcc 1.0000 TestAcc 0.9361 0.9350
Optimization Finished!
********************************************************************
Namespace(arch='tanh', batch_size=256, display_epoch=100, input_noise_level=0.15, latent_attractor_space=True, loss_switch_frequency=0, lrate_attractor=0.002, lrate_prediction=0.002, lrate_wt_penalty=0.0, n_attractor_hidden=20, n_attractor_steps=5, n_hidden=10, n_replications=100, noise_level=0.25, report_best_train_performance=True, seq_len=10, task='majority', train_attr_weights_on_prediction=False, training_epochs=2500)
********************************************************************
mean train accuracy 0.9994
indiv runs  [1.0, 1.0, 1.0, 1.0, 1.0, 1.0, 1.0, 1.0, 1.0, 1.0, 1.0, 1.0, 1.0, 1.0, 1.0, 1.0, 0.99, 1.0, 1.0, 1.0, 1.0, 1.0, 1.0, 1.0, 1.0, 1.0, 1.0, 1.0, 1.0, 1.0, 1.0, 1.0, 1.0, 1.0, 1.0, 1.0, 1.0, 1.0, 1.0, 1.0, 1.0, 1.0, 1.0, 1.0, 1.0, 1.0, 1.0, 1.0, 1.0, 1.0, 1.0, 0.98, 1.0, 1.0, 1.0, 1.0, 1.0, 1.0, 1.0, 1.0, 1.0, 1.0, 0.99, 1.0, 1.0, 1.0, 1.0, 0.99, 1.0, 1.0, 1.0, 1.0, 1.0, 1.0, 1.0, 1.0, 1.0, 1.0, 1.0, 1.0, 1.0, 1.0, 1.0, 1.0, 1.0, 1.0, 0.99, 1.0, 1.0, 1.0, 1.0, 1.0, 1.0, 1.0, 1.0, 1.0, 1.0, 1.0, 1.0, 1.0]
mean epoch 783.105263158
indiv epochs  [701, 201, 2501, 801, 701, 601, 2301, 701, 301, 401, 201, 301, 801, 801, 401, 401, 1901, 1101, 1601, 601, 501, 701, 501, 601, 901, 601, 401, 801, 1801, 701, 301, 501, 501, 801, 2401, 501, 901, 1101, 1101, 901, 301, 1001, 801, 701, 501, 501, 501, 501, 801, 1401, 2001, 501, 301, 501, 501, 501, 1501, 301, 601, 501, 1001, 801, 901, 701, 701, 601, 501, 1901, 701, 301, 701, 401, 801, 401, 801, 401, 601, 801, 1701, 1501, 1001, 501, 501, 301, 301, 601, 301, 401, 701, 1001, 401, 1601, 1501, 501, 501]
test1 accuracy mean  0.9632035  median  0.969697
test2 accuracy mean  0.96525  median  0.965
test1 indiv runs  [0.85930735, 0.9329004, 0.9664502, 0.98917747, 0.98268396, 0.965368, 0.9632035, 0.9556277, 0.95454544, 0.96103895, 0.9621212, 0.9502165, 0.98376626, 0.9599567, 0.9577922, 0.9621212, 0.98376626, 0.9621212, 0.96753246, 0.87770563, 0.991342, 0.9848485, 0.95238096, 0.9718615, 0.99025977, 0.97077924, 0.969697, 0.9729437, 0.97619045, 0.98376626, 0.98376626, 0.9264069, 0.9664502, 0.969697, 0.9967533, 0.9329004, 0.9199134, 0.9816017, 0.97619045, 0.97943723, 0.9556277, 0.92424244, 0.97619045, 0.98593074, 0.97619045, 0.9350649, 0.991342, 0.969697, 0.95454544, 0.98268396, 0.97619045, 0.95671, 0.995671, 0.98268396, 0.9318182, 0.991342, 0.96753246, 0.88852817, 0.9880952, 0.965368, 0.96428573, 0.97402596, 0.97943723, 0.95454544, 0.9329004, 0.98268396, 0.98593074, 0.97077924, 0.991342, 0.97727275, 0.96103895, 0.98376626, 0.9816017, 0.9512987, 0.97077924, 0.9512987, 0.9935065, 0.99458873, 0.98593074, 0.96103895, 0.9502165, 0.92099565, 0.97619045, 0.9577922, 0.98268396, 0.9729437, 0.90800864, 0.987013, 0.9415584, 0.93939394, 0.98376626, 0.969697, 0.9512987, 0.9069264, 0.94372296, 0.9469697, 0.9718615, 0.98917747, 0.94588745, 0.9361472]
test2 indiv runs  [0.99, 0.95, 0.945, 0.97, 0.975, 0.94, 0.99, 0.94, 0.96, 0.955, 0.945, 0.945, 0.955, 0.96, 0.96, 0.96, 0.955, 1.0, 0.99, 0.985, 0.98, 0.96, 0.99, 0.97, 0.98, 0.96, 0.975, 0.94, 0.995, 0.92, 0.985, 0.98, 0.975, 0.955, 0.915, 0.955, 0.955, 0.985, 0.985, 0.965, 0.93, 0.975, 0.985, 0.99, 0.965, 0.935, 0.935, 0.965, 0.985, 0.96, 0.965, 0.93, 0.99, 0.98, 0.985, 0.98, 0.93, 0.975, 0.975, 0.975, 0.97, 0.955, 0.97, 0.96, 0.95, 0.97, 0.96, 0.96, 0.995, 0.98, 0.96, 0.995, 0.935, 0.945, 0.965, 0.95, 0.985, 0.97, 0.975, 0.965, 0.97, 0.965, 0.97, 0.985, 0.96, 0.955, 0.955, 0.975, 0.965, 0.975, 0.955, 0.965, 0.95, 0.99, 0.965, 0.965, 0.975, 0.97, 0.96, 0.935]
