Namespace(arch='tanh', batch_size=256, display_epoch=100, input_noise_level=0.15, latent_attractor_space=True, loss_switch_frequency=0, lrate_attractor=0.002, lrate_prediction=0.002, lrate_wt_penalty=0.0, n_attractor_hidden=10, n_attractor_steps=15, n_hidden=5, n_replications=100, noise_level=0.5, report_best_train_performance=True, seq_len=10, task='majority', train_attr_weights_on_prediction=True, training_epochs=2500)
TRAINING ON 100 EXAMPLES, TESTING ON 924
********** replication  0  **********
epoch   0 LossPred 1.2223 LossAtt 1.0341 TrainAcc 0.4900 TestAcc 0.4665 0.4650
epoch 100 LossPred 0.8789 LossAtt 0.6066 TrainAcc 0.6500 TestAcc 0.6201 0.6250
epoch 200 LossPred 0.3154 LossAtt 1.0071 TrainAcc 0.9600 TestAcc 0.9318 0.9450
epoch 300 LossPred 0.1269 LossAtt 0.6852 TrainAcc 0.9800 TestAcc 0.9762 0.9700
epoch 400 LossPred 0.0778 LossAtt 0.6237 TrainAcc 0.9900 TestAcc 0.9762 0.9750
epoch 500 LossPred 0.0658 LossAtt 0.5907 TrainAcc 1.0000 TestAcc 0.9924 0.9850
Optimization Finished!
********** replication  1  **********
epoch   0 LossPred 1.2022 LossAtt 1.0117 TrainAcc 0.5000 TestAcc 0.4838 0.5000
epoch 100 LossPred 0.9393 LossAtt 0.5024 TrainAcc 0.6200 TestAcc 0.6234 0.6200
epoch 200 LossPred 0.8546 LossAtt 0.4766 TrainAcc 0.6200 TestAcc 0.6234 0.6200
epoch 300 LossPred 0.3455 LossAtt 0.6899 TrainAcc 0.9400 TestAcc 0.9113 0.9100
epoch 400 LossPred 0.1222 LossAtt 0.6049 TrainAcc 0.9900 TestAcc 0.9794 0.9650
epoch 500 LossPred 0.0816 LossAtt 0.5555 TrainAcc 1.0000 TestAcc 0.9870 0.9600
Optimization Finished!
********** replication  2  **********
epoch   0 LossPred 1.1630 LossAtt 1.0300 TrainAcc 0.3700 TestAcc 0.4535 0.4250
epoch 100 LossPred 0.7932 LossAtt 0.5907 TrainAcc 0.7700 TestAcc 0.6504 0.7400
epoch 200 LossPred 0.6858 LossAtt 0.5302 TrainAcc 0.7800 TestAcc 0.6277 0.7550
epoch 300 LossPred 0.2761 LossAtt 0.5962 TrainAcc 0.9500 TestAcc 0.9394 0.8850
epoch 400 LossPred 0.1350 LossAtt 0.5141 TrainAcc 1.0000 TestAcc 0.9859 0.9600
Optimization Finished!
********** replication  3  **********
epoch   0 LossPred 1.0828 LossAtt 1.0174 TrainAcc 0.4500 TestAcc 0.4448 0.4650
epoch 100 LossPred 0.8811 LossAtt 0.5690 TrainAcc 0.6400 TestAcc 0.6212 0.6400
epoch 200 LossPred 0.6290 LossAtt 0.5792 TrainAcc 0.8100 TestAcc 0.8225 0.7950
epoch 300 LossPred 0.2665 LossAtt 0.4064 TrainAcc 0.9700 TestAcc 0.9567 0.9100
epoch 400 LossPred 0.2141 LossAtt 0.4090 TrainAcc 0.9600 TestAcc 0.9556 0.9100
epoch 500 LossPred 0.1573 LossAtt 0.3921 TrainAcc 0.9700 TestAcc 0.9665 0.9350
epoch 600 LossPred 0.1320 LossAtt 0.3921 TrainAcc 0.9800 TestAcc 0.9708 0.9250
epoch 700 LossPred 0.1042 LossAtt 0.3858 TrainAcc 1.0000 TestAcc 0.9859 0.9400
Optimization Finished!
********** replication  4  **********
epoch   0 LossPred 1.1803 LossAtt 1.0050 TrainAcc 0.4700 TestAcc 0.4665 0.4550
epoch 100 LossPred 0.9020 LossAtt 0.7273 TrainAcc 0.6200 TestAcc 0.6234 0.6200
epoch 200 LossPred 0.8581 LossAtt 0.6634 TrainAcc 0.6200 TestAcc 0.6234 0.6200
epoch 300 LossPred 0.8344 LossAtt 0.6307 TrainAcc 0.6500 TestAcc 0.6526 0.6200
epoch 400 LossPred 0.8122 LossAtt 0.5908 TrainAcc 0.6700 TestAcc 0.6753 0.6600
epoch 500 LossPred 0.7788 LossAtt 0.6059 TrainAcc 0.6500 TestAcc 0.5909 0.6550
epoch 600 LossPred 0.7371 LossAtt 0.6000 TrainAcc 0.6800 TestAcc 0.6028 0.7050
epoch 700 LossPred 0.5246 LossAtt 0.8988 TrainAcc 0.8200 TestAcc 0.6981 0.7700
epoch 800 LossPred 0.1152 LossAtt 0.6393 TrainAcc 0.9700 TestAcc 0.9318 0.9600
epoch 900 LossPred 0.0721 LossAtt 0.5797 TrainAcc 0.9800 TestAcc 0.9242 0.9550
epoch 1000 LossPred 0.0667 LossAtt 0.5393 TrainAcc 1.0000 TestAcc 0.9318 0.9600
Optimization Finished!
********** replication  5  **********
epoch   0 LossPred 1.1020 LossAtt 1.0056 TrainAcc 0.5600 TestAcc 0.4935 0.5550
epoch 100 LossPred 0.7749 LossAtt 0.6715 TrainAcc 0.7100 TestAcc 0.6136 0.6900
epoch 200 LossPred 0.1817 LossAtt 0.9576 TrainAcc 1.0000 TestAcc 0.9297 0.9600
Optimization Finished!
********** replication  6  **********
epoch   0 LossPred 1.0921 LossAtt 1.0117 TrainAcc 0.3900 TestAcc 0.5076 0.4250
epoch 100 LossPred 0.8356 LossAtt 0.6769 TrainAcc 0.6900 TestAcc 0.6591 0.6800
epoch 200 LossPred 0.7618 LossAtt 0.6139 TrainAcc 0.7100 TestAcc 0.6894 0.7100
epoch 300 LossPred 0.3007 LossAtt 0.9357 TrainAcc 0.9700 TestAcc 0.9123 0.9400
epoch 400 LossPred 0.1121 LossAtt 0.7224 TrainAcc 1.0000 TestAcc 0.9621 0.9650
Optimization Finished!
********** replication  7  **********
epoch   0 LossPred 1.0523 LossAtt 1.0056 TrainAcc 0.5300 TestAcc 0.5249 0.5150
epoch 100 LossPred 0.7422 LossAtt 0.7338 TrainAcc 0.7100 TestAcc 0.7002 0.7150
epoch 200 LossPred 0.1524 LossAtt 0.6851 TrainAcc 1.0000 TestAcc 0.9448 0.9750
Optimization Finished!
********** replication  8  **********
epoch   0 LossPred 1.2779 LossAtt 1.0253 TrainAcc 0.3900 TestAcc 0.3755 0.3900
epoch 100 LossPred 0.9432 LossAtt 0.4919 TrainAcc 0.6100 TestAcc 0.6245 0.6100
epoch 200 LossPred 0.9097 LossAtt 0.4339 TrainAcc 0.6100 TestAcc 0.6245 0.6100
epoch 300 LossPred 0.8757 LossAtt 0.3375 TrainAcc 0.6800 TestAcc 0.6926 0.6900
epoch 400 LossPred 0.8695 LossAtt 0.3151 TrainAcc 0.6800 TestAcc 0.6926 0.7000
epoch 500 LossPred 0.8360 LossAtt 0.3885 TrainAcc 0.6900 TestAcc 0.7035 0.6900
epoch 600 LossPred 0.7022 LossAtt 0.4538 TrainAcc 0.7100 TestAcc 0.7089 0.7200
epoch 700 LossPred 0.1632 LossAtt 0.5163 TrainAcc 0.9700 TestAcc 0.9426 0.9450
epoch 800 LossPred 0.1010 LossAtt 0.4798 TrainAcc 0.9800 TestAcc 0.9686 0.9600
epoch 900 LossPred 0.0873 LossAtt 0.4743 TrainAcc 0.9800 TestAcc 0.9567 0.9550
epoch 1000 LossPred 0.0746 LossAtt 0.4591 TrainAcc 0.9800 TestAcc 0.9610 0.9550
epoch 1100 LossPred 0.0675 LossAtt 0.4519 TrainAcc 0.9800 TestAcc 0.9589 0.9650
epoch 1200 LossPred 0.0600 LossAtt 0.4665 TrainAcc 0.9900 TestAcc 0.9827 0.9500
epoch 1300 LossPred 0.0752 LossAtt 0.4741 TrainAcc 0.9800 TestAcc 0.9513 0.9700
epoch 1400 LossPred 0.0740 LossAtt 0.4633 TrainAcc 0.9800 TestAcc 0.9697 0.9400
epoch 1500 LossPred 0.0608 LossAtt 0.4548 TrainAcc 0.9800 TestAcc 0.9665 0.9700
epoch 1600 LossPred 0.0447 LossAtt 0.4426 TrainAcc 0.9900 TestAcc 0.9848 0.9500
epoch 1700 LossPred 0.0527 LossAtt 0.4139 TrainAcc 0.9900 TestAcc 0.9729 0.9700
epoch 1800 LossPred 0.0521 LossAtt 0.4338 TrainAcc 1.0000 TestAcc 0.9740 0.9550
Optimization Finished!
********** replication  9  **********
epoch   0 LossPred 0.9958 LossAtt 1.0047 TrainAcc 0.5000 TestAcc 0.4870 0.4950
epoch 100 LossPred 0.7958 LossAtt 0.6624 TrainAcc 0.7400 TestAcc 0.6861 0.7300
epoch 200 LossPred 0.3030 LossAtt 0.8210 TrainAcc 0.9500 TestAcc 0.9026 0.9600
epoch 300 LossPred 0.1388 LossAtt 0.6644 TrainAcc 1.0000 TestAcc 0.9675 0.9700
Optimization Finished!
********** replication  10  **********
epoch   0 LossPred 0.8561 LossAtt 1.0308 TrainAcc 0.6800 TestAcc 0.6147 0.6800
epoch 100 LossPred 0.3077 LossAtt 0.9250 TrainAcc 0.9400 TestAcc 0.9253 0.9300
epoch 200 LossPred 0.1929 LossAtt 0.7232 TrainAcc 0.9700 TestAcc 0.9318 0.9550
epoch 300 LossPred 0.1365 LossAtt 0.6554 TrainAcc 0.9900 TestAcc 0.9524 0.9450
epoch 400 LossPred 0.1113 LossAtt 0.5938 TrainAcc 0.9900 TestAcc 0.9610 0.9700
epoch 500 LossPred 0.0927 LossAtt 0.5420 TrainAcc 0.9900 TestAcc 0.9502 0.9750
epoch 600 LossPred 0.0762 LossAtt 0.4748 TrainAcc 1.0000 TestAcc 0.9708 0.9800
Optimization Finished!
********** replication  11  **********
epoch   0 LossPred 1.0389 LossAtt 1.0046 TrainAcc 0.6600 TestAcc 0.6190 0.5950
epoch 100 LossPred 0.8652 LossAtt 0.6766 TrainAcc 0.6600 TestAcc 0.6190 0.6600
epoch 200 LossPred 0.3224 LossAtt 1.0156 TrainAcc 0.9700 TestAcc 0.8864 0.8950
epoch 300 LossPred 0.1466 LossAtt 0.8773 TrainAcc 0.9900 TestAcc 0.9123 0.9400
epoch 400 LossPred 0.0862 LossAtt 0.7954 TrainAcc 1.0000 TestAcc 0.9372 0.9400
Optimization Finished!
********** replication  12  **********
epoch   0 LossPred 1.2120 LossAtt 1.0079 TrainAcc 0.5700 TestAcc 0.5227 0.5550
epoch 100 LossPred 0.9572 LossAtt 0.7615 TrainAcc 0.6100 TestAcc 0.5498 0.6000
epoch 200 LossPred 0.8752 LossAtt 0.7635 TrainAcc 0.6700 TestAcc 0.6418 0.6550
epoch 300 LossPred 0.5638 LossAtt 1.3518 TrainAcc 0.8500 TestAcc 0.7868 0.8000
epoch 400 LossPred 0.3757 LossAtt 1.0330 TrainAcc 0.8900 TestAcc 0.8604 0.9000
epoch 500 LossPred 0.2120 LossAtt 0.8569 TrainAcc 0.9800 TestAcc 0.9361 0.9350
epoch 600 LossPred 0.1242 LossAtt 0.7805 TrainAcc 1.0000 TestAcc 0.9610 0.9600
Optimization Finished!
********** replication  13  **********
epoch   0 LossPred 1.1026 LossAtt 1.0255 TrainAcc 0.4700 TestAcc 0.4675 0.4750
epoch 100 LossPred 0.8429 LossAtt 0.5913 TrainAcc 0.7200 TestAcc 0.6883 0.7200
epoch 200 LossPred 0.2720 LossAtt 0.6416 TrainAcc 0.9700 TestAcc 0.9524 0.8950
epoch 300 LossPred 0.1701 LossAtt 0.6224 TrainAcc 0.9700 TestAcc 0.9524 0.9100
epoch 400 LossPred 0.0946 LossAtt 0.5853 TrainAcc 1.0000 TestAcc 0.9838 0.9650
Optimization Finished!
********** replication  14  **********
epoch   0 LossPred 1.1763 LossAtt 1.0265 TrainAcc 0.4500 TestAcc 0.4080 0.4250
epoch 100 LossPred 0.8154 LossAtt 0.5709 TrainAcc 0.7000 TestAcc 0.6905 0.7100
epoch 200 LossPred 0.4286 LossAtt 0.6854 TrainAcc 0.9600 TestAcc 0.9556 0.9300
epoch 300 LossPred 0.2049 LossAtt 0.5736 TrainAcc 1.0000 TestAcc 0.9870 0.9050
Optimization Finished!
********** replication  15  **********
epoch   0 LossPred 0.9791 LossAtt 1.0459 TrainAcc 0.5600 TestAcc 0.4827 0.5500
epoch 100 LossPred 0.5583 LossAtt 1.0455 TrainAcc 0.8800 TestAcc 0.8312 0.8800
epoch 200 LossPred 0.1710 LossAtt 0.8322 TrainAcc 1.0000 TestAcc 0.9762 0.9650
Optimization Finished!
********** replication  16  **********
epoch   0 LossPred 1.0734 LossAtt 1.0070 TrainAcc 0.5300 TestAcc 0.4805 0.5250
epoch 100 LossPred 0.8246 LossAtt 0.6334 TrainAcc 0.6900 TestAcc 0.6158 0.6900
epoch 200 LossPred 0.8172 LossAtt 0.4796 TrainAcc 0.6900 TestAcc 0.6158 0.6900
epoch 300 LossPred 0.8089 LossAtt 0.4803 TrainAcc 0.6900 TestAcc 0.6212 0.6900
epoch 400 LossPred 0.4444 LossAtt 1.0158 TrainAcc 0.8500 TestAcc 0.7684 0.8000
epoch 500 LossPred 0.2321 LossAtt 0.6963 TrainAcc 0.9800 TestAcc 0.8939 0.9300
epoch 600 LossPred 0.1435 LossAtt 0.6683 TrainAcc 0.9900 TestAcc 0.9545 0.9550
epoch 700 LossPred 0.0998 LossAtt 0.6032 TrainAcc 1.0000 TestAcc 0.9567 0.9600
Optimization Finished!
********** replication  17  **********
epoch   0 LossPred 1.1555 LossAtt 1.0184 TrainAcc 0.5500 TestAcc 0.5552 0.5600
epoch 100 LossPred 0.6920 LossAtt 0.7266 TrainAcc 0.7800 TestAcc 0.6926 0.7750
epoch 200 LossPred 0.2499 LossAtt 0.7853 TrainAcc 0.9800 TestAcc 0.9351 0.9300
epoch 300 LossPred 0.1212 LossAtt 0.6567 TrainAcc 1.0000 TestAcc 0.9913 0.9800
Optimization Finished!
********** replication  18  **********
epoch   0 LossPred 1.2431 LossAtt 1.0085 TrainAcc 0.4800 TestAcc 0.4978 0.4900
epoch 100 LossPred 0.8823 LossAtt 0.6335 TrainAcc 0.6100 TestAcc 0.5487 0.6300
epoch 200 LossPred 0.8079 LossAtt 0.5943 TrainAcc 0.6800 TestAcc 0.6180 0.6800
epoch 300 LossPred 0.7608 LossAtt 0.6466 TrainAcc 0.7500 TestAcc 0.6418 0.7250
epoch 400 LossPred 0.6741 LossAtt 0.8159 TrainAcc 0.7800 TestAcc 0.6472 0.7550
epoch 500 LossPred 0.6542 LossAtt 0.7306 TrainAcc 0.7600 TestAcc 0.6234 0.7300
epoch 600 LossPred 0.6846 LossAtt 0.6775 TrainAcc 0.7500 TestAcc 0.5974 0.7200
epoch 700 LossPred 0.6962 LossAtt 0.7642 TrainAcc 0.7700 TestAcc 0.6483 0.7150
epoch 800 LossPred 0.7286 LossAtt 0.5635 TrainAcc 0.7400 TestAcc 0.6461 0.7400
epoch 900 LossPred 0.7250 LossAtt 0.5878 TrainAcc 0.7400 TestAcc 0.6483 0.7350
epoch 1000 LossPred 0.7358 LossAtt 0.5701 TrainAcc 0.7300 TestAcc 0.6483 0.7300
epoch 1100 LossPred 0.7230 LossAtt 0.6592 TrainAcc 0.7400 TestAcc 0.6515 0.7200
epoch 1200 LossPred 0.7607 LossAtt 0.5924 TrainAcc 0.7200 TestAcc 0.6634 0.6850
epoch 1300 LossPred 0.7826 LossAtt 0.6411 TrainAcc 0.6800 TestAcc 0.6656 0.6850
epoch 1400 LossPred 0.7236 LossAtt 0.5515 TrainAcc 0.7000 TestAcc 0.6634 0.7300
epoch 1500 LossPred 0.7087 LossAtt 0.5543 TrainAcc 0.7100 TestAcc 0.6613 0.7250
epoch 1600 LossPred 0.7208 LossAtt 0.5404 TrainAcc 0.7100 TestAcc 0.6623 0.7250
epoch 1700 LossPred 0.7108 LossAtt 0.5735 TrainAcc 0.7300 TestAcc 0.6677 0.7250
epoch 1800 LossPred 0.6980 LossAtt 0.5490 TrainAcc 0.7300 TestAcc 0.6721 0.7250
epoch 1900 LossPred 0.6751 LossAtt 0.5513 TrainAcc 0.7500 TestAcc 0.6797 0.7450
epoch 2000 LossPred 0.6753 LossAtt 0.5539 TrainAcc 0.7500 TestAcc 0.6775 0.7450
epoch 2100 LossPred 0.7261 LossAtt 0.6090 TrainAcc 0.6800 TestAcc 0.6818 0.7000
epoch 2200 LossPred 0.6744 LossAtt 0.5167 TrainAcc 0.7300 TestAcc 0.6699 0.7050
epoch 2300 LossPred 0.6681 LossAtt 0.5535 TrainAcc 0.7200 TestAcc 0.6732 0.7250
epoch 2400 LossPred 0.6584 LossAtt 0.5509 TrainAcc 0.7400 TestAcc 0.6797 0.7100
epoch 2500 LossPred 0.6517 LossAtt 0.5604 TrainAcc 0.7200 TestAcc 0.6818 0.7300
Optimization Finished!
********** replication  19  **********
epoch   0 LossPred 1.0320 LossAtt 1.0006 TrainAcc 0.4600 TestAcc 0.4654 0.4750
epoch 100 LossPred 0.3659 LossAtt 0.9406 TrainAcc 0.9500 TestAcc 0.9253 0.9300
epoch 200 LossPred 0.1657 LossAtt 0.7224 TrainAcc 1.0000 TestAcc 0.9729 0.9700
Optimization Finished!
********** replication  20  **********
epoch   0 LossPred 1.0531 LossAtt 1.0088 TrainAcc 0.5500 TestAcc 0.5108 0.5500
epoch 100 LossPred 0.4477 LossAtt 0.7955 TrainAcc 0.9200 TestAcc 0.8247 0.9150
epoch 200 LossPred 0.2458 LossAtt 0.7128 TrainAcc 0.9900 TestAcc 0.9123 0.9300
epoch 300 LossPred 0.1453 LossAtt 0.6544 TrainAcc 1.0000 TestAcc 0.9708 0.9600
Optimization Finished!
********** replication  21  **********
epoch   0 LossPred 1.0034 LossAtt 0.9939 TrainAcc 0.4500 TestAcc 0.4426 0.4450
epoch 100 LossPred 0.6525 LossAtt 0.9042 TrainAcc 0.7800 TestAcc 0.7565 0.7700
epoch 200 LossPred 0.2168 LossAtt 0.7142 TrainAcc 0.9900 TestAcc 0.9654 0.9450
epoch 300 LossPred 0.1024 LossAtt 0.5756 TrainAcc 1.0000 TestAcc 0.9903 0.9700
Optimization Finished!
********** replication  22  **********
epoch   0 LossPred 1.5813 LossAtt 1.0135 TrainAcc 0.3400 TestAcc 0.3820 0.3450
epoch 100 LossPred 0.9562 LossAtt 0.4888 TrainAcc 0.5600 TestAcc 0.5541 0.5750
epoch 200 LossPred 0.8522 LossAtt 0.3758 TrainAcc 0.6300 TestAcc 0.6223 0.6400
epoch 300 LossPred 0.7996 LossAtt 0.4177 TrainAcc 0.7000 TestAcc 0.6905 0.7000
epoch 400 LossPred 0.4858 LossAtt 0.5187 TrainAcc 0.9000 TestAcc 0.8442 0.9000
epoch 500 LossPred 0.2603 LossAtt 0.4411 TrainAcc 0.9500 TestAcc 0.8983 0.9350
epoch 600 LossPred 0.1648 LossAtt 0.4724 TrainAcc 0.9600 TestAcc 0.9524 0.9700
epoch 700 LossPred 0.0896 LossAtt 0.5145 TrainAcc 0.9900 TestAcc 0.9740 0.9650
epoch 800 LossPred 0.0626 LossAtt 0.5415 TrainAcc 1.0000 TestAcc 0.9859 0.9650
Optimization Finished!
********** replication  23  **********
epoch   0 LossPred 1.2141 LossAtt 1.0008 TrainAcc 0.4000 TestAcc 0.3961 0.4350
epoch 100 LossPred 0.8843 LossAtt 0.6964 TrainAcc 0.6200 TestAcc 0.5866 0.6050
epoch 200 LossPred 0.7771 LossAtt 0.7355 TrainAcc 0.7000 TestAcc 0.6905 0.7100
epoch 300 LossPred 0.6825 LossAtt 0.8149 TrainAcc 0.7300 TestAcc 0.6981 0.7200
epoch 400 LossPred 0.3430 LossAtt 1.1023 TrainAcc 0.9300 TestAcc 0.8474 0.9150
epoch 500 LossPred 0.1848 LossAtt 0.6885 TrainAcc 0.9400 TestAcc 0.9156 0.9450
epoch 600 LossPred 0.1541 LossAtt 0.6518 TrainAcc 0.9700 TestAcc 0.9329 0.9500
epoch 700 LossPred 0.1195 LossAtt 0.6192 TrainAcc 0.9800 TestAcc 0.9567 0.9600
epoch 800 LossPred 0.1000 LossAtt 0.5895 TrainAcc 0.9800 TestAcc 0.9697 0.9550
epoch 900 LossPred 0.0717 LossAtt 0.5470 TrainAcc 0.9700 TestAcc 0.9545 0.9750
epoch 1000 LossPred 0.0578 LossAtt 0.5202 TrainAcc 0.9900 TestAcc 0.9513 0.9650
epoch 1100 LossPred 0.0519 LossAtt 0.4961 TrainAcc 1.0000 TestAcc 0.9578 0.9700
Optimization Finished!
********** replication  24  **********
epoch   0 LossPred 1.0646 LossAtt 1.0224 TrainAcc 0.6600 TestAcc 0.6028 0.6350
epoch 100 LossPred 0.8016 LossAtt 0.5907 TrainAcc 0.6800 TestAcc 0.6169 0.6800
epoch 200 LossPred 0.5265 LossAtt 0.6895 TrainAcc 0.8900 TestAcc 0.8290 0.8800
epoch 300 LossPred 0.3926 LossAtt 0.6757 TrainAcc 0.9400 TestAcc 0.8972 0.9200
epoch 400 LossPred 0.2651 LossAtt 0.6756 TrainAcc 1.0000 TestAcc 0.9794 0.9600
Optimization Finished!
********** replication  25  **********
epoch   0 LossPred 1.1693 LossAtt 1.0199 TrainAcc 0.4600 TestAcc 0.4513 0.4400
epoch 100 LossPred 0.8255 LossAtt 0.6084 TrainAcc 0.7100 TestAcc 0.6136 0.7100
epoch 200 LossPred 0.7558 LossAtt 0.4313 TrainAcc 0.7100 TestAcc 0.6136 0.7100
epoch 300 LossPred 0.7322 LossAtt 0.3171 TrainAcc 0.7100 TestAcc 0.6136 0.7100
epoch 400 LossPred 0.6777 LossAtt 0.3925 TrainAcc 0.7100 TestAcc 0.6136 0.7100
epoch 500 LossPred 0.2555 LossAtt 0.5040 TrainAcc 0.9700 TestAcc 0.8820 0.9350
epoch 600 LossPred 0.1653 LossAtt 0.4474 TrainAcc 0.9700 TestAcc 0.8961 0.9350
epoch 700 LossPred 0.1202 LossAtt 0.5027 TrainAcc 0.9800 TestAcc 0.9210 0.9300
epoch 800 LossPred 0.0732 LossAtt 0.4961 TrainAcc 1.0000 TestAcc 0.9275 0.9550
Optimization Finished!
********** replication  26  **********
epoch   0 LossPred 1.0313 LossAtt 0.9875 TrainAcc 0.4500 TestAcc 0.5238 0.4500
epoch 100 LossPred 0.8659 LossAtt 0.4982 TrainAcc 0.6800 TestAcc 0.6169 0.6800
epoch 200 LossPred 0.8124 LossAtt 0.7813 TrainAcc 0.6800 TestAcc 0.6169 0.6900
epoch 300 LossPred 0.8318 LossAtt 0.4729 TrainAcc 0.6800 TestAcc 0.6169 0.6950
epoch 400 LossPred 0.7151 LossAtt 0.6128 TrainAcc 0.7400 TestAcc 0.7392 0.7150
epoch 500 LossPred 0.1434 LossAtt 0.4838 TrainAcc 0.9700 TestAcc 0.9545 0.9300
epoch 600 LossPred 0.0846 LossAtt 0.4305 TrainAcc 0.9800 TestAcc 0.9708 0.9450
epoch 700 LossPred 0.0612 LossAtt 0.4381 TrainAcc 1.0000 TestAcc 0.9838 0.9550
Optimization Finished!
********** replication  27  **********
epoch   0 LossPred 0.9874 LossAtt 1.0492 TrainAcc 0.6600 TestAcc 0.6190 0.6450
epoch 100 LossPred 0.7739 LossAtt 0.8869 TrainAcc 0.7600 TestAcc 0.6082 0.7450
epoch 200 LossPred 0.6069 LossAtt 0.9560 TrainAcc 0.8000 TestAcc 0.6840 0.7750
epoch 300 LossPred 0.1116 LossAtt 0.9377 TrainAcc 1.0000 TestAcc 0.9210 0.9550
Optimization Finished!
********** replication  28  **********
epoch   0 LossPred 1.2439 LossAtt 0.9955 TrainAcc 0.5500 TestAcc 0.5649 0.5650
epoch 100 LossPred 0.9424 LossAtt 0.6047 TrainAcc 0.6200 TestAcc 0.6234 0.6200
epoch 200 LossPred 0.8727 LossAtt 0.4751 TrainAcc 0.6200 TestAcc 0.6234 0.6200
epoch 300 LossPred 0.5024 LossAtt 0.7900 TrainAcc 0.9200 TestAcc 0.9297 0.9050
epoch 400 LossPred 0.2321 LossAtt 0.6757 TrainAcc 1.0000 TestAcc 0.9838 0.9400
Optimization Finished!
********** replication  29  **********
epoch   0 LossPred 1.2251 LossAtt 1.0194 TrainAcc 0.4500 TestAcc 0.4383 0.4200
epoch 100 LossPred 0.8732 LossAtt 0.5233 TrainAcc 0.6700 TestAcc 0.6180 0.6700
epoch 200 LossPred 0.3872 LossAtt 0.8423 TrainAcc 0.9600 TestAcc 0.9329 0.9650
epoch 300 LossPred 0.2109 LossAtt 0.7074 TrainAcc 0.9900 TestAcc 0.9329 0.9400
epoch 400 LossPred 0.1399 LossAtt 0.6339 TrainAcc 1.0000 TestAcc 0.9416 0.9300
Optimization Finished!
********** replication  30  **********
epoch   0 LossPred 1.2557 LossAtt 1.0182 TrainAcc 0.4600 TestAcc 0.4080 0.4700
epoch 100 LossPred 0.8888 LossAtt 0.5363 TrainAcc 0.7100 TestAcc 0.6136 0.7100
epoch 200 LossPred 0.8393 LossAtt 0.5380 TrainAcc 0.7100 TestAcc 0.6136 0.7100
epoch 300 LossPred 0.7891 LossAtt 0.6594 TrainAcc 0.7300 TestAcc 0.6255 0.7100
epoch 400 LossPred 0.5964 LossAtt 0.8704 TrainAcc 0.8000 TestAcc 0.7089 0.7400
epoch 500 LossPred 0.1181 LossAtt 0.7339 TrainAcc 1.0000 TestAcc 0.9372 0.9600
Optimization Finished!
********** replication  31  **********
epoch   0 LossPred 1.1596 LossAtt 1.0101 TrainAcc 0.5000 TestAcc 0.5260 0.4600
epoch 100 LossPred 0.4914 LossAtt 1.4629 TrainAcc 0.9200 TestAcc 0.8831 0.8900
epoch 200 LossPred 0.2022 LossAtt 0.7189 TrainAcc 0.9900 TestAcc 0.9556 0.9600
epoch 300 LossPred 0.0675 LossAtt 0.6102 TrainAcc 1.0000 TestAcc 0.9870 0.9900
Optimization Finished!
********** replication  32  **********
epoch   0 LossPred 1.1643 LossAtt 1.0241 TrainAcc 0.4500 TestAcc 0.4113 0.5050
epoch 100 LossPred 0.9258 LossAtt 0.5817 TrainAcc 0.5900 TestAcc 0.5076 0.5950
epoch 200 LossPred 0.8373 LossAtt 0.8755 TrainAcc 0.7300 TestAcc 0.6407 0.7200
epoch 300 LossPred 0.4433 LossAtt 1.4149 TrainAcc 0.8900 TestAcc 0.8561 0.8950
epoch 400 LossPred 0.2173 LossAtt 1.0335 TrainAcc 0.9900 TestAcc 0.9621 0.9550
epoch 500 LossPred 0.1744 LossAtt 0.8374 TrainAcc 0.9800 TestAcc 0.9556 0.9550
epoch 600 LossPred 0.1457 LossAtt 0.6492 TrainAcc 0.9900 TestAcc 0.9838 0.9550
epoch 700 LossPred 0.1225 LossAtt 0.5866 TrainAcc 0.9900 TestAcc 0.9913 0.9400
epoch 800 LossPred 0.1104 LossAtt 0.5679 TrainAcc 0.9900 TestAcc 0.9892 0.9350
epoch 900 LossPred 0.0999 LossAtt 0.5249 TrainAcc 0.9900 TestAcc 0.9913 0.9300
epoch 1000 LossPred 0.0907 LossAtt 0.5217 TrainAcc 0.9900 TestAcc 0.9903 0.9100
epoch 1100 LossPred 0.0831 LossAtt 0.4906 TrainAcc 0.9900 TestAcc 0.9913 0.9200
epoch 1200 LossPred 0.0766 LossAtt 0.4804 TrainAcc 0.9900 TestAcc 0.9913 0.9150
epoch 1300 LossPred 0.0697 LossAtt 0.5222 TrainAcc 0.9900 TestAcc 0.9924 0.9200
epoch 1400 LossPred 0.0640 LossAtt 0.5151 TrainAcc 0.9900 TestAcc 0.9968 0.9200
epoch 1500 LossPred 0.0579 LossAtt 0.4890 TrainAcc 0.9900 TestAcc 0.9968 0.9200
epoch 1600 LossPred 0.0538 LossAtt 0.4975 TrainAcc 0.9900 TestAcc 0.9978 0.9200
epoch 1700 LossPred 0.0496 LossAtt 0.5259 TrainAcc 1.0000 TestAcc 0.9968 0.9150
Optimization Finished!
********** replication  33  **********
epoch   0 LossPred 1.3323 LossAtt 1.0128 TrainAcc 0.5100 TestAcc 0.5866 0.4900
epoch 100 LossPred 0.9674 LossAtt 0.7975 TrainAcc 0.5200 TestAcc 0.6082 0.5450
epoch 200 LossPred 0.6783 LossAtt 0.9855 TrainAcc 0.8000 TestAcc 0.6797 0.8000
epoch 300 LossPred 0.2790 LossAtt 0.8291 TrainAcc 0.9700 TestAcc 0.8961 0.9500
epoch 400 LossPred 0.1689 LossAtt 0.5992 TrainAcc 0.9800 TestAcc 0.9232 0.9650
epoch 500 LossPred 0.1116 LossAtt 0.5941 TrainAcc 0.9800 TestAcc 0.9394 0.9800
epoch 600 LossPred 0.0753 LossAtt 0.5683 TrainAcc 0.9900 TestAcc 0.9600 0.9850
epoch 700 LossPred 0.0381 LossAtt 0.6276 TrainAcc 1.0000 TestAcc 0.9502 0.9950
Optimization Finished!
********** replication  34  **********
epoch   0 LossPred 0.8603 LossAtt 1.0057 TrainAcc 0.6500 TestAcc 0.6201 0.6500
epoch 100 LossPred 0.3438 LossAtt 1.0272 TrainAcc 0.9500 TestAcc 0.9232 0.9350
epoch 200 LossPred 0.1991 LossAtt 0.8229 TrainAcc 0.9900 TestAcc 0.9632 0.9600
epoch 300 LossPred 0.1232 LossAtt 0.6773 TrainAcc 1.0000 TestAcc 0.9838 0.9550
Optimization Finished!
********** replication  35  **********
epoch   0 LossPred 1.3049 LossAtt 1.0278 TrainAcc 0.5000 TestAcc 0.5065 0.5100
epoch 100 LossPred 0.9924 LossAtt 0.6045 TrainAcc 0.6000 TestAcc 0.6255 0.6000
epoch 200 LossPred 0.9497 LossAtt 0.4516 TrainAcc 0.6000 TestAcc 0.6255 0.6000
epoch 300 LossPred 0.9028 LossAtt 0.5145 TrainAcc 0.6000 TestAcc 0.6255 0.6000
epoch 400 LossPred 0.4376 LossAtt 1.2764 TrainAcc 0.9000 TestAcc 0.8799 0.9000
epoch 500 LossPred 0.2532 LossAtt 0.4656 TrainAcc 0.9700 TestAcc 0.9134 0.9400
epoch 600 LossPred 0.1645 LossAtt 0.4477 TrainAcc 0.9900 TestAcc 0.9351 0.9550
epoch 700 LossPred 0.0987 LossAtt 0.4595 TrainAcc 1.0000 TestAcc 0.9773 0.9650
Optimization Finished!
********** replication  36  **********
epoch   0 LossPred 1.2180 LossAtt 1.0325 TrainAcc 0.5300 TestAcc 0.4805 0.5300
epoch 100 LossPred 0.9054 LossAtt 0.6315 TrainAcc 0.6200 TestAcc 0.5823 0.6100
epoch 200 LossPred 0.7732 LossAtt 0.6973 TrainAcc 0.7100 TestAcc 0.6429 0.7150
epoch 300 LossPred 0.6933 LossAtt 0.6670 TrainAcc 0.7500 TestAcc 0.6623 0.7300
epoch 400 LossPred 0.6442 LossAtt 0.6633 TrainAcc 0.7700 TestAcc 0.6515 0.7300
epoch 500 LossPred 0.6038 LossAtt 0.5600 TrainAcc 0.7900 TestAcc 0.6277 0.7200
epoch 600 LossPred 0.5873 LossAtt 0.5435 TrainAcc 0.7900 TestAcc 0.6472 0.7350
epoch 700 LossPred 0.5935 LossAtt 0.5269 TrainAcc 0.8100 TestAcc 0.6526 0.7400
epoch 800 LossPred 0.6072 LossAtt 0.4964 TrainAcc 0.7800 TestAcc 0.6472 0.7350
epoch 900 LossPred 0.6202 LossAtt 0.4548 TrainAcc 0.7900 TestAcc 0.6374 0.7500
epoch 1000 LossPred 0.5580 LossAtt 0.4459 TrainAcc 0.8300 TestAcc 0.6667 0.7350
epoch 1100 LossPred 0.5487 LossAtt 0.4571 TrainAcc 0.8200 TestAcc 0.6569 0.7400
epoch 1200 LossPred 0.6214 LossAtt 0.4714 TrainAcc 0.7900 TestAcc 0.6418 0.7600
epoch 1300 LossPred 0.5675 LossAtt 0.4786 TrainAcc 0.8200 TestAcc 0.6450 0.7750
epoch 1400 LossPred 0.5309 LossAtt 0.5041 TrainAcc 0.8200 TestAcc 0.6407 0.7700
epoch 1500 LossPred 0.5336 LossAtt 0.4595 TrainAcc 0.8600 TestAcc 0.6526 0.7850
epoch 1600 LossPred 0.5251 LossAtt 0.4902 TrainAcc 0.8500 TestAcc 0.6494 0.7850
epoch 1700 LossPred 0.5202 LossAtt 0.4682 TrainAcc 0.8500 TestAcc 0.6526 0.7950
epoch 1800 LossPred 0.5071 LossAtt 0.4705 TrainAcc 0.8500 TestAcc 0.6418 0.7850
epoch 1900 LossPred 0.5161 LossAtt 0.4802 TrainAcc 0.8600 TestAcc 0.6613 0.7900
epoch 2000 LossPred 0.4999 LossAtt 0.5137 TrainAcc 0.8600 TestAcc 0.6439 0.7850
epoch 2100 LossPred 0.5105 LossAtt 0.4781 TrainAcc 0.8600 TestAcc 0.6483 0.7900
epoch 2200 LossPred 0.5058 LossAtt 0.4820 TrainAcc 0.8600 TestAcc 0.6461 0.7850
epoch 2300 LossPred 0.5519 LossAtt 0.5693 TrainAcc 0.8300 TestAcc 0.6407 0.7850
epoch 2400 LossPred 0.5096 LossAtt 0.4972 TrainAcc 0.8600 TestAcc 0.6591 0.7950
epoch 2500 LossPred 0.5249 LossAtt 0.4817 TrainAcc 0.8400 TestAcc 0.6526 0.7800
Optimization Finished!
********** replication  37  **********
epoch   0 LossPred 1.1315 LossAtt 1.0063 TrainAcc 0.4800 TestAcc 0.3658 0.4800
epoch 100 LossPred 0.9022 LossAtt 0.6914 TrainAcc 0.6400 TestAcc 0.6212 0.6400
epoch 200 LossPred 0.3979 LossAtt 1.4838 TrainAcc 0.9000 TestAcc 0.8777 0.9050
epoch 300 LossPred 0.2664 LossAtt 0.5190 TrainAcc 0.9600 TestAcc 0.9069 0.9350
epoch 400 LossPred 0.1910 LossAtt 0.4669 TrainAcc 0.9700 TestAcc 0.9015 0.9300
epoch 500 LossPred 0.1691 LossAtt 0.4496 TrainAcc 0.9700 TestAcc 0.9134 0.9300
epoch 600 LossPred 0.1527 LossAtt 0.4485 TrainAcc 0.9700 TestAcc 0.9232 0.9350
epoch 700 LossPred 0.0956 LossAtt 0.5584 TrainAcc 0.9900 TestAcc 0.9784 0.9650
epoch 800 LossPred 0.0801 LossAtt 0.5149 TrainAcc 0.9900 TestAcc 0.9773 0.9550
epoch 900 LossPred 0.0686 LossAtt 0.4663 TrainAcc 1.0000 TestAcc 0.9762 0.9600
Optimization Finished!
********** replication  38  **********
epoch   0 LossPred 1.1920 LossAtt 1.0079 TrainAcc 0.4600 TestAcc 0.4351 0.4300
epoch 100 LossPred 0.8703 LossAtt 0.4968 TrainAcc 0.7100 TestAcc 0.6136 0.7100
epoch 200 LossPred 0.8039 LossAtt 0.5304 TrainAcc 0.7100 TestAcc 0.6136 0.7100
epoch 300 LossPred 0.7349 LossAtt 0.4827 TrainAcc 0.7200 TestAcc 0.6223 0.7250
epoch 400 LossPred 0.4934 LossAtt 0.6255 TrainAcc 0.8600 TestAcc 0.8312 0.8550
epoch 500 LossPred 0.2913 LossAtt 0.6899 TrainAcc 0.9800 TestAcc 0.9524 0.9400
epoch 600 LossPred 0.2047 LossAtt 0.5651 TrainAcc 0.9700 TestAcc 0.9816 0.9600
epoch 700 LossPred 0.1150 LossAtt 0.5150 TrainAcc 1.0000 TestAcc 0.9913 0.9900
Optimization Finished!
********** replication  39  **********
epoch   0 LossPred 1.2256 LossAtt 0.9951 TrainAcc 0.4900 TestAcc 0.5444 0.4850
epoch 100 LossPred 0.8029 LossAtt 0.4988 TrainAcc 0.6700 TestAcc 0.7219 0.6850
epoch 200 LossPred 0.3584 LossAtt 0.6365 TrainAcc 0.9700 TestAcc 0.9405 0.9450
epoch 300 LossPred 0.2067 LossAtt 0.6290 TrainAcc 0.9900 TestAcc 0.9903 0.9450
epoch 400 LossPred 0.1480 LossAtt 0.5803 TrainAcc 0.9900 TestAcc 0.9935 0.9500
epoch 500 LossPred 0.1185 LossAtt 0.5603 TrainAcc 1.0000 TestAcc 0.9968 0.9550
Optimization Finished!
********** replication  40  **********
epoch   0 LossPred 0.9401 LossAtt 1.0191 TrainAcc 0.6900 TestAcc 0.6126 0.6950
epoch 100 LossPred 0.3078 LossAtt 0.9302 TrainAcc 0.9600 TestAcc 0.9048 0.9350
epoch 200 LossPred 0.1323 LossAtt 0.6578 TrainAcc 0.9900 TestAcc 0.9578 0.9550
epoch 300 LossPred 0.0802 LossAtt 0.5597 TrainAcc 0.9900 TestAcc 0.9816 0.9350
epoch 400 LossPred 0.0345 LossAtt 0.5114 TrainAcc 1.0000 TestAcc 0.9968 0.9350
Optimization Finished!
********** replication  41  **********
epoch   0 LossPred 1.4740 LossAtt 1.0059 TrainAcc 0.3400 TestAcc 0.3810 0.3400
epoch 100 LossPred 0.7670 LossAtt 0.6921 TrainAcc 0.7200 TestAcc 0.7208 0.7300
epoch 200 LossPred 0.2935 LossAtt 0.8033 TrainAcc 0.9800 TestAcc 0.9567 0.9450
epoch 300 LossPred 0.1981 LossAtt 0.6647 TrainAcc 1.0000 TestAcc 0.9610 0.9650
Optimization Finished!
********** replication  42  **********
epoch   0 LossPred 1.0395 LossAtt 0.9675 TrainAcc 0.4000 TestAcc 0.4491 0.4250
epoch 100 LossPred 0.6585 LossAtt 0.9213 TrainAcc 0.7900 TestAcc 0.7511 0.7850
epoch 200 LossPred 0.3001 LossAtt 0.6717 TrainAcc 0.9300 TestAcc 0.8842 0.9150
epoch 300 LossPred 0.1684 LossAtt 0.6896 TrainAcc 0.9900 TestAcc 0.9351 0.9450
epoch 400 LossPred 0.1154 LossAtt 0.6444 TrainAcc 1.0000 TestAcc 0.9372 0.9450
Optimization Finished!
********** replication  43  **********
epoch   0 LossPred 1.0131 LossAtt 1.0296 TrainAcc 0.5400 TestAcc 0.5130 0.5500
epoch 100 LossPred 0.3916 LossAtt 1.1453 TrainAcc 0.9000 TestAcc 0.9048 0.8800
epoch 200 LossPred 0.1594 LossAtt 0.7183 TrainAcc 0.9900 TestAcc 0.9719 0.9250
epoch 300 LossPred 0.0944 LossAtt 0.6330 TrainAcc 0.9900 TestAcc 0.9751 0.9500
epoch 400 LossPred 0.0711 LossAtt 0.6106 TrainAcc 1.0000 TestAcc 0.9784 0.9600
Optimization Finished!
********** replication  44  **********
epoch   0 LossPred 1.1741 LossAtt 1.0299 TrainAcc 0.4900 TestAcc 0.5011 0.4950
epoch 100 LossPred 0.8891 LossAtt 0.7932 TrainAcc 0.6300 TestAcc 0.5206 0.6500
epoch 200 LossPred 0.7752 LossAtt 0.9143 TrainAcc 0.7200 TestAcc 0.6136 0.7100
epoch 300 LossPred 0.4848 LossAtt 1.3002 TrainAcc 0.8800 TestAcc 0.7543 0.8350
epoch 400 LossPred 0.3164 LossAtt 0.9890 TrainAcc 0.9600 TestAcc 0.8377 0.8950
epoch 500 LossPred 0.2800 LossAtt 0.7544 TrainAcc 0.9700 TestAcc 0.8658 0.9000
epoch 600 LossPred 0.2292 LossAtt 0.6786 TrainAcc 0.9600 TestAcc 0.8680 0.9000
epoch 700 LossPred 0.1371 LossAtt 0.6727 TrainAcc 1.0000 TestAcc 0.9578 0.9700
Optimization Finished!
********** replication  45  **********
epoch   0 LossPred 1.1982 LossAtt 0.9972 TrainAcc 0.5000 TestAcc 0.4935 0.4850
epoch 100 LossPred 0.9030 LossAtt 0.6061 TrainAcc 0.6000 TestAcc 0.6255 0.6000
epoch 200 LossPred 0.1827 LossAtt 0.7343 TrainAcc 1.0000 TestAcc 0.9762 0.9650
Optimization Finished!
********** replication  46  **********
epoch   0 LossPred 0.9099 LossAtt 1.0382 TrainAcc 0.6600 TestAcc 0.6180 0.6450
epoch 100 LossPred 0.7926 LossAtt 0.6244 TrainAcc 0.6600 TestAcc 0.6190 0.6600
epoch 200 LossPred 0.7739 LossAtt 0.5108 TrainAcc 0.7000 TestAcc 0.6320 0.7000
epoch 300 LossPred 0.6800 LossAtt 0.8598 TrainAcc 0.7800 TestAcc 0.7219 0.7400
epoch 400 LossPred 0.6009 LossAtt 0.8202 TrainAcc 0.7800 TestAcc 0.7110 0.7300
epoch 500 LossPred 0.6926 LossAtt 0.5911 TrainAcc 0.7400 TestAcc 0.6948 0.7000
epoch 600 LossPred 0.6905 LossAtt 0.5601 TrainAcc 0.7300 TestAcc 0.6926 0.7150
epoch 700 LossPred 0.6890 LossAtt 0.5204 TrainAcc 0.7500 TestAcc 0.7132 0.7200
epoch 800 LossPred 0.4875 LossAtt 0.6386 TrainAcc 0.7900 TestAcc 0.7760 0.8150
epoch 900 LossPred 0.2072 LossAtt 0.5726 TrainAcc 0.9700 TestAcc 0.9232 0.9500
epoch 1000 LossPred 0.1179 LossAtt 0.5469 TrainAcc 0.9900 TestAcc 0.9448 0.9600
epoch 1100 LossPred 0.0881 LossAtt 0.5367 TrainAcc 0.9900 TestAcc 0.9600 0.9650
epoch 1200 LossPred 0.0700 LossAtt 0.5177 TrainAcc 0.9900 TestAcc 0.9632 0.9750
epoch 1300 LossPred 0.0593 LossAtt 0.5313 TrainAcc 1.0000 TestAcc 0.9632 0.9750
Optimization Finished!
********** replication  47  **********
epoch   0 LossPred 1.0056 LossAtt 1.0038 TrainAcc 0.6200 TestAcc 0.5238 0.5650
epoch 100 LossPred 0.7733 LossAtt 0.4427 TrainAcc 0.7100 TestAcc 0.6136 0.7100
epoch 200 LossPred 0.3775 LossAtt 0.6239 TrainAcc 0.8700 TestAcc 0.8193 0.8750
epoch 300 LossPred 0.1485 LossAtt 0.4371 TrainAcc 1.0000 TestAcc 0.9177 0.9500
Optimization Finished!
********** replication  48  **********
epoch   0 LossPred 1.1324 LossAtt 1.0119 TrainAcc 0.5000 TestAcc 0.4545 0.4700
epoch 100 LossPred 0.8201 LossAtt 0.6750 TrainAcc 0.6600 TestAcc 0.6450 0.6650
epoch 200 LossPred 0.1625 LossAtt 1.0139 TrainAcc 0.9900 TestAcc 0.9297 0.9500
epoch 300 LossPred 0.0688 LossAtt 0.8245 TrainAcc 1.0000 TestAcc 0.9394 0.9500
Optimization Finished!
********** replication  49  **********
epoch   0 LossPred 1.0537 LossAtt 1.0120 TrainAcc 0.5800 TestAcc 0.4805 0.5700
epoch 100 LossPred 0.8127 LossAtt 0.7265 TrainAcc 0.6600 TestAcc 0.6190 0.6600
epoch 200 LossPred 0.2265 LossAtt 0.8421 TrainAcc 0.9800 TestAcc 0.9578 0.9500
epoch 300 LossPred 0.1005 LossAtt 0.7506 TrainAcc 1.0000 TestAcc 0.9968 0.9700
Optimization Finished!
********** replication  50  **********
epoch   0 LossPred 1.0257 LossAtt 1.0016 TrainAcc 0.5300 TestAcc 0.4794 0.5300
epoch 100 LossPred 0.5511 LossAtt 0.7836 TrainAcc 0.8900 TestAcc 0.8658 0.9100
epoch 200 LossPred 0.3036 LossAtt 0.6830 TrainAcc 0.9800 TestAcc 0.9329 0.9600
epoch 300 LossPred 0.1356 LossAtt 0.6577 TrainAcc 1.0000 TestAcc 0.9556 0.9750
Optimization Finished!
********** replication  51  **********
epoch   0 LossPred 1.2071 LossAtt 1.0133 TrainAcc 0.4400 TestAcc 0.4502 0.4300
epoch 100 LossPred 0.9014 LossAtt 0.6914 TrainAcc 0.5700 TestAcc 0.5920 0.5800
epoch 200 LossPred 0.8073 LossAtt 0.6911 TrainAcc 0.7300 TestAcc 0.6342 0.7150
epoch 300 LossPred 0.7377 LossAtt 0.6986 TrainAcc 0.7400 TestAcc 0.6342 0.7400
epoch 400 LossPred 0.6484 LossAtt 0.8785 TrainAcc 0.8000 TestAcc 0.6342 0.7600
epoch 500 LossPred 0.6117 LossAtt 0.9153 TrainAcc 0.8200 TestAcc 0.6721 0.7950
epoch 600 LossPred 0.6047 LossAtt 0.7754 TrainAcc 0.8200 TestAcc 0.6807 0.7850
epoch 700 LossPred 0.5682 LossAtt 0.7112 TrainAcc 0.8000 TestAcc 0.6948 0.7600
epoch 800 LossPred 0.6041 LossAtt 0.6723 TrainAcc 0.7800 TestAcc 0.6851 0.7700
epoch 900 LossPred 0.5806 LossAtt 0.5934 TrainAcc 0.7800 TestAcc 0.6970 0.7850
epoch 1000 LossPred 0.5441 LossAtt 0.6139 TrainAcc 0.8100 TestAcc 0.6526 0.7800
epoch 1100 LossPred 0.5301 LossAtt 0.6337 TrainAcc 0.8000 TestAcc 0.6786 0.7700
epoch 1200 LossPred 0.3919 LossAtt 0.8514 TrainAcc 0.9000 TestAcc 0.7576 0.8650
epoch 1300 LossPred 0.1919 LossAtt 0.7242 TrainAcc 0.9800 TestAcc 0.8701 0.9350
epoch 1400 LossPred 0.2420 LossAtt 0.7185 TrainAcc 0.9400 TestAcc 0.8918 0.9100
epoch 1500 LossPred 0.1484 LossAtt 0.7236 TrainAcc 0.9900 TestAcc 0.8918 0.9450
epoch 1600 LossPred 0.1227 LossAtt 0.6982 TrainAcc 0.9800 TestAcc 0.8961 0.9400
epoch 1700 LossPred 0.1172 LossAtt 0.6915 TrainAcc 0.9900 TestAcc 0.9102 0.9500
epoch 1800 LossPred 0.1073 LossAtt 0.6882 TrainAcc 1.0000 TestAcc 0.9113 0.9500
Optimization Finished!
********** replication  52  **********
epoch   0 LossPred 0.9558 LossAtt 1.0239 TrainAcc 0.5300 TestAcc 0.5076 0.5500
epoch 100 LossPred 0.7865 LossAtt 0.5734 TrainAcc 0.7500 TestAcc 0.6634 0.7350
epoch 200 LossPred 0.4275 LossAtt 0.9021 TrainAcc 0.9200 TestAcc 0.8874 0.8750
epoch 300 LossPred 0.2155 LossAtt 0.6526 TrainAcc 0.9800 TestAcc 0.9307 0.9300
epoch 400 LossPred 0.1370 LossAtt 0.6726 TrainAcc 0.9900 TestAcc 0.9416 0.9350
epoch 500 LossPred 0.0941 LossAtt 0.6301 TrainAcc 1.0000 TestAcc 0.9535 0.9600
Optimization Finished!
********** replication  53  **********
epoch   0 LossPred 1.1595 LossAtt 1.0057 TrainAcc 0.4000 TestAcc 0.4459 0.3900
epoch 100 LossPred 0.7771 LossAtt 0.6727 TrainAcc 0.6700 TestAcc 0.6180 0.6700
epoch 200 LossPred 0.6976 LossAtt 0.5951 TrainAcc 0.7800 TestAcc 0.6818 0.7850
epoch 300 LossPred 0.4899 LossAtt 0.6887 TrainAcc 0.8400 TestAcc 0.7597 0.8400
epoch 400 LossPred 0.2332 LossAtt 0.6169 TrainAcc 0.9600 TestAcc 0.9340 0.9600
epoch 500 LossPred 0.1647 LossAtt 0.5506 TrainAcc 0.9800 TestAcc 0.9383 0.9700
epoch 600 LossPred 0.1176 LossAtt 0.5460 TrainAcc 0.9900 TestAcc 0.9708 0.9700
epoch 700 LossPred 0.1094 LossAtt 0.5230 TrainAcc 0.9800 TestAcc 0.9654 0.9800
epoch 800 LossPred 0.0956 LossAtt 0.5146 TrainAcc 0.9900 TestAcc 0.9708 0.9800
epoch 900 LossPred 0.0794 LossAtt 0.4326 TrainAcc 0.9900 TestAcc 0.9719 0.9800
epoch 1000 LossPred 0.0921 LossAtt 0.4131 TrainAcc 0.9900 TestAcc 0.9784 0.9850
epoch 1100 LossPred 0.0817 LossAtt 0.4092 TrainAcc 0.9900 TestAcc 0.9816 0.9900
epoch 1200 LossPred 0.0774 LossAtt 0.4365 TrainAcc 1.0000 TestAcc 0.9913 0.9900
Optimization Finished!
********** replication  54  **********
epoch   0 LossPred 1.0056 LossAtt 0.9960 TrainAcc 0.5200 TestAcc 0.4394 0.5050
epoch 100 LossPred 0.9507 LossAtt 0.3573 TrainAcc 0.5800 TestAcc 0.6277 0.5850
epoch 200 LossPred 0.9177 LossAtt 0.4653 TrainAcc 0.6200 TestAcc 0.6775 0.6000
epoch 300 LossPred 0.8793 LossAtt 0.5587 TrainAcc 0.6500 TestAcc 0.7240 0.6450
epoch 400 LossPred 0.8263 LossAtt 0.5754 TrainAcc 0.6500 TestAcc 0.7110 0.6400
epoch 500 LossPred 0.5639 LossAtt 0.9531 TrainAcc 0.7900 TestAcc 0.8561 0.7500
epoch 600 LossPred 0.3861 LossAtt 0.7199 TrainAcc 0.8900 TestAcc 0.8972 0.8350
epoch 700 LossPred 0.3006 LossAtt 0.5994 TrainAcc 0.9400 TestAcc 0.9177 0.9150
epoch 800 LossPred 0.2490 LossAtt 0.5586 TrainAcc 0.9400 TestAcc 0.9286 0.9250
epoch 900 LossPred 0.2045 LossAtt 0.5012 TrainAcc 0.9600 TestAcc 0.9491 0.9300
epoch 1000 LossPred 0.1594 LossAtt 0.4655 TrainAcc 0.9700 TestAcc 0.9708 0.9700
epoch 1100 LossPred 0.1079 LossAtt 0.4537 TrainAcc 0.9900 TestAcc 0.9816 0.9700
epoch 1200 LossPred 0.0765 LossAtt 0.4288 TrainAcc 0.9900 TestAcc 0.9903 0.9400
epoch 1300 LossPred 0.0513 LossAtt 0.4081 TrainAcc 1.0000 TestAcc 0.9924 0.9550
Optimization Finished!
********** replication  55  **********
epoch   0 LossPred 1.1124 LossAtt 1.0032 TrainAcc 0.3700 TestAcc 0.3777 0.3700
epoch 100 LossPred 0.8317 LossAtt 0.4312 TrainAcc 0.6400 TestAcc 0.6212 0.6400
epoch 200 LossPred 0.7777 LossAtt 0.4229 TrainAcc 0.6700 TestAcc 0.7100 0.6850
epoch 300 LossPred 0.1336 LossAtt 0.5190 TrainAcc 1.0000 TestAcc 0.9935 0.9150
Optimization Finished!
********** replication  56  **********
epoch   0 LossPred 0.9600 LossAtt 1.0118 TrainAcc 0.6100 TestAcc 0.5422 0.6000
epoch 100 LossPred 0.8165 LossAtt 0.4853 TrainAcc 0.6800 TestAcc 0.6169 0.6800
epoch 200 LossPred 0.7945 LossAtt 0.4348 TrainAcc 0.6800 TestAcc 0.6169 0.6800
epoch 300 LossPred 0.6546 LossAtt 0.8644 TrainAcc 0.7700 TestAcc 0.7565 0.7550
epoch 400 LossPred 0.3539 LossAtt 1.0871 TrainAcc 0.9100 TestAcc 0.8874 0.9250
epoch 500 LossPred 0.2035 LossAtt 0.7988 TrainAcc 0.9900 TestAcc 0.9805 0.9450
epoch 600 LossPred 0.1246 LossAtt 0.5980 TrainAcc 0.9800 TestAcc 0.9654 0.9450
epoch 700 LossPred 0.0900 LossAtt 0.5224 TrainAcc 0.9800 TestAcc 0.9697 0.9350
epoch 800 LossPred 0.0785 LossAtt 0.4938 TrainAcc 0.9800 TestAcc 0.9838 0.9650
epoch 900 LossPred 0.0685 LossAtt 0.4399 TrainAcc 0.9800 TestAcc 0.9870 0.9600
epoch 1000 LossPred 0.0605 LossAtt 0.4493 TrainAcc 0.9900 TestAcc 0.9913 0.9550
epoch 1100 LossPred 0.0515 LossAtt 0.4353 TrainAcc 1.0000 TestAcc 0.9968 0.9700
Optimization Finished!
********** replication  57  **********
epoch   0 LossPred 1.0305 LossAtt 1.0166 TrainAcc 0.4800 TestAcc 0.5747 0.5400
epoch 100 LossPred 0.7631 LossAtt 0.5690 TrainAcc 0.6900 TestAcc 0.6158 0.6900
epoch 200 LossPred 0.4600 LossAtt 0.6337 TrainAcc 0.9200 TestAcc 0.8918 0.9100
epoch 300 LossPred 0.2967 LossAtt 0.6177 TrainAcc 0.9800 TestAcc 0.9232 0.9350
epoch 400 LossPred 0.1454 LossAtt 0.5739 TrainAcc 0.9900 TestAcc 0.9437 0.9350
epoch 500 LossPred 0.1017 LossAtt 0.4877 TrainAcc 1.0000 TestAcc 0.9870 0.9600
Optimization Finished!
********** replication  58  **********
epoch   0 LossPred 0.9621 LossAtt 0.9970 TrainAcc 0.6200 TestAcc 0.5563 0.6350
epoch 100 LossPred 0.4555 LossAtt 0.7416 TrainAcc 0.8500 TestAcc 0.7955 0.8500
epoch 200 LossPred 0.1973 LossAtt 0.5711 TrainAcc 0.9900 TestAcc 0.9654 0.9600
epoch 300 LossPred 0.1191 LossAtt 0.5921 TrainAcc 1.0000 TestAcc 0.9805 0.9900
Optimization Finished!
********** replication  59  **********
epoch   0 LossPred 0.9920 LossAtt 1.0073 TrainAcc 0.6200 TestAcc 0.5346 0.6150
epoch 100 LossPred 0.8145 LossAtt 0.5856 TrainAcc 0.6900 TestAcc 0.6158 0.6900
epoch 200 LossPred 0.5840 LossAtt 0.8190 TrainAcc 0.7300 TestAcc 0.6277 0.7450
epoch 300 LossPred 0.1711 LossAtt 0.7095 TrainAcc 1.0000 TestAcc 0.9827 0.9550
Optimization Finished!
********** replication  60  **********
epoch   0 LossPred 0.9602 LossAtt 0.9906 TrainAcc 0.6000 TestAcc 0.6136 0.5850
epoch 100 LossPred 0.8365 LossAtt 0.7430 TrainAcc 0.6200 TestAcc 0.6991 0.6350
epoch 200 LossPred 0.4158 LossAtt 0.7554 TrainAcc 0.9100 TestAcc 0.8950 0.8750
epoch 300 LossPred 0.2791 LossAtt 0.6555 TrainAcc 0.9300 TestAcc 0.9004 0.8950
epoch 400 LossPred 0.2189 LossAtt 0.5442 TrainAcc 0.9800 TestAcc 0.9188 0.9250
epoch 500 LossPred 0.1870 LossAtt 0.5166 TrainAcc 0.9800 TestAcc 0.9242 0.9300
epoch 600 LossPred 0.1395 LossAtt 0.4673 TrainAcc 0.9800 TestAcc 0.9307 0.9300
epoch 700 LossPred 0.1205 LossAtt 0.4398 TrainAcc 0.9800 TestAcc 0.9275 0.9400
epoch 800 LossPred 0.1072 LossAtt 0.3860 TrainAcc 0.9800 TestAcc 0.9286 0.9500
epoch 900 LossPred 0.0967 LossAtt 0.4212 TrainAcc 0.9800 TestAcc 0.9199 0.9200
epoch 1000 LossPred 0.1081 LossAtt 0.4063 TrainAcc 0.9800 TestAcc 0.9221 0.9300
epoch 1100 LossPred 0.0957 LossAtt 0.4081 TrainAcc 0.9800 TestAcc 0.9286 0.9350
epoch 1200 LossPred 0.0904 LossAtt 0.3582 TrainAcc 0.9800 TestAcc 0.9199 0.9250
epoch 1300 LossPred 0.0868 LossAtt 0.3981 TrainAcc 0.9800 TestAcc 0.9232 0.9200
epoch 1400 LossPred 0.0859 LossAtt 0.3786 TrainAcc 0.9800 TestAcc 0.9232 0.9200
epoch 1500 LossPred 0.0847 LossAtt 0.3898 TrainAcc 0.9800 TestAcc 0.9177 0.9200
epoch 1600 LossPred 0.0826 LossAtt 0.3467 TrainAcc 0.9800 TestAcc 0.9253 0.9200
epoch 1700 LossPred 0.0811 LossAtt 0.3606 TrainAcc 0.9800 TestAcc 0.9329 0.9250
epoch 1800 LossPred 0.0911 LossAtt 0.3917 TrainAcc 0.9800 TestAcc 0.9459 0.9350
epoch 1900 LossPred 0.0805 LossAtt 0.3650 TrainAcc 0.9800 TestAcc 0.9275 0.9200
epoch 2000 LossPred 0.0796 LossAtt 0.3556 TrainAcc 0.9800 TestAcc 0.9297 0.9300
epoch 2100 LossPred 0.0856 LossAtt 0.4592 TrainAcc 0.9800 TestAcc 0.9535 0.9300
epoch 2200 LossPred 0.2417 LossAtt 0.5421 TrainAcc 0.9200 TestAcc 0.8755 0.8950
epoch 2300 LossPred 0.1651 LossAtt 0.4925 TrainAcc 0.9400 TestAcc 0.8896 0.9200
epoch 2400 LossPred 0.1174 LossAtt 0.4374 TrainAcc 0.9700 TestAcc 0.9297 0.9150
epoch 2500 LossPred 0.1064 LossAtt 0.4279 TrainAcc 0.9700 TestAcc 0.9351 0.9200
Optimization Finished!
********** replication  61  **********
epoch   0 LossPred 1.0594 LossAtt 1.0141 TrainAcc 0.4800 TestAcc 0.4784 0.4950
epoch 100 LossPred 0.8474 LossAtt 0.5873 TrainAcc 0.6700 TestAcc 0.6504 0.6750
epoch 200 LossPred 0.3061 LossAtt 0.7814 TrainAcc 0.9700 TestAcc 0.9459 0.9050
epoch 300 LossPred 0.1435 LossAtt 0.4741 TrainAcc 0.9900 TestAcc 0.9784 0.9450
epoch 400 LossPred 0.0892 LossAtt 0.4246 TrainAcc 1.0000 TestAcc 0.9924 0.9500
Optimization Finished!
********** replication  62  **********
epoch   0 LossPred 1.1664 LossAtt 1.0314 TrainAcc 0.4100 TestAcc 0.4340 0.4500
epoch 100 LossPred 0.8312 LossAtt 0.5444 TrainAcc 0.6900 TestAcc 0.6158 0.6900
epoch 200 LossPred 0.7231 LossAtt 0.5369 TrainAcc 0.6900 TestAcc 0.6158 0.6900
epoch 300 LossPred 0.4726 LossAtt 0.6965 TrainAcc 0.8600 TestAcc 0.7771 0.8500
epoch 400 LossPred 0.1394 LossAtt 0.5624 TrainAcc 0.9900 TestAcc 0.9416 0.9550
epoch 500 LossPred 0.1021 LossAtt 0.5312 TrainAcc 1.0000 TestAcc 0.9470 0.9750
Optimization Finished!
********** replication  63  **********
epoch   0 LossPred 1.0270 LossAtt 1.0145 TrainAcc 0.5400 TestAcc 0.5487 0.4800
epoch 100 LossPred 0.8980 LossAtt 0.4358 TrainAcc 0.6200 TestAcc 0.6234 0.6200
epoch 200 LossPred 0.8597 LossAtt 0.4741 TrainAcc 0.6200 TestAcc 0.6234 0.6200
epoch 300 LossPred 0.1671 LossAtt 0.7299 TrainAcc 1.0000 TestAcc 0.9329 0.9750
Optimization Finished!
********** replication  64  **********
epoch   0 LossPred 1.1158 LossAtt 1.0004 TrainAcc 0.5400 TestAcc 0.5390 0.5400
epoch 100 LossPred 0.8624 LossAtt 0.7214 TrainAcc 0.7000 TestAcc 0.6991 0.6950
epoch 200 LossPred 0.8211 LossAtt 0.6102 TrainAcc 0.6700 TestAcc 0.6180 0.6700
epoch 300 LossPred 0.5013 LossAtt 1.2133 TrainAcc 0.8700 TestAcc 0.8128 0.8600
epoch 400 LossPred 0.1481 LossAtt 0.7241 TrainAcc 1.0000 TestAcc 0.9643 0.9650
Optimization Finished!
********** replication  65  **********
epoch   0 LossPred 1.1864 LossAtt 1.0045 TrainAcc 0.4600 TestAcc 0.4870 0.4550
epoch 100 LossPred 0.8261 LossAtt 0.6901 TrainAcc 0.7400 TestAcc 0.6948 0.7150
epoch 200 LossPred 0.2543 LossAtt 0.7636 TrainAcc 0.9900 TestAcc 0.9448 0.9150
epoch 300 LossPred 0.1253 LossAtt 0.6105 TrainAcc 1.0000 TestAcc 0.9578 0.9550
Optimization Finished!
********** replication  66  **********
epoch   0 LossPred 1.2294 LossAtt 1.0093 TrainAcc 0.4300 TestAcc 0.3712 0.4250
epoch 100 LossPred 0.7873 LossAtt 0.5260 TrainAcc 0.6700 TestAcc 0.6180 0.6700
epoch 200 LossPred 0.4489 LossAtt 0.3799 TrainAcc 0.9400 TestAcc 0.9058 0.9000
epoch 300 LossPred 0.3500 LossAtt 0.3952 TrainAcc 0.9500 TestAcc 0.9026 0.9100
epoch 400 LossPred 0.2859 LossAtt 0.3869 TrainAcc 0.9400 TestAcc 0.9091 0.9200
epoch 500 LossPred 0.2406 LossAtt 0.4006 TrainAcc 0.9500 TestAcc 0.9156 0.9200
epoch 600 LossPred 0.2114 LossAtt 0.3728 TrainAcc 0.9600 TestAcc 0.9177 0.9150
epoch 700 LossPred 0.1842 LossAtt 0.3712 TrainAcc 0.9400 TestAcc 0.9253 0.9400
epoch 800 LossPred 0.1568 LossAtt 0.3807 TrainAcc 0.9700 TestAcc 0.9437 0.9300
epoch 900 LossPred 0.1410 LossAtt 0.3793 TrainAcc 0.9900 TestAcc 0.9275 0.9500
epoch 1000 LossPred 0.1292 LossAtt 0.3824 TrainAcc 0.9700 TestAcc 0.9351 0.9350
epoch 1100 LossPred 0.1498 LossAtt 0.3970 TrainAcc 0.9500 TestAcc 0.9123 0.9150
epoch 1200 LossPred 0.1177 LossAtt 0.4052 TrainAcc 0.9800 TestAcc 0.9556 0.9600
epoch 1300 LossPred 0.1050 LossAtt 0.3525 TrainAcc 0.9900 TestAcc 0.9448 0.9600
epoch 1400 LossPred 0.0964 LossAtt 0.3838 TrainAcc 0.9900 TestAcc 0.9394 0.9550
epoch 1500 LossPred 0.0887 LossAtt 0.3820 TrainAcc 0.9900 TestAcc 0.9426 0.9500
epoch 1600 LossPred 0.0848 LossAtt 0.3707 TrainAcc 0.9900 TestAcc 0.9361 0.9500
epoch 1700 LossPred 0.0896 LossAtt 0.3903 TrainAcc 0.9900 TestAcc 0.9372 0.9700
epoch 1800 LossPred 0.1119 LossAtt 0.3918 TrainAcc 0.9700 TestAcc 0.9416 0.9750
epoch 1900 LossPred 0.0784 LossAtt 0.3622 TrainAcc 0.9900 TestAcc 0.9621 0.9600
epoch 2000 LossPred 0.0722 LossAtt 0.3758 TrainAcc 0.9900 TestAcc 0.9297 0.9600
epoch 2100 LossPred 0.0713 LossAtt 0.3855 TrainAcc 0.9900 TestAcc 0.9318 0.9600
epoch 2200 LossPred 0.0871 LossAtt 0.3445 TrainAcc 0.9800 TestAcc 0.9361 0.9350
epoch 2300 LossPred 0.0668 LossAtt 0.3844 TrainAcc 0.9900 TestAcc 0.9286 0.9550
epoch 2400 LossPred 0.0737 LossAtt 0.3721 TrainAcc 0.9900 TestAcc 0.9340 0.9750
epoch 2500 LossPred 0.0676 LossAtt 0.3730 TrainAcc 0.9900 TestAcc 0.9372 0.9600
Optimization Finished!
********** replication  67  **********
epoch   0 LossPred 0.9795 LossAtt 1.0075 TrainAcc 0.5700 TestAcc 0.5487 0.5750
epoch 100 LossPred 0.8581 LossAtt 0.7930 TrainAcc 0.6700 TestAcc 0.6937 0.6600
epoch 200 LossPred 0.7515 LossAtt 1.0339 TrainAcc 0.6900 TestAcc 0.6916 0.6900
epoch 300 LossPred 0.2366 LossAtt 1.1778 TrainAcc 0.9700 TestAcc 0.9632 0.9150
epoch 400 LossPred 0.1318 LossAtt 0.9644 TrainAcc 0.9900 TestAcc 0.9459 0.9250
epoch 500 LossPred 0.0768 LossAtt 0.8436 TrainAcc 0.9900 TestAcc 0.9481 0.9400
epoch 600 LossPred 0.0542 LossAtt 0.7725 TrainAcc 1.0000 TestAcc 0.9502 0.9650
Optimization Finished!
********** replication  68  **********
epoch   0 LossPred 1.1602 LossAtt 0.9950 TrainAcc 0.4800 TestAcc 0.6255 0.4750
epoch 100 LossPred 0.8417 LossAtt 0.7156 TrainAcc 0.6800 TestAcc 0.6645 0.6700
epoch 200 LossPred 0.6887 LossAtt 0.6683 TrainAcc 0.7500 TestAcc 0.7359 0.7450
epoch 300 LossPred 0.1774 LossAtt 0.7176 TrainAcc 0.9700 TestAcc 0.8831 0.9100
epoch 400 LossPred 0.1049 LossAtt 0.6476 TrainAcc 0.9700 TestAcc 0.8853 0.9400
epoch 500 LossPred 0.0790 LossAtt 0.6109 TrainAcc 0.9800 TestAcc 0.8853 0.9450
epoch 600 LossPred 0.0449 LossAtt 0.5763 TrainAcc 1.0000 TestAcc 0.8864 0.9800
Optimization Finished!
********** replication  69  **********
epoch   0 LossPred 1.1265 LossAtt 1.0222 TrainAcc 0.5500 TestAcc 0.4784 0.5400
epoch 100 LossPred 0.8487 LossAtt 0.4886 TrainAcc 0.6800 TestAcc 0.6169 0.6800
epoch 200 LossPred 0.4922 LossAtt 0.8348 TrainAcc 0.8700 TestAcc 0.8128 0.8850
epoch 300 LossPred 0.2007 LossAtt 0.5708 TrainAcc 0.9600 TestAcc 0.9058 0.9500
epoch 400 LossPred 0.1288 LossAtt 0.5077 TrainAcc 0.9700 TestAcc 0.9004 0.9500
epoch 500 LossPred 0.0925 LossAtt 0.5091 TrainAcc 0.9800 TestAcc 0.8961 0.9600
epoch 600 LossPred 0.0640 LossAtt 0.5206 TrainAcc 0.9900 TestAcc 0.8896 0.9700
epoch 700 LossPred 0.0313 LossAtt 0.5318 TrainAcc 1.0000 TestAcc 0.8918 0.9650
Optimization Finished!
********** replication  70  **********
epoch   0 LossPred 1.2023 LossAtt 1.0156 TrainAcc 0.5200 TestAcc 0.4989 0.5250
epoch 100 LossPred 0.8991 LossAtt 0.6296 TrainAcc 0.6200 TestAcc 0.5628 0.6150
epoch 200 LossPred 0.7552 LossAtt 0.7051 TrainAcc 0.7300 TestAcc 0.6721 0.7100
epoch 300 LossPred 0.3952 LossAtt 0.8769 TrainAcc 0.9000 TestAcc 0.8939 0.9050
epoch 400 LossPred 0.1483 LossAtt 0.6934 TrainAcc 1.0000 TestAcc 0.9675 0.9550
Optimization Finished!
********** replication  71  **********
epoch   0 LossPred 1.1400 LossAtt 0.9941 TrainAcc 0.4500 TestAcc 0.5249 0.5100
epoch 100 LossPred 0.8260 LossAtt 0.5125 TrainAcc 0.6800 TestAcc 0.6169 0.6800
epoch 200 LossPred 0.3796 LossAtt 1.1003 TrainAcc 0.9800 TestAcc 0.9437 0.9800
epoch 300 LossPred 0.1896 LossAtt 0.7709 TrainAcc 0.9900 TestAcc 0.9610 0.9850
epoch 400 LossPred 0.1016 LossAtt 0.6761 TrainAcc 1.0000 TestAcc 0.9665 0.9900
Optimization Finished!
********** replication  72  **********
epoch   0 LossPred 1.0402 LossAtt 0.9896 TrainAcc 0.5700 TestAcc 0.4989 0.5450
epoch 100 LossPred 0.8150 LossAtt 0.6522 TrainAcc 0.6900 TestAcc 0.7078 0.6800
epoch 200 LossPred 0.2130 LossAtt 0.7193 TrainAcc 0.9800 TestAcc 0.9838 0.9550
epoch 300 LossPred 0.1314 LossAtt 0.6160 TrainAcc 0.9900 TestAcc 0.9773 0.9500
epoch 400 LossPred 0.1033 LossAtt 0.5450 TrainAcc 0.9900 TestAcc 0.9816 0.9600
epoch 500 LossPred 0.0834 LossAtt 0.4984 TrainAcc 0.9900 TestAcc 0.9838 0.9650
epoch 600 LossPred 0.0724 LossAtt 0.4564 TrainAcc 0.9900 TestAcc 0.9859 0.9750
epoch 700 LossPred 0.0746 LossAtt 0.3656 TrainAcc 0.9900 TestAcc 0.9870 0.9900
epoch 800 LossPred 0.0857 LossAtt 0.3458 TrainAcc 0.9900 TestAcc 0.9827 0.9900
epoch 900 LossPred 0.0759 LossAtt 0.3221 TrainAcc 0.9900 TestAcc 0.9881 0.9900
epoch 1000 LossPred 0.0652 LossAtt 0.3431 TrainAcc 0.9900 TestAcc 0.9881 0.9900
epoch 1100 LossPred 0.0587 LossAtt 0.3646 TrainAcc 0.9900 TestAcc 0.9892 0.9900
epoch 1200 LossPred 0.0577 LossAtt 0.3442 TrainAcc 0.9900 TestAcc 0.9892 0.9900
epoch 1300 LossPred 0.0553 LossAtt 0.3278 TrainAcc 0.9900 TestAcc 0.9881 0.9900
epoch 1400 LossPred 0.0538 LossAtt 0.3423 TrainAcc 0.9900 TestAcc 0.9892 0.9900
epoch 1500 LossPred 0.0514 LossAtt 0.3519 TrainAcc 0.9900 TestAcc 0.9881 0.9900
epoch 1600 LossPred 0.0527 LossAtt 0.3700 TrainAcc 0.9900 TestAcc 0.9881 0.9900
epoch 1700 LossPred 0.0497 LossAtt 0.3374 TrainAcc 0.9900 TestAcc 0.9892 0.9900
epoch 1800 LossPred 0.0518 LossAtt 0.3498 TrainAcc 0.9900 TestAcc 0.9816 0.9900
epoch 1900 LossPred 0.0492 LossAtt 0.3453 TrainAcc 0.9900 TestAcc 0.9881 0.9900
epoch 2000 LossPred 0.0481 LossAtt 0.3361 TrainAcc 0.9900 TestAcc 0.9870 0.9900
epoch 2100 LossPred 0.0484 LossAtt 0.3578 TrainAcc 0.9900 TestAcc 0.9881 0.9900
epoch 2200 LossPred 0.0470 LossAtt 0.3238 TrainAcc 0.9900 TestAcc 0.9870 0.9900
epoch 2300 LossPred 0.0459 LossAtt 0.3305 TrainAcc 0.9900 TestAcc 0.9881 0.9900
epoch 2400 LossPred 0.0456 LossAtt 0.3604 TrainAcc 0.9900 TestAcc 0.9903 0.9900
epoch 2500 LossPred 0.0481 LossAtt 0.3435 TrainAcc 0.9900 TestAcc 0.9913 0.9900
Optimization Finished!
********** replication  73  **********
epoch   0 LossPred 1.1037 LossAtt 1.0131 TrainAcc 0.5000 TestAcc 0.5606 0.5400
epoch 100 LossPred 0.8284 LossAtt 0.4985 TrainAcc 0.6700 TestAcc 0.6180 0.7100
epoch 200 LossPred 0.5387 LossAtt 1.2455 TrainAcc 0.8500 TestAcc 0.8182 0.8400
epoch 300 LossPred 0.3135 LossAtt 0.8283 TrainAcc 0.9500 TestAcc 0.9037 0.9450
epoch 400 LossPred 0.1968 LossAtt 0.7193 TrainAcc 0.9700 TestAcc 0.9275 0.9650
epoch 500 LossPred 0.1463 LossAtt 0.5659 TrainAcc 0.9700 TestAcc 0.9589 0.9750
epoch 600 LossPred 0.1163 LossAtt 0.5317 TrainAcc 1.0000 TestAcc 0.9784 0.9750
Optimization Finished!
********** replication  74  **********
epoch   0 LossPred 1.0454 LossAtt 0.9904 TrainAcc 0.4400 TestAcc 0.4686 0.4650
epoch 100 LossPred 0.8363 LossAtt 0.6354 TrainAcc 0.6800 TestAcc 0.6169 0.6800
epoch 200 LossPred 0.8128 LossAtt 0.5174 TrainAcc 0.6800 TestAcc 0.6169 0.6800
epoch 300 LossPred 0.6677 LossAtt 0.9864 TrainAcc 0.7500 TestAcc 0.7284 0.7450
epoch 400 LossPred 0.1058 LossAtt 0.7231 TrainAcc 1.0000 TestAcc 0.9221 0.9850
Optimization Finished!
********** replication  75  **********
epoch   0 LossPred 1.3440 LossAtt 1.0113 TrainAcc 0.5600 TestAcc 0.6299 0.5350
epoch 100 LossPred 1.0326 LossAtt 0.6807 TrainAcc 0.5600 TestAcc 0.6299 0.5600
epoch 200 LossPred 0.7505 LossAtt 0.8852 TrainAcc 0.8800 TestAcc 0.8344 0.8700
epoch 300 LossPred 0.2972 LossAtt 0.9149 TrainAcc 0.9600 TestAcc 0.8842 0.9350
epoch 400 LossPred 0.1906 LossAtt 0.8338 TrainAcc 0.9700 TestAcc 0.9048 0.9200
epoch 500 LossPred 0.1334 LossAtt 0.7189 TrainAcc 0.9900 TestAcc 0.9037 0.9450
epoch 600 LossPred 0.1011 LossAtt 0.6603 TrainAcc 1.0000 TestAcc 0.9113 0.9600
Optimization Finished!
********** replication  76  **********
epoch   0 LossPred 1.1756 LossAtt 0.9747 TrainAcc 0.4800 TestAcc 0.4859 0.4750
epoch 100 LossPred 0.9059 LossAtt 0.5867 TrainAcc 0.6700 TestAcc 0.6331 0.6600
epoch 200 LossPred 0.8198 LossAtt 0.5879 TrainAcc 0.7400 TestAcc 0.6234 0.6900
epoch 300 LossPred 0.7572 LossAtt 0.5743 TrainAcc 0.7400 TestAcc 0.6212 0.7100
epoch 400 LossPred 0.7549 LossAtt 0.5647 TrainAcc 0.7100 TestAcc 0.6353 0.7000
epoch 500 LossPred 0.7210 LossAtt 0.5490 TrainAcc 0.7400 TestAcc 0.6255 0.7200
epoch 600 LossPred 0.7105 LossAtt 0.5501 TrainAcc 0.7500 TestAcc 0.6342 0.7350
epoch 700 LossPred 0.6916 LossAtt 0.5315 TrainAcc 0.7500 TestAcc 0.6331 0.7200
epoch 800 LossPred 0.6821 LossAtt 0.5212 TrainAcc 0.7700 TestAcc 0.6310 0.7150
epoch 900 LossPred 0.6730 LossAtt 0.5151 TrainAcc 0.7900 TestAcc 0.6385 0.7050
epoch 1000 LossPred 0.6736 LossAtt 0.4794 TrainAcc 0.7600 TestAcc 0.6331 0.7150
epoch 1100 LossPred 0.6607 LossAtt 0.5136 TrainAcc 0.7900 TestAcc 0.6396 0.7100
epoch 1200 LossPred 0.6532 LossAtt 0.4936 TrainAcc 0.7800 TestAcc 0.6396 0.7150
epoch 1300 LossPred 0.6575 LossAtt 0.4818 TrainAcc 0.7600 TestAcc 0.6418 0.7300
epoch 1400 LossPred 0.6293 LossAtt 0.4841 TrainAcc 0.8000 TestAcc 0.6504 0.7050
epoch 1500 LossPred 0.6186 LossAtt 0.4694 TrainAcc 0.8100 TestAcc 0.6645 0.7150
epoch 1600 LossPred 0.6236 LossAtt 0.4786 TrainAcc 0.8000 TestAcc 0.6558 0.7150
epoch 1700 LossPred 0.6073 LossAtt 0.4422 TrainAcc 0.8100 TestAcc 0.6634 0.7150
epoch 1800 LossPred 0.6652 LossAtt 0.5040 TrainAcc 0.7700 TestAcc 0.6591 0.7250
epoch 1900 LossPred 0.6179 LossAtt 0.4465 TrainAcc 0.8000 TestAcc 0.6656 0.7300
epoch 2000 LossPred 0.5980 LossAtt 0.4316 TrainAcc 0.8200 TestAcc 0.6797 0.7250
epoch 2100 LossPred 0.5996 LossAtt 0.4290 TrainAcc 0.8100 TestAcc 0.6807 0.7200
epoch 2200 LossPred 0.6660 LossAtt 0.4104 TrainAcc 0.7800 TestAcc 0.6558 0.7350
epoch 2300 LossPred 0.6562 LossAtt 0.3900 TrainAcc 0.7800 TestAcc 0.6602 0.7450
epoch 2400 LossPred 0.6518 LossAtt 0.3898 TrainAcc 0.7700 TestAcc 0.6558 0.7500
epoch 2500 LossPred 0.6550 LossAtt 0.3391 TrainAcc 0.7700 TestAcc 0.6548 0.7450
Optimization Finished!
********** replication  77  **********
epoch   0 LossPred 1.0936 LossAtt 0.9962 TrainAcc 0.4300 TestAcc 0.5335 0.4600
epoch 100 LossPred 0.7888 LossAtt 0.7121 TrainAcc 0.7000 TestAcc 0.7056 0.7100
epoch 200 LossPred 0.2483 LossAtt 0.8120 TrainAcc 0.9800 TestAcc 0.9610 0.9250
epoch 300 LossPred 0.1524 LossAtt 0.6288 TrainAcc 0.9800 TestAcc 0.9870 0.9450
epoch 400 LossPred 0.0780 LossAtt 0.6286 TrainAcc 1.0000 TestAcc 0.9935 0.9650
Optimization Finished!
********** replication  78  **********
epoch   0 LossPred 1.0287 LossAtt 0.9787 TrainAcc 0.5400 TestAcc 0.4805 0.5400
epoch 100 LossPred 0.3825 LossAtt 0.8932 TrainAcc 0.9500 TestAcc 0.9632 0.9200
epoch 200 LossPred 0.1574 LossAtt 0.7047 TrainAcc 1.0000 TestAcc 0.9903 0.9650
Optimization Finished!
********** replication  79  **********
epoch   0 LossPred 1.1472 LossAtt 1.0371 TrainAcc 0.4700 TestAcc 0.4210 0.4500
epoch 100 LossPred 0.7938 LossAtt 0.6628 TrainAcc 0.6600 TestAcc 0.6190 0.6600
epoch 200 LossPred 0.6597 LossAtt 0.7175 TrainAcc 0.7800 TestAcc 0.7359 0.7650
epoch 300 LossPred 0.1773 LossAtt 0.7925 TrainAcc 0.9800 TestAcc 0.9091 0.9500
epoch 400 LossPred 0.1100 LossAtt 0.7104 TrainAcc 0.9900 TestAcc 0.9210 0.9450
epoch 500 LossPred 0.0756 LossAtt 0.6420 TrainAcc 1.0000 TestAcc 0.9394 0.9500
Optimization Finished!
********** replication  80  **********
epoch   0 LossPred 1.0310 LossAtt 1.0129 TrainAcc 0.5500 TestAcc 0.5022 0.5250
epoch 100 LossPred 0.7849 LossAtt 0.8517 TrainAcc 0.7300 TestAcc 0.6331 0.6950
epoch 200 LossPred 0.3091 LossAtt 0.9290 TrainAcc 0.9600 TestAcc 0.8874 0.9350
epoch 300 LossPred 0.1201 LossAtt 0.8611 TrainAcc 1.0000 TestAcc 0.9578 0.9700
Optimization Finished!
********** replication  81  **********
epoch   0 LossPred 1.0801 LossAtt 1.0055 TrainAcc 0.5100 TestAcc 0.5844 0.5400
epoch 100 LossPred 0.9115 LossAtt 0.7065 TrainAcc 0.6300 TestAcc 0.7132 0.6200
epoch 200 LossPred 0.4411 LossAtt 0.8763 TrainAcc 0.9400 TestAcc 0.8831 0.9300
epoch 300 LossPred 0.3300 LossAtt 0.7540 TrainAcc 0.9900 TestAcc 0.9037 0.9700
epoch 400 LossPred 0.2411 LossAtt 0.6493 TrainAcc 1.0000 TestAcc 0.9297 0.9750
Optimization Finished!
********** replication  82  **********
epoch   0 LossPred 1.2339 LossAtt 0.9976 TrainAcc 0.4400 TestAcc 0.3745 0.4400
epoch 100 LossPred 0.7837 LossAtt 0.5145 TrainAcc 0.7100 TestAcc 0.6797 0.7000
epoch 200 LossPred 0.2526 LossAtt 0.5721 TrainAcc 0.9900 TestAcc 0.9524 0.9500
epoch 300 LossPred 0.0995 LossAtt 0.4809 TrainAcc 1.0000 TestAcc 0.9924 0.9800
Optimization Finished!
********** replication  83  **********
epoch   0 LossPred 1.1292 LossAtt 0.9996 TrainAcc 0.5300 TestAcc 0.6006 0.5350
epoch 100 LossPred 0.4260 LossAtt 1.2132 TrainAcc 0.9500 TestAcc 0.8842 0.9300
epoch 200 LossPred 0.2013 LossAtt 0.8341 TrainAcc 0.9800 TestAcc 0.9177 0.9450
epoch 300 LossPred 0.1513 LossAtt 0.6273 TrainAcc 0.9800 TestAcc 0.9091 0.9550
epoch 400 LossPred 0.1169 LossAtt 0.5366 TrainAcc 0.9800 TestAcc 0.9145 0.9750
epoch 500 LossPred 0.0955 LossAtt 0.4914 TrainAcc 0.9800 TestAcc 0.9199 0.9800
epoch 600 LossPred 0.0832 LossAtt 0.4837 TrainAcc 0.9800 TestAcc 0.9221 0.9800
epoch 700 LossPred 0.0711 LossAtt 0.4491 TrainAcc 0.9800 TestAcc 0.9340 0.9850
epoch 800 LossPred 0.0668 LossAtt 0.4388 TrainAcc 0.9800 TestAcc 0.9351 0.9900
epoch 900 LossPred 0.0599 LossAtt 0.4746 TrainAcc 0.9900 TestAcc 0.9426 0.9900
epoch 1000 LossPred 0.0529 LossAtt 0.4797 TrainAcc 1.0000 TestAcc 0.9524 0.9950
Optimization Finished!
********** replication  84  **********
epoch   0 LossPred 1.1606 LossAtt 1.0179 TrainAcc 0.3800 TestAcc 0.4827 0.4050
epoch 100 LossPred 0.8320 LossAtt 0.6138 TrainAcc 0.6400 TestAcc 0.6212 0.6400
epoch 200 LossPred 0.6908 LossAtt 0.5700 TrainAcc 0.7800 TestAcc 0.7035 0.7750
epoch 300 LossPred 0.3112 LossAtt 0.4241 TrainAcc 0.9400 TestAcc 0.9513 0.9150
epoch 400 LossPred 0.1830 LossAtt 0.4317 TrainAcc 0.9800 TestAcc 0.9805 0.9400
epoch 500 LossPred 0.1461 LossAtt 0.4438 TrainAcc 0.9700 TestAcc 0.9632 0.9500
epoch 600 LossPred 0.0880 LossAtt 0.4590 TrainAcc 1.0000 TestAcc 0.9881 0.9800
Optimization Finished!
********** replication  85  **********
epoch   0 LossPred 1.0043 LossAtt 1.0461 TrainAcc 0.5800 TestAcc 0.5216 0.5900
epoch 100 LossPred 0.8431 LossAtt 0.6570 TrainAcc 0.6500 TestAcc 0.6201 0.6500
epoch 200 LossPred 0.2682 LossAtt 1.0253 TrainAcc 0.9700 TestAcc 0.9351 0.9550
epoch 300 LossPred 0.0927 LossAtt 0.6603 TrainAcc 1.0000 TestAcc 0.9513 0.9600
Optimization Finished!
********** replication  86  **********
epoch   0 LossPred 1.0482 LossAtt 1.0196 TrainAcc 0.4200 TestAcc 0.3723 0.4650
epoch 100 LossPred 0.8441 LossAtt 0.6247 TrainAcc 0.6500 TestAcc 0.6201 0.6300
epoch 200 LossPred 0.3298 LossAtt 0.7211 TrainAcc 0.9200 TestAcc 0.8864 0.8950
epoch 300 LossPred 0.1634 LossAtt 0.6629 TrainAcc 0.9800 TestAcc 0.9545 0.9550
epoch 400 LossPred 0.0993 LossAtt 0.5784 TrainAcc 1.0000 TestAcc 0.9643 0.9900
Optimization Finished!
********** replication  87  **********
epoch   0 LossPred 1.2050 LossAtt 1.0261 TrainAcc 0.5300 TestAcc 0.5141 0.5450
epoch 100 LossPred 0.7911 LossAtt 0.7380 TrainAcc 0.7200 TestAcc 0.5574 0.7150
epoch 200 LossPred 0.5758 LossAtt 0.7512 TrainAcc 0.8000 TestAcc 0.6201 0.7600
epoch 300 LossPred 0.4892 LossAtt 0.7051 TrainAcc 0.8200 TestAcc 0.7143 0.8150
epoch 400 LossPred 0.3762 LossAtt 0.7029 TrainAcc 0.9300 TestAcc 0.8366 0.8750
epoch 500 LossPred 0.2292 LossAtt 0.6791 TrainAcc 0.9700 TestAcc 0.9026 0.9100
epoch 600 LossPred 0.1827 LossAtt 0.6271 TrainAcc 0.9700 TestAcc 0.8983 0.9200
epoch 700 LossPred 0.1537 LossAtt 0.6242 TrainAcc 0.9800 TestAcc 0.9145 0.9300
epoch 800 LossPred 0.1142 LossAtt 0.5885 TrainAcc 0.9900 TestAcc 0.9123 0.9500
epoch 900 LossPred 0.1060 LossAtt 0.5781 TrainAcc 0.9800 TestAcc 0.9058 0.9550
epoch 1000 LossPred 0.0911 LossAtt 0.5278 TrainAcc 0.9900 TestAcc 0.9318 0.9600
epoch 1100 LossPred 0.0779 LossAtt 0.5038 TrainAcc 0.9900 TestAcc 0.9297 0.9600
epoch 1200 LossPred 0.0549 LossAtt 0.4771 TrainAcc 0.9900 TestAcc 0.9416 0.9750
epoch 1300 LossPred 0.0429 LossAtt 0.4916 TrainAcc 1.0000 TestAcc 0.9567 0.9850
Optimization Finished!
********** replication  88  **********
epoch   0 LossPred 1.1865 LossAtt 1.0104 TrainAcc 0.4100 TestAcc 0.3961 0.4850
epoch 100 LossPred 0.8528 LossAtt 0.6792 TrainAcc 0.7300 TestAcc 0.6115 0.7300
epoch 200 LossPred 0.8210 LossAtt 0.5188 TrainAcc 0.7300 TestAcc 0.6115 0.7300
epoch 300 LossPred 0.8063 LossAtt 0.3669 TrainAcc 0.7300 TestAcc 0.6115 0.7300
epoch 400 LossPred 0.7973 LossAtt 0.3175 TrainAcc 0.7300 TestAcc 0.6115 0.7300
epoch 500 LossPred 0.7897 LossAtt 0.2454 TrainAcc 0.7300 TestAcc 0.6115 0.7300
epoch 600 LossPred 0.7840 LossAtt 0.2450 TrainAcc 0.7300 TestAcc 0.6115 0.7300
epoch 700 LossPred 0.7790 LossAtt 0.3530 TrainAcc 0.7300 TestAcc 0.6115 0.7300
epoch 800 LossPred 0.7717 LossAtt 0.3635 TrainAcc 0.7300 TestAcc 0.6115 0.7300
epoch 900 LossPred 0.7637 LossAtt 0.4497 TrainAcc 0.7300 TestAcc 0.6115 0.7300
epoch 1000 LossPred 0.7576 LossAtt 0.4341 TrainAcc 0.7300 TestAcc 0.6115 0.7300
epoch 1100 LossPred 0.7570 LossAtt 0.6005 TrainAcc 0.7300 TestAcc 0.6115 0.7300
epoch 1200 LossPred 0.7547 LossAtt 0.9925 TrainAcc 0.7300 TestAcc 0.6115 0.7300
epoch 1300 LossPred 0.7523 LossAtt 2.0790 TrainAcc 0.7300 TestAcc 0.6115 0.7300
epoch 1400 LossPred 0.7295 LossAtt 1.0589 TrainAcc 0.7300 TestAcc 0.6115 0.7300
epoch 1500 LossPred 0.8155 LossAtt 1.5278 TrainAcc 0.7300 TestAcc 0.6115 0.7300
epoch 1600 LossPred 0.3110 LossAtt 0.9648 TrainAcc 0.9400 TestAcc 0.8755 0.8750
epoch 1700 LossPred 0.4183 LossAtt 1.1387 TrainAcc 0.8900 TestAcc 0.8063 0.8650
epoch 1800 LossPred 0.3265 LossAtt 1.0391 TrainAcc 0.9300 TestAcc 0.8615 0.8950
epoch 1900 LossPred 0.4646 LossAtt 0.9818 TrainAcc 0.8400 TestAcc 0.8290 0.8250
epoch 2000 LossPred 0.2579 LossAtt 0.7891 TrainAcc 0.9400 TestAcc 0.8636 0.9250
epoch 2100 LossPred 0.1935 LossAtt 0.7515 TrainAcc 0.9900 TestAcc 0.9589 0.9700
epoch 2200 LossPred 0.1669 LossAtt 0.7965 TrainAcc 1.0000 TestAcc 0.9827 0.9900
Optimization Finished!
********** replication  89  **********
epoch   0 LossPred 0.9452 LossAtt 0.9980 TrainAcc 0.6300 TestAcc 0.6006 0.6050
epoch 100 LossPred 0.5438 LossAtt 0.8416 TrainAcc 0.8000 TestAcc 0.7998 0.8000
epoch 200 LossPred 0.1882 LossAtt 0.7828 TrainAcc 0.9800 TestAcc 0.9578 0.9300
epoch 300 LossPred 0.0690 LossAtt 0.6960 TrainAcc 1.0000 TestAcc 0.9589 0.9500
Optimization Finished!
********** replication  90  **********
epoch   0 LossPred 1.2052 LossAtt 1.0030 TrainAcc 0.4800 TestAcc 0.5011 0.4500
epoch 100 LossPred 0.9367 LossAtt 0.4205 TrainAcc 0.6200 TestAcc 0.6234 0.6200
epoch 200 LossPred 0.8136 LossAtt 0.5203 TrainAcc 0.7000 TestAcc 0.6905 0.7000
epoch 300 LossPred 0.3215 LossAtt 0.5704 TrainAcc 0.9400 TestAcc 0.9091 0.9150
epoch 400 LossPred 0.2287 LossAtt 0.5071 TrainAcc 0.9400 TestAcc 0.9156 0.9350
epoch 500 LossPred 0.1589 LossAtt 0.4820 TrainAcc 0.9900 TestAcc 0.9762 0.9450
epoch 600 LossPred 0.1078 LossAtt 0.4878 TrainAcc 1.0000 TestAcc 0.9838 0.9650
Optimization Finished!
********** replication  91  **********
epoch   0 LossPred 0.9410 LossAtt 0.9853 TrainAcc 0.5100 TestAcc 0.5779 0.5350
epoch 100 LossPred 0.6591 LossAtt 0.8418 TrainAcc 0.7800 TestAcc 0.7468 0.7850
epoch 200 LossPred 0.1867 LossAtt 0.6649 TrainAcc 1.0000 TestAcc 0.9913 0.9750
Optimization Finished!
********** replication  92  **********
epoch   0 LossPred 1.1550 LossAtt 0.9974 TrainAcc 0.5100 TestAcc 0.4470 0.5200
epoch 100 LossPred 0.8444 LossAtt 0.7404 TrainAcc 0.6500 TestAcc 0.5465 0.6450
epoch 200 LossPred 0.3773 LossAtt 0.8771 TrainAcc 0.9200 TestAcc 0.8344 0.8850
epoch 300 LossPred 0.2224 LossAtt 0.8352 TrainAcc 0.9400 TestAcc 0.8755 0.9100
epoch 400 LossPred 0.1614 LossAtt 0.8316 TrainAcc 0.9800 TestAcc 0.8885 0.9350
epoch 500 LossPred 0.1217 LossAtt 0.7240 TrainAcc 0.9800 TestAcc 0.8907 0.9500
epoch 600 LossPred 0.1018 LossAtt 0.6533 TrainAcc 0.9900 TestAcc 0.8939 0.9800
epoch 700 LossPred 0.0901 LossAtt 0.5933 TrainAcc 0.9900 TestAcc 0.8864 0.9850
epoch 800 LossPred 0.0507 LossAtt 0.5441 TrainAcc 1.0000 TestAcc 0.9318 0.9950
Optimization Finished!
********** replication  93  **********
epoch   0 LossPred 1.1945 LossAtt 1.0238 TrainAcc 0.4800 TestAcc 0.5184 0.4800
epoch 100 LossPred 0.8658 LossAtt 0.5889 TrainAcc 0.6500 TestAcc 0.6201 0.6100
epoch 200 LossPred 0.7475 LossAtt 0.6185 TrainAcc 0.7900 TestAcc 0.7500 0.7700
epoch 300 LossPred 0.2368 LossAtt 0.7076 TrainAcc 0.9800 TestAcc 0.9816 0.9600
epoch 400 LossPred 0.1103 LossAtt 0.5987 TrainAcc 0.9800 TestAcc 0.9545 0.9550
epoch 500 LossPred 0.0821 LossAtt 0.5553 TrainAcc 0.9800 TestAcc 0.9383 0.9550
epoch 600 LossPred 0.0706 LossAtt 0.5328 TrainAcc 0.9900 TestAcc 0.9394 0.9600
epoch 700 LossPred 0.0681 LossAtt 0.5332 TrainAcc 0.9900 TestAcc 0.9459 0.9700
epoch 800 LossPred 0.0583 LossAtt 0.5283 TrainAcc 0.9900 TestAcc 0.9502 0.9700
epoch 900 LossPred 0.0478 LossAtt 0.5140 TrainAcc 0.9900 TestAcc 0.9351 0.9700
epoch 1000 LossPred 0.0432 LossAtt 0.5163 TrainAcc 0.9900 TestAcc 0.9437 0.9800
epoch 1100 LossPred 0.0366 LossAtt 0.5315 TrainAcc 0.9900 TestAcc 0.9318 0.9650
epoch 1200 LossPred 0.0363 LossAtt 0.5107 TrainAcc 1.0000 TestAcc 0.9556 0.9750
Optimization Finished!
********** replication  94  **********
epoch   0 LossPred 1.1138 LossAtt 0.9809 TrainAcc 0.3500 TestAcc 0.3690 0.3750
epoch 100 LossPred 0.8058 LossAtt 0.7579 TrainAcc 0.7400 TestAcc 0.7619 0.7500
epoch 200 LossPred 0.4757 LossAtt 0.7505 TrainAcc 0.9600 TestAcc 0.9145 0.9350
epoch 300 LossPred 0.3412 LossAtt 0.6588 TrainAcc 0.9700 TestAcc 0.9210 0.9400
epoch 400 LossPred 0.2616 LossAtt 0.6104 TrainAcc 0.9900 TestAcc 0.9188 0.9400
epoch 500 LossPred 0.2246 LossAtt 0.5623 TrainAcc 0.9700 TestAcc 0.9177 0.9450
epoch 600 LossPred 0.1826 LossAtt 0.5856 TrainAcc 0.9900 TestAcc 0.9426 0.9550
epoch 700 LossPred 0.1493 LossAtt 0.5728 TrainAcc 1.0000 TestAcc 0.9524 0.9550
Optimization Finished!
********** replication  95  **********
epoch   0 LossPred 1.2498 LossAtt 0.9897 TrainAcc 0.4700 TestAcc 0.4859 0.4550
epoch 100 LossPred 0.7470 LossAtt 0.4690 TrainAcc 0.7200 TestAcc 0.6126 0.7200
epoch 200 LossPred 0.3571 LossAtt 0.7326 TrainAcc 0.9300 TestAcc 0.8918 0.9200
epoch 300 LossPred 0.2089 LossAtt 0.5155 TrainAcc 0.9900 TestAcc 0.9632 0.9450
epoch 400 LossPred 0.1680 LossAtt 0.4612 TrainAcc 0.9900 TestAcc 0.9589 0.9500
epoch 500 LossPred 0.1371 LossAtt 0.4580 TrainAcc 0.9900 TestAcc 0.9535 0.9700
epoch 600 LossPred 0.1296 LossAtt 0.4461 TrainAcc 0.9900 TestAcc 0.9545 0.9450
epoch 700 LossPred 0.1230 LossAtt 0.3938 TrainAcc 0.9900 TestAcc 0.9610 0.9300
epoch 800 LossPred 0.1072 LossAtt 0.3921 TrainAcc 0.9900 TestAcc 0.9621 0.9300
epoch 900 LossPred 0.0910 LossAtt 0.3810 TrainAcc 0.9900 TestAcc 0.9610 0.9350
epoch 1000 LossPred 0.0825 LossAtt 0.3409 TrainAcc 0.9900 TestAcc 0.9773 0.9400
epoch 1100 LossPred 0.0799 LossAtt 0.3229 TrainAcc 0.9900 TestAcc 0.9686 0.9400
epoch 1200 LossPred 0.0745 LossAtt 0.2928 TrainAcc 0.9900 TestAcc 0.9729 0.9400
epoch 1300 LossPred 0.0673 LossAtt 0.2756 TrainAcc 0.9900 TestAcc 0.9751 0.9500
epoch 1400 LossPred 0.0658 LossAtt 0.2573 TrainAcc 0.9900 TestAcc 0.9719 0.9450
epoch 1500 LossPred 0.0598 LossAtt 0.2702 TrainAcc 0.9900 TestAcc 0.9784 0.9450
epoch 1600 LossPred 0.0563 LossAtt 0.2657 TrainAcc 0.9900 TestAcc 0.9848 0.9550
epoch 1700 LossPred 0.0533 LossAtt 0.2900 TrainAcc 0.9900 TestAcc 0.9762 0.9500
epoch 1800 LossPred 0.0530 LossAtt 0.2713 TrainAcc 0.9900 TestAcc 0.9762 0.9500
epoch 1900 LossPred 0.0503 LossAtt 0.2767 TrainAcc 1.0000 TestAcc 0.9892 0.9550
Optimization Finished!
********** replication  96  **********
epoch   0 LossPred 1.2430 LossAtt 0.9994 TrainAcc 0.3400 TestAcc 0.3820 0.3450
epoch 100 LossPred 0.8157 LossAtt 0.6981 TrainAcc 0.6900 TestAcc 0.6158 0.6900
epoch 200 LossPred 0.7636 LossAtt 0.5880 TrainAcc 0.6600 TestAcc 0.5433 0.6800
epoch 300 LossPred 0.3448 LossAtt 0.7613 TrainAcc 0.9600 TestAcc 0.9286 0.9250
epoch 400 LossPred 0.1391 LossAtt 0.6250 TrainAcc 0.9900 TestAcc 0.9535 0.9400
epoch 500 LossPred 0.0655 LossAtt 0.5831 TrainAcc 1.0000 TestAcc 0.9535 0.9500
Optimization Finished!
********** replication  97  **********
epoch   0 LossPred 1.0290 LossAtt 1.0000 TrainAcc 0.5800 TestAcc 0.5043 0.5550
epoch 100 LossPred 0.7896 LossAtt 0.4972 TrainAcc 0.6500 TestAcc 0.6201 0.6500
epoch 200 LossPred 0.7627 LossAtt 0.3740 TrainAcc 0.6700 TestAcc 0.6180 0.6600
epoch 300 LossPred 0.7415 LossAtt 0.3710 TrainAcc 0.7100 TestAcc 0.6894 0.7200
epoch 400 LossPred 0.2298 LossAtt 0.4972 TrainAcc 0.9500 TestAcc 0.8939 0.9100
epoch 500 LossPred 0.1283 LossAtt 0.3575 TrainAcc 0.9600 TestAcc 0.9145 0.9550
epoch 600 LossPred 0.0743 LossAtt 0.3874 TrainAcc 0.9900 TestAcc 0.9448 0.9650
epoch 700 LossPred 0.0497 LossAtt 0.3844 TrainAcc 1.0000 TestAcc 0.9578 0.9700
Optimization Finished!
********** replication  98  **********
epoch   0 LossPred 1.1019 LossAtt 1.0054 TrainAcc 0.4600 TestAcc 0.4437 0.5000
epoch 100 LossPred 0.8701 LossAtt 0.5452 TrainAcc 0.6100 TestAcc 0.5487 0.6100
epoch 200 LossPred 0.7204 LossAtt 0.6736 TrainAcc 0.7900 TestAcc 0.7965 0.8000
epoch 300 LossPred 0.2192 LossAtt 0.5701 TrainAcc 0.9900 TestAcc 0.9556 0.9300
epoch 400 LossPred 0.1207 LossAtt 0.4395 TrainAcc 0.9800 TestAcc 0.9459 0.9500
epoch 500 LossPred 0.0825 LossAtt 0.3942 TrainAcc 1.0000 TestAcc 0.9416 0.9550
Optimization Finished!
********** replication  99  **********
epoch   0 LossPred 1.0733 LossAtt 1.0172 TrainAcc 0.5000 TestAcc 0.4394 0.5200
epoch 100 LossPred 0.7390 LossAtt 0.7410 TrainAcc 0.7500 TestAcc 0.7998 0.7750
epoch 200 LossPred 0.3062 LossAtt 0.5162 TrainAcc 0.9800 TestAcc 0.9524 0.8950
epoch 300 LossPred 0.2119 LossAtt 0.4464 TrainAcc 0.9900 TestAcc 0.9708 0.9400
epoch 400 LossPred 0.1610 LossAtt 0.4362 TrainAcc 1.0000 TestAcc 0.9762 0.9450
Optimization Finished!
********************************************************************
Namespace(arch='tanh', batch_size=256, display_epoch=100, input_noise_level=0.15, latent_attractor_space=True, loss_switch_frequency=0, lrate_attractor=0.002, lrate_prediction=0.002, lrate_wt_penalty=0.0, n_attractor_hidden=10, n_attractor_steps=15, n_hidden=5, n_replications=100, noise_level=0.5, report_best_train_performance=True, seq_len=10, task='majority', train_attr_weights_on_prediction=True, training_epochs=2500)
********************************************************************
mean train accuracy 0.9942
indiv runs  [1.0, 1.0, 1.0, 1.0, 1.0, 1.0, 1.0, 1.0, 1.0, 1.0, 1.0, 1.0, 1.0, 1.0, 1.0, 1.0, 1.0, 1.0, 0.78, 1.0, 1.0, 1.0, 1.0, 1.0, 1.0, 1.0, 1.0, 1.0, 1.0, 1.0, 1.0, 1.0, 1.0, 1.0, 1.0, 1.0, 0.86, 1.0, 1.0, 1.0, 1.0, 1.0, 1.0, 1.0, 1.0, 1.0, 1.0, 1.0, 1.0, 1.0, 1.0, 1.0, 1.0, 1.0, 1.0, 1.0, 1.0, 1.0, 1.0, 1.0, 0.98, 1.0, 1.0, 1.0, 1.0, 1.0, 0.99, 1.0, 1.0, 1.0, 1.0, 1.0, 0.99, 1.0, 1.0, 1.0, 0.82, 1.0, 1.0, 1.0, 1.0, 1.0, 1.0, 1.0, 1.0, 1.0, 1.0, 1.0, 1.0, 1.0, 1.0, 1.0, 1.0, 1.0, 1.0, 1.0, 1.0, 1.0, 1.0, 1.0]
mean epoch 592.489361702
indiv epochs  [501, 501, 401, 701, 1001, 201, 401, 201, 1801, 301, 601, 401, 601, 401, 301, 201, 701, 301, 201, 301, 301, 801, 1101, 401, 801, 701, 301, 401, 401, 501, 301, 1701, 701, 301, 701, 901, 701, 501, 401, 301, 401, 401, 701, 201, 1301, 301, 301, 301, 301, 1801, 501, 1201, 1301, 301, 1101, 501, 301, 301, 401, 501, 301, 401, 301, 601, 601, 701, 401, 401, 601, 401, 601, 401, 201, 501, 301, 401, 301, 1001, 601, 301, 401, 1301, 2201, 301, 601, 201, 801, 1201, 701, 1901, 501, 701, 501, 401]
test1 accuracy mean  0.9546754  median  0.965368
test2 accuracy mean  0.95685  median  0.96
test1 indiv runs  [0.99242425, 0.987013, 0.98593074, 0.98593074, 0.9318182, 0.9296537, 0.9621212, 0.9448052, 0.97402596, 0.96753246, 0.97077924, 0.93722945, 0.96103895, 0.98376626, 0.987013, 0.97619045, 0.95671, 0.991342, 0.64718616, 0.9729437, 0.97077924, 0.99025977, 0.98593074, 0.9577922, 0.97943723, 0.92748916, 0.98376626, 0.92099565, 0.98376626, 0.9415584, 0.93722945, 0.987013, 0.9967533, 0.9502165, 0.98376626, 0.97727275, 0.6525974, 0.97619045, 0.991342, 0.9967533, 0.9967533, 0.96103895, 0.93722945, 0.978355, 0.9577922, 0.97619045, 0.9632035, 0.9177489, 0.93939394, 0.9967533, 0.9556277, 0.9112554, 0.9534632, 0.991342, 0.99242425, 0.9935065, 0.9967533, 0.987013, 0.9805195, 0.98268396, 0.91883117, 0.99242425, 0.9469697, 0.9329004, 0.96428573, 0.9577922, 0.92748916, 0.9502165, 0.8863636, 0.8917749, 0.96753246, 0.9664502, 0.97727275, 0.978355, 0.9220779, 0.9112554, 0.6796537, 0.9935065, 0.99025977, 0.93939394, 0.9577922, 0.9296537, 0.99242425, 0.95238096, 0.9880952, 0.9512987, 0.96428573, 0.95671, 0.98268396, 0.95887446, 0.98376626, 0.991342, 0.9318182, 0.9556277, 0.95238096, 0.98917747, 0.9534632, 0.9577922, 0.9415584, 0.97619045]
test2 indiv runs  [0.985, 0.96, 0.96, 0.94, 0.96, 0.96, 0.965, 0.975, 0.955, 0.97, 0.98, 0.94, 0.96, 0.965, 0.905, 0.965, 0.96, 0.98, 0.755, 0.97, 0.96, 0.97, 0.965, 0.97, 0.96, 0.955, 0.955, 0.955, 0.94, 0.93, 0.96, 0.99, 0.915, 0.995, 0.955, 0.965, 0.785, 0.96, 0.99, 0.955, 0.935, 0.965, 0.945, 0.96, 0.97, 0.965, 0.975, 0.95, 0.95, 0.97, 0.975, 0.95, 0.96, 0.99, 0.955, 0.915, 0.97, 0.96, 0.99, 0.955, 0.925, 0.95, 0.975, 0.975, 0.965, 0.955, 0.95, 0.965, 0.98, 0.965, 0.955, 0.99, 0.95, 0.975, 0.985, 0.96, 0.725, 0.965, 0.965, 0.95, 0.97, 0.975, 0.98, 0.995, 0.98, 0.96, 0.99, 0.985, 0.99, 0.95, 0.965, 0.975, 0.995, 0.975, 0.955, 0.955, 0.95, 0.97, 0.955, 0.945]
