Namespace(arch='tanh', attr_loss_start=1, batch_size=256, display_epoch=100, early_stop=True, input_noise_level=0.15, latent_attractor_space=True, loss_switch_frequency=0, lrate_attractor=0.0, lrate_prediction=0.002, lrate_wt_penalty=0.0, n_attractor_hidden=20, n_attractor_steps=0, n_hidden=10, n_replications=200, n_train=0, noise_level=0.25, report_best_train_performance=True, seq_len=11, task='majority', train_attr_weights_on_prediction=False, training_epochs=2500)
TRAINING ON 100 EXAMPLES, TESTING ON 1948
********** replication  0  **********
epoch   0 LossPred 1.0044 LossAtt 1.0000 TrainAcc 0.5500 TestAcc 0.5888 0.5700
epoch 100 LossPred 0.8078 LossAtt 1.0000 TrainAcc 0.6900 TestAcc 0.6196 0.6850
epoch 200 LossPred 0.1918 LossAtt 1.0000 TrainAcc 0.9300 TestAcc 0.9261 0.9300
epoch 300 LossPred 0.0986 LossAtt 1.0000 TrainAcc 0.9800 TestAcc 0.9204 0.9350
epoch 400 LossPred 0.0436 LossAtt 1.0000 TrainAcc 0.9900 TestAcc 0.9158 0.9700
epoch 500 LossPred 0.0106 LossAtt 1.0000 TrainAcc 1.0000 TestAcc 0.9004 0.9600
Optimization Finished!
********** replication  1  **********
epoch   0 LossPred 1.1871 LossAtt 1.0000 TrainAcc 0.4100 TestAcc 0.4656 0.4350
epoch 100 LossPred 0.5904 LossAtt 1.0000 TrainAcc 0.8600 TestAcc 0.7757 0.8350
epoch 200 LossPred 0.1904 LossAtt 1.0000 TrainAcc 1.0000 TestAcc 0.9086 0.9150
Optimization Finished!
********** replication  2  **********
epoch   0 LossPred 1.0737 LossAtt 1.0000 TrainAcc 0.4100 TestAcc 0.4112 0.4200
epoch 100 LossPred 0.8579 LossAtt 1.0000 TrainAcc 0.6400 TestAcc 0.6756 0.6350
epoch 200 LossPred 0.0883 LossAtt 1.0000 TrainAcc 1.0000 TestAcc 0.9574 0.9800
Optimization Finished!
********** replication  3  **********
epoch   0 LossPred 1.0348 LossAtt 1.0000 TrainAcc 0.4100 TestAcc 0.4687 0.4100
epoch 100 LossPred 0.5490 LossAtt 1.0000 TrainAcc 0.8400 TestAcc 0.8121 0.8550
epoch 200 LossPred 0.1156 LossAtt 1.0000 TrainAcc 1.0000 TestAcc 0.9584 0.9500
Optimization Finished!
********** replication  4  **********
epoch   0 LossPred 1.0349 LossAtt 1.0000 TrainAcc 0.4500 TestAcc 0.5026 0.4500
epoch 100 LossPred 0.9323 LossAtt 1.0000 TrainAcc 0.6200 TestAcc 0.6232 0.6200
epoch 200 LossPred 0.4050 LossAtt 1.0000 TrainAcc 0.9200 TestAcc 0.8840 0.8900
epoch 300 LossPred 0.1233 LossAtt 1.0000 TrainAcc 0.9900 TestAcc 0.9538 0.9250
epoch 400 LossPred 0.0791 LossAtt 1.0000 TrainAcc 0.9900 TestAcc 0.9553 0.9400
epoch 500 LossPred 0.0581 LossAtt 1.0000 TrainAcc 0.9900 TestAcc 0.9579 0.9500
epoch 600 LossPred 0.0474 LossAtt 1.0000 TrainAcc 0.9900 TestAcc 0.9584 0.9450
epoch 700 LossPred 0.0421 LossAtt 1.0000 TrainAcc 0.9900 TestAcc 0.9594 0.9450
epoch 800 LossPred 0.0095 LossAtt 1.0000 TrainAcc 1.0000 TestAcc 0.9548 0.9350
Optimization Finished!
********** replication  5  **********
epoch   0 LossPred 1.1614 LossAtt 1.0000 TrainAcc 0.3200 TestAcc 0.4302 0.3150
epoch 100 LossPred 0.7860 LossAtt 1.0000 TrainAcc 0.7300 TestAcc 0.6176 0.7300
epoch 200 LossPred 0.2460 LossAtt 1.0000 TrainAcc 0.9600 TestAcc 0.8999 0.9100
epoch 300 LossPred 0.0721 LossAtt 1.0000 TrainAcc 1.0000 TestAcc 0.9153 0.9700
Optimization Finished!
********** replication  6  **********
epoch   0 LossPred 1.1617 LossAtt 1.0000 TrainAcc 0.5600 TestAcc 0.4969 0.5150
epoch 100 LossPred 0.9246 LossAtt 1.0000 TrainAcc 0.6300 TestAcc 0.5970 0.6300
epoch 200 LossPred 0.1968 LossAtt 1.0000 TrainAcc 0.9700 TestAcc 0.8804 0.9550
epoch 300 LossPred 0.0922 LossAtt 1.0000 TrainAcc 0.9800 TestAcc 0.8737 0.9550
epoch 400 LossPred 0.0667 LossAtt 1.0000 TrainAcc 0.9900 TestAcc 0.8701 0.9450
epoch 500 LossPred 0.0223 LossAtt 1.0000 TrainAcc 1.0000 TestAcc 0.8691 0.9550
Optimization Finished!
********** replication  7  **********
epoch   0 LossPred 1.0398 LossAtt 1.0000 TrainAcc 0.5600 TestAcc 0.5601 0.5850
epoch 100 LossPred 0.8185 LossAtt 1.0000 TrainAcc 0.6800 TestAcc 0.5842 0.6850
epoch 200 LossPred 0.1374 LossAtt 1.0000 TrainAcc 0.9700 TestAcc 0.9466 0.9550
epoch 300 LossPred 0.0441 LossAtt 1.0000 TrainAcc 1.0000 TestAcc 0.9399 0.9850
Optimization Finished!
********** replication  8  **********
epoch   0 LossPred 1.3576 LossAtt 1.0000 TrainAcc 0.2900 TestAcc 0.3814 0.2950
epoch 100 LossPred 0.8053 LossAtt 1.0000 TrainAcc 0.7100 TestAcc 0.6186 0.7050
epoch 200 LossPred 0.4214 LossAtt 1.0000 TrainAcc 0.9300 TestAcc 0.8973 0.9200
epoch 300 LossPred 0.1709 LossAtt 1.0000 TrainAcc 0.9700 TestAcc 0.9245 0.9450
epoch 400 LossPred 0.0658 LossAtt 1.0000 TrainAcc 1.0000 TestAcc 0.9184 0.9500
Optimization Finished!
********** replication  9  **********
epoch   0 LossPred 1.1342 LossAtt 1.0000 TrainAcc 0.4000 TestAcc 0.5051 0.4150
epoch 100 LossPred 0.8004 LossAtt 1.0000 TrainAcc 0.6700 TestAcc 0.6206 0.6600
epoch 200 LossPred 0.3219 LossAtt 1.0000 TrainAcc 0.9200 TestAcc 0.8973 0.9150
epoch 300 LossPred 0.1215 LossAtt 1.0000 TrainAcc 0.9700 TestAcc 0.9230 0.9200
epoch 400 LossPred 0.0704 LossAtt 1.0000 TrainAcc 0.9900 TestAcc 0.9163 0.9300
epoch 500 LossPred 0.0135 LossAtt 1.0000 TrainAcc 1.0000 TestAcc 0.9184 0.9500
Optimization Finished!
********** replication  10  **********
epoch   0 LossPred 0.9617 LossAtt 1.0000 TrainAcc 0.5600 TestAcc 0.5667 0.5450
epoch 100 LossPred 0.4420 LossAtt 1.0000 TrainAcc 0.8600 TestAcc 0.8203 0.8650
epoch 200 LossPred 0.0794 LossAtt 1.0000 TrainAcc 0.9900 TestAcc 0.9641 0.9550
epoch 300 LossPred 0.0434 LossAtt 1.0000 TrainAcc 0.9900 TestAcc 0.9641 0.9600
epoch 400 LossPred 0.0315 LossAtt 1.0000 TrainAcc 0.9900 TestAcc 0.9677 0.9650
epoch 500 LossPred 0.0214 LossAtt 1.0000 TrainAcc 1.0000 TestAcc 0.9759 0.9650
Optimization Finished!
********** replication  11  **********
epoch   0 LossPred 1.1797 LossAtt 1.0000 TrainAcc 0.4600 TestAcc 0.5021 0.4600
epoch 100 LossPred 0.9036 LossAtt 1.0000 TrainAcc 0.6300 TestAcc 0.6227 0.6100
epoch 200 LossPred 0.8547 LossAtt 1.0000 TrainAcc 0.6800 TestAcc 0.6294 0.6650
epoch 300 LossPred 0.2285 LossAtt 1.0000 TrainAcc 0.9600 TestAcc 0.8722 0.9250
epoch 400 LossPred 0.1127 LossAtt 1.0000 TrainAcc 0.9800 TestAcc 0.8655 0.9400
epoch 500 LossPred 0.0885 LossAtt 1.0000 TrainAcc 0.9800 TestAcc 0.8650 0.9450
epoch 600 LossPred 0.0640 LossAtt 1.0000 TrainAcc 0.9900 TestAcc 0.8912 0.9550
epoch 700 LossPred 0.0373 LossAtt 1.0000 TrainAcc 0.9900 TestAcc 0.8814 0.9600
epoch 800 LossPred 0.0296 LossAtt 1.0000 TrainAcc 0.9900 TestAcc 0.8850 0.9550
epoch 900 LossPred 0.0057 LossAtt 1.0000 TrainAcc 1.0000 TestAcc 0.8830 0.9550
Optimization Finished!
********** replication  12  **********
epoch   0 LossPred 1.0729 LossAtt 1.0000 TrainAcc 0.3700 TestAcc 0.4338 0.3800
epoch 100 LossPred 0.3697 LossAtt 1.0000 TrainAcc 0.9300 TestAcc 0.9102 0.9000
epoch 200 LossPred 0.0732 LossAtt 1.0000 TrainAcc 1.0000 TestAcc 0.9071 0.9650
Optimization Finished!
********** replication  13  **********
epoch   0 LossPred 1.1996 LossAtt 1.0000 TrainAcc 0.4200 TestAcc 0.4107 0.4450
epoch 100 LossPred 0.6224 LossAtt 1.0000 TrainAcc 0.8300 TestAcc 0.7885 0.7950
epoch 200 LossPred 0.1535 LossAtt 1.0000 TrainAcc 0.9700 TestAcc 0.9127 0.9450
epoch 300 LossPred 0.0497 LossAtt 1.0000 TrainAcc 0.9900 TestAcc 0.9220 0.9450
epoch 400 LossPred 0.0176 LossAtt 1.0000 TrainAcc 1.0000 TestAcc 0.9179 0.9600
Optimization Finished!
********** replication  14  **********
epoch   0 LossPred 1.1358 LossAtt 1.0000 TrainAcc 0.3900 TestAcc 0.4656 0.3700
epoch 100 LossPred 0.7697 LossAtt 1.0000 TrainAcc 0.7000 TestAcc 0.6191 0.7000
epoch 200 LossPred 0.1223 LossAtt 1.0000 TrainAcc 0.9900 TestAcc 0.9045 0.9750
epoch 300 LossPred 0.0399 LossAtt 1.0000 TrainAcc 1.0000 TestAcc 0.9097 0.9750
Optimization Finished!
********** replication  15  **********
epoch   0 LossPred 0.9891 LossAtt 1.0000 TrainAcc 0.6400 TestAcc 0.6181 0.6100
epoch 100 LossPred 0.7888 LossAtt 1.0000 TrainAcc 0.7400 TestAcc 0.7023 0.7050
epoch 200 LossPred 0.1108 LossAtt 1.0000 TrainAcc 0.9600 TestAcc 0.8958 0.9200
epoch 300 LossPred 0.0583 LossAtt 1.0000 TrainAcc 0.9900 TestAcc 0.9148 0.9500
epoch 400 LossPred 0.0203 LossAtt 1.0000 TrainAcc 1.0000 TestAcc 0.9127 0.9600
Optimization Finished!
********** replication  16  **********
epoch   0 LossPred 1.2424 LossAtt 1.0000 TrainAcc 0.4600 TestAcc 0.5026 0.4600
epoch 100 LossPred 0.8194 LossAtt 1.0000 TrainAcc 0.6700 TestAcc 0.6206 0.6600
epoch 200 LossPred 0.3276 LossAtt 1.0000 TrainAcc 0.9500 TestAcc 0.8819 0.9300
epoch 300 LossPred 0.1163 LossAtt 1.0000 TrainAcc 0.9800 TestAcc 0.9281 0.9450
epoch 400 LossPred 0.0691 LossAtt 1.0000 TrainAcc 0.9800 TestAcc 0.9394 0.9350
epoch 500 LossPred 0.0450 LossAtt 1.0000 TrainAcc 0.9900 TestAcc 0.9446 0.9400
epoch 600 LossPred 0.0258 LossAtt 1.0000 TrainAcc 1.0000 TestAcc 0.9435 0.9350
Optimization Finished!
********** replication  17  **********
epoch   0 LossPred 1.0130 LossAtt 1.0000 TrainAcc 0.5000 TestAcc 0.4641 0.4950
epoch 100 LossPred 0.7287 LossAtt 1.0000 TrainAcc 0.7300 TestAcc 0.6709 0.7150
epoch 200 LossPred 0.1921 LossAtt 1.0000 TrainAcc 0.9600 TestAcc 0.9199 0.9500
epoch 300 LossPred 0.0853 LossAtt 1.0000 TrainAcc 0.9900 TestAcc 0.9502 0.9550
epoch 400 LossPred 0.0595 LossAtt 1.0000 TrainAcc 0.9900 TestAcc 0.9584 0.9550
epoch 500 LossPred 0.0513 LossAtt 1.0000 TrainAcc 0.9900 TestAcc 0.9559 0.9500
epoch 600 LossPred 0.0473 LossAtt 1.0000 TrainAcc 0.9900 TestAcc 0.9523 0.9550
epoch 700 LossPred 0.0451 LossAtt 1.0000 TrainAcc 0.9900 TestAcc 0.9517 0.9550
epoch 800 LossPred 0.0437 LossAtt 1.0000 TrainAcc 0.9900 TestAcc 0.9512 0.9500
epoch 900 LossPred 0.0427 LossAtt 1.0000 TrainAcc 0.9900 TestAcc 0.9512 0.9550
epoch 1000 LossPred 0.0420 LossAtt 1.0000 TrainAcc 0.9900 TestAcc 0.9507 0.9550
epoch 1100 LossPred 0.0414 LossAtt 1.0000 TrainAcc 0.9900 TestAcc 0.9507 0.9550
epoch 1200 LossPred 0.0410 LossAtt 1.0000 TrainAcc 0.9900 TestAcc 0.9507 0.9550
epoch 1300 LossPred 0.0407 LossAtt 1.0000 TrainAcc 0.9900 TestAcc 0.9538 0.9500
epoch 1400 LossPred 0.0403 LossAtt 1.0000 TrainAcc 0.9900 TestAcc 0.9553 0.9500
epoch 1500 LossPred 0.0400 LossAtt 1.0000 TrainAcc 0.9900 TestAcc 0.9564 0.9500
epoch 1600 LossPred 0.0278 LossAtt 1.0000 TrainAcc 0.9900 TestAcc 0.9548 0.9550
epoch 1700 LossPred 0.0024 LossAtt 1.0000 TrainAcc 1.0000 TestAcc 0.9451 0.9700
Optimization Finished!
********** replication  18  **********
epoch   0 LossPred 1.0598 LossAtt 1.0000 TrainAcc 0.4900 TestAcc 0.5005 0.5150
epoch 100 LossPred 0.6274 LossAtt 1.0000 TrainAcc 0.8300 TestAcc 0.7459 0.8150
epoch 200 LossPred 0.0853 LossAtt 1.0000 TrainAcc 1.0000 TestAcc 0.9440 0.9700
Optimization Finished!
********** replication  19  **********
epoch   0 LossPred 1.0243 LossAtt 1.0000 TrainAcc 0.5200 TestAcc 0.5349 0.5150
epoch 100 LossPred 0.7042 LossAtt 1.0000 TrainAcc 0.7200 TestAcc 0.6468 0.7500
epoch 200 LossPred 0.2050 LossAtt 1.0000 TrainAcc 0.9600 TestAcc 0.9358 0.9450
epoch 300 LossPred 0.0674 LossAtt 1.0000 TrainAcc 1.0000 TestAcc 0.9692 0.9450
Optimization Finished!
********** replication  20  **********
epoch   0 LossPred 0.9346 LossAtt 1.0000 TrainAcc 0.6400 TestAcc 0.6222 0.6200
epoch 100 LossPred 0.4876 LossAtt 1.0000 TrainAcc 0.8900 TestAcc 0.8034 0.8350
epoch 200 LossPred 0.1189 LossAtt 1.0000 TrainAcc 0.9800 TestAcc 0.9523 0.9300
epoch 300 LossPred 0.0602 LossAtt 1.0000 TrainAcc 0.9900 TestAcc 0.9718 0.9450
epoch 400 LossPred 0.0322 LossAtt 1.0000 TrainAcc 1.0000 TestAcc 0.9687 0.9450
Optimization Finished!
********** replication  21  **********
epoch   0 LossPred 1.0367 LossAtt 1.0000 TrainAcc 0.4800 TestAcc 0.5175 0.4950
epoch 100 LossPred 0.7243 LossAtt 1.0000 TrainAcc 0.7300 TestAcc 0.7048 0.7100
epoch 200 LossPred 0.0980 LossAtt 1.0000 TrainAcc 1.0000 TestAcc 0.9307 0.9600
Optimization Finished!
********** replication  22  **********
epoch   0 LossPred 1.0191 LossAtt 1.0000 TrainAcc 0.5900 TestAcc 0.5729 0.5350
epoch 100 LossPred 0.5290 LossAtt 1.0000 TrainAcc 0.8800 TestAcc 0.8249 0.8600
epoch 200 LossPred 0.1176 LossAtt 1.0000 TrainAcc 0.9800 TestAcc 0.9138 0.9550
epoch 300 LossPred 0.0475 LossAtt 1.0000 TrainAcc 1.0000 TestAcc 0.9107 0.9600
Optimization Finished!
********** replication  23  **********
epoch   0 LossPred 0.9952 LossAtt 1.0000 TrainAcc 0.5200 TestAcc 0.5560 0.5000
epoch 100 LossPred 0.8402 LossAtt 1.0000 TrainAcc 0.6700 TestAcc 0.6206 0.6850
epoch 200 LossPred 0.2164 LossAtt 1.0000 TrainAcc 0.9500 TestAcc 0.9112 0.9350
epoch 300 LossPred 0.0805 LossAtt 1.0000 TrainAcc 0.9800 TestAcc 0.9102 0.9400
epoch 400 LossPred 0.0587 LossAtt 1.0000 TrainAcc 0.9800 TestAcc 0.9163 0.9550
epoch 500 LossPred 0.0219 LossAtt 1.0000 TrainAcc 1.0000 TestAcc 0.9163 0.9650
Optimization Finished!
********** replication  24  **********
epoch   0 LossPred 1.0736 LossAtt 1.0000 TrainAcc 0.4500 TestAcc 0.5601 0.4600
epoch 100 LossPred 0.8440 LossAtt 1.0000 TrainAcc 0.6700 TestAcc 0.5847 0.6800
epoch 200 LossPred 0.2211 LossAtt 1.0000 TrainAcc 0.9800 TestAcc 0.9076 0.9650
epoch 300 LossPred 0.0650 LossAtt 1.0000 TrainAcc 1.0000 TestAcc 0.9256 0.9750
Optimization Finished!
********** replication  25  **********
epoch   0 LossPred 0.9758 LossAtt 1.0000 TrainAcc 0.5400 TestAcc 0.4979 0.5500
epoch 100 LossPred 0.5373 LossAtt 1.0000 TrainAcc 0.8400 TestAcc 0.8111 0.8000
epoch 200 LossPred 0.1736 LossAtt 1.0000 TrainAcc 0.9700 TestAcc 0.9025 0.9100
epoch 300 LossPred 0.0789 LossAtt 1.0000 TrainAcc 0.9900 TestAcc 0.9451 0.9250
epoch 400 LossPred 0.0283 LossAtt 1.0000 TrainAcc 1.0000 TestAcc 0.9918 0.9550
Optimization Finished!
********** replication  26  **********
epoch   0 LossPred 1.0703 LossAtt 1.0000 TrainAcc 0.4700 TestAcc 0.4594 0.4550
epoch 100 LossPred 0.8191 LossAtt 1.0000 TrainAcc 0.6700 TestAcc 0.6925 0.7000
epoch 200 LossPred 0.1525 LossAtt 1.0000 TrainAcc 0.9800 TestAcc 0.9307 0.9400
epoch 300 LossPred 0.0603 LossAtt 1.0000 TrainAcc 1.0000 TestAcc 0.9538 0.9500
Optimization Finished!
********** replication  27  **********
epoch   0 LossPred 1.0944 LossAtt 1.0000 TrainAcc 0.4600 TestAcc 0.4086 0.4750
epoch 100 LossPred 0.8452 LossAtt 1.0000 TrainAcc 0.7300 TestAcc 0.6371 0.7150
epoch 200 LossPred 0.1633 LossAtt 1.0000 TrainAcc 0.9700 TestAcc 0.9097 0.9250
epoch 300 LossPred 0.0524 LossAtt 1.0000 TrainAcc 1.0000 TestAcc 0.9261 0.9400
Optimization Finished!
********** replication  28  **********
epoch   0 LossPred 1.1823 LossAtt 1.0000 TrainAcc 0.4200 TestAcc 0.3901 0.4500
epoch 100 LossPred 0.8859 LossAtt 1.0000 TrainAcc 0.6400 TestAcc 0.6581 0.6400
epoch 200 LossPred 0.2245 LossAtt 1.0000 TrainAcc 0.9500 TestAcc 0.9117 0.9500
epoch 300 LossPred 0.1054 LossAtt 1.0000 TrainAcc 0.9700 TestAcc 0.9220 0.9700
epoch 400 LossPred 0.0295 LossAtt 1.0000 TrainAcc 1.0000 TestAcc 0.9389 0.9850
Optimization Finished!
********** replication  29  **********
epoch   0 LossPred 1.0340 LossAtt 1.0000 TrainAcc 0.5000 TestAcc 0.5000 0.4950
epoch 100 LossPred 0.7890 LossAtt 1.0000 TrainAcc 0.7500 TestAcc 0.6586 0.7350
epoch 200 LossPred 0.0723 LossAtt 1.0000 TrainAcc 0.9900 TestAcc 0.9795 0.9450
epoch 300 LossPred 0.0188 LossAtt 1.0000 TrainAcc 1.0000 TestAcc 0.9923 0.9450
Optimization Finished!
********** replication  30  **********
epoch   0 LossPred 1.0816 LossAtt 1.0000 TrainAcc 0.3800 TestAcc 0.3409 0.4450
epoch 100 LossPred 0.7540 LossAtt 1.0000 TrainAcc 0.7100 TestAcc 0.6258 0.7150
epoch 200 LossPred 0.1382 LossAtt 1.0000 TrainAcc 0.9800 TestAcc 0.9240 0.9500
epoch 300 LossPred 0.0510 LossAtt 1.0000 TrainAcc 1.0000 TestAcc 0.9322 0.9600
Optimization Finished!
********** replication  31  **********
epoch   0 LossPred 1.2070 LossAtt 1.0000 TrainAcc 0.4200 TestAcc 0.3901 0.4050
epoch 100 LossPred 0.8421 LossAtt 1.0000 TrainAcc 0.6600 TestAcc 0.5554 0.6450
epoch 200 LossPred 0.7503 LossAtt 1.0000 TrainAcc 0.7100 TestAcc 0.5847 0.6850
epoch 300 LossPred 0.4324 LossAtt 1.0000 TrainAcc 0.8800 TestAcc 0.7772 0.8650
epoch 400 LossPred 0.2295 LossAtt 1.0000 TrainAcc 0.9400 TestAcc 0.8860 0.9200
epoch 500 LossPred 0.1021 LossAtt 1.0000 TrainAcc 0.9900 TestAcc 0.9179 0.9650
epoch 600 LossPred 0.0336 LossAtt 1.0000 TrainAcc 1.0000 TestAcc 0.8968 0.9550
Optimization Finished!
********** replication  32  **********
epoch   0 LossPred 0.9877 LossAtt 1.0000 TrainAcc 0.5800 TestAcc 0.5575 0.6000
epoch 100 LossPred 0.6676 LossAtt 1.0000 TrainAcc 0.7900 TestAcc 0.7187 0.7450
epoch 200 LossPred 0.0628 LossAtt 1.0000 TrainAcc 1.0000 TestAcc 0.9086 0.9750
Optimization Finished!
********** replication  33  **********
epoch   0 LossPred 1.0563 LossAtt 1.0000 TrainAcc 0.4000 TestAcc 0.4671 0.4050
epoch 100 LossPred 0.7314 LossAtt 1.0000 TrainAcc 0.7300 TestAcc 0.6176 0.7300
epoch 200 LossPred 0.1477 LossAtt 1.0000 TrainAcc 0.9900 TestAcc 0.9086 0.9400
epoch 300 LossPred 0.0722 LossAtt 1.0000 TrainAcc 1.0000 TestAcc 0.9440 0.9700
Optimization Finished!
********** replication  34  **********
epoch   0 LossPred 0.9424 LossAtt 1.0000 TrainAcc 0.5700 TestAcc 0.5693 0.5850
epoch 100 LossPred 0.7318 LossAtt 1.0000 TrainAcc 0.7200 TestAcc 0.6309 0.7300
epoch 200 LossPred 0.1363 LossAtt 1.0000 TrainAcc 0.9700 TestAcc 0.8943 0.9550
epoch 300 LossPred 0.0371 LossAtt 1.0000 TrainAcc 1.0000 TestAcc 0.9138 0.9600
Optimization Finished!
********** replication  35  **********
epoch   0 LossPred 0.9544 LossAtt 1.0000 TrainAcc 0.5400 TestAcc 0.5339 0.5750
epoch 100 LossPred 0.6962 LossAtt 1.0000 TrainAcc 0.7700 TestAcc 0.6073 0.7500
epoch 200 LossPred 0.1171 LossAtt 1.0000 TrainAcc 0.9600 TestAcc 0.9199 0.9450
epoch 300 LossPred 0.0130 LossAtt 1.0000 TrainAcc 1.0000 TestAcc 0.9410 0.9650
Optimization Finished!
********** replication  36  **********
epoch   0 LossPred 1.0013 LossAtt 1.0000 TrainAcc 0.5200 TestAcc 0.4990 0.4850
epoch 100 LossPred 0.8952 LossAtt 1.0000 TrainAcc 0.6400 TestAcc 0.6222 0.6400
epoch 200 LossPred 0.2417 LossAtt 1.0000 TrainAcc 0.9400 TestAcc 0.8717 0.9300
epoch 300 LossPred 0.0776 LossAtt 1.0000 TrainAcc 0.9900 TestAcc 0.9256 0.9650
epoch 400 LossPred 0.0229 LossAtt 1.0000 TrainAcc 1.0000 TestAcc 0.9328 0.9700
Optimization Finished!
********** replication  37  **********
epoch   0 LossPred 1.0192 LossAtt 1.0000 TrainAcc 0.4900 TestAcc 0.5621 0.5350
epoch 100 LossPred 0.5443 LossAtt 1.0000 TrainAcc 0.8800 TestAcc 0.8249 0.8500
epoch 200 LossPred 0.0822 LossAtt 1.0000 TrainAcc 0.9900 TestAcc 0.9158 0.9550
epoch 300 LossPred 0.0317 LossAtt 1.0000 TrainAcc 1.0000 TestAcc 0.9256 0.9500
Optimization Finished!
********** replication  38  **********
epoch   0 LossPred 1.0158 LossAtt 1.0000 TrainAcc 0.5300 TestAcc 0.5898 0.5550
epoch 100 LossPred 0.7546 LossAtt 1.0000 TrainAcc 0.7300 TestAcc 0.6863 0.7550
epoch 200 LossPred 0.1671 LossAtt 1.0000 TrainAcc 0.9700 TestAcc 0.8824 0.9300
epoch 300 LossPred 0.0769 LossAtt 1.0000 TrainAcc 0.9900 TestAcc 0.9333 0.9500
epoch 400 LossPred 0.0498 LossAtt 1.0000 TrainAcc 0.9900 TestAcc 0.9502 0.9600
epoch 500 LossPred 0.0397 LossAtt 1.0000 TrainAcc 0.9900 TestAcc 0.9538 0.9600
epoch 600 LossPred 0.0313 LossAtt 1.0000 TrainAcc 0.9900 TestAcc 0.9754 0.9600
epoch 700 LossPred 0.0107 LossAtt 1.0000 TrainAcc 1.0000 TestAcc 0.9836 0.9650
Optimization Finished!
********** replication  39  **********
epoch   0 LossPred 1.0396 LossAtt 1.0000 TrainAcc 0.5000 TestAcc 0.4743 0.5100
epoch 100 LossPred 0.7381 LossAtt 1.0000 TrainAcc 0.7300 TestAcc 0.6114 0.7300
epoch 200 LossPred 0.1810 LossAtt 1.0000 TrainAcc 0.9800 TestAcc 0.8763 0.9600
epoch 300 LossPred 0.0583 LossAtt 1.0000 TrainAcc 1.0000 TestAcc 0.9333 0.9650
Optimization Finished!
********** replication  40  **********
epoch   0 LossPred 1.1988 LossAtt 1.0000 TrainAcc 0.5500 TestAcc 0.4974 0.5350
epoch 100 LossPred 0.5178 LossAtt 1.0000 TrainAcc 0.8600 TestAcc 0.8552 0.8750
epoch 200 LossPred 0.1282 LossAtt 1.0000 TrainAcc 0.9900 TestAcc 0.9286 0.9150
epoch 300 LossPred 0.0471 LossAtt 1.0000 TrainAcc 1.0000 TestAcc 0.9389 0.9200
Optimization Finished!
********** replication  41  **********
epoch   0 LossPred 1.0003 LossAtt 1.0000 TrainAcc 0.5200 TestAcc 0.4630 0.5000
epoch 100 LossPred 0.6032 LossAtt 1.0000 TrainAcc 0.8300 TestAcc 0.7900 0.8200
epoch 200 LossPred 0.1274 LossAtt 1.0000 TrainAcc 0.9900 TestAcc 0.9369 0.9350
epoch 300 LossPred 0.0638 LossAtt 1.0000 TrainAcc 1.0000 TestAcc 0.9389 0.9550
Optimization Finished!
********** replication  42  **********
epoch   0 LossPred 1.0281 LossAtt 1.0000 TrainAcc 0.4300 TestAcc 0.4102 0.4350
epoch 100 LossPred 0.9079 LossAtt 1.0000 TrainAcc 0.6300 TestAcc 0.6586 0.6600
epoch 200 LossPred 0.1729 LossAtt 1.0000 TrainAcc 0.9500 TestAcc 0.8896 0.9100
epoch 300 LossPred 0.1004 LossAtt 1.0000 TrainAcc 0.9600 TestAcc 0.8989 0.9250
epoch 400 LossPred 0.0165 LossAtt 1.0000 TrainAcc 1.0000 TestAcc 0.9286 0.9650
Optimization Finished!
********** replication  43  **********
epoch   0 LossPred 1.1345 LossAtt 1.0000 TrainAcc 0.4200 TestAcc 0.3747 0.4250
epoch 100 LossPred 0.8497 LossAtt 1.0000 TrainAcc 0.6500 TestAcc 0.6217 0.6850
epoch 200 LossPred 0.1287 LossAtt 1.0000 TrainAcc 0.9900 TestAcc 0.9153 0.9500
epoch 300 LossPred 0.0453 LossAtt 1.0000 TrainAcc 1.0000 TestAcc 0.9127 0.9750
Optimization Finished!
********** replication  44  **********
epoch   0 LossPred 1.2495 LossAtt 1.0000 TrainAcc 0.3600 TestAcc 0.3778 0.3700
epoch 100 LossPred 0.8723 LossAtt 1.0000 TrainAcc 0.6500 TestAcc 0.6330 0.6450
epoch 200 LossPred 0.4158 LossAtt 1.0000 TrainAcc 0.9200 TestAcc 0.8948 0.8700
epoch 300 LossPred 0.1444 LossAtt 1.0000 TrainAcc 0.9900 TestAcc 0.9553 0.9500
epoch 400 LossPred 0.0527 LossAtt 1.0000 TrainAcc 1.0000 TestAcc 0.9630 0.9650
Optimization Finished!
********** replication  45  **********
epoch   0 LossPred 1.0895 LossAtt 1.0000 TrainAcc 0.4700 TestAcc 0.4440 0.4250
epoch 100 LossPred 0.5600 LossAtt 1.0000 TrainAcc 0.8300 TestAcc 0.8188 0.8300
epoch 200 LossPred 0.0722 LossAtt 1.0000 TrainAcc 1.0000 TestAcc 0.9790 0.9050
Optimization Finished!
********** replication  46  **********
epoch   0 LossPred 1.2639 LossAtt 1.0000 TrainAcc 0.4400 TestAcc 0.4312 0.4650
epoch 100 LossPred 0.8798 LossAtt 1.0000 TrainAcc 0.6300 TestAcc 0.6227 0.6300
epoch 200 LossPred 0.2174 LossAtt 1.0000 TrainAcc 0.9900 TestAcc 0.9630 0.9450
epoch 300 LossPred 0.0950 LossAtt 1.0000 TrainAcc 0.9900 TestAcc 0.9589 0.9650
epoch 400 LossPred 0.0453 LossAtt 1.0000 TrainAcc 1.0000 TestAcc 0.9410 0.9750
Optimization Finished!
********** replication  47  **********
epoch   0 LossPred 1.2554 LossAtt 1.0000 TrainAcc 0.4100 TestAcc 0.4199 0.4100
epoch 100 LossPred 0.8116 LossAtt 1.0000 TrainAcc 0.7200 TestAcc 0.6540 0.7250
epoch 200 LossPred 0.5651 LossAtt 1.0000 TrainAcc 0.8300 TestAcc 0.7844 0.8250
epoch 300 LossPred 0.1289 LossAtt 1.0000 TrainAcc 0.9800 TestAcc 0.9225 0.9450
epoch 400 LossPred 0.0730 LossAtt 1.0000 TrainAcc 0.9900 TestAcc 0.9317 0.9450
epoch 500 LossPred 0.0161 LossAtt 1.0000 TrainAcc 1.0000 TestAcc 0.9564 0.9650
Optimization Finished!
********** replication  48  **********
epoch   0 LossPred 1.0108 LossAtt 1.0000 TrainAcc 0.5400 TestAcc 0.5780 0.5600
epoch 100 LossPred 0.2803 LossAtt 1.0000 TrainAcc 0.9200 TestAcc 0.8665 0.8900
epoch 200 LossPred 0.1024 LossAtt 1.0000 TrainAcc 0.9900 TestAcc 0.9548 0.9350
epoch 300 LossPred 0.0470 LossAtt 1.0000 TrainAcc 1.0000 TestAcc 0.9461 0.9550
Optimization Finished!
********** replication  49  **********
epoch   0 LossPred 0.9698 LossAtt 1.0000 TrainAcc 0.6000 TestAcc 0.5626 0.5800
epoch 100 LossPred 0.2818 LossAtt 1.0000 TrainAcc 0.9500 TestAcc 0.9055 0.8900
epoch 200 LossPred 0.0620 LossAtt 1.0000 TrainAcc 1.0000 TestAcc 0.9286 0.9450
Optimization Finished!
********** replication  50  **********
epoch   0 LossPred 1.2108 LossAtt 1.0000 TrainAcc 0.5000 TestAcc 0.4641 0.4850
epoch 100 LossPred 0.7006 LossAtt 1.0000 TrainAcc 0.8200 TestAcc 0.7479 0.8200
epoch 200 LossPred 0.1490 LossAtt 1.0000 TrainAcc 0.9900 TestAcc 0.9379 0.9450
epoch 300 LossPred 0.0506 LossAtt 1.0000 TrainAcc 1.0000 TestAcc 0.9240 0.9650
Optimization Finished!
********** replication  51  **********
epoch   0 LossPred 1.3146 LossAtt 1.0000 TrainAcc 0.4500 TestAcc 0.4666 0.4500
epoch 100 LossPred 0.8660 LossAtt 1.0000 TrainAcc 0.6500 TestAcc 0.6217 0.6500
epoch 200 LossPred 0.2680 LossAtt 1.0000 TrainAcc 0.9900 TestAcc 0.9081 0.9550
epoch 300 LossPred 0.0875 LossAtt 1.0000 TrainAcc 1.0000 TestAcc 0.9358 0.9650
Optimization Finished!
********** replication  52  **********
epoch   0 LossPred 0.9766 LossAtt 1.0000 TrainAcc 0.6500 TestAcc 0.6217 0.6600
epoch 100 LossPred 0.3947 LossAtt 1.0000 TrainAcc 0.8800 TestAcc 0.8819 0.9050
epoch 200 LossPred 0.1483 LossAtt 1.0000 TrainAcc 0.9700 TestAcc 0.9440 0.9200
epoch 300 LossPred 0.0222 LossAtt 1.0000 TrainAcc 1.0000 TestAcc 0.9784 0.9600
Optimization Finished!
********** replication  53  **********
epoch   0 LossPred 1.0511 LossAtt 1.0000 TrainAcc 0.5500 TestAcc 0.4405 0.5450
epoch 100 LossPred 0.7449 LossAtt 1.0000 TrainAcc 0.7800 TestAcc 0.5667 0.7300
epoch 200 LossPred 0.1097 LossAtt 1.0000 TrainAcc 0.9900 TestAcc 0.9112 0.9800
epoch 300 LossPred 0.0350 LossAtt 1.0000 TrainAcc 1.0000 TestAcc 0.9050 0.9700
Optimization Finished!
********** replication  54  **********
epoch   0 LossPred 0.9798 LossAtt 1.0000 TrainAcc 0.5900 TestAcc 0.6247 0.5600
epoch 100 LossPred 0.5991 LossAtt 1.0000 TrainAcc 0.8400 TestAcc 0.8003 0.7950
epoch 200 LossPred 0.1312 LossAtt 1.0000 TrainAcc 0.9800 TestAcc 0.9389 0.9600
epoch 300 LossPred 0.0427 LossAtt 1.0000 TrainAcc 1.0000 TestAcc 0.9610 0.9650
Optimization Finished!
********** replication  55  **********
epoch   0 LossPred 1.1124 LossAtt 1.0000 TrainAcc 0.4500 TestAcc 0.5026 0.5050
epoch 100 LossPred 0.7883 LossAtt 1.0000 TrainAcc 0.7100 TestAcc 0.6186 0.7100
epoch 200 LossPred 0.7735 LossAtt 1.0000 TrainAcc 0.7100 TestAcc 0.6186 0.7200
epoch 300 LossPred 0.2684 LossAtt 1.0000 TrainAcc 0.9700 TestAcc 0.8886 0.9400
epoch 400 LossPred 0.0516 LossAtt 1.0000 TrainAcc 1.0000 TestAcc 0.9533 0.9700
Optimization Finished!
********** replication  56  **********
epoch   0 LossPred 0.9693 LossAtt 1.0000 TrainAcc 0.5900 TestAcc 0.5477 0.5600
epoch 100 LossPred 0.7033 LossAtt 1.0000 TrainAcc 0.7200 TestAcc 0.6181 0.7450
epoch 200 LossPred 0.1466 LossAtt 1.0000 TrainAcc 0.9900 TestAcc 0.9440 0.9600
epoch 300 LossPred 0.0442 LossAtt 1.0000 TrainAcc 1.0000 TestAcc 0.9410 0.9550
Optimization Finished!
********** replication  57  **********
epoch   0 LossPred 1.4819 LossAtt 1.0000 TrainAcc 0.3500 TestAcc 0.4179 0.3450
epoch 100 LossPred 0.8650 LossAtt 1.0000 TrainAcc 0.7000 TestAcc 0.6196 0.7200
epoch 200 LossPred 0.3792 LossAtt 1.0000 TrainAcc 0.9500 TestAcc 0.9086 0.9200
epoch 300 LossPred 0.1400 LossAtt 1.0000 TrainAcc 0.9900 TestAcc 0.9245 0.9550
epoch 400 LossPred 0.0656 LossAtt 1.0000 TrainAcc 0.9900 TestAcc 0.9363 0.9600
epoch 500 LossPred 0.0380 LossAtt 1.0000 TrainAcc 1.0000 TestAcc 0.9440 0.9650
Optimization Finished!
********** replication  58  **********
epoch   0 LossPred 1.0036 LossAtt 1.0000 TrainAcc 0.5900 TestAcc 0.5678 0.5750
epoch 100 LossPred 0.5261 LossAtt 1.0000 TrainAcc 0.8200 TestAcc 0.7284 0.8250
epoch 200 LossPred 0.0942 LossAtt 1.0000 TrainAcc 0.9700 TestAcc 0.9415 0.9550
epoch 300 LossPred 0.0239 LossAtt 1.0000 TrainAcc 1.0000 TestAcc 0.9651 0.9600
Optimization Finished!
********** replication  59  **********
epoch   0 LossPred 1.3401 LossAtt 1.0000 TrainAcc 0.3900 TestAcc 0.4379 0.3950
epoch 100 LossPred 0.5172 LossAtt 1.0000 TrainAcc 0.9000 TestAcc 0.8609 0.8550
epoch 200 LossPred 0.1717 LossAtt 1.0000 TrainAcc 0.9900 TestAcc 0.9471 0.9000
epoch 300 LossPred 0.0962 LossAtt 1.0000 TrainAcc 0.9900 TestAcc 0.9517 0.9250
epoch 400 LossPred 0.0639 LossAtt 1.0000 TrainAcc 0.9900 TestAcc 0.9620 0.9250
epoch 500 LossPred 0.0333 LossAtt 1.0000 TrainAcc 1.0000 TestAcc 0.9630 0.9450
Optimization Finished!
********** replication  60  **********
epoch   0 LossPred 0.9268 LossAtt 1.0000 TrainAcc 0.6800 TestAcc 0.5842 0.6750
epoch 100 LossPred 0.6520 LossAtt 1.0000 TrainAcc 0.7700 TestAcc 0.7161 0.7600
epoch 200 LossPred 0.0445 LossAtt 1.0000 TrainAcc 1.0000 TestAcc 0.9138 0.9750
Optimization Finished!
********** replication  61  **********
epoch   0 LossPred 1.0159 LossAtt 1.0000 TrainAcc 0.4700 TestAcc 0.5210 0.4650
epoch 100 LossPred 0.5327 LossAtt 1.0000 TrainAcc 0.8600 TestAcc 0.8547 0.8500
epoch 200 LossPred 0.1497 LossAtt 1.0000 TrainAcc 0.9900 TestAcc 0.9538 0.9350
epoch 300 LossPred 0.0635 LossAtt 1.0000 TrainAcc 1.0000 TestAcc 0.9718 0.9450
Optimization Finished!
********** replication  62  **********
epoch   0 LossPred 1.1409 LossAtt 1.0000 TrainAcc 0.5400 TestAcc 0.4918 0.5050
epoch 100 LossPred 0.8553 LossAtt 1.0000 TrainAcc 0.6500 TestAcc 0.7433 0.7000
epoch 200 LossPred 0.2360 LossAtt 1.0000 TrainAcc 0.9600 TestAcc 0.9091 0.9200
epoch 300 LossPred 0.1361 LossAtt 1.0000 TrainAcc 0.9700 TestAcc 0.9009 0.9300
epoch 400 LossPred 0.0984 LossAtt 1.0000 TrainAcc 0.9800 TestAcc 0.9061 0.9350
epoch 500 LossPred 0.0771 LossAtt 1.0000 TrainAcc 0.9800 TestAcc 0.9014 0.9500
epoch 600 LossPred 0.0395 LossAtt 1.0000 TrainAcc 0.9900 TestAcc 0.9369 0.9550
epoch 700 LossPred 0.0159 LossAtt 1.0000 TrainAcc 1.0000 TestAcc 0.9302 0.9550
Optimization Finished!
********** replication  63  **********
epoch   0 LossPred 1.0050 LossAtt 1.0000 TrainAcc 0.5500 TestAcc 0.5601 0.5500
epoch 100 LossPred 0.8910 LossAtt 1.0000 TrainAcc 0.6300 TestAcc 0.6227 0.6300
epoch 200 LossPred 0.1888 LossAtt 1.0000 TrainAcc 0.9900 TestAcc 0.9097 0.9450
epoch 300 LossPred 0.0575 LossAtt 1.0000 TrainAcc 1.0000 TestAcc 0.9138 0.9450
Optimization Finished!
********** replication  64  **********
epoch   0 LossPred 1.0052 LossAtt 1.0000 TrainAcc 0.5500 TestAcc 0.4718 0.5250
epoch 100 LossPred 0.7308 LossAtt 1.0000 TrainAcc 0.7100 TestAcc 0.6186 0.7200
epoch 200 LossPred 0.1441 LossAtt 1.0000 TrainAcc 0.9700 TestAcc 0.9020 0.9150
epoch 300 LossPred 0.0924 LossAtt 1.0000 TrainAcc 0.9800 TestAcc 0.9035 0.9400
epoch 400 LossPred 0.0547 LossAtt 1.0000 TrainAcc 0.9900 TestAcc 0.9055 0.9450
epoch 500 LossPred 0.0380 LossAtt 1.0000 TrainAcc 0.9900 TestAcc 0.9009 0.9500
epoch 600 LossPred 0.0150 LossAtt 1.0000 TrainAcc 1.0000 TestAcc 0.9040 0.9550
Optimization Finished!
********** replication  65  **********
epoch   0 LossPred 0.9107 LossAtt 1.0000 TrainAcc 0.6900 TestAcc 0.6196 0.6650
epoch 100 LossPred 0.2770 LossAtt 1.0000 TrainAcc 0.9400 TestAcc 0.9168 0.9100
epoch 200 LossPred 0.0514 LossAtt 1.0000 TrainAcc 1.0000 TestAcc 0.9764 0.9450
Optimization Finished!
********** replication  66  **********
epoch   0 LossPred 1.0195 LossAtt 1.0000 TrainAcc 0.5500 TestAcc 0.5652 0.5600
epoch 100 LossPred 0.7864 LossAtt 1.0000 TrainAcc 0.7300 TestAcc 0.6894 0.7250
epoch 200 LossPred 0.0734 LossAtt 1.0000 TrainAcc 0.9900 TestAcc 0.9456 0.9450
epoch 300 LossPred 0.0194 LossAtt 1.0000 TrainAcc 1.0000 TestAcc 0.9584 0.9650
Optimization Finished!
********** replication  67  **********
epoch   0 LossPred 1.1758 LossAtt 1.0000 TrainAcc 0.4500 TestAcc 0.4410 0.4650
epoch 100 LossPred 0.7994 LossAtt 1.0000 TrainAcc 0.6900 TestAcc 0.6165 0.6950
epoch 200 LossPred 0.1470 LossAtt 1.0000 TrainAcc 1.0000 TestAcc 0.9548 0.9550
Optimization Finished!
********** replication  68  **********
epoch   0 LossPred 0.9341 LossAtt 1.0000 TrainAcc 0.6200 TestAcc 0.5873 0.6350
epoch 100 LossPred 0.6146 LossAtt 1.0000 TrainAcc 0.7900 TestAcc 0.7490 0.7900
epoch 200 LossPred 0.0901 LossAtt 1.0000 TrainAcc 0.9900 TestAcc 0.9071 0.9400
epoch 300 LossPred 0.0206 LossAtt 1.0000 TrainAcc 1.0000 TestAcc 0.8943 0.9800
Optimization Finished!
********** replication  69  **********
epoch   0 LossPred 1.0204 LossAtt 1.0000 TrainAcc 0.5000 TestAcc 0.4533 0.4850
epoch 100 LossPred 0.7421 LossAtt 1.0000 TrainAcc 0.7700 TestAcc 0.6704 0.7600
epoch 200 LossPred 0.2073 LossAtt 1.0000 TrainAcc 0.9600 TestAcc 0.8840 0.9050
epoch 300 LossPred 0.0927 LossAtt 1.0000 TrainAcc 0.9900 TestAcc 0.9266 0.9350
epoch 400 LossPred 0.0608 LossAtt 1.0000 TrainAcc 0.9900 TestAcc 0.9286 0.9400
epoch 500 LossPred 0.0484 LossAtt 1.0000 TrainAcc 0.9900 TestAcc 0.9353 0.9400
epoch 600 LossPred 0.0157 LossAtt 1.0000 TrainAcc 1.0000 TestAcc 0.9440 0.9600
Optimization Finished!
********** replication  70  **********
epoch   0 LossPred 1.0181 LossAtt 1.0000 TrainAcc 0.4500 TestAcc 0.4143 0.4300
epoch 100 LossPred 0.7354 LossAtt 1.0000 TrainAcc 0.7500 TestAcc 0.6607 0.7000
epoch 200 LossPred 0.1110 LossAtt 1.0000 TrainAcc 0.9900 TestAcc 0.9292 0.9400
epoch 300 LossPred 0.0308 LossAtt 1.0000 TrainAcc 1.0000 TestAcc 0.9435 0.9500
Optimization Finished!
********** replication  71  **********
epoch   0 LossPred 0.9960 LossAtt 1.0000 TrainAcc 0.4900 TestAcc 0.5364 0.5050
epoch 100 LossPred 0.5793 LossAtt 1.0000 TrainAcc 0.8300 TestAcc 0.7767 0.8300
epoch 200 LossPred 0.1198 LossAtt 1.0000 TrainAcc 0.9600 TestAcc 0.9605 0.9100
epoch 300 LossPred 0.0216 LossAtt 1.0000 TrainAcc 1.0000 TestAcc 0.9610 0.9450
Optimization Finished!
********** replication  72  **********
epoch   0 LossPred 1.1437 LossAtt 1.0000 TrainAcc 0.4000 TestAcc 0.3758 0.4250
epoch 100 LossPred 0.8206 LossAtt 1.0000 TrainAcc 0.6300 TestAcc 0.6227 0.6700
epoch 200 LossPred 0.1274 LossAtt 1.0000 TrainAcc 0.9800 TestAcc 0.9348 0.9650
epoch 300 LossPred 0.0473 LossAtt 1.0000 TrainAcc 1.0000 TestAcc 0.9353 0.9700
Optimization Finished!
********** replication  73  **********
epoch   0 LossPred 1.0037 LossAtt 1.0000 TrainAcc 0.5500 TestAcc 0.6268 0.5350
epoch 100 LossPred 0.8904 LossAtt 1.0000 TrainAcc 0.6600 TestAcc 0.6571 0.6500
epoch 200 LossPred 0.1572 LossAtt 1.0000 TrainAcc 0.9800 TestAcc 0.8722 0.9200
epoch 300 LossPred 0.0507 LossAtt 1.0000 TrainAcc 1.0000 TestAcc 0.9302 0.9450
Optimization Finished!
********** replication  74  **********
epoch   0 LossPred 0.9434 LossAtt 1.0000 TrainAcc 0.5800 TestAcc 0.5950 0.5850
epoch 100 LossPred 0.5988 LossAtt 1.0000 TrainAcc 0.8200 TestAcc 0.7059 0.8150
epoch 200 LossPred 0.1127 LossAtt 1.0000 TrainAcc 0.9700 TestAcc 0.9317 0.9250
epoch 300 LossPred 0.0203 LossAtt 1.0000 TrainAcc 1.0000 TestAcc 0.9553 0.9650
Optimization Finished!
********** replication  75  **********
epoch   0 LossPred 0.9922 LossAtt 1.0000 TrainAcc 0.5700 TestAcc 0.4964 0.5750
epoch 100 LossPred 0.6275 LossAtt 1.0000 TrainAcc 0.8400 TestAcc 0.7130 0.8500
epoch 200 LossPred 0.1687 LossAtt 1.0000 TrainAcc 0.9800 TestAcc 0.9143 0.9500
epoch 300 LossPred 0.0601 LossAtt 1.0000 TrainAcc 0.9900 TestAcc 0.9163 0.9800
epoch 400 LossPred 0.0367 LossAtt 1.0000 TrainAcc 0.9900 TestAcc 0.8937 0.9750
epoch 500 LossPred 0.0272 LossAtt 1.0000 TrainAcc 1.0000 TestAcc 0.8891 0.9700
Optimization Finished!
********** replication  76  **********
epoch   0 LossPred 1.2583 LossAtt 1.0000 TrainAcc 0.4100 TestAcc 0.4009 0.4650
epoch 100 LossPred 0.7764 LossAtt 1.0000 TrainAcc 0.7600 TestAcc 0.6520 0.7650
epoch 200 LossPred 0.2022 LossAtt 1.0000 TrainAcc 0.9700 TestAcc 0.9158 0.9450
epoch 300 LossPred 0.1100 LossAtt 1.0000 TrainAcc 0.9800 TestAcc 0.9374 0.9550
epoch 400 LossPred 0.0362 LossAtt 1.0000 TrainAcc 1.0000 TestAcc 0.9579 0.9800
Optimization Finished!
********** replication  77  **********
epoch   0 LossPred 1.0271 LossAtt 1.0000 TrainAcc 0.4900 TestAcc 0.5005 0.4900
epoch 100 LossPred 0.8131 LossAtt 1.0000 TrainAcc 0.7000 TestAcc 0.6725 0.6950
epoch 200 LossPred 0.1477 LossAtt 1.0000 TrainAcc 0.9800 TestAcc 0.9281 0.9400
epoch 300 LossPred 0.0208 LossAtt 1.0000 TrainAcc 1.0000 TestAcc 0.9292 0.9750
Optimization Finished!
********** replication  78  **********
epoch   0 LossPred 0.9329 LossAtt 1.0000 TrainAcc 0.5200 TestAcc 0.5200 0.5800
epoch 100 LossPred 0.5897 LossAtt 1.0000 TrainAcc 0.8100 TestAcc 0.7495 0.8000
epoch 200 LossPred 0.0856 LossAtt 1.0000 TrainAcc 0.9900 TestAcc 0.9030 0.9350
epoch 300 LossPred 0.0239 LossAtt 1.0000 TrainAcc 1.0000 TestAcc 0.9389 0.9550
Optimization Finished!
********** replication  79  **********
epoch   0 LossPred 1.3695 LossAtt 1.0000 TrainAcc 0.3400 TestAcc 0.3789 0.3650
epoch 100 LossPred 0.7736 LossAtt 1.0000 TrainAcc 0.7600 TestAcc 0.7069 0.7750
epoch 200 LossPred 0.1677 LossAtt 1.0000 TrainAcc 0.9900 TestAcc 0.9194 0.9550
epoch 300 LossPred 0.0720 LossAtt 1.0000 TrainAcc 1.0000 TestAcc 0.9312 0.9650
Optimization Finished!
********** replication  80  **********
epoch   0 LossPred 1.3439 LossAtt 1.0000 TrainAcc 0.3200 TestAcc 0.3799 0.3850
epoch 100 LossPred 0.8289 LossAtt 1.0000 TrainAcc 0.6800 TestAcc 0.6201 0.6800
epoch 200 LossPred 0.2093 LossAtt 1.0000 TrainAcc 0.9500 TestAcc 0.8871 0.9300
epoch 300 LossPred 0.0862 LossAtt 1.0000 TrainAcc 0.9900 TestAcc 0.9363 0.9500
epoch 400 LossPred 0.0490 LossAtt 1.0000 TrainAcc 1.0000 TestAcc 0.9374 0.9550
Optimization Finished!
********** replication  81  **********
epoch   0 LossPred 1.0736 LossAtt 1.0000 TrainAcc 0.4300 TestAcc 0.5036 0.4450
epoch 100 LossPred 0.7263 LossAtt 1.0000 TrainAcc 0.7900 TestAcc 0.7387 0.8050
epoch 200 LossPred 0.1556 LossAtt 1.0000 TrainAcc 0.9700 TestAcc 0.9266 0.9300
epoch 300 LossPred 0.0740 LossAtt 1.0000 TrainAcc 1.0000 TestAcc 0.9461 0.9500
Optimization Finished!
********** replication  82  **********
epoch   0 LossPred 1.0088 LossAtt 1.0000 TrainAcc 0.5500 TestAcc 0.5688 0.5300
epoch 100 LossPred 0.3471 LossAtt 1.0000 TrainAcc 0.9200 TestAcc 0.9081 0.8800
epoch 200 LossPred 0.1182 LossAtt 1.0000 TrainAcc 0.9900 TestAcc 0.9338 0.9450
epoch 300 LossPred 0.0440 LossAtt 1.0000 TrainAcc 1.0000 TestAcc 0.9281 0.9650
Optimization Finished!
********** replication  83  **********
epoch   0 LossPred 1.1041 LossAtt 1.0000 TrainAcc 0.3900 TestAcc 0.4163 0.4250
epoch 100 LossPred 0.6719 LossAtt 1.0000 TrainAcc 0.7700 TestAcc 0.8054 0.7550
epoch 200 LossPred 0.1046 LossAtt 1.0000 TrainAcc 0.9800 TestAcc 0.9369 0.9750
epoch 300 LossPred 0.0616 LossAtt 1.0000 TrainAcc 0.9800 TestAcc 0.9456 0.9800
epoch 400 LossPred 0.0431 LossAtt 1.0000 TrainAcc 1.0000 TestAcc 0.9492 0.9800
Optimization Finished!
********** replication  84  **********
epoch   0 LossPred 1.1683 LossAtt 1.0000 TrainAcc 0.5200 TestAcc 0.4271 0.4950
epoch 100 LossPred 0.8649 LossAtt 1.0000 TrainAcc 0.7000 TestAcc 0.6653 0.6800
epoch 200 LossPred 0.2882 LossAtt 1.0000 TrainAcc 0.9200 TestAcc 0.8943 0.9250
epoch 300 LossPred 0.1358 LossAtt 1.0000 TrainAcc 1.0000 TestAcc 0.9471 0.9450
Optimization Finished!
********** replication  85  **********
epoch   0 LossPred 1.0481 LossAtt 1.0000 TrainAcc 0.4700 TestAcc 0.4471 0.4550
epoch 100 LossPred 0.6723 LossAtt 1.0000 TrainAcc 0.8100 TestAcc 0.7654 0.7700
epoch 200 LossPred 0.0962 LossAtt 1.0000 TrainAcc 0.9800 TestAcc 0.8871 0.9550
epoch 300 LossPred 0.0715 LossAtt 1.0000 TrainAcc 0.9800 TestAcc 0.9009 0.9600
epoch 400 LossPred 0.0522 LossAtt 1.0000 TrainAcc 0.9900 TestAcc 0.9235 0.9750
epoch 500 LossPred 0.0086 LossAtt 1.0000 TrainAcc 1.0000 TestAcc 0.9625 0.9900
Optimization Finished!
********** replication  86  **********
epoch   0 LossPred 1.0414 LossAtt 1.0000 TrainAcc 0.4300 TestAcc 0.4985 0.4100
epoch 100 LossPred 0.6294 LossAtt 1.0000 TrainAcc 0.8000 TestAcc 0.7664 0.7850
epoch 200 LossPred 0.1665 LossAtt 1.0000 TrainAcc 0.9700 TestAcc 0.9215 0.9400
epoch 300 LossPred 0.0509 LossAtt 1.0000 TrainAcc 1.0000 TestAcc 0.9410 0.9600
Optimization Finished!
********** replication  87  **********
epoch   0 LossPred 1.1315 LossAtt 1.0000 TrainAcc 0.5700 TestAcc 0.4964 0.5700
epoch 100 LossPred 0.7927 LossAtt 1.0000 TrainAcc 0.6700 TestAcc 0.6566 0.7000
epoch 200 LossPred 0.1948 LossAtt 1.0000 TrainAcc 0.9600 TestAcc 0.9055 0.9200
epoch 300 LossPred 0.0671 LossAtt 1.0000 TrainAcc 0.9900 TestAcc 0.9461 0.9450
epoch 400 LossPred 0.0286 LossAtt 1.0000 TrainAcc 1.0000 TestAcc 0.9358 0.9600
Optimization Finished!
********** replication  88  **********
epoch   0 LossPred 1.0819 LossAtt 1.0000 TrainAcc 0.4200 TestAcc 0.4179 0.4200
epoch 100 LossPred 0.6952 LossAtt 1.0000 TrainAcc 0.7600 TestAcc 0.7741 0.7750
epoch 200 LossPred 0.0909 LossAtt 1.0000 TrainAcc 0.9900 TestAcc 0.9559 0.9650
epoch 300 LossPred 0.0466 LossAtt 1.0000 TrainAcc 1.0000 TestAcc 0.9594 0.9750
Optimization Finished!
********** replication  89  **********
epoch   0 LossPred 1.0405 LossAtt 1.0000 TrainAcc 0.4200 TestAcc 0.3747 0.4100
epoch 100 LossPred 0.8850 LossAtt 1.0000 TrainAcc 0.7000 TestAcc 0.6910 0.6650
epoch 200 LossPred 0.1474 LossAtt 1.0000 TrainAcc 0.9700 TestAcc 0.9548 0.9500
epoch 300 LossPred 0.0434 LossAtt 1.0000 TrainAcc 1.0000 TestAcc 0.9887 0.9450
Optimization Finished!
********** replication  90  **********
epoch   0 LossPred 0.9987 LossAtt 1.0000 TrainAcc 0.5300 TestAcc 0.5811 0.5300
epoch 100 LossPred 0.7764 LossAtt 1.0000 TrainAcc 0.6900 TestAcc 0.6196 0.6900
epoch 200 LossPred 0.0956 LossAtt 1.0000 TrainAcc 0.9900 TestAcc 0.9528 0.9500
epoch 300 LossPred 0.0279 LossAtt 1.0000 TrainAcc 1.0000 TestAcc 0.9579 0.9500
Optimization Finished!
********** replication  91  **********
epoch   0 LossPred 1.0453 LossAtt 1.0000 TrainAcc 0.4600 TestAcc 0.5021 0.4850
epoch 100 LossPred 0.7563 LossAtt 1.0000 TrainAcc 0.7400 TestAcc 0.7269 0.7350
epoch 200 LossPred 0.1454 LossAtt 1.0000 TrainAcc 0.9900 TestAcc 0.9415 0.9400
epoch 300 LossPred 0.0457 LossAtt 1.0000 TrainAcc 1.0000 TestAcc 0.9743 0.9350
Optimization Finished!
********** replication  92  **********
epoch   0 LossPred 1.0292 LossAtt 1.0000 TrainAcc 0.5500 TestAcc 0.5488 0.5450
epoch 100 LossPred 0.7998 LossAtt 1.0000 TrainAcc 0.6800 TestAcc 0.6499 0.6850
epoch 200 LossPred 0.1005 LossAtt 1.0000 TrainAcc 0.9800 TestAcc 0.9523 0.9350
epoch 300 LossPred 0.0235 LossAtt 1.0000 TrainAcc 1.0000 TestAcc 0.9651 0.9450
Optimization Finished!
********** replication  93  **********
epoch   0 LossPred 1.2800 LossAtt 1.0000 TrainAcc 0.4200 TestAcc 0.4415 0.4200
epoch 100 LossPred 0.8499 LossAtt 1.0000 TrainAcc 0.6700 TestAcc 0.5980 0.6850
epoch 200 LossPred 0.1955 LossAtt 1.0000 TrainAcc 0.9900 TestAcc 0.9040 0.9550
epoch 300 LossPred 0.0432 LossAtt 1.0000 TrainAcc 1.0000 TestAcc 0.8958 0.9850
Optimization Finished!
********** replication  94  **********
epoch   0 LossPred 1.3164 LossAtt 1.0000 TrainAcc 0.4500 TestAcc 0.4451 0.4100
epoch 100 LossPred 0.8557 LossAtt 1.0000 TrainAcc 0.7100 TestAcc 0.6473 0.7100
epoch 200 LossPred 0.2715 LossAtt 1.0000 TrainAcc 0.9900 TestAcc 0.9055 0.9550
epoch 300 LossPred 0.1102 LossAtt 1.0000 TrainAcc 0.9900 TestAcc 0.8958 0.9450
epoch 400 LossPred 0.0683 LossAtt 1.0000 TrainAcc 0.9900 TestAcc 0.8984 0.9450
epoch 500 LossPred 0.0460 LossAtt 1.0000 TrainAcc 0.9900 TestAcc 0.9009 0.9450
epoch 600 LossPred 0.0238 LossAtt 1.0000 TrainAcc 1.0000 TestAcc 0.8984 0.9500
Optimization Finished!
********** replication  95  **********
epoch   0 LossPred 1.0296 LossAtt 1.0000 TrainAcc 0.4700 TestAcc 0.5015 0.4900
epoch 100 LossPred 0.8219 LossAtt 1.0000 TrainAcc 0.6800 TestAcc 0.6201 0.6850
epoch 200 LossPred 0.1102 LossAtt 1.0000 TrainAcc 1.0000 TestAcc 0.9677 0.9500
Optimization Finished!
********** replication  96  **********
epoch   0 LossPred 1.1673 LossAtt 1.0000 TrainAcc 0.3900 TestAcc 0.4256 0.3850
epoch 100 LossPred 0.7910 LossAtt 1.0000 TrainAcc 0.6800 TestAcc 0.6704 0.7200
epoch 200 LossPred 0.1866 LossAtt 1.0000 TrainAcc 0.9700 TestAcc 0.9348 0.9500
epoch 300 LossPred 0.0583 LossAtt 1.0000 TrainAcc 1.0000 TestAcc 0.8886 0.9200
Optimization Finished!
********** replication  97  **********
epoch   0 LossPred 1.0332 LossAtt 1.0000 TrainAcc 0.4500 TestAcc 0.3732 0.4450
epoch 100 LossPred 0.8695 LossAtt 1.0000 TrainAcc 0.6900 TestAcc 0.6535 0.6650
epoch 200 LossPred 0.2273 LossAtt 1.0000 TrainAcc 0.9700 TestAcc 0.9374 0.9350
epoch 300 LossPred 0.1057 LossAtt 1.0000 TrainAcc 0.9900 TestAcc 0.9333 0.9550
epoch 400 LossPred 0.0551 LossAtt 1.0000 TrainAcc 1.0000 TestAcc 0.9430 0.9600
Optimization Finished!
********** replication  98  **********
epoch   0 LossPred 1.0486 LossAtt 1.0000 TrainAcc 0.5300 TestAcc 0.6278 0.5150
epoch 100 LossPred 0.9690 LossAtt 1.0000 TrainAcc 0.5900 TestAcc 0.5888 0.5750
epoch 200 LossPred 0.2834 LossAtt 1.0000 TrainAcc 0.9200 TestAcc 0.8994 0.9050
epoch 300 LossPred 0.0718 LossAtt 1.0000 TrainAcc 0.9800 TestAcc 0.9307 0.9550
epoch 400 LossPred 0.0332 LossAtt 1.0000 TrainAcc 1.0000 TestAcc 0.9487 0.9850
Optimization Finished!
********** replication  99  **********
epoch   0 LossPred 0.9766 LossAtt 1.0000 TrainAcc 0.5900 TestAcc 0.5313 0.5900
epoch 100 LossPred 0.6398 LossAtt 1.0000 TrainAcc 0.7800 TestAcc 0.6786 0.7600
epoch 200 LossPred 0.0917 LossAtt 1.0000 TrainAcc 0.9900 TestAcc 0.9025 0.9250
epoch 300 LossPred 0.0474 LossAtt 1.0000 TrainAcc 1.0000 TestAcc 0.9143 0.9400
Optimization Finished!
********** replication  100  **********
epoch   0 LossPred 1.0129 LossAtt 1.0000 TrainAcc 0.5900 TestAcc 0.4584 0.5550
epoch 100 LossPred 0.8419 LossAtt 1.0000 TrainAcc 0.7000 TestAcc 0.6191 0.7000
epoch 200 LossPred 0.1718 LossAtt 1.0000 TrainAcc 0.9700 TestAcc 0.9363 0.9050
epoch 300 LossPred 0.0658 LossAtt 1.0000 TrainAcc 0.9900 TestAcc 0.9415 0.9100
epoch 400 LossPred 0.0374 LossAtt 1.0000 TrainAcc 1.0000 TestAcc 0.9471 0.9200
Optimization Finished!
********** replication  101  **********
epoch   0 LossPred 1.3198 LossAtt 1.0000 TrainAcc 0.4400 TestAcc 0.4369 0.4600
epoch 100 LossPred 0.7898 LossAtt 1.0000 TrainAcc 0.7100 TestAcc 0.7048 0.7550
epoch 200 LossPred 0.1958 LossAtt 1.0000 TrainAcc 0.9800 TestAcc 0.9020 0.9550
epoch 300 LossPred 0.1227 LossAtt 1.0000 TrainAcc 0.9800 TestAcc 0.8994 0.9500
epoch 400 LossPred 0.0980 LossAtt 1.0000 TrainAcc 0.9800 TestAcc 0.8937 0.9500
epoch 500 LossPred 0.0861 LossAtt 1.0000 TrainAcc 0.9800 TestAcc 0.8937 0.9500
epoch 600 LossPred 0.0707 LossAtt 1.0000 TrainAcc 0.9900 TestAcc 0.9014 0.9300
epoch 700 LossPred 0.0581 LossAtt 1.0000 TrainAcc 0.9900 TestAcc 0.9066 0.9400
epoch 800 LossPred 0.0512 LossAtt 1.0000 TrainAcc 0.9900 TestAcc 0.8989 0.9250
epoch 900 LossPred 0.0466 LossAtt 1.0000 TrainAcc 0.9900 TestAcc 0.8978 0.9200
epoch 1000 LossPred 0.0438 LossAtt 1.0000 TrainAcc 0.9900 TestAcc 0.8901 0.9200
epoch 1100 LossPred 0.0420 LossAtt 1.0000 TrainAcc 0.9900 TestAcc 0.8917 0.9150
epoch 1200 LossPred 0.0406 LossAtt 1.0000 TrainAcc 0.9900 TestAcc 0.8891 0.9150
epoch 1300 LossPred 0.0392 LossAtt 1.0000 TrainAcc 0.9900 TestAcc 0.8901 0.9100
epoch 1400 LossPred 0.0375 LossAtt 1.0000 TrainAcc 0.9900 TestAcc 0.8860 0.9000
epoch 1500 LossPred 0.0356 LossAtt 1.0000 TrainAcc 0.9900 TestAcc 0.8819 0.9050
epoch 1600 LossPred 0.0306 LossAtt 1.0000 TrainAcc 0.9900 TestAcc 0.8845 0.8950
epoch 1700 LossPred 0.0158 LossAtt 1.0000 TrainAcc 1.0000 TestAcc 0.8814 0.9200
Optimization Finished!
********** replication  102  **********
epoch   0 LossPred 1.3011 LossAtt 1.0000 TrainAcc 0.4000 TestAcc 0.5031 0.3850
epoch 100 LossPred 0.7653 LossAtt 1.0000 TrainAcc 0.7100 TestAcc 0.6052 0.7100
epoch 200 LossPred 0.2338 LossAtt 1.0000 TrainAcc 0.9500 TestAcc 0.9040 0.9200
epoch 300 LossPred 0.0810 LossAtt 1.0000 TrainAcc 1.0000 TestAcc 0.9446 0.9300
Optimization Finished!
********** replication  103  **********
epoch   0 LossPred 1.0356 LossAtt 1.0000 TrainAcc 0.4400 TestAcc 0.4097 0.4450
epoch 100 LossPred 0.9026 LossAtt 1.0000 TrainAcc 0.6100 TestAcc 0.6237 0.6150
epoch 200 LossPred 0.2281 LossAtt 1.0000 TrainAcc 0.9600 TestAcc 0.9353 0.9150
epoch 300 LossPred 0.0513 LossAtt 1.0000 TrainAcc 1.0000 TestAcc 0.9641 0.9550
Optimization Finished!
********** replication  104  **********
epoch   0 LossPred 0.9768 LossAtt 1.0000 TrainAcc 0.5800 TestAcc 0.5893 0.5900
epoch 100 LossPred 0.5262 LossAtt 1.0000 TrainAcc 0.8000 TestAcc 0.7813 0.8050
epoch 200 LossPred 0.0699 LossAtt 1.0000 TrainAcc 1.0000 TestAcc 0.9317 0.9450
Optimization Finished!
********** replication  105  **********
epoch   0 LossPred 1.0238 LossAtt 1.0000 TrainAcc 0.5600 TestAcc 0.4528 0.5500
epoch 100 LossPred 0.5893 LossAtt 1.0000 TrainAcc 0.8200 TestAcc 0.8280 0.8200
epoch 200 LossPred 0.1583 LossAtt 1.0000 TrainAcc 0.9600 TestAcc 0.9091 0.9400
epoch 300 LossPred 0.0615 LossAtt 1.0000 TrainAcc 0.9800 TestAcc 0.9127 0.9400
epoch 400 LossPred 0.0435 LossAtt 1.0000 TrainAcc 0.9900 TestAcc 0.9020 0.9500
epoch 500 LossPred 0.0349 LossAtt 1.0000 TrainAcc 0.9900 TestAcc 0.9009 0.9450
epoch 600 LossPred 0.0237 LossAtt 1.0000 TrainAcc 1.0000 TestAcc 0.8973 0.9500
Optimization Finished!
********** replication  106  **********
epoch   0 LossPred 1.2794 LossAtt 1.0000 TrainAcc 0.4600 TestAcc 0.4451 0.4650
epoch 100 LossPred 0.8672 LossAtt 1.0000 TrainAcc 0.6500 TestAcc 0.6217 0.6500
epoch 200 LossPred 0.3215 LossAtt 1.0000 TrainAcc 0.9300 TestAcc 0.8989 0.8700
epoch 300 LossPred 0.1714 LossAtt 1.0000 TrainAcc 0.9700 TestAcc 0.9328 0.8950
epoch 400 LossPred 0.0754 LossAtt 1.0000 TrainAcc 0.9900 TestAcc 0.9379 0.9000
epoch 500 LossPred 0.0409 LossAtt 1.0000 TrainAcc 1.0000 TestAcc 0.9281 0.8950
Optimization Finished!
********** replication  107  **********
epoch   0 LossPred 0.9779 LossAtt 1.0000 TrainAcc 0.5900 TestAcc 0.5909 0.5850
epoch 100 LossPred 0.7066 LossAtt 1.0000 TrainAcc 0.7400 TestAcc 0.7500 0.7500
epoch 200 LossPred 0.1148 LossAtt 1.0000 TrainAcc 0.9900 TestAcc 0.9743 0.9500
epoch 300 LossPred 0.0636 LossAtt 1.0000 TrainAcc 0.9900 TestAcc 0.9790 0.9350
epoch 400 LossPred 0.0188 LossAtt 1.0000 TrainAcc 1.0000 TestAcc 0.9877 0.9150
Optimization Finished!
********** replication  108  **********
epoch   0 LossPred 1.1699 LossAtt 1.0000 TrainAcc 0.5200 TestAcc 0.4990 0.5000
epoch 100 LossPred 0.6942 LossAtt 1.0000 TrainAcc 0.7900 TestAcc 0.8511 0.7800
epoch 200 LossPred 0.2057 LossAtt 1.0000 TrainAcc 0.9700 TestAcc 0.9559 0.9300
epoch 300 LossPred 0.0747 LossAtt 1.0000 TrainAcc 0.9900 TestAcc 0.9600 0.9450
epoch 400 LossPred 0.0437 LossAtt 1.0000 TrainAcc 1.0000 TestAcc 0.9738 0.9650
Optimization Finished!
********** replication  109  **********
epoch   0 LossPred 1.4137 LossAtt 1.0000 TrainAcc 0.4300 TestAcc 0.4461 0.3950
epoch 100 LossPred 0.8686 LossAtt 1.0000 TrainAcc 0.6600 TestAcc 0.6211 0.6950
epoch 200 LossPred 0.2383 LossAtt 1.0000 TrainAcc 0.9600 TestAcc 0.9168 0.8900
epoch 300 LossPred 0.0996 LossAtt 1.0000 TrainAcc 0.9800 TestAcc 0.9399 0.9050
epoch 400 LossPred 0.0386 LossAtt 1.0000 TrainAcc 1.0000 TestAcc 0.9630 0.9200
Optimization Finished!
********** replication  110  **********
epoch   0 LossPred 0.9695 LossAtt 1.0000 TrainAcc 0.5400 TestAcc 0.5493 0.5600
epoch 100 LossPred 0.7395 LossAtt 1.0000 TrainAcc 0.7300 TestAcc 0.5816 0.7250
epoch 200 LossPred 0.1733 LossAtt 1.0000 TrainAcc 0.9800 TestAcc 0.9322 0.9500
epoch 300 LossPred 0.0714 LossAtt 1.0000 TrainAcc 0.9900 TestAcc 0.9610 0.9600
epoch 400 LossPred 0.0264 LossAtt 1.0000 TrainAcc 1.0000 TestAcc 0.9564 0.9650
Optimization Finished!
********** replication  111  **********
epoch   0 LossPred 1.0426 LossAtt 1.0000 TrainAcc 0.4600 TestAcc 0.4600 0.4250
epoch 100 LossPred 0.6570 LossAtt 1.0000 TrainAcc 0.7900 TestAcc 0.7079 0.7900
epoch 200 LossPred 0.1240 LossAtt 1.0000 TrainAcc 0.9800 TestAcc 0.9163 0.9300
epoch 300 LossPred 0.0826 LossAtt 1.0000 TrainAcc 0.9800 TestAcc 0.9163 0.9350
epoch 400 LossPred 0.0224 LossAtt 1.0000 TrainAcc 1.0000 TestAcc 0.9179 0.9500
Optimization Finished!
********** replication  112  **********
epoch   0 LossPred 1.2705 LossAtt 1.0000 TrainAcc 0.2800 TestAcc 0.3819 0.2800
epoch 100 LossPred 0.6725 LossAtt 1.0000 TrainAcc 0.7900 TestAcc 0.6848 0.7900
epoch 200 LossPred 0.1567 LossAtt 1.0000 TrainAcc 0.9900 TestAcc 0.9163 0.9550
epoch 300 LossPred 0.0548 LossAtt 1.0000 TrainAcc 1.0000 TestAcc 0.9240 0.9600
Optimization Finished!
********** replication  113  **********
epoch   0 LossPred 0.9937 LossAtt 1.0000 TrainAcc 0.6000 TestAcc 0.5878 0.6200
epoch 100 LossPred 0.6219 LossAtt 1.0000 TrainAcc 0.8200 TestAcc 0.7521 0.8000
epoch 200 LossPred 0.1408 LossAtt 1.0000 TrainAcc 0.9800 TestAcc 0.9061 0.9600
epoch 300 LossPred 0.0479 LossAtt 1.0000 TrainAcc 0.9900 TestAcc 0.9251 0.9800
epoch 400 LossPred 0.0184 LossAtt 1.0000 TrainAcc 1.0000 TestAcc 0.9055 0.9800
Optimization Finished!
********** replication  114  **********
epoch   0 LossPred 0.9983 LossAtt 1.0000 TrainAcc 0.5000 TestAcc 0.5000 0.5000
epoch 100 LossPred 0.6411 LossAtt 1.0000 TrainAcc 0.8100 TestAcc 0.7623 0.8050
epoch 200 LossPred 0.1554 LossAtt 1.0000 TrainAcc 0.9700 TestAcc 0.9764 0.9250
epoch 300 LossPred 0.0540 LossAtt 1.0000 TrainAcc 1.0000 TestAcc 0.9856 0.9150
Optimization Finished!
********** replication  115  **********
epoch   0 LossPred 1.0965 LossAtt 1.0000 TrainAcc 0.5300 TestAcc 0.5565 0.5250
epoch 100 LossPred 0.3360 LossAtt 1.0000 TrainAcc 0.9500 TestAcc 0.8907 0.9350
epoch 200 LossPred 0.0874 LossAtt 1.0000 TrainAcc 1.0000 TestAcc 0.9497 0.9800
Optimization Finished!
********** replication  116  **********
epoch   0 LossPred 0.9233 LossAtt 1.0000 TrainAcc 0.5800 TestAcc 0.5318 0.5950
epoch 100 LossPred 0.5131 LossAtt 1.0000 TrainAcc 0.8500 TestAcc 0.8383 0.8150
epoch 200 LossPred 0.0824 LossAtt 1.0000 TrainAcc 1.0000 TestAcc 0.9045 0.9500
Optimization Finished!
********** replication  117  **********
epoch   0 LossPred 1.0670 LossAtt 1.0000 TrainAcc 0.5300 TestAcc 0.3691 0.5300
epoch 100 LossPred 0.8293 LossAtt 1.0000 TrainAcc 0.7000 TestAcc 0.6278 0.7100
epoch 200 LossPred 0.1072 LossAtt 1.0000 TrainAcc 0.9800 TestAcc 0.9025 0.9600
epoch 300 LossPred 0.0330 LossAtt 1.0000 TrainAcc 1.0000 TestAcc 0.9014 0.9700
Optimization Finished!
********** replication  118  **********
epoch   0 LossPred 0.9738 LossAtt 1.0000 TrainAcc 0.5300 TestAcc 0.5406 0.5600
epoch 100 LossPred 0.6948 LossAtt 1.0000 TrainAcc 0.7700 TestAcc 0.6155 0.7700
epoch 200 LossPred 0.1998 LossAtt 1.0000 TrainAcc 0.9500 TestAcc 0.8871 0.9250
epoch 300 LossPred 0.1235 LossAtt 1.0000 TrainAcc 0.9500 TestAcc 0.8804 0.9150
epoch 400 LossPred 0.0671 LossAtt 1.0000 TrainAcc 0.9800 TestAcc 0.8789 0.9250
epoch 500 LossPred 0.0204 LossAtt 1.0000 TrainAcc 1.0000 TestAcc 0.8655 0.9400
Optimization Finished!
********** replication  119  **********
epoch   0 LossPred 1.2190 LossAtt 1.0000 TrainAcc 0.5500 TestAcc 0.4974 0.5350
epoch 100 LossPred 0.8918 LossAtt 1.0000 TrainAcc 0.6900 TestAcc 0.6730 0.6800
epoch 200 LossPred 0.2572 LossAtt 1.0000 TrainAcc 0.9400 TestAcc 0.9097 0.9150
epoch 300 LossPred 0.0979 LossAtt 1.0000 TrainAcc 0.9800 TestAcc 0.8917 0.9400
epoch 400 LossPred 0.0507 LossAtt 1.0000 TrainAcc 0.9900 TestAcc 0.8917 0.9450
epoch 500 LossPred 0.0367 LossAtt 1.0000 TrainAcc 0.9900 TestAcc 0.8835 0.9500
epoch 600 LossPred 0.0304 LossAtt 1.0000 TrainAcc 0.9900 TestAcc 0.8819 0.9550
epoch 700 LossPred 0.0262 LossAtt 1.0000 TrainAcc 0.9900 TestAcc 0.8824 0.9550
epoch 800 LossPred 0.0228 LossAtt 1.0000 TrainAcc 0.9900 TestAcc 0.8850 0.9550
epoch 900 LossPred 0.0199 LossAtt 1.0000 TrainAcc 0.9900 TestAcc 0.8855 0.9550
epoch 1000 LossPred 0.0173 LossAtt 1.0000 TrainAcc 1.0000 TestAcc 0.8891 0.9500
Optimization Finished!
********** replication  120  **********
epoch   0 LossPred 0.9878 LossAtt 1.0000 TrainAcc 0.5600 TestAcc 0.5426 0.5500
epoch 100 LossPred 0.5940 LossAtt 1.0000 TrainAcc 0.8300 TestAcc 0.7100 0.8200
epoch 200 LossPred 0.0871 LossAtt 1.0000 TrainAcc 0.9900 TestAcc 0.9328 0.9650
epoch 300 LossPred 0.0358 LossAtt 1.0000 TrainAcc 1.0000 TestAcc 0.9538 0.9800
Optimization Finished!
********** replication  121  **********
epoch   0 LossPred 1.0979 LossAtt 1.0000 TrainAcc 0.4600 TestAcc 0.5585 0.4350
epoch 100 LossPred 0.8779 LossAtt 1.0000 TrainAcc 0.6500 TestAcc 0.6104 0.6250
epoch 200 LossPred 0.4345 LossAtt 1.0000 TrainAcc 0.9100 TestAcc 0.8753 0.8900
epoch 300 LossPred 0.0737 LossAtt 1.0000 TrainAcc 0.9800 TestAcc 0.9358 0.9650
epoch 400 LossPred 0.0388 LossAtt 1.0000 TrainAcc 0.9900 TestAcc 0.9235 0.9450
epoch 500 LossPred 0.0181 LossAtt 1.0000 TrainAcc 1.0000 TestAcc 0.9122 0.9550
Optimization Finished!
********** replication  122  **********
epoch   0 LossPred 1.1123 LossAtt 1.0000 TrainAcc 0.5200 TestAcc 0.5349 0.5650
epoch 100 LossPred 0.6115 LossAtt 1.0000 TrainAcc 0.7500 TestAcc 0.6925 0.7600
epoch 200 LossPred 0.1693 LossAtt 1.0000 TrainAcc 0.9600 TestAcc 0.8958 0.9150
epoch 300 LossPred 0.0644 LossAtt 1.0000 TrainAcc 0.9900 TestAcc 0.9630 0.9250
epoch 400 LossPred 0.0428 LossAtt 1.0000 TrainAcc 0.9900 TestAcc 0.9661 0.9250
epoch 500 LossPred 0.0329 LossAtt 1.0000 TrainAcc 0.9900 TestAcc 0.9671 0.9400
epoch 600 LossPred 0.0262 LossAtt 1.0000 TrainAcc 1.0000 TestAcc 0.9697 0.9500
Optimization Finished!
********** replication  123  **********
epoch   0 LossPred 1.0069 LossAtt 1.0000 TrainAcc 0.4800 TestAcc 0.4754 0.5000
epoch 100 LossPred 0.8656 LossAtt 1.0000 TrainAcc 0.6600 TestAcc 0.6211 0.6600
epoch 200 LossPred 0.6938 LossAtt 1.0000 TrainAcc 0.7500 TestAcc 0.7367 0.7300
epoch 300 LossPred 0.1466 LossAtt 1.0000 TrainAcc 0.9700 TestAcc 0.9569 0.9350
epoch 400 LossPred 0.0253 LossAtt 1.0000 TrainAcc 1.0000 TestAcc 0.9897 0.9650
Optimization Finished!
********** replication  124  **********
epoch   0 LossPred 1.1496 LossAtt 1.0000 TrainAcc 0.4800 TestAcc 0.5010 0.5000
epoch 100 LossPred 0.8438 LossAtt 1.0000 TrainAcc 0.7500 TestAcc 0.7413 0.6750
epoch 200 LossPred 0.2174 LossAtt 1.0000 TrainAcc 0.9400 TestAcc 0.9091 0.9350
epoch 300 LossPred 0.1087 LossAtt 1.0000 TrainAcc 0.9700 TestAcc 0.9138 0.9400
epoch 400 LossPred 0.0455 LossAtt 1.0000 TrainAcc 1.0000 TestAcc 0.9194 0.9650
Optimization Finished!
********** replication  125  **********
epoch   0 LossPred 1.0488 LossAtt 1.0000 TrainAcc 0.5800 TestAcc 0.4959 0.5650
epoch 100 LossPred 0.8779 LossAtt 1.0000 TrainAcc 0.6500 TestAcc 0.6319 0.6250
epoch 200 LossPred 0.1898 LossAtt 1.0000 TrainAcc 0.9400 TestAcc 0.8665 0.8900
epoch 300 LossPred 0.1095 LossAtt 1.0000 TrainAcc 0.9700 TestAcc 0.8907 0.9250
epoch 400 LossPred 0.0584 LossAtt 1.0000 TrainAcc 0.9900 TestAcc 0.9276 0.9500
epoch 500 LossPred 0.0245 LossAtt 1.0000 TrainAcc 1.0000 TestAcc 0.9461 0.9500
Optimization Finished!
********** replication  126  **********
epoch   0 LossPred 0.9857 LossAtt 1.0000 TrainAcc 0.5700 TestAcc 0.4964 0.5700
epoch 100 LossPred 0.3952 LossAtt 1.0000 TrainAcc 0.9200 TestAcc 0.8326 0.8800
epoch 200 LossPred 0.1433 LossAtt 1.0000 TrainAcc 0.9700 TestAcc 0.8701 0.9650
epoch 300 LossPred 0.1035 LossAtt 1.0000 TrainAcc 0.9800 TestAcc 0.8722 0.9650
epoch 400 LossPred 0.0907 LossAtt 1.0000 TrainAcc 0.9800 TestAcc 0.8711 0.9650
epoch 500 LossPred 0.0856 LossAtt 1.0000 TrainAcc 0.9800 TestAcc 0.8686 0.9600
epoch 600 LossPred 0.0831 LossAtt 1.0000 TrainAcc 0.9800 TestAcc 0.8645 0.9550
epoch 700 LossPred 0.0815 LossAtt 1.0000 TrainAcc 0.9800 TestAcc 0.8634 0.9600
epoch 800 LossPred 0.0803 LossAtt 1.0000 TrainAcc 0.9800 TestAcc 0.8609 0.9600
epoch 900 LossPred 0.0792 LossAtt 1.0000 TrainAcc 0.9800 TestAcc 0.8578 0.9600
epoch 1000 LossPred 0.0780 LossAtt 1.0000 TrainAcc 0.9800 TestAcc 0.8578 0.9600
epoch 1100 LossPred 0.0757 LossAtt 1.0000 TrainAcc 0.9800 TestAcc 0.8588 0.9650
epoch 1200 LossPred 0.0687 LossAtt 1.0000 TrainAcc 0.9800 TestAcc 0.8563 0.9650
epoch 1300 LossPred 0.0509 LossAtt 1.0000 TrainAcc 0.9800 TestAcc 0.8537 0.9450
epoch 1400 LossPred 0.0169 LossAtt 1.0000 TrainAcc 1.0000 TestAcc 0.8537 0.9600
Optimization Finished!
********** replication  127  **********
epoch   0 LossPred 1.1580 LossAtt 1.0000 TrainAcc 0.5800 TestAcc 0.4959 0.5450
epoch 100 LossPred 0.8489 LossAtt 1.0000 TrainAcc 0.7400 TestAcc 0.6427 0.6950
epoch 200 LossPred 0.2890 LossAtt 1.0000 TrainAcc 0.9700 TestAcc 0.9061 0.9200
epoch 300 LossPred 0.1223 LossAtt 1.0000 TrainAcc 1.0000 TestAcc 0.9363 0.9300
Optimization Finished!
********** replication  128  **********
epoch   0 LossPred 1.0930 LossAtt 1.0000 TrainAcc 0.4100 TestAcc 0.5046 0.4100
epoch 100 LossPred 0.4839 LossAtt 1.0000 TrainAcc 0.8800 TestAcc 0.8532 0.8400
epoch 200 LossPred 0.1281 LossAtt 1.0000 TrainAcc 0.9800 TestAcc 0.9240 0.9500
epoch 300 LossPred 0.0420 LossAtt 1.0000 TrainAcc 1.0000 TestAcc 0.9086 0.9700
Optimization Finished!
********** replication  129  **********
epoch   0 LossPred 1.0539 LossAtt 1.0000 TrainAcc 0.5100 TestAcc 0.5149 0.5400
epoch 100 LossPred 0.8926 LossAtt 1.0000 TrainAcc 0.6300 TestAcc 0.5868 0.6350
epoch 200 LossPred 0.1863 LossAtt 1.0000 TrainAcc 0.9800 TestAcc 0.9559 0.9450
epoch 300 LossPred 0.0381 LossAtt 1.0000 TrainAcc 1.0000 TestAcc 0.9579 0.9750
Optimization Finished!
********** replication  130  **********
epoch   0 LossPred 0.9598 LossAtt 1.0000 TrainAcc 0.5500 TestAcc 0.5098 0.5600
epoch 100 LossPred 0.3945 LossAtt 1.0000 TrainAcc 0.9100 TestAcc 0.8912 0.8850
epoch 200 LossPred 0.0654 LossAtt 1.0000 TrainAcc 0.9900 TestAcc 0.8917 0.9550
epoch 300 LossPred 0.0356 LossAtt 1.0000 TrainAcc 1.0000 TestAcc 0.9025 0.9750
Optimization Finished!
********** replication  131  **********
epoch   0 LossPred 1.0675 LossAtt 1.0000 TrainAcc 0.4400 TestAcc 0.4410 0.4550
epoch 100 LossPred 0.5955 LossAtt 1.0000 TrainAcc 0.8000 TestAcc 0.7803 0.8200
epoch 200 LossPred 0.1174 LossAtt 1.0000 TrainAcc 1.0000 TestAcc 0.9615 0.9600
Optimization Finished!
********** replication  132  **********
epoch   0 LossPred 1.0034 LossAtt 1.0000 TrainAcc 0.5600 TestAcc 0.5688 0.5650
epoch 100 LossPred 0.6649 LossAtt 1.0000 TrainAcc 0.8300 TestAcc 0.8060 0.7950
epoch 200 LossPred 0.1282 LossAtt 1.0000 TrainAcc 0.9700 TestAcc 0.9538 0.8950
epoch 300 LossPred 0.0480 LossAtt 1.0000 TrainAcc 1.0000 TestAcc 0.9846 0.9300
Optimization Finished!
********** replication  133  **********
epoch   0 LossPred 0.9876 LossAtt 1.0000 TrainAcc 0.6400 TestAcc 0.5729 0.6250
epoch 100 LossPred 0.4689 LossAtt 1.0000 TrainAcc 0.8700 TestAcc 0.8085 0.8100
epoch 200 LossPred 0.1526 LossAtt 1.0000 TrainAcc 0.9600 TestAcc 0.9009 0.8950
epoch 300 LossPred 0.1236 LossAtt 1.0000 TrainAcc 0.9800 TestAcc 0.8989 0.9050
epoch 400 LossPred 0.1067 LossAtt 1.0000 TrainAcc 0.9800 TestAcc 0.9025 0.9000
epoch 500 LossPred 0.0623 LossAtt 1.0000 TrainAcc 0.9900 TestAcc 0.9251 0.9250
epoch 600 LossPred 0.0231 LossAtt 1.0000 TrainAcc 1.0000 TestAcc 0.9071 0.9250
Optimization Finished!
********** replication  134  **********
epoch   0 LossPred 0.9978 LossAtt 1.0000 TrainAcc 0.5600 TestAcc 0.5749 0.5100
epoch 100 LossPred 0.3894 LossAtt 1.0000 TrainAcc 0.9000 TestAcc 0.8568 0.9150
epoch 200 LossPred 0.1982 LossAtt 1.0000 TrainAcc 0.9500 TestAcc 0.8866 0.9450
epoch 300 LossPred 0.1146 LossAtt 1.0000 TrainAcc 0.9800 TestAcc 0.8999 0.9700
epoch 400 LossPred 0.0985 LossAtt 1.0000 TrainAcc 0.9800 TestAcc 0.8912 0.9650
epoch 500 LossPred 0.0889 LossAtt 1.0000 TrainAcc 0.9800 TestAcc 0.8783 0.9650
epoch 600 LossPred 0.0826 LossAtt 1.0000 TrainAcc 0.9800 TestAcc 0.8711 0.9700
epoch 700 LossPred 0.0796 LossAtt 1.0000 TrainAcc 0.9800 TestAcc 0.8650 0.9700
epoch 800 LossPred 0.0776 LossAtt 1.0000 TrainAcc 0.9800 TestAcc 0.8634 0.9600
epoch 900 LossPred 0.0040 LossAtt 1.0000 TrainAcc 1.0000 TestAcc 0.8583 0.9700
Optimization Finished!
********** replication  135  **********
epoch   0 LossPred 1.2389 LossAtt 1.0000 TrainAcc 0.3800 TestAcc 0.3840 0.4000
epoch 100 LossPred 0.8828 LossAtt 1.0000 TrainAcc 0.6400 TestAcc 0.5621 0.6650
epoch 200 LossPred 0.3557 LossAtt 1.0000 TrainAcc 0.9300 TestAcc 0.8516 0.9200
epoch 300 LossPred 0.1430 LossAtt 1.0000 TrainAcc 0.9800 TestAcc 0.8891 0.9650
epoch 400 LossPred 0.0704 LossAtt 1.0000 TrainAcc 0.9900 TestAcc 0.9050 0.9600
epoch 500 LossPred 0.0550 LossAtt 1.0000 TrainAcc 0.9900 TestAcc 0.9035 0.9600
epoch 600 LossPred 0.0479 LossAtt 1.0000 TrainAcc 0.9900 TestAcc 0.9020 0.9650
epoch 700 LossPred 0.0443 LossAtt 1.0000 TrainAcc 0.9900 TestAcc 0.9025 0.9650
epoch 800 LossPred 0.0416 LossAtt 1.0000 TrainAcc 0.9900 TestAcc 0.9035 0.9650
epoch 900 LossPred 0.0368 LossAtt 1.0000 TrainAcc 0.9900 TestAcc 0.9014 0.9600
epoch 1000 LossPred 0.0310 LossAtt 1.0000 TrainAcc 0.9900 TestAcc 0.8937 0.9650
epoch 1100 LossPred 0.0267 LossAtt 1.0000 TrainAcc 0.9900 TestAcc 0.8943 0.9500
epoch 1200 LossPred 0.0234 LossAtt 1.0000 TrainAcc 0.9900 TestAcc 0.8917 0.9500
epoch 1300 LossPred 0.0105 LossAtt 1.0000 TrainAcc 1.0000 TestAcc 0.8819 0.9500
Optimization Finished!
********** replication  136  **********
epoch   0 LossPred 1.1109 LossAtt 1.0000 TrainAcc 0.4500 TestAcc 0.4451 0.4200
epoch 100 LossPred 0.8362 LossAtt 1.0000 TrainAcc 0.7000 TestAcc 0.7017 0.6550
epoch 200 LossPred 0.2030 LossAtt 1.0000 TrainAcc 0.9500 TestAcc 0.9281 0.9000
epoch 300 LossPred 0.0849 LossAtt 1.0000 TrainAcc 1.0000 TestAcc 0.9348 0.9150
Optimization Finished!
********** replication  137  **********
epoch   0 LossPred 1.0841 LossAtt 1.0000 TrainAcc 0.5800 TestAcc 0.6253 0.5400
epoch 100 LossPred 0.3903 LossAtt 1.0000 TrainAcc 0.9300 TestAcc 0.9091 0.9300
epoch 200 LossPred 0.1361 LossAtt 1.0000 TrainAcc 0.9800 TestAcc 0.9343 0.9400
epoch 300 LossPred 0.0659 LossAtt 1.0000 TrainAcc 0.9900 TestAcc 0.9374 0.9650
epoch 400 LossPred 0.0397 LossAtt 1.0000 TrainAcc 1.0000 TestAcc 0.9471 0.9600
Optimization Finished!
********** replication  138  **********
epoch   0 LossPred 0.9882 LossAtt 1.0000 TrainAcc 0.5500 TestAcc 0.6268 0.5650
epoch 100 LossPred 0.7433 LossAtt 1.0000 TrainAcc 0.7200 TestAcc 0.6124 0.7200
epoch 200 LossPred 0.0886 LossAtt 1.0000 TrainAcc 0.9800 TestAcc 0.8963 0.9600
epoch 300 LossPred 0.0287 LossAtt 1.0000 TrainAcc 1.0000 TestAcc 0.9117 0.9650
Optimization Finished!
********** replication  139  **********
epoch   0 LossPred 0.9987 LossAtt 1.0000 TrainAcc 0.5500 TestAcc 0.5180 0.5500
epoch 100 LossPred 0.6504 LossAtt 1.0000 TrainAcc 0.8300 TestAcc 0.7490 0.8050
epoch 200 LossPred 0.0612 LossAtt 1.0000 TrainAcc 1.0000 TestAcc 0.9497 0.9800
Optimization Finished!
********** replication  140  **********
epoch   0 LossPred 0.9529 LossAtt 1.0000 TrainAcc 0.7000 TestAcc 0.5513 0.7000
epoch 100 LossPred 0.6819 LossAtt 1.0000 TrainAcc 0.7300 TestAcc 0.6176 0.7300
epoch 200 LossPred 0.1006 LossAtt 1.0000 TrainAcc 1.0000 TestAcc 0.9451 0.9550
Optimization Finished!
********** replication  141  **********
epoch   0 LossPred 1.0518 LossAtt 1.0000 TrainAcc 0.4000 TestAcc 0.4343 0.3750
epoch 100 LossPred 0.4180 LossAtt 1.0000 TrainAcc 0.9000 TestAcc 0.9215 0.8950
epoch 200 LossPred 0.1895 LossAtt 1.0000 TrainAcc 0.9400 TestAcc 0.9225 0.9050
epoch 300 LossPred 0.1401 LossAtt 1.0000 TrainAcc 0.9600 TestAcc 0.9302 0.9200
epoch 400 LossPred 0.0633 LossAtt 1.0000 TrainAcc 1.0000 TestAcc 0.9286 0.9650
Optimization Finished!
********** replication  142  **********
epoch   0 LossPred 1.0824 LossAtt 1.0000 TrainAcc 0.5600 TestAcc 0.4969 0.5450
epoch 100 LossPred 0.7600 LossAtt 1.0000 TrainAcc 0.7500 TestAcc 0.6668 0.7300
epoch 200 LossPred 0.2431 LossAtt 1.0000 TrainAcc 0.9600 TestAcc 0.9374 0.9050
epoch 300 LossPred 0.0760 LossAtt 1.0000 TrainAcc 1.0000 TestAcc 0.9440 0.9050
Optimization Finished!
********** replication  143  **********
epoch   0 LossPred 0.9496 LossAtt 1.0000 TrainAcc 0.5700 TestAcc 0.5642 0.5650
epoch 100 LossPred 0.6688 LossAtt 1.0000 TrainAcc 0.7600 TestAcc 0.7700 0.7700
epoch 200 LossPred 0.0896 LossAtt 1.0000 TrainAcc 1.0000 TestAcc 0.9528 0.9350
Optimization Finished!
********** replication  144  **********
epoch   0 LossPred 0.9638 LossAtt 1.0000 TrainAcc 0.6000 TestAcc 0.5503 0.6150
epoch 100 LossPred 0.4196 LossAtt 1.0000 TrainAcc 0.8600 TestAcc 0.8270 0.9000
epoch 200 LossPred 0.0749 LossAtt 1.0000 TrainAcc 1.0000 TestAcc 0.9569 0.9250
Optimization Finished!
********** replication  145  **********
epoch   0 LossPred 1.0696 LossAtt 1.0000 TrainAcc 0.5100 TestAcc 0.4779 0.4850
epoch 100 LossPred 0.8095 LossAtt 1.0000 TrainAcc 0.7200 TestAcc 0.6181 0.7250
epoch 200 LossPred 0.1529 LossAtt 1.0000 TrainAcc 0.9700 TestAcc 0.9009 0.9350
epoch 300 LossPred 0.0372 LossAtt 1.0000 TrainAcc 1.0000 TestAcc 0.9292 0.9600
Optimization Finished!
********** replication  146  **********
epoch   0 LossPred 1.0343 LossAtt 1.0000 TrainAcc 0.4900 TestAcc 0.5364 0.4950
epoch 100 LossPred 0.8177 LossAtt 1.0000 TrainAcc 0.7000 TestAcc 0.6191 0.7000
epoch 200 LossPred 0.3186 LossAtt 1.0000 TrainAcc 0.9300 TestAcc 0.8937 0.9100
epoch 300 LossPred 0.0900 LossAtt 1.0000 TrainAcc 1.0000 TestAcc 0.9605 0.9600
Optimization Finished!
********** replication  147  **********
epoch   0 LossPred 1.0063 LossAtt 1.0000 TrainAcc 0.5300 TestAcc 0.5344 0.5300
epoch 100 LossPred 0.3223 LossAtt 1.0000 TrainAcc 0.9200 TestAcc 0.9174 0.9150
epoch 200 LossPred 0.1114 LossAtt 1.0000 TrainAcc 0.9900 TestAcc 0.9605 0.9500
epoch 300 LossPred 0.0419 LossAtt 1.0000 TrainAcc 1.0000 TestAcc 0.9487 0.9700
Optimization Finished!
********** replication  148  **********
epoch   0 LossPred 0.9365 LossAtt 1.0000 TrainAcc 0.6500 TestAcc 0.5857 0.6550
epoch 100 LossPred 0.6565 LossAtt 1.0000 TrainAcc 0.7700 TestAcc 0.6155 0.7700
epoch 200 LossPred 0.1025 LossAtt 1.0000 TrainAcc 0.9900 TestAcc 0.9204 0.9700
epoch 300 LossPred 0.0194 LossAtt 1.0000 TrainAcc 1.0000 TestAcc 0.9502 0.9850
Optimization Finished!
********** replication  149  **********
epoch   0 LossPred 0.9885 LossAtt 1.0000 TrainAcc 0.6300 TestAcc 0.6227 0.6150
epoch 100 LossPred 0.7518 LossAtt 1.0000 TrainAcc 0.7700 TestAcc 0.6484 0.7300
epoch 200 LossPred 0.1751 LossAtt 1.0000 TrainAcc 0.9500 TestAcc 0.8968 0.9250
epoch 300 LossPred 0.1223 LossAtt 1.0000 TrainAcc 0.9600 TestAcc 0.9343 0.9200
epoch 400 LossPred 0.0271 LossAtt 1.0000 TrainAcc 1.0000 TestAcc 0.9666 0.9450
Optimization Finished!
********** replication  150  **********
epoch   0 LossPred 1.0138 LossAtt 1.0000 TrainAcc 0.4800 TestAcc 0.4435 0.4700
epoch 100 LossPred 0.7687 LossAtt 1.0000 TrainAcc 0.7200 TestAcc 0.6638 0.7000
epoch 200 LossPred 0.1057 LossAtt 1.0000 TrainAcc 0.9800 TestAcc 0.9363 0.9400
epoch 300 LossPred 0.0498 LossAtt 1.0000 TrainAcc 1.0000 TestAcc 0.9512 0.9450
Optimization Finished!
********** replication  151  **********
epoch   0 LossPred 1.2467 LossAtt 1.0000 TrainAcc 0.4200 TestAcc 0.3747 0.4300
epoch 100 LossPred 0.8671 LossAtt 1.0000 TrainAcc 0.6600 TestAcc 0.5852 0.6650
epoch 200 LossPred 0.3191 LossAtt 1.0000 TrainAcc 0.9300 TestAcc 0.8706 0.9200
epoch 300 LossPred 0.1244 LossAtt 1.0000 TrainAcc 0.9900 TestAcc 0.9189 0.9500
epoch 400 LossPred 0.0532 LossAtt 1.0000 TrainAcc 1.0000 TestAcc 0.9235 0.9600
Optimization Finished!
********** replication  152  **********
epoch   0 LossPred 0.9372 LossAtt 1.0000 TrainAcc 0.6600 TestAcc 0.6083 0.6450
epoch 100 LossPred 0.2334 LossAtt 1.0000 TrainAcc 0.9600 TestAcc 0.8783 0.9400
epoch 200 LossPred 0.0519 LossAtt 1.0000 TrainAcc 1.0000 TestAcc 0.8984 0.9750
Optimization Finished!
********** replication  153  **********
epoch   0 LossPred 0.9374 LossAtt 1.0000 TrainAcc 0.6500 TestAcc 0.6217 0.6200
epoch 100 LossPred 0.7017 LossAtt 1.0000 TrainAcc 0.7500 TestAcc 0.6684 0.7450
epoch 200 LossPred 0.1556 LossAtt 1.0000 TrainAcc 0.9700 TestAcc 0.9343 0.9450
epoch 300 LossPred 0.0451 LossAtt 1.0000 TrainAcc 0.9900 TestAcc 0.9379 0.9750
epoch 400 LossPred 0.0207 LossAtt 1.0000 TrainAcc 1.0000 TestAcc 0.9333 0.9750
Optimization Finished!
********** replication  154  **********
epoch   0 LossPred 1.0421 LossAtt 1.0000 TrainAcc 0.4600 TestAcc 0.4471 0.4600
epoch 100 LossPred 0.6134 LossAtt 1.0000 TrainAcc 0.8400 TestAcc 0.8409 0.8500
epoch 200 LossPred 0.0810 LossAtt 1.0000 TrainAcc 1.0000 TestAcc 0.9589 0.9600
Optimization Finished!
********** replication  155  **********
epoch   0 LossPred 1.0580 LossAtt 1.0000 TrainAcc 0.5500 TestAcc 0.4902 0.5050
epoch 100 LossPred 0.7100 LossAtt 1.0000 TrainAcc 0.7700 TestAcc 0.7680 0.7550
epoch 200 LossPred 0.1356 LossAtt 1.0000 TrainAcc 0.9700 TestAcc 0.8819 0.9250
epoch 300 LossPred 0.0790 LossAtt 1.0000 TrainAcc 0.9800 TestAcc 0.8866 0.9200
epoch 400 LossPred 0.0379 LossAtt 1.0000 TrainAcc 0.9900 TestAcc 0.9004 0.9400
epoch 500 LossPred 0.0195 LossAtt 1.0000 TrainAcc 1.0000 TestAcc 0.8953 0.9500
Optimization Finished!
********** replication  156  **********
epoch   0 LossPred 1.0071 LossAtt 1.0000 TrainAcc 0.4800 TestAcc 0.5370 0.5100
epoch 100 LossPred 0.4425 LossAtt 1.0000 TrainAcc 0.9100 TestAcc 0.8614 0.9100
epoch 200 LossPred 0.0780 LossAtt 1.0000 TrainAcc 0.9900 TestAcc 0.9184 0.9500
epoch 300 LossPred 0.0237 LossAtt 1.0000 TrainAcc 1.0000 TestAcc 0.9394 0.9450
Optimization Finished!
********** replication  157  **********
epoch   0 LossPred 0.9634 LossAtt 1.0000 TrainAcc 0.5100 TestAcc 0.4995 0.5100
epoch 100 LossPred 0.7679 LossAtt 1.0000 TrainAcc 0.7200 TestAcc 0.6181 0.7300
epoch 200 LossPred 0.2654 LossAtt 1.0000 TrainAcc 0.9400 TestAcc 0.8922 0.8650
epoch 300 LossPred 0.1282 LossAtt 1.0000 TrainAcc 0.9800 TestAcc 0.9194 0.9100
epoch 400 LossPred 0.0614 LossAtt 1.0000 TrainAcc 0.9900 TestAcc 0.9497 0.9450
epoch 500 LossPred 0.0177 LossAtt 1.0000 TrainAcc 1.0000 TestAcc 0.9872 0.9500
Optimization Finished!
********** replication  158  **********
epoch   0 LossPred 1.0434 LossAtt 1.0000 TrainAcc 0.5900 TestAcc 0.5888 0.5400
epoch 100 LossPred 0.6900 LossAtt 1.0000 TrainAcc 0.7700 TestAcc 0.7408 0.7600
epoch 200 LossPred 0.1287 LossAtt 1.0000 TrainAcc 0.9800 TestAcc 0.8999 0.9500
epoch 300 LossPred 0.0432 LossAtt 1.0000 TrainAcc 1.0000 TestAcc 0.9184 0.9650
Optimization Finished!
********** replication  159  **********
epoch   0 LossPred 0.9748 LossAtt 1.0000 TrainAcc 0.5500 TestAcc 0.5334 0.5450
epoch 100 LossPred 0.7989 LossAtt 1.0000 TrainAcc 0.7200 TestAcc 0.6540 0.7000
epoch 200 LossPred 0.1992 LossAtt 1.0000 TrainAcc 0.9800 TestAcc 0.9148 0.9650
epoch 300 LossPred 0.0644 LossAtt 1.0000 TrainAcc 1.0000 TestAcc 0.9605 0.9550
Optimization Finished!
********** replication  160  **********
epoch   0 LossPred 1.0396 LossAtt 1.0000 TrainAcc 0.4500 TestAcc 0.5026 0.4500
epoch 100 LossPred 0.8305 LossAtt 1.0000 TrainAcc 0.6800 TestAcc 0.6201 0.6800
epoch 200 LossPred 0.2254 LossAtt 1.0000 TrainAcc 0.9800 TestAcc 0.9333 0.9300
epoch 300 LossPred 0.0435 LossAtt 1.0000 TrainAcc 1.0000 TestAcc 0.9682 0.9400
Optimization Finished!
********** replication  161  **********
epoch   0 LossPred 1.1063 LossAtt 1.0000 TrainAcc 0.4600 TestAcc 0.4466 0.4200
epoch 100 LossPred 0.7503 LossAtt 1.0000 TrainAcc 0.7200 TestAcc 0.6042 0.7300
epoch 200 LossPred 0.1554 LossAtt 1.0000 TrainAcc 0.9800 TestAcc 0.8783 0.9300
epoch 300 LossPred 0.0856 LossAtt 1.0000 TrainAcc 0.9800 TestAcc 0.8824 0.9250
epoch 400 LossPred 0.0540 LossAtt 1.0000 TrainAcc 0.9900 TestAcc 0.8860 0.9350
epoch 500 LossPred 0.0137 LossAtt 1.0000 TrainAcc 1.0000 TestAcc 0.8794 0.9350
Optimization Finished!
********** replication  162  **********
epoch   0 LossPred 1.3384 LossAtt 1.0000 TrainAcc 0.4000 TestAcc 0.4512 0.3750
epoch 100 LossPred 0.8095 LossAtt 1.0000 TrainAcc 0.7500 TestAcc 0.6509 0.7300
epoch 200 LossPred 0.3605 LossAtt 1.0000 TrainAcc 0.9200 TestAcc 0.8778 0.8700
epoch 300 LossPred 0.0829 LossAtt 1.0000 TrainAcc 1.0000 TestAcc 0.9579 0.9350
Optimization Finished!
********** replication  163  **********
epoch   0 LossPred 0.9790 LossAtt 1.0000 TrainAcc 0.6200 TestAcc 0.6232 0.6000
epoch 100 LossPred 0.2851 LossAtt 1.0000 TrainAcc 0.9300 TestAcc 0.8768 0.9250
epoch 200 LossPred 0.0740 LossAtt 1.0000 TrainAcc 0.9900 TestAcc 0.8912 0.9700
epoch 300 LossPred 0.0489 LossAtt 1.0000 TrainAcc 0.9900 TestAcc 0.9071 0.9700
epoch 400 LossPred 0.0087 LossAtt 1.0000 TrainAcc 1.0000 TestAcc 0.9122 0.9750
Optimization Finished!
********** replication  164  **********
epoch   0 LossPred 1.0737 LossAtt 1.0000 TrainAcc 0.4900 TestAcc 0.6042 0.5100
epoch 100 LossPred 0.8833 LossAtt 1.0000 TrainAcc 0.6600 TestAcc 0.6807 0.6700
epoch 200 LossPred 0.1435 LossAtt 1.0000 TrainAcc 0.9800 TestAcc 0.9102 0.8900
epoch 300 LossPred 0.0492 LossAtt 1.0000 TrainAcc 1.0000 TestAcc 0.9651 0.9200
Optimization Finished!
********** replication  165  **********
epoch   0 LossPred 1.0278 LossAtt 1.0000 TrainAcc 0.4700 TestAcc 0.5015 0.4850
epoch 100 LossPred 0.6583 LossAtt 1.0000 TrainAcc 0.7600 TestAcc 0.7731 0.7500
epoch 200 LossPred 0.1242 LossAtt 1.0000 TrainAcc 0.9800 TestAcc 0.9502 0.9250
epoch 300 LossPred 0.0699 LossAtt 1.0000 TrainAcc 0.9800 TestAcc 0.9636 0.9150
epoch 400 LossPred 0.0214 LossAtt 1.0000 TrainAcc 1.0000 TestAcc 0.9846 0.9500
Optimization Finished!
********** replication  166  **********
epoch   0 LossPred 1.0570 LossAtt 1.0000 TrainAcc 0.4400 TestAcc 0.4097 0.4750
epoch 100 LossPred 0.7005 LossAtt 1.0000 TrainAcc 0.8000 TestAcc 0.7469 0.7850
epoch 200 LossPred 0.1343 LossAtt 1.0000 TrainAcc 0.9800 TestAcc 0.9184 0.9550
epoch 300 LossPred 0.0476 LossAtt 1.0000 TrainAcc 1.0000 TestAcc 0.9415 0.9600
Optimization Finished!
********** replication  167  **********
epoch   0 LossPred 0.9897 LossAtt 1.0000 TrainAcc 0.5300 TestAcc 0.5744 0.5450
epoch 100 LossPred 0.9084 LossAtt 1.0000 TrainAcc 0.6200 TestAcc 0.4784 0.6150
epoch 200 LossPred 0.1736 LossAtt 1.0000 TrainAcc 0.9700 TestAcc 0.8229 0.9300
epoch 300 LossPred 0.0520 LossAtt 1.0000 TrainAcc 1.0000 TestAcc 0.8973 0.9550
Optimization Finished!
********** replication  168  **********
epoch   0 LossPred 0.9683 LossAtt 1.0000 TrainAcc 0.5700 TestAcc 0.5898 0.5550
epoch 100 LossPred 0.8673 LossAtt 1.0000 TrainAcc 0.6300 TestAcc 0.6227 0.6300
epoch 200 LossPred 0.0734 LossAtt 1.0000 TrainAcc 1.0000 TestAcc 0.9661 0.9650
Optimization Finished!
********** replication  169  **********
epoch   0 LossPred 1.0006 LossAtt 1.0000 TrainAcc 0.5300 TestAcc 0.4979 0.5700
epoch 100 LossPred 0.7028 LossAtt 1.0000 TrainAcc 0.7400 TestAcc 0.7315 0.7350
epoch 200 LossPred 0.1120 LossAtt 1.0000 TrainAcc 0.9900 TestAcc 0.9399 0.9550
epoch 300 LossPred 0.0446 LossAtt 1.0000 TrainAcc 0.9900 TestAcc 0.9646 0.9600
epoch 400 LossPred 0.0116 LossAtt 1.0000 TrainAcc 1.0000 TestAcc 0.9846 0.9750
Optimization Finished!
********** replication  170  **********
epoch   0 LossPred 0.9973 LossAtt 1.0000 TrainAcc 0.5400 TestAcc 0.5339 0.5450
epoch 100 LossPred 0.5379 LossAtt 1.0000 TrainAcc 0.8900 TestAcc 0.8455 0.8700
epoch 200 LossPred 0.1103 LossAtt 1.0000 TrainAcc 0.9800 TestAcc 0.9307 0.9500
epoch 300 LossPred 0.0551 LossAtt 1.0000 TrainAcc 0.9900 TestAcc 0.9358 0.9550
epoch 400 LossPred 0.0285 LossAtt 1.0000 TrainAcc 1.0000 TestAcc 0.9374 0.9600
Optimization Finished!
********** replication  171  **********
epoch   0 LossPred 1.1989 LossAtt 1.0000 TrainAcc 0.4700 TestAcc 0.5015 0.4550
epoch 100 LossPred 0.8869 LossAtt 1.0000 TrainAcc 0.6500 TestAcc 0.6217 0.6450
epoch 200 LossPred 0.3231 LossAtt 1.0000 TrainAcc 0.9200 TestAcc 0.8845 0.8900
epoch 300 LossPred 0.0607 LossAtt 1.0000 TrainAcc 1.0000 TestAcc 0.9204 0.9700
Optimization Finished!
********** replication  172  **********
epoch   0 LossPred 1.1056 LossAtt 1.0000 TrainAcc 0.4100 TestAcc 0.3860 0.4350
epoch 100 LossPred 0.7351 LossAtt 1.0000 TrainAcc 0.7500 TestAcc 0.6597 0.7450
epoch 200 LossPred 0.1800 LossAtt 1.0000 TrainAcc 1.0000 TestAcc 0.9122 0.9400
Optimization Finished!
********** replication  173  **********
epoch   0 LossPred 1.1947 LossAtt 1.0000 TrainAcc 0.5100 TestAcc 0.4440 0.5000
epoch 100 LossPred 0.8290 LossAtt 1.0000 TrainAcc 0.6800 TestAcc 0.6951 0.6800
epoch 200 LossPred 0.1628 LossAtt 1.0000 TrainAcc 0.9800 TestAcc 0.9615 0.9300
epoch 300 LossPred 0.0674 LossAtt 1.0000 TrainAcc 1.0000 TestAcc 0.9743 0.9600
Optimization Finished!
********** replication  174  **********
epoch   0 LossPred 1.2169 LossAtt 1.0000 TrainAcc 0.4400 TestAcc 0.5031 0.4600
epoch 100 LossPred 0.7016 LossAtt 1.0000 TrainAcc 0.7800 TestAcc 0.6894 0.8100
epoch 200 LossPred 0.1650 LossAtt 1.0000 TrainAcc 0.9900 TestAcc 0.9066 0.9650
epoch 300 LossPred 0.0720 LossAtt 1.0000 TrainAcc 1.0000 TestAcc 0.9004 0.9600
Optimization Finished!
********** replication  175  **********
epoch   0 LossPred 1.0203 LossAtt 1.0000 TrainAcc 0.4600 TestAcc 0.4610 0.4650
epoch 100 LossPred 0.5403 LossAtt 1.0000 TrainAcc 0.8600 TestAcc 0.8306 0.8550
epoch 200 LossPred 0.0805 LossAtt 1.0000 TrainAcc 1.0000 TestAcc 0.9415 0.9750
Optimization Finished!
********** replication  176  **********
epoch   0 LossPred 1.0416 LossAtt 1.0000 TrainAcc 0.4700 TestAcc 0.4338 0.4700
epoch 100 LossPred 0.2647 LossAtt 1.0000 TrainAcc 0.9500 TestAcc 0.9256 0.9500
epoch 200 LossPred 0.0587 LossAtt 1.0000 TrainAcc 1.0000 TestAcc 0.9487 0.9850
Optimization Finished!
********** replication  177  **********
epoch   0 LossPred 0.9455 LossAtt 1.0000 TrainAcc 0.5900 TestAcc 0.5467 0.5300
epoch 100 LossPred 0.4894 LossAtt 1.0000 TrainAcc 0.8600 TestAcc 0.7726 0.8350
epoch 200 LossPred 0.0775 LossAtt 1.0000 TrainAcc 1.0000 TestAcc 0.9435 0.9550
Optimization Finished!
********** replication  178  **********
epoch   0 LossPred 0.9984 LossAtt 1.0000 TrainAcc 0.5600 TestAcc 0.5647 0.5450
epoch 100 LossPred 0.8639 LossAtt 1.0000 TrainAcc 0.6900 TestAcc 0.5755 0.6650
epoch 200 LossPred 0.2120 LossAtt 1.0000 TrainAcc 0.9500 TestAcc 0.8989 0.9200
epoch 300 LossPred 0.0755 LossAtt 1.0000 TrainAcc 0.9900 TestAcc 0.9348 0.9550
epoch 400 LossPred 0.0211 LossAtt 1.0000 TrainAcc 1.0000 TestAcc 0.9245 0.9500
Optimization Finished!
********** replication  179  **********
epoch   0 LossPred 1.0847 LossAtt 1.0000 TrainAcc 0.5000 TestAcc 0.4641 0.4700
epoch 100 LossPred 0.6484 LossAtt 1.0000 TrainAcc 0.8000 TestAcc 0.8111 0.7900
epoch 200 LossPred 0.1764 LossAtt 1.0000 TrainAcc 0.9800 TestAcc 0.9194 0.9650
epoch 300 LossPred 0.0663 LossAtt 1.0000 TrainAcc 1.0000 TestAcc 0.9548 0.9650
Optimization Finished!
********** replication  180  **********
epoch   0 LossPred 1.0106 LossAtt 1.0000 TrainAcc 0.5000 TestAcc 0.4887 0.5000
epoch 100 LossPred 0.8363 LossAtt 1.0000 TrainAcc 0.6800 TestAcc 0.6201 0.6800
epoch 200 LossPred 0.1133 LossAtt 1.0000 TrainAcc 0.9900 TestAcc 0.9009 0.9850
epoch 300 LossPred 0.0294 LossAtt 1.0000 TrainAcc 1.0000 TestAcc 0.8681 0.9850
Optimization Finished!
********** replication  181  **********
epoch   0 LossPred 1.0486 LossAtt 1.0000 TrainAcc 0.5100 TestAcc 0.4995 0.5150
epoch 100 LossPred 0.7360 LossAtt 1.0000 TrainAcc 0.7300 TestAcc 0.6535 0.7650
epoch 200 LossPred 0.1969 LossAtt 1.0000 TrainAcc 0.9700 TestAcc 0.9086 0.9150
epoch 300 LossPred 0.0897 LossAtt 1.0000 TrainAcc 0.9800 TestAcc 0.9102 0.9200
epoch 400 LossPred 0.0294 LossAtt 1.0000 TrainAcc 1.0000 TestAcc 0.9281 0.9250
Optimization Finished!
********** replication  182  **********
epoch   0 LossPred 1.0638 LossAtt 1.0000 TrainAcc 0.5000 TestAcc 0.4066 0.4750
epoch 100 LossPred 0.6010 LossAtt 1.0000 TrainAcc 0.8200 TestAcc 0.7695 0.8100
epoch 200 LossPred 0.1783 LossAtt 1.0000 TrainAcc 0.9800 TestAcc 0.9266 0.9400
epoch 300 LossPred 0.0983 LossAtt 1.0000 TrainAcc 0.9800 TestAcc 0.9358 0.9450
epoch 400 LossPred 0.0483 LossAtt 1.0000 TrainAcc 0.9900 TestAcc 0.9317 0.9500
epoch 500 LossPred 0.0299 LossAtt 1.0000 TrainAcc 1.0000 TestAcc 0.9245 0.9450
Optimization Finished!
********** replication  183  **********
epoch   0 LossPred 1.0170 LossAtt 1.0000 TrainAcc 0.6600 TestAcc 0.6211 0.6150
epoch 100 LossPred 0.7346 LossAtt 1.0000 TrainAcc 0.7300 TestAcc 0.6514 0.7100
epoch 200 LossPred 0.1437 LossAtt 1.0000 TrainAcc 0.9900 TestAcc 0.9512 0.9650
epoch 300 LossPred 0.0334 LossAtt 1.0000 TrainAcc 1.0000 TestAcc 0.9358 0.9550
Optimization Finished!
********** replication  184  **********
epoch   0 LossPred 1.0348 LossAtt 1.0000 TrainAcc 0.4100 TestAcc 0.4533 0.3950
epoch 100 LossPred 0.4598 LossAtt 1.0000 TrainAcc 0.9100 TestAcc 0.8619 0.8700
epoch 200 LossPred 0.1106 LossAtt 1.0000 TrainAcc 0.9800 TestAcc 0.9579 0.9350
epoch 300 LossPred 0.0694 LossAtt 1.0000 TrainAcc 0.9800 TestAcc 0.9559 0.9350
epoch 400 LossPred 0.0435 LossAtt 1.0000 TrainAcc 0.9900 TestAcc 0.9543 0.9500
epoch 500 LossPred 0.0178 LossAtt 1.0000 TrainAcc 1.0000 TestAcc 0.9774 0.9650
Optimization Finished!
********** replication  185  **********
epoch   0 LossPred 1.1231 LossAtt 1.0000 TrainAcc 0.4500 TestAcc 0.4209 0.4450
epoch 100 LossPred 0.8016 LossAtt 1.0000 TrainAcc 0.6800 TestAcc 0.7012 0.7000
epoch 200 LossPred 0.1213 LossAtt 1.0000 TrainAcc 0.9800 TestAcc 0.9523 0.9650
epoch 300 LossPred 0.0436 LossAtt 1.0000 TrainAcc 1.0000 TestAcc 0.9363 0.9750
Optimization Finished!
********** replication  186  **********
epoch   0 LossPred 1.1504 LossAtt 1.0000 TrainAcc 0.4100 TestAcc 0.4112 0.4550
epoch 100 LossPred 0.7503 LossAtt 1.0000 TrainAcc 0.7300 TestAcc 0.6176 0.7300
epoch 200 LossPred 0.1333 LossAtt 1.0000 TrainAcc 0.9900 TestAcc 0.9271 0.9400
epoch 300 LossPred 0.0669 LossAtt 1.0000 TrainAcc 0.9900 TestAcc 0.9204 0.9400
epoch 400 LossPred 0.0437 LossAtt 1.0000 TrainAcc 1.0000 TestAcc 0.9271 0.9450
Optimization Finished!
********** replication  187  **********
epoch   0 LossPred 1.2173 LossAtt 1.0000 TrainAcc 0.4000 TestAcc 0.4014 0.4450
epoch 100 LossPred 0.8412 LossAtt 1.0000 TrainAcc 0.6700 TestAcc 0.6206 0.6700
epoch 200 LossPred 0.2121 LossAtt 1.0000 TrainAcc 0.9800 TestAcc 0.9251 0.9200
epoch 300 LossPred 0.0676 LossAtt 1.0000 TrainAcc 1.0000 TestAcc 0.9743 0.9600
Optimization Finished!
********** replication  188  **********
epoch   0 LossPred 1.0372 LossAtt 1.0000 TrainAcc 0.6000 TestAcc 0.6242 0.5700
epoch 100 LossPred 0.6805 LossAtt 1.0000 TrainAcc 0.7200 TestAcc 0.7402 0.7450
epoch 200 LossPred 0.1318 LossAtt 1.0000 TrainAcc 0.9700 TestAcc 0.9215 0.9500
epoch 300 LossPred 0.0683 LossAtt 1.0000 TrainAcc 1.0000 TestAcc 0.9641 0.9600
Optimization Finished!
********** replication  189  **********
epoch   0 LossPred 1.0458 LossAtt 1.0000 TrainAcc 0.5000 TestAcc 0.4995 0.5000
epoch 100 LossPred 0.6925 LossAtt 1.0000 TrainAcc 0.8100 TestAcc 0.7988 0.7800
epoch 200 LossPred 0.1386 LossAtt 1.0000 TrainAcc 0.9800 TestAcc 0.9517 0.9200
epoch 300 LossPred 0.0574 LossAtt 1.0000 TrainAcc 1.0000 TestAcc 0.9641 0.9350
Optimization Finished!
********** replication  190  **********
epoch   0 LossPred 1.0217 LossAtt 1.0000 TrainAcc 0.5300 TestAcc 0.5714 0.5100
epoch 100 LossPred 0.8427 LossAtt 1.0000 TrainAcc 0.6800 TestAcc 0.6366 0.6650
epoch 200 LossPred 0.0728 LossAtt 1.0000 TrainAcc 0.9900 TestAcc 0.9179 0.9450
epoch 300 LossPred 0.0453 LossAtt 1.0000 TrainAcc 0.9900 TestAcc 0.9122 0.9450
epoch 400 LossPred 0.0367 LossAtt 1.0000 TrainAcc 0.9900 TestAcc 0.9148 0.9500
epoch 500 LossPred 0.0193 LossAtt 1.0000 TrainAcc 1.0000 TestAcc 0.9256 0.9500
Optimization Finished!
********** replication  191  **********
epoch   0 LossPred 1.0683 LossAtt 1.0000 TrainAcc 0.5500 TestAcc 0.4974 0.5500
epoch 100 LossPred 0.7261 LossAtt 1.0000 TrainAcc 0.7500 TestAcc 0.6427 0.7100
epoch 200 LossPred 0.1454 LossAtt 1.0000 TrainAcc 1.0000 TestAcc 0.9692 0.9300
Optimization Finished!
********** replication  192  **********
epoch   0 LossPred 1.0401 LossAtt 1.0000 TrainAcc 0.4400 TestAcc 0.5195 0.5000
epoch 100 LossPred 0.7426 LossAtt 1.0000 TrainAcc 0.7000 TestAcc 0.6294 0.6850
epoch 200 LossPred 0.2089 LossAtt 1.0000 TrainAcc 0.9400 TestAcc 0.9097 0.9200
epoch 300 LossPred 0.0835 LossAtt 1.0000 TrainAcc 0.9900 TestAcc 0.9389 0.9750
epoch 400 LossPred 0.0186 LossAtt 1.0000 TrainAcc 1.0000 TestAcc 0.9553 0.9800
Optimization Finished!
********** replication  193  **********
epoch   0 LossPred 0.9321 LossAtt 1.0000 TrainAcc 0.6300 TestAcc 0.6227 0.6350
epoch 100 LossPred 0.2595 LossAtt 1.0000 TrainAcc 0.9300 TestAcc 0.8773 0.9100
epoch 200 LossPred 0.0799 LossAtt 1.0000 TrainAcc 1.0000 TestAcc 0.9867 0.9550
Optimization Finished!
********** replication  194  **********
epoch   0 LossPred 0.9577 LossAtt 1.0000 TrainAcc 0.5900 TestAcc 0.5672 0.5650
epoch 100 LossPred 0.7514 LossAtt 1.0000 TrainAcc 0.6700 TestAcc 0.7238 0.6900
epoch 200 LossPred 0.0787 LossAtt 1.0000 TrainAcc 1.0000 TestAcc 0.9620 0.9400
Optimization Finished!
********** replication  195  **********
epoch   0 LossPred 0.9520 LossAtt 1.0000 TrainAcc 0.6900 TestAcc 0.6196 0.6700
epoch 100 LossPred 0.7747 LossAtt 1.0000 TrainAcc 0.6900 TestAcc 0.7017 0.6850
epoch 200 LossPred 0.1334 LossAtt 1.0000 TrainAcc 0.9800 TestAcc 0.9122 0.9400
epoch 300 LossPred 0.0617 LossAtt 1.0000 TrainAcc 1.0000 TestAcc 0.9389 0.9350
Optimization Finished!
********** replication  196  **********
epoch   0 LossPred 1.0055 LossAtt 1.0000 TrainAcc 0.5400 TestAcc 0.4979 0.5450
epoch 100 LossPred 0.6995 LossAtt 1.0000 TrainAcc 0.7800 TestAcc 0.6571 0.7850
epoch 200 LossPred 0.1295 LossAtt 1.0000 TrainAcc 0.9700 TestAcc 0.9112 0.9450
epoch 300 LossPred 0.0364 LossAtt 1.0000 TrainAcc 1.0000 TestAcc 0.9487 0.9700
Optimization Finished!
********** replication  197  **********
epoch   0 LossPred 0.9255 LossAtt 1.0000 TrainAcc 0.6600 TestAcc 0.5637 0.5850
epoch 100 LossPred 0.5572 LossAtt 1.0000 TrainAcc 0.8400 TestAcc 0.7361 0.8000
epoch 200 LossPred 0.1931 LossAtt 1.0000 TrainAcc 0.9600 TestAcc 0.9148 0.9200
epoch 300 LossPred 0.1101 LossAtt 1.0000 TrainAcc 0.9800 TestAcc 0.9225 0.9350
epoch 400 LossPred 0.0550 LossAtt 1.0000 TrainAcc 0.9900 TestAcc 0.9086 0.9400
epoch 500 LossPred 0.0410 LossAtt 1.0000 TrainAcc 0.9900 TestAcc 0.8876 0.9350
epoch 600 LossPred 0.0172 LossAtt 1.0000 TrainAcc 1.0000 TestAcc 0.8907 0.9450
Optimization Finished!
********** replication  198  **********
epoch   0 LossPred 1.1768 LossAtt 1.0000 TrainAcc 0.3000 TestAcc 0.3809 0.2900
epoch 100 LossPred 0.7555 LossAtt 1.0000 TrainAcc 0.7000 TestAcc 0.6191 0.7150
epoch 200 LossPred 0.2738 LossAtt 1.0000 TrainAcc 0.9700 TestAcc 0.8778 0.9400
epoch 300 LossPred 0.0948 LossAtt 1.0000 TrainAcc 1.0000 TestAcc 0.9276 0.9450
Optimization Finished!
********** replication  199  **********
epoch   0 LossPred 0.9651 LossAtt 1.0000 TrainAcc 0.5900 TestAcc 0.5488 0.6050
epoch 100 LossPred 0.7047 LossAtt 1.0000 TrainAcc 0.7200 TestAcc 0.7084 0.7400
epoch 200 LossPred 0.0712 LossAtt 1.0000 TrainAcc 0.9900 TestAcc 0.9286 0.9700
epoch 300 LossPred 0.0261 LossAtt 1.0000 TrainAcc 1.0000 TestAcc 0.9071 0.9750
Optimization Finished!
********************************************************************
Namespace(arch='tanh', attr_loss_start=1, batch_size=256, display_epoch=100, early_stop=True, input_noise_level=0.15, latent_attractor_space=True, loss_switch_frequency=0, lrate_attractor=0.0, lrate_prediction=0.002, lrate_wt_penalty=0.0, n_attractor_hidden=20, n_attractor_steps=0, n_hidden=10, n_replications=200, n_train=0, noise_level=0.25, report_best_train_performance=True, seq_len=11, task='majority', train_attr_weights_on_prediction=False, training_epochs=2500)
********************************************************************
mean train accuracy 1.0
indiv runs  [1.0, 1.0, 1.0, 1.0, 1.0, 1.0, 1.0, 1.0, 1.0, 1.0, 1.0, 1.0, 1.0, 1.0, 1.0, 1.0, 1.0, 1.0, 1.0, 1.0, 1.0, 1.0, 1.0, 1.0, 1.0, 1.0, 1.0, 1.0, 1.0, 1.0, 1.0, 1.0, 1.0, 1.0, 1.0, 1.0, 1.0, 1.0, 1.0, 1.0, 1.0, 1.0, 1.0, 1.0, 1.0, 1.0, 1.0, 1.0, 1.0, 1.0, 1.0, 1.0, 1.0, 1.0, 1.0, 1.0, 1.0, 1.0, 1.0, 1.0, 1.0, 1.0, 1.0, 1.0, 1.0, 1.0, 1.0, 1.0, 1.0, 1.0, 1.0, 1.0, 1.0, 1.0, 1.0, 1.0, 1.0, 1.0, 1.0, 1.0, 1.0, 1.0, 1.0, 1.0, 1.0, 1.0, 1.0, 1.0, 1.0, 1.0, 1.0, 1.0, 1.0, 1.0, 1.0, 1.0, 1.0, 1.0, 1.0, 1.0, 1.0, 1.0, 1.0, 1.0, 1.0, 1.0, 1.0, 1.0, 1.0, 1.0, 1.0, 1.0, 1.0, 1.0, 1.0, 1.0, 1.0, 1.0, 1.0, 1.0, 1.0, 1.0, 1.0, 1.0, 1.0, 1.0, 1.0, 1.0, 1.0, 1.0, 1.0, 1.0, 1.0, 1.0, 1.0, 1.0, 1.0, 1.0, 1.0, 1.0, 1.0, 1.0, 1.0, 1.0, 1.0, 1.0, 1.0, 1.0, 1.0, 1.0, 1.0, 1.0, 1.0, 1.0, 1.0, 1.0, 1.0, 1.0, 1.0, 1.0, 1.0, 1.0, 1.0, 1.0, 1.0, 1.0, 1.0, 1.0, 1.0, 1.0, 1.0, 1.0, 1.0, 1.0, 1.0, 1.0, 1.0, 1.0, 1.0, 1.0, 1.0, 1.0, 1.0, 1.0, 1.0, 1.0, 1.0, 1.0, 1.0, 1.0, 1.0, 1.0, 1.0, 1.0, 1.0, 1.0, 1.0, 1.0, 1.0, 1.0]
mean epoch 379.0
indiv epochs  [501, 201, 201, 201, 801, 301, 501, 301, 401, 501, 501, 901, 201, 401, 301, 401, 601, 1701, 201, 301, 401, 201, 301, 501, 301, 401, 301, 301, 401, 301, 301, 601, 201, 301, 301, 301, 401, 301, 701, 301, 301, 301, 401, 301, 401, 201, 401, 501, 301, 201, 301, 301, 301, 301, 301, 401, 301, 501, 301, 501, 201, 301, 701, 301, 601, 201, 301, 201, 301, 601, 301, 301, 301, 301, 301, 501, 401, 301, 301, 301, 401, 301, 301, 401, 301, 501, 301, 401, 301, 301, 301, 301, 301, 301, 601, 201, 301, 401, 401, 301, 401, 1701, 301, 301, 201, 601, 501, 401, 401, 401, 401, 401, 301, 401, 301, 201, 201, 301, 501, 1001, 301, 501, 601, 401, 401, 501, 1401, 301, 301, 301, 301, 201, 301, 601, 901, 1301, 301, 401, 301, 201, 201, 401, 301, 201, 201, 301, 301, 301, 301, 401, 301, 401, 201, 401, 201, 501, 301, 501, 301, 301, 301, 501, 301, 401, 301, 401, 301, 301, 201, 401, 401, 301, 201, 301, 301, 201, 201, 201, 401, 301, 301, 401, 501, 301, 501, 301, 401, 301, 301, 301, 501, 201, 401, 201, 201, 301, 301, 601, 301, 301]
test1 accuracy mean  0.93740755  median  0.94045174
test2 accuracy mean  0.95575  median  0.96
test1 indiv runs  [0.90041065, 0.90862423, 0.9573922, 0.9584189, 0.95482546, 0.91529775, 0.8690965, 0.9399384, 0.9183778, 0.9183778, 0.9758727, 0.88295686, 0.90708417, 0.9178645, 0.9096509, 0.912731, 0.9435318, 0.9450719, 0.9440452, 0.9691992, 0.9686858, 0.93069816, 0.9106776, 0.91632444, 0.9255647, 0.9917864, 0.9537988, 0.926078, 0.9389117, 0.9922998, 0.9322382, 0.89681727, 0.90862423, 0.9440452, 0.9137577, 0.9409651, 0.93275154, 0.9255647, 0.9835729, 0.9332649, 0.9389117, 0.9389117, 0.9286448, 0.912731, 0.96303904, 0.97895277, 0.9409651, 0.9563655, 0.94609857, 0.9286448, 0.92402464, 0.9358316, 0.97843945, 0.9050308, 0.9609856, 0.9532854, 0.9409651, 0.9440452, 0.9650924, 0.96303904, 0.9137577, 0.97176594, 0.9301848, 0.9137577, 0.9040041, 0.976386, 0.9584189, 0.95482546, 0.8942505, 0.9440452, 0.9435318, 0.9609856, 0.9353183, 0.9301848, 0.95533884, 0.88911706, 0.95790553, 0.9291581, 0.9389117, 0.9312115, 0.9373717, 0.94609857, 0.9281314, 0.94917864, 0.94712526, 0.96252567, 0.9409651, 0.9358316, 0.9594456, 0.98870635, 0.95790553, 0.97433263, 0.9650924, 0.8957906, 0.8983573, 0.9676591, 0.8886037, 0.9430185, 0.9486653, 0.91427106, 0.94712526, 0.88141686, 0.9445585, 0.96406573, 0.93172485, 0.8973306, 0.9281314, 0.98767966, 0.9738193, 0.96303904, 0.9563655, 0.9178645, 0.92402464, 0.90554416, 0.9856263, 0.949692, 0.9045175, 0.90143734, 0.8655031, 0.88911706, 0.9537988, 0.9122177, 0.96971256, 0.98973304, 0.9194045, 0.94609857, 0.8536961, 0.936345, 0.90862423, 0.95790553, 0.9024641, 0.961499, 0.9845996, 0.90708417, 0.85831624, 0.8819302, 0.9348049, 0.94712526, 0.9117043, 0.949692, 0.9450719, 0.9286448, 0.9440452, 0.9527721, 0.95687884, 0.9291581, 0.9604723, 0.9486653, 0.9502053, 0.9666324, 0.951232, 0.92351127, 0.8983573, 0.9332649, 0.9589322, 0.8952772, 0.93942505, 0.98716635, 0.9183778, 0.9604723, 0.9681725, 0.8793635, 0.95790553, 0.9122177, 0.9650924, 0.9845996, 0.94147843, 0.8973306, 0.9661191, 0.9845996, 0.9373717, 0.9204312, 0.9122177, 0.97433263, 0.90041065, 0.94147843, 0.9486653, 0.9435318, 0.924538, 0.95482546, 0.8680698, 0.9281314, 0.924538, 0.9358316, 0.97741276, 0.936345, 0.9271047, 0.97433263, 0.96406573, 0.96406573, 0.9255647, 0.9691992, 0.95533884, 0.986653, 0.9620123, 0.9389117, 0.9486653, 0.89065707, 0.9276181, 0.90708417]
test2 indiv runs  [0.96, 0.915, 0.98, 0.95, 0.935, 0.97, 0.955, 0.985, 0.95, 0.95, 0.965, 0.955, 0.965, 0.96, 0.975, 0.96, 0.935, 0.97, 0.97, 0.945, 0.945, 0.96, 0.96, 0.965, 0.975, 0.955, 0.95, 0.94, 0.985, 0.945, 0.96, 0.955, 0.975, 0.97, 0.96, 0.965, 0.97, 0.95, 0.965, 0.965, 0.92, 0.955, 0.965, 0.975, 0.965, 0.905, 0.975, 0.965, 0.955, 0.945, 0.965, 0.965, 0.96, 0.97, 0.965, 0.97, 0.955, 0.965, 0.96, 0.945, 0.975, 0.945, 0.955, 0.945, 0.955, 0.945, 0.965, 0.955, 0.98, 0.96, 0.95, 0.945, 0.97, 0.945, 0.965, 0.97, 0.98, 0.975, 0.955, 0.965, 0.955, 0.95, 0.965, 0.98, 0.945, 0.99, 0.96, 0.96, 0.975, 0.945, 0.95, 0.935, 0.945, 0.985, 0.95, 0.95, 0.92, 0.96, 0.985, 0.94, 0.92, 0.92, 0.93, 0.955, 0.945, 0.95, 0.895, 0.915, 0.965, 0.92, 0.965, 0.95, 0.96, 0.98, 0.915, 0.98, 0.95, 0.97, 0.94, 0.95, 0.98, 0.955, 0.95, 0.965, 0.965, 0.95, 0.96, 0.93, 0.97, 0.975, 0.975, 0.96, 0.93, 0.925, 0.97, 0.95, 0.915, 0.96, 0.965, 0.98, 0.955, 0.965, 0.905, 0.935, 0.925, 0.96, 0.96, 0.97, 0.985, 0.945, 0.945, 0.96, 0.975, 0.975, 0.96, 0.95, 0.945, 0.95, 0.965, 0.955, 0.94, 0.935, 0.935, 0.975, 0.92, 0.95, 0.96, 0.955, 0.965, 0.975, 0.96, 0.97, 0.94, 0.96, 0.96, 0.975, 0.985, 0.955, 0.95, 0.965, 0.985, 0.925, 0.945, 0.955, 0.965, 0.975, 0.945, 0.96, 0.96, 0.935, 0.95, 0.93, 0.98, 0.955, 0.94, 0.935, 0.97, 0.945, 0.945, 0.975]
