Namespace(arch='tanh', batch_size=256, display_epoch=100, early_stop=True, input_noise_level=0.15, latent_attractor_space=True, loss_switch_frequency=0, lrate_attractor=0.0, lrate_prediction=0.002, lrate_wt_penalty=0.0, n_attractor_hidden=20, n_attractor_steps=0, n_hidden=10, n_replications=100, n_train=0, noise_level=0.25, report_best_train_performance=True, seq_len=15, task='majority', train_attr_weights_on_prediction=False, training_epochs=2500)
TRAINING ON 100 EXAMPLES, TESTING ON 3996
********** replication  0  **********
epoch   0 LossPred 1.1024 LossAtt 1.0000 TrainAcc 0.5800 TestAcc 0.5848 0.4950
epoch 100 LossPred 0.8751 LossAtt 1.0000 TrainAcc 0.6400 TestAcc 0.6116 0.6300
epoch 200 LossPred 0.2234 LossAtt 1.0000 TrainAcc 0.9900 TestAcc 0.9379 0.9500
epoch 300 LossPred 0.0573 LossAtt 1.0000 TrainAcc 1.0000 TestAcc 0.9474 0.9450
Optimization Finished!
********** replication  1  **********
epoch   0 LossPred 1.0933 LossAtt 1.0000 TrainAcc 0.4800 TestAcc 0.4717 0.4800
epoch 100 LossPred 0.6342 LossAtt 1.0000 TrainAcc 0.8700 TestAcc 0.8649 0.8600
epoch 200 LossPred 0.2558 LossAtt 1.0000 TrainAcc 0.9300 TestAcc 0.8981 0.9050
epoch 300 LossPred 0.0813 LossAtt 1.0000 TrainAcc 1.0000 TestAcc 0.9259 0.9350
Optimization Finished!
********** replication  2  **********
epoch   0 LossPred 1.0661 LossAtt 1.0000 TrainAcc 0.4000 TestAcc 0.4284 0.3850
epoch 100 LossPred 0.9122 LossAtt 1.0000 TrainAcc 0.6500 TestAcc 0.6311 0.6300
epoch 200 LossPred 0.2356 LossAtt 1.0000 TrainAcc 0.9200 TestAcc 0.9074 0.9050
epoch 300 LossPred 0.0629 LossAtt 1.0000 TrainAcc 0.9900 TestAcc 0.9442 0.9200
epoch 400 LossPred 0.0263 LossAtt 1.0000 TrainAcc 1.0000 TestAcc 0.9442 0.9350
Optimization Finished!
********** replication  3  **********
epoch   0 LossPred 0.9936 LossAtt 1.0000 TrainAcc 0.4900 TestAcc 0.4727 0.4900
epoch 100 LossPred 0.7856 LossAtt 1.0000 TrainAcc 0.6900 TestAcc 0.6284 0.6950
epoch 200 LossPred 0.2321 LossAtt 1.0000 TrainAcc 0.9400 TestAcc 0.9472 0.9200
epoch 300 LossPred 0.0482 LossAtt 1.0000 TrainAcc 1.0000 TestAcc 0.9277 0.9200
Optimization Finished!
********** replication  4  **********
epoch   0 LossPred 1.0021 LossAtt 1.0000 TrainAcc 0.4900 TestAcc 0.5090 0.4900
epoch 100 LossPred 0.8393 LossAtt 1.0000 TrainAcc 0.6900 TestAcc 0.5893 0.6900
epoch 200 LossPred 0.2339 LossAtt 1.0000 TrainAcc 0.9500 TestAcc 0.8836 0.9050
epoch 300 LossPred 0.1376 LossAtt 1.0000 TrainAcc 0.9500 TestAcc 0.8944 0.9050
epoch 400 LossPred 0.1131 LossAtt 1.0000 TrainAcc 0.9700 TestAcc 0.9004 0.9200
epoch 500 LossPred 0.0958 LossAtt 1.0000 TrainAcc 0.9700 TestAcc 0.8971 0.9150
epoch 600 LossPred 0.0501 LossAtt 1.0000 TrainAcc 0.9900 TestAcc 0.8969 0.9250
epoch 700 LossPred 0.0386 LossAtt 1.0000 TrainAcc 0.9900 TestAcc 0.9027 0.9350
epoch 800 LossPred 0.0329 LossAtt 1.0000 TrainAcc 0.9900 TestAcc 0.9019 0.9400
epoch 900 LossPred 0.0291 LossAtt 1.0000 TrainAcc 0.9900 TestAcc 0.9009 0.9450
epoch 1000 LossPred 0.0257 LossAtt 1.0000 TrainAcc 0.9900 TestAcc 0.9024 0.9500
epoch 1100 LossPred 0.0199 LossAtt 1.0000 TrainAcc 1.0000 TestAcc 0.9017 0.9450
Optimization Finished!
********** replication  5  **********
epoch   0 LossPred 1.1181 LossAtt 1.0000 TrainAcc 0.3800 TestAcc 0.4147 0.3700
epoch 100 LossPred 0.9051 LossAtt 1.0000 TrainAcc 0.6700 TestAcc 0.5771 0.6500
epoch 200 LossPred 0.5857 LossAtt 1.0000 TrainAcc 0.8200 TestAcc 0.7708 0.8000
epoch 300 LossPred 0.1006 LossAtt 1.0000 TrainAcc 0.9900 TestAcc 0.8981 0.9400
epoch 400 LossPred 0.0443 LossAtt 1.0000 TrainAcc 1.0000 TestAcc 0.8849 0.9450
Optimization Finished!
********** replication  6  **********
epoch   0 LossPred 1.2323 LossAtt 1.0000 TrainAcc 0.5000 TestAcc 0.4915 0.4800
epoch 100 LossPred 0.9667 LossAtt 1.0000 TrainAcc 0.5500 TestAcc 0.6036 0.5500
epoch 200 LossPred 0.4012 LossAtt 1.0000 TrainAcc 0.8900 TestAcc 0.8836 0.8800
epoch 300 LossPred 0.2384 LossAtt 1.0000 TrainAcc 0.9400 TestAcc 0.8741 0.9350
epoch 400 LossPred 0.1611 LossAtt 1.0000 TrainAcc 0.9500 TestAcc 0.8849 0.9450
epoch 500 LossPred 0.0382 LossAtt 1.0000 TrainAcc 1.0000 TestAcc 0.8881 0.9700
Optimization Finished!
********** replication  7  **********
epoch   0 LossPred 0.9824 LossAtt 1.0000 TrainAcc 0.6000 TestAcc 0.5503 0.6100
epoch 100 LossPred 0.7427 LossAtt 1.0000 TrainAcc 0.7300 TestAcc 0.6814 0.6950
epoch 200 LossPred 0.3070 LossAtt 1.0000 TrainAcc 0.9000 TestAcc 0.8646 0.8150
epoch 300 LossPred 0.2253 LossAtt 1.0000 TrainAcc 0.9300 TestAcc 0.8801 0.8650
epoch 400 LossPred 0.1419 LossAtt 1.0000 TrainAcc 0.9700 TestAcc 0.8894 0.8950
epoch 500 LossPred 0.1035 LossAtt 1.0000 TrainAcc 0.9800 TestAcc 0.9044 0.9100
epoch 600 LossPred 0.0787 LossAtt 1.0000 TrainAcc 0.9800 TestAcc 0.9022 0.9100
epoch 700 LossPred 0.0070 LossAtt 1.0000 TrainAcc 1.0000 TestAcc 0.8881 0.9350
Optimization Finished!
********** replication  8  **********
epoch   0 LossPred 1.3031 LossAtt 1.0000 TrainAcc 0.3000 TestAcc 0.3991 0.2900
epoch 100 LossPred 0.8251 LossAtt 1.0000 TrainAcc 0.7000 TestAcc 0.5976 0.7000
epoch 200 LossPred 0.7579 LossAtt 1.0000 TrainAcc 0.7300 TestAcc 0.5718 0.7300
epoch 300 LossPred 0.4081 LossAtt 1.0000 TrainAcc 0.9000 TestAcc 0.8013 0.8600
epoch 400 LossPred 0.1040 LossAtt 1.0000 TrainAcc 0.9900 TestAcc 0.9217 0.9200
epoch 500 LossPred 0.0355 LossAtt 1.0000 TrainAcc 1.0000 TestAcc 0.9347 0.9450
Optimization Finished!
********** replication  9  **********
epoch   0 LossPred 1.1292 LossAtt 1.0000 TrainAcc 0.4400 TestAcc 0.4987 0.4650
epoch 100 LossPred 0.8918 LossAtt 1.0000 TrainAcc 0.6800 TestAcc 0.6061 0.7100
epoch 200 LossPred 0.3940 LossAtt 1.0000 TrainAcc 0.9300 TestAcc 0.8946 0.8650
epoch 300 LossPred 0.0664 LossAtt 1.0000 TrainAcc 1.0000 TestAcc 0.9162 0.9100
Optimization Finished!
********** replication  10  **********
epoch   0 LossPred 1.0345 LossAtt 1.0000 TrainAcc 0.5200 TestAcc 0.5516 0.4850
epoch 100 LossPred 0.8730 LossAtt 1.0000 TrainAcc 0.6600 TestAcc 0.7012 0.6650
epoch 200 LossPred 0.1445 LossAtt 1.0000 TrainAcc 0.9700 TestAcc 0.9127 0.9450
epoch 300 LossPred 0.0830 LossAtt 1.0000 TrainAcc 0.9900 TestAcc 0.9189 0.9600
epoch 400 LossPred 0.0441 LossAtt 1.0000 TrainAcc 1.0000 TestAcc 0.9137 0.9600
Optimization Finished!
********** replication  11  **********
epoch   0 LossPred 1.1747 LossAtt 1.0000 TrainAcc 0.4700 TestAcc 0.5075 0.4700
epoch 100 LossPred 0.8897 LossAtt 1.0000 TrainAcc 0.6500 TestAcc 0.5943 0.6450
epoch 200 LossPred 0.5232 LossAtt 1.0000 TrainAcc 0.8800 TestAcc 0.8631 0.8300
epoch 300 LossPred 0.2576 LossAtt 1.0000 TrainAcc 0.9200 TestAcc 0.8771 0.8650
epoch 400 LossPred 0.2042 LossAtt 1.0000 TrainAcc 0.9500 TestAcc 0.8736 0.8550
epoch 500 LossPred 0.1614 LossAtt 1.0000 TrainAcc 0.9700 TestAcc 0.8736 0.8500
epoch 600 LossPred 0.0979 LossAtt 1.0000 TrainAcc 0.9800 TestAcc 0.8774 0.8900
epoch 700 LossPred 0.0784 LossAtt 1.0000 TrainAcc 0.9800 TestAcc 0.8706 0.9050
epoch 800 LossPred 0.0644 LossAtt 1.0000 TrainAcc 0.9800 TestAcc 0.8656 0.9050
epoch 900 LossPred 0.0178 LossAtt 1.0000 TrainAcc 1.0000 TestAcc 0.8644 0.9150
Optimization Finished!
********** replication  12  **********
epoch   0 LossPred 1.0431 LossAtt 1.0000 TrainAcc 0.4500 TestAcc 0.4412 0.4550
epoch 100 LossPred 0.8421 LossAtt 1.0000 TrainAcc 0.6600 TestAcc 0.6126 0.6400
epoch 200 LossPred 0.3171 LossAtt 1.0000 TrainAcc 0.9300 TestAcc 0.8111 0.8600
epoch 300 LossPred 0.1940 LossAtt 1.0000 TrainAcc 0.9600 TestAcc 0.8326 0.9050
epoch 400 LossPred 0.1307 LossAtt 1.0000 TrainAcc 0.9800 TestAcc 0.8498 0.9200
epoch 500 LossPred 0.1022 LossAtt 1.0000 TrainAcc 0.9800 TestAcc 0.8549 0.9350
epoch 600 LossPred 0.0848 LossAtt 1.0000 TrainAcc 0.9800 TestAcc 0.8554 0.9200
epoch 700 LossPred 0.0691 LossAtt 1.0000 TrainAcc 0.9900 TestAcc 0.8536 0.9200
epoch 800 LossPred 0.0539 LossAtt 1.0000 TrainAcc 0.9900 TestAcc 0.8536 0.9250
epoch 900 LossPred 0.0472 LossAtt 1.0000 TrainAcc 0.9900 TestAcc 0.8546 0.9300
epoch 1000 LossPred 0.0444 LossAtt 1.0000 TrainAcc 0.9900 TestAcc 0.8546 0.9350
epoch 1100 LossPred 0.0430 LossAtt 1.0000 TrainAcc 0.9900 TestAcc 0.8546 0.9350
epoch 1200 LossPred 0.0422 LossAtt 1.0000 TrainAcc 0.9900 TestAcc 0.8549 0.9400
epoch 1300 LossPred 0.0417 LossAtt 1.0000 TrainAcc 0.9900 TestAcc 0.8546 0.9400
epoch 1400 LossPred 0.0413 LossAtt 1.0000 TrainAcc 0.9900 TestAcc 0.8551 0.9400
epoch 1500 LossPred 0.0411 LossAtt 1.0000 TrainAcc 0.9900 TestAcc 0.8551 0.9400
epoch 1600 LossPred 0.0409 LossAtt 1.0000 TrainAcc 0.9900 TestAcc 0.8556 0.9400
epoch 1700 LossPred 0.0407 LossAtt 1.0000 TrainAcc 0.9900 TestAcc 0.8544 0.9400
epoch 1800 LossPred 0.0406 LossAtt 1.0000 TrainAcc 0.9900 TestAcc 0.8541 0.9400
epoch 1900 LossPred 0.0405 LossAtt 1.0000 TrainAcc 0.9900 TestAcc 0.8561 0.9400
epoch 2000 LossPred 0.0405 LossAtt 1.0000 TrainAcc 0.9900 TestAcc 0.8559 0.9400
epoch 2100 LossPred 0.0404 LossAtt 1.0000 TrainAcc 0.9900 TestAcc 0.8556 0.9400
epoch 2200 LossPred 0.0404 LossAtt 1.0000 TrainAcc 0.9900 TestAcc 0.8559 0.9400
epoch 2300 LossPred 0.0403 LossAtt 1.0000 TrainAcc 0.9900 TestAcc 0.8561 0.9400
epoch 2400 LossPred 0.0403 LossAtt 1.0000 TrainAcc 0.9900 TestAcc 0.8566 0.9400
epoch 2500 LossPred 0.0403 LossAtt 1.0000 TrainAcc 0.9900 TestAcc 0.8574 0.9400
Optimization Finished!
********** replication  13  **********
epoch   0 LossPred 1.2028 LossAtt 1.0000 TrainAcc 0.4000 TestAcc 0.4247 0.4000
epoch 100 LossPred 0.5667 LossAtt 1.0000 TrainAcc 0.8600 TestAcc 0.8116 0.8100
epoch 200 LossPred 0.1517 LossAtt 1.0000 TrainAcc 0.9800 TestAcc 0.9487 0.9100
epoch 300 LossPred 0.0725 LossAtt 1.0000 TrainAcc 0.9900 TestAcc 0.9439 0.9000
epoch 400 LossPred 0.0528 LossAtt 1.0000 TrainAcc 0.9900 TestAcc 0.9397 0.9000
epoch 500 LossPred 0.0381 LossAtt 1.0000 TrainAcc 0.9900 TestAcc 0.9369 0.9050
epoch 600 LossPred 0.0163 LossAtt 1.0000 TrainAcc 1.0000 TestAcc 0.9419 0.8950
Optimization Finished!
********** replication  14  **********
epoch   0 LossPred 1.0783 LossAtt 1.0000 TrainAcc 0.5000 TestAcc 0.4557 0.4600
epoch 100 LossPred 0.9179 LossAtt 1.0000 TrainAcc 0.6400 TestAcc 0.5688 0.6450
epoch 200 LossPred 0.6694 LossAtt 1.0000 TrainAcc 0.8100 TestAcc 0.6211 0.7650
epoch 300 LossPred 0.1556 LossAtt 1.0000 TrainAcc 0.9700 TestAcc 0.7893 0.9250
epoch 400 LossPred 0.0712 LossAtt 1.0000 TrainAcc 0.9900 TestAcc 0.8091 0.9550
epoch 500 LossPred 0.0167 LossAtt 1.0000 TrainAcc 1.0000 TestAcc 0.8243 0.9650
Optimization Finished!
********** replication  15  **********
epoch   0 LossPred 1.0135 LossAtt 1.0000 TrainAcc 0.5900 TestAcc 0.5888 0.5400
epoch 100 LossPred 0.8597 LossAtt 1.0000 TrainAcc 0.6400 TestAcc 0.6354 0.6400
epoch 200 LossPred 0.2123 LossAtt 1.0000 TrainAcc 0.9500 TestAcc 0.9157 0.9000
epoch 300 LossPred 0.0845 LossAtt 1.0000 TrainAcc 0.9800 TestAcc 0.9354 0.9150
epoch 400 LossPred 0.0381 LossAtt 1.0000 TrainAcc 1.0000 TestAcc 0.9297 0.9250
Optimization Finished!
********** replication  16  **********
epoch   0 LossPred 1.3700 LossAtt 1.0000 TrainAcc 0.4100 TestAcc 0.5008 0.4150
epoch 100 LossPred 0.9101 LossAtt 1.0000 TrainAcc 0.5800 TestAcc 0.5843 0.6000
epoch 200 LossPred 0.8627 LossAtt 1.0000 TrainAcc 0.6100 TestAcc 0.5628 0.6100
epoch 300 LossPred 0.3610 LossAtt 1.0000 TrainAcc 0.9600 TestAcc 0.8991 0.9000
epoch 400 LossPred 0.1889 LossAtt 1.0000 TrainAcc 0.9700 TestAcc 0.8881 0.9000
epoch 500 LossPred 0.1431 LossAtt 1.0000 TrainAcc 0.9700 TestAcc 0.8961 0.9450
epoch 600 LossPred 0.0476 LossAtt 1.0000 TrainAcc 1.0000 TestAcc 0.8964 0.9300
Optimization Finished!
********** replication  17  **********
epoch   0 LossPred 0.9976 LossAtt 1.0000 TrainAcc 0.5500 TestAcc 0.4672 0.5350
epoch 100 LossPred 0.5210 LossAtt 1.0000 TrainAcc 0.8600 TestAcc 0.8293 0.8600
epoch 200 LossPred 0.1133 LossAtt 1.0000 TrainAcc 0.9900 TestAcc 0.8849 0.9550
epoch 300 LossPred 0.0673 LossAtt 1.0000 TrainAcc 0.9900 TestAcc 0.8886 0.9600
epoch 400 LossPred 0.0534 LossAtt 1.0000 TrainAcc 0.9900 TestAcc 0.8899 0.9550
epoch 500 LossPred 0.0212 LossAtt 1.0000 TrainAcc 1.0000 TestAcc 0.8986 0.9700
Optimization Finished!
********** replication  18  **********
epoch   0 LossPred 1.0686 LossAtt 1.0000 TrainAcc 0.4900 TestAcc 0.4917 0.5050
epoch 100 LossPred 0.8220 LossAtt 1.0000 TrainAcc 0.7200 TestAcc 0.7135 0.7050
epoch 200 LossPred 0.0894 LossAtt 1.0000 TrainAcc 0.9900 TestAcc 0.8476 0.9450
epoch 300 LossPred 0.0603 LossAtt 1.0000 TrainAcc 0.9900 TestAcc 0.8406 0.9500
epoch 400 LossPred 0.0514 LossAtt 1.0000 TrainAcc 0.9900 TestAcc 0.8396 0.9500
epoch 500 LossPred 0.0467 LossAtt 1.0000 TrainAcc 0.9900 TestAcc 0.8376 0.9500
epoch 600 LossPred 0.0438 LossAtt 1.0000 TrainAcc 0.9900 TestAcc 0.8368 0.9500
epoch 700 LossPred 0.0418 LossAtt 1.0000 TrainAcc 0.9900 TestAcc 0.8368 0.9500
epoch 800 LossPred 0.0398 LossAtt 1.0000 TrainAcc 0.9900 TestAcc 0.8383 0.9550
epoch 900 LossPred 0.0317 LossAtt 1.0000 TrainAcc 0.9900 TestAcc 0.8501 0.9600
epoch 1000 LossPred 0.0070 LossAtt 1.0000 TrainAcc 1.0000 TestAcc 0.8478 0.9700
Optimization Finished!
********** replication  19  **********
epoch   0 LossPred 1.0446 LossAtt 1.0000 TrainAcc 0.5000 TestAcc 0.5305 0.4950
epoch 100 LossPred 0.7319 LossAtt 1.0000 TrainAcc 0.7500 TestAcc 0.7325 0.7300
epoch 200 LossPred 0.1871 LossAtt 1.0000 TrainAcc 0.9700 TestAcc 0.8584 0.9100
epoch 300 LossPred 0.1040 LossAtt 1.0000 TrainAcc 0.9900 TestAcc 0.8759 0.9450
epoch 400 LossPred 0.0394 LossAtt 1.0000 TrainAcc 1.0000 TestAcc 0.8851 0.9450
Optimization Finished!
********** replication  20  **********
epoch   0 LossPred 0.9495 LossAtt 1.0000 TrainAcc 0.6100 TestAcc 0.6104 0.6000
epoch 100 LossPred 0.3622 LossAtt 1.0000 TrainAcc 0.9000 TestAcc 0.8811 0.9050
epoch 200 LossPred 0.1368 LossAtt 1.0000 TrainAcc 0.9700 TestAcc 0.9067 0.9300
epoch 300 LossPred 0.0495 LossAtt 1.0000 TrainAcc 1.0000 TestAcc 0.9197 0.9550
Optimization Finished!
********** replication  21  **********
epoch   0 LossPred 0.9671 LossAtt 1.0000 TrainAcc 0.5800 TestAcc 0.5295 0.5950
epoch 100 LossPred 0.6333 LossAtt 1.0000 TrainAcc 0.7800 TestAcc 0.7628 0.7600
epoch 200 LossPred 0.1844 LossAtt 1.0000 TrainAcc 0.9500 TestAcc 0.9052 0.9000
epoch 300 LossPred 0.1313 LossAtt 1.0000 TrainAcc 0.9800 TestAcc 0.9232 0.9100
epoch 400 LossPred 0.0430 LossAtt 1.0000 TrainAcc 1.0000 TestAcc 0.9442 0.9100
Optimization Finished!
********** replication  22  **********
epoch   0 LossPred 0.9601 LossAtt 1.0000 TrainAcc 0.6000 TestAcc 0.5723 0.5950
epoch 100 LossPred 0.7979 LossAtt 1.0000 TrainAcc 0.6700 TestAcc 0.6124 0.6650
epoch 200 LossPred 0.0796 LossAtt 1.0000 TrainAcc 0.9800 TestAcc 0.8694 0.9650
epoch 300 LossPred 0.0298 LossAtt 1.0000 TrainAcc 1.0000 TestAcc 0.8726 0.9600
Optimization Finished!
********** replication  23  **********
epoch   0 LossPred 1.0415 LossAtt 1.0000 TrainAcc 0.5300 TestAcc 0.5403 0.5200
epoch 100 LossPred 0.8696 LossAtt 1.0000 TrainAcc 0.6600 TestAcc 0.6429 0.6150
epoch 200 LossPred 0.2833 LossAtt 1.0000 TrainAcc 0.9200 TestAcc 0.8856 0.8900
epoch 300 LossPred 0.1586 LossAtt 1.0000 TrainAcc 0.9500 TestAcc 0.9092 0.8850
epoch 400 LossPred 0.0643 LossAtt 1.0000 TrainAcc 0.9900 TestAcc 0.9492 0.9100
epoch 500 LossPred 0.0359 LossAtt 1.0000 TrainAcc 1.0000 TestAcc 0.9432 0.9200
Optimization Finished!
********** replication  24  **********
epoch   0 LossPred 0.9948 LossAtt 1.0000 TrainAcc 0.5300 TestAcc 0.5448 0.5350
epoch 100 LossPred 0.6754 LossAtt 1.0000 TrainAcc 0.7700 TestAcc 0.5973 0.7700
epoch 200 LossPred 0.5627 LossAtt 1.0000 TrainAcc 0.8000 TestAcc 0.6044 0.8000
epoch 300 LossPred 0.1412 LossAtt 1.0000 TrainAcc 0.9800 TestAcc 0.8611 0.9300
epoch 400 LossPred 0.0411 LossAtt 1.0000 TrainAcc 1.0000 TestAcc 0.8834 0.9650
Optimization Finished!
********** replication  25  **********
epoch   0 LossPred 0.9908 LossAtt 1.0000 TrainAcc 0.4900 TestAcc 0.5148 0.5100
epoch 100 LossPred 0.7922 LossAtt 1.0000 TrainAcc 0.7200 TestAcc 0.6329 0.6650
epoch 200 LossPred 0.1837 LossAtt 1.0000 TrainAcc 0.9800 TestAcc 0.9034 0.9200
epoch 300 LossPred 0.0624 LossAtt 1.0000 TrainAcc 0.9900 TestAcc 0.9072 0.9250
epoch 400 LossPred 0.0473 LossAtt 1.0000 TrainAcc 0.9900 TestAcc 0.9022 0.9250
epoch 500 LossPred 0.0433 LossAtt 1.0000 TrainAcc 0.9900 TestAcc 0.8961 0.9250
epoch 600 LossPred 0.0414 LossAtt 1.0000 TrainAcc 0.9900 TestAcc 0.8921 0.9200
epoch 700 LossPred 0.0403 LossAtt 1.0000 TrainAcc 0.9900 TestAcc 0.8884 0.9150
epoch 800 LossPred 0.0396 LossAtt 1.0000 TrainAcc 0.9900 TestAcc 0.8829 0.9150
epoch 900 LossPred 0.0391 LossAtt 1.0000 TrainAcc 0.9900 TestAcc 0.8811 0.9100
epoch 1000 LossPred 0.0387 LossAtt 1.0000 TrainAcc 0.9900 TestAcc 0.8786 0.9150
epoch 1100 LossPred 0.0384 LossAtt 1.0000 TrainAcc 0.9900 TestAcc 0.8771 0.9100
epoch 1200 LossPred 0.0380 LossAtt 1.0000 TrainAcc 0.9900 TestAcc 0.8764 0.9100
epoch 1300 LossPred 0.0375 LossAtt 1.0000 TrainAcc 0.9900 TestAcc 0.8754 0.9150
epoch 1400 LossPred 0.0369 LossAtt 1.0000 TrainAcc 0.9900 TestAcc 0.8784 0.9150
epoch 1500 LossPred 0.0358 LossAtt 1.0000 TrainAcc 0.9900 TestAcc 0.8809 0.9150
epoch 1600 LossPred 0.0333 LossAtt 1.0000 TrainAcc 0.9900 TestAcc 0.8869 0.9150
epoch 1700 LossPred 0.0302 LossAtt 1.0000 TrainAcc 0.9900 TestAcc 0.9169 0.9350
epoch 1800 LossPred 0.0080 LossAtt 1.0000 TrainAcc 1.0000 TestAcc 0.9122 0.9550
Optimization Finished!
********** replication  26  **********
epoch   0 LossPred 1.1015 LossAtt 1.0000 TrainAcc 0.4100 TestAcc 0.4577 0.3900
epoch 100 LossPred 0.6676 LossAtt 1.0000 TrainAcc 0.7900 TestAcc 0.6486 0.7550
epoch 200 LossPred 0.0856 LossAtt 1.0000 TrainAcc 0.9900 TestAcc 0.9097 0.9650
epoch 300 LossPred 0.0376 LossAtt 1.0000 TrainAcc 1.0000 TestAcc 0.9122 0.9650
Optimization Finished!
********** replication  27  **********
epoch   0 LossPred 1.1503 LossAtt 1.0000 TrainAcc 0.4200 TestAcc 0.4269 0.4050
epoch 100 LossPred 0.8701 LossAtt 1.0000 TrainAcc 0.6400 TestAcc 0.5578 0.6550
epoch 200 LossPred 0.4262 LossAtt 1.0000 TrainAcc 0.9100 TestAcc 0.8551 0.9100
epoch 300 LossPred 0.1296 LossAtt 1.0000 TrainAcc 0.9900 TestAcc 0.8969 0.9350
epoch 400 LossPred 0.0876 LossAtt 1.0000 TrainAcc 0.9900 TestAcc 0.8949 0.9400
epoch 500 LossPred 0.0699 LossAtt 1.0000 TrainAcc 0.9900 TestAcc 0.8984 0.9450
epoch 600 LossPred 0.0588 LossAtt 1.0000 TrainAcc 0.9900 TestAcc 0.8971 0.9400
epoch 700 LossPred 0.0157 LossAtt 1.0000 TrainAcc 1.0000 TestAcc 0.9037 0.9350
Optimization Finished!
********** replication  28  **********
epoch   0 LossPred 1.2464 LossAtt 1.0000 TrainAcc 0.4000 TestAcc 0.4042 0.4450
epoch 100 LossPred 0.7965 LossAtt 1.0000 TrainAcc 0.7000 TestAcc 0.6787 0.6950
epoch 200 LossPred 0.2508 LossAtt 1.0000 TrainAcc 0.9500 TestAcc 0.8904 0.8850
epoch 300 LossPred 0.1704 LossAtt 1.0000 TrainAcc 0.9600 TestAcc 0.9014 0.8900
epoch 400 LossPred 0.1376 LossAtt 1.0000 TrainAcc 0.9700 TestAcc 0.9114 0.8950
epoch 500 LossPred 0.0999 LossAtt 1.0000 TrainAcc 0.9800 TestAcc 0.9104 0.8950
epoch 600 LossPred 0.0913 LossAtt 1.0000 TrainAcc 0.9800 TestAcc 0.9092 0.9050
epoch 700 LossPred 0.0874 LossAtt 1.0000 TrainAcc 0.9800 TestAcc 0.9082 0.9050
epoch 800 LossPred 0.0852 LossAtt 1.0000 TrainAcc 0.9800 TestAcc 0.9059 0.9100
epoch 900 LossPred 0.0326 LossAtt 1.0000 TrainAcc 0.9900 TestAcc 0.9192 0.9250
epoch 1000 LossPred 0.0071 LossAtt 1.0000 TrainAcc 1.0000 TestAcc 0.9214 0.9200
Optimization Finished!
********** replication  29  **********
epoch   0 LossPred 1.0075 LossAtt 1.0000 TrainAcc 0.5200 TestAcc 0.5123 0.5200
epoch 100 LossPred 0.7474 LossAtt 1.0000 TrainAcc 0.7200 TestAcc 0.6952 0.7100
epoch 200 LossPred 0.0969 LossAtt 1.0000 TrainAcc 0.9700 TestAcc 0.9384 0.9600
epoch 300 LossPred 0.0472 LossAtt 1.0000 TrainAcc 0.9900 TestAcc 0.9202 0.9550
epoch 400 LossPred 0.0287 LossAtt 1.0000 TrainAcc 1.0000 TestAcc 0.9229 0.9450
Optimization Finished!
********** replication  30  **********
epoch   0 LossPred 1.1238 LossAtt 1.0000 TrainAcc 0.4000 TestAcc 0.3706 0.4050
epoch 100 LossPred 0.8977 LossAtt 1.0000 TrainAcc 0.6100 TestAcc 0.6081 0.6100
epoch 200 LossPred 0.7783 LossAtt 1.0000 TrainAcc 0.7600 TestAcc 0.7242 0.7650
epoch 300 LossPred 0.1450 LossAtt 1.0000 TrainAcc 0.9700 TestAcc 0.9142 0.9100
epoch 400 LossPred 0.0520 LossAtt 1.0000 TrainAcc 1.0000 TestAcc 0.8966 0.9300
Optimization Finished!
********** replication  31  **********
epoch   0 LossPred 1.1757 LossAtt 1.0000 TrainAcc 0.4100 TestAcc 0.4329 0.4900
epoch 100 LossPred 0.9262 LossAtt 1.0000 TrainAcc 0.6000 TestAcc 0.5811 0.6050
epoch 200 LossPred 0.8712 LossAtt 1.0000 TrainAcc 0.6800 TestAcc 0.6239 0.6900
epoch 300 LossPred 0.1866 LossAtt 1.0000 TrainAcc 0.9800 TestAcc 0.8974 0.9600
epoch 400 LossPred 0.0682 LossAtt 1.0000 TrainAcc 1.0000 TestAcc 0.9054 0.9650
Optimization Finished!
********** replication  32  **********
epoch   0 LossPred 0.9704 LossAtt 1.0000 TrainAcc 0.6600 TestAcc 0.5596 0.6500
epoch 100 LossPred 0.7117 LossAtt 1.0000 TrainAcc 0.7300 TestAcc 0.6334 0.7350
epoch 200 LossPred 0.2112 LossAtt 1.0000 TrainAcc 0.9400 TestAcc 0.8994 0.8850
epoch 300 LossPred 0.0657 LossAtt 1.0000 TrainAcc 0.9900 TestAcc 0.9289 0.9350
epoch 400 LossPred 0.0240 LossAtt 1.0000 TrainAcc 1.0000 TestAcc 0.9394 0.9500
Optimization Finished!
********** replication  33  **********
epoch   0 LossPred 1.0176 LossAtt 1.0000 TrainAcc 0.4800 TestAcc 0.4730 0.4600
epoch 100 LossPred 0.7907 LossAtt 1.0000 TrainAcc 0.6700 TestAcc 0.6326 0.7100
epoch 200 LossPred 0.1157 LossAtt 1.0000 TrainAcc 0.9900 TestAcc 0.9169 0.9600
epoch 300 LossPred 0.0388 LossAtt 1.0000 TrainAcc 1.0000 TestAcc 0.9179 0.9750
Optimization Finished!
********** replication  34  **********
epoch   0 LossPred 1.1134 LossAtt 1.0000 TrainAcc 0.5100 TestAcc 0.5506 0.5000
epoch 100 LossPred 0.8412 LossAtt 1.0000 TrainAcc 0.7600 TestAcc 0.6752 0.7400
epoch 200 LossPred 0.1584 LossAtt 1.0000 TrainAcc 0.9700 TestAcc 0.8921 0.9300
epoch 300 LossPred 0.0623 LossAtt 1.0000 TrainAcc 0.9900 TestAcc 0.8731 0.9400
epoch 400 LossPred 0.0327 LossAtt 1.0000 TrainAcc 1.0000 TestAcc 0.8809 0.9550
Optimization Finished!
********** replication  35  **********
epoch   0 LossPred 1.0298 LossAtt 1.0000 TrainAcc 0.5300 TestAcc 0.5228 0.5450
epoch 100 LossPred 0.7972 LossAtt 1.0000 TrainAcc 0.6800 TestAcc 0.6141 0.6900
epoch 200 LossPred 0.2248 LossAtt 1.0000 TrainAcc 0.9700 TestAcc 0.8849 0.9150
epoch 300 LossPred 0.1189 LossAtt 1.0000 TrainAcc 0.9800 TestAcc 0.8834 0.9050
epoch 400 LossPred 0.0332 LossAtt 1.0000 TrainAcc 1.0000 TestAcc 0.8946 0.9450
Optimization Finished!
********** replication  36  **********
epoch   0 LossPred 0.9658 LossAtt 1.0000 TrainAcc 0.5500 TestAcc 0.4797 0.5650
epoch 100 LossPred 0.8787 LossAtt 1.0000 TrainAcc 0.6700 TestAcc 0.5936 0.6900
epoch 200 LossPred 0.2586 LossAtt 1.0000 TrainAcc 0.9400 TestAcc 0.8461 0.8900
epoch 300 LossPred 0.0941 LossAtt 1.0000 TrainAcc 0.9900 TestAcc 0.8416 0.9150
epoch 400 LossPred 0.0311 LossAtt 1.0000 TrainAcc 1.0000 TestAcc 0.8323 0.9200
Optimization Finished!
********** replication  37  **********
epoch   0 LossPred 1.0191 LossAtt 1.0000 TrainAcc 0.4900 TestAcc 0.5388 0.4850
epoch 100 LossPred 0.7493 LossAtt 1.0000 TrainAcc 0.7400 TestAcc 0.6366 0.7400
epoch 200 LossPred 0.1186 LossAtt 1.0000 TrainAcc 0.9700 TestAcc 0.9304 0.9500
epoch 300 LossPred 0.0325 LossAtt 1.0000 TrainAcc 1.0000 TestAcc 0.9279 0.9700
Optimization Finished!
********** replication  38  **********
epoch   0 LossPred 0.9964 LossAtt 1.0000 TrainAcc 0.5700 TestAcc 0.5801 0.5750
epoch 100 LossPred 0.7317 LossAtt 1.0000 TrainAcc 0.7400 TestAcc 0.6306 0.7400
epoch 200 LossPred 0.2350 LossAtt 1.0000 TrainAcc 0.9700 TestAcc 0.8979 0.9100
epoch 300 LossPred 0.0681 LossAtt 1.0000 TrainAcc 1.0000 TestAcc 0.9344 0.9350
Optimization Finished!
********** replication  39  **********
epoch   0 LossPred 1.0640 LossAtt 1.0000 TrainAcc 0.4300 TestAcc 0.4685 0.4300
epoch 100 LossPred 0.6273 LossAtt 1.0000 TrainAcc 0.8200 TestAcc 0.7345 0.8250
epoch 200 LossPred 0.2056 LossAtt 1.0000 TrainAcc 0.9500 TestAcc 0.9122 0.9100
epoch 300 LossPred 0.1266 LossAtt 1.0000 TrainAcc 0.9700 TestAcc 0.9109 0.9300
epoch 400 LossPred 0.0943 LossAtt 1.0000 TrainAcc 0.9800 TestAcc 0.9112 0.9300
epoch 500 LossPred 0.0708 LossAtt 1.0000 TrainAcc 0.9900 TestAcc 0.9077 0.9250
epoch 600 LossPred 0.0567 LossAtt 1.0000 TrainAcc 0.9900 TestAcc 0.8999 0.9550
epoch 700 LossPred 0.0460 LossAtt 1.0000 TrainAcc 0.9900 TestAcc 0.9032 0.9500
epoch 800 LossPred 0.0112 LossAtt 1.0000 TrainAcc 1.0000 TestAcc 0.8889 0.9500
Optimization Finished!
********** replication  40  **********
epoch   0 LossPred 1.2966 LossAtt 1.0000 TrainAcc 0.4900 TestAcc 0.4912 0.4750
epoch 100 LossPred 0.8288 LossAtt 1.0000 TrainAcc 0.7200 TestAcc 0.6034 0.6900
epoch 200 LossPred 0.4482 LossAtt 1.0000 TrainAcc 0.8900 TestAcc 0.8266 0.8650
epoch 300 LossPred 0.2325 LossAtt 1.0000 TrainAcc 0.9400 TestAcc 0.8746 0.9300
epoch 400 LossPred 0.1273 LossAtt 1.0000 TrainAcc 0.9700 TestAcc 0.8786 0.9400
epoch 500 LossPred 0.0778 LossAtt 1.0000 TrainAcc 0.9900 TestAcc 0.9014 0.9650
epoch 600 LossPred 0.0500 LossAtt 1.0000 TrainAcc 1.0000 TestAcc 0.9149 0.9650
Optimization Finished!
********** replication  41  **********
epoch   0 LossPred 1.0368 LossAtt 1.0000 TrainAcc 0.4300 TestAcc 0.4705 0.4250
epoch 100 LossPred 0.9112 LossAtt 1.0000 TrainAcc 0.6200 TestAcc 0.5470 0.6300
epoch 200 LossPred 0.8163 LossAtt 1.0000 TrainAcc 0.7100 TestAcc 0.5998 0.6800
epoch 300 LossPred 0.1799 LossAtt 1.0000 TrainAcc 0.9800 TestAcc 0.9177 0.9300
epoch 400 LossPred 0.0239 LossAtt 1.0000 TrainAcc 1.0000 TestAcc 0.8909 0.9800
Optimization Finished!
********** replication  42  **********
epoch   0 LossPred 1.0185 LossAtt 1.0000 TrainAcc 0.4500 TestAcc 0.4177 0.4500
epoch 100 LossPred 0.8311 LossAtt 1.0000 TrainAcc 0.6500 TestAcc 0.5270 0.6550
epoch 200 LossPred 0.6867 LossAtt 1.0000 TrainAcc 0.7300 TestAcc 0.6644 0.7500
epoch 300 LossPred 0.1214 LossAtt 1.0000 TrainAcc 0.9600 TestAcc 0.8799 0.9300
epoch 400 LossPred 0.0646 LossAtt 1.0000 TrainAcc 0.9900 TestAcc 0.8656 0.9300
epoch 500 LossPred 0.0344 LossAtt 1.0000 TrainAcc 1.0000 TestAcc 0.8614 0.9350
Optimization Finished!
********** replication  43  **********
epoch   0 LossPred 1.1114 LossAtt 1.0000 TrainAcc 0.4200 TestAcc 0.4137 0.4250
epoch 100 LossPred 0.8739 LossAtt 1.0000 TrainAcc 0.6100 TestAcc 0.6076 0.6300
epoch 200 LossPred 0.7413 LossAtt 1.0000 TrainAcc 0.7000 TestAcc 0.5691 0.6900
epoch 300 LossPred 0.0836 LossAtt 1.0000 TrainAcc 1.0000 TestAcc 0.9032 0.9600
Optimization Finished!
********** replication  44  **********
epoch   0 LossPred 1.1790 LossAtt 1.0000 TrainAcc 0.4200 TestAcc 0.3944 0.4400
epoch 100 LossPred 0.8353 LossAtt 1.0000 TrainAcc 0.7000 TestAcc 0.6114 0.6700
epoch 200 LossPred 0.2112 LossAtt 1.0000 TrainAcc 0.9800 TestAcc 0.9017 0.9000
epoch 300 LossPred 0.0977 LossAtt 1.0000 TrainAcc 0.9900 TestAcc 0.9067 0.9250
epoch 400 LossPred 0.0493 LossAtt 1.0000 TrainAcc 1.0000 TestAcc 0.9222 0.9400
Optimization Finished!
********** replication  45  **********
epoch   0 LossPred 1.0549 LossAtt 1.0000 TrainAcc 0.4700 TestAcc 0.4547 0.4650
epoch 100 LossPred 0.7365 LossAtt 1.0000 TrainAcc 0.7500 TestAcc 0.6987 0.7600
epoch 200 LossPred 0.1753 LossAtt 1.0000 TrainAcc 0.9700 TestAcc 0.9137 0.8850
epoch 300 LossPred 0.0699 LossAtt 1.0000 TrainAcc 0.9900 TestAcc 0.9237 0.9150
epoch 400 LossPred 0.0532 LossAtt 1.0000 TrainAcc 0.9900 TestAcc 0.9237 0.9250
epoch 500 LossPred 0.0472 LossAtt 1.0000 TrainAcc 0.9900 TestAcc 0.9234 0.9250
epoch 600 LossPred 0.0442 LossAtt 1.0000 TrainAcc 0.9900 TestAcc 0.9217 0.9250
epoch 700 LossPred 0.0425 LossAtt 1.0000 TrainAcc 0.9900 TestAcc 0.9267 0.9250
epoch 800 LossPred 0.0413 LossAtt 1.0000 TrainAcc 0.9900 TestAcc 0.9222 0.9250
epoch 900 LossPred 0.0406 LossAtt 1.0000 TrainAcc 0.9900 TestAcc 0.9232 0.9300
epoch 1000 LossPred 0.0400 LossAtt 1.0000 TrainAcc 0.9900 TestAcc 0.9217 0.9300
epoch 1100 LossPred 0.0395 LossAtt 1.0000 TrainAcc 0.9900 TestAcc 0.9224 0.9250
epoch 1200 LossPred 0.0390 LossAtt 1.0000 TrainAcc 0.9900 TestAcc 0.9187 0.9250
epoch 1300 LossPred 0.0385 LossAtt 1.0000 TrainAcc 0.9900 TestAcc 0.9177 0.9250
epoch 1400 LossPred 0.0373 LossAtt 1.0000 TrainAcc 0.9900 TestAcc 0.9149 0.9250
epoch 1500 LossPred 0.0085 LossAtt 1.0000 TrainAcc 1.0000 TestAcc 0.9279 0.9050
Optimization Finished!
********** replication  46  **********
epoch   0 LossPred 1.2038 LossAtt 1.0000 TrainAcc 0.4600 TestAcc 0.4362 0.4500
epoch 100 LossPred 0.9357 LossAtt 1.0000 TrainAcc 0.6100 TestAcc 0.6026 0.6100
epoch 200 LossPred 0.8033 LossAtt 1.0000 TrainAcc 0.7500 TestAcc 0.6489 0.7050
epoch 300 LossPred 0.1412 LossAtt 1.0000 TrainAcc 0.9900 TestAcc 0.8726 0.9150
epoch 400 LossPred 0.0534 LossAtt 1.0000 TrainAcc 1.0000 TestAcc 0.8586 0.9250
Optimization Finished!
********** replication  47  **********
epoch   0 LossPred 1.2643 LossAtt 1.0000 TrainAcc 0.4100 TestAcc 0.4149 0.4350
epoch 100 LossPred 0.8412 LossAtt 1.0000 TrainAcc 0.6800 TestAcc 0.5916 0.6800
epoch 200 LossPred 0.4003 LossAtt 1.0000 TrainAcc 0.9200 TestAcc 0.8466 0.9200
epoch 300 LossPred 0.1223 LossAtt 1.0000 TrainAcc 0.9700 TestAcc 0.8696 0.9400
epoch 400 LossPred 0.0703 LossAtt 1.0000 TrainAcc 0.9900 TestAcc 0.8866 0.9400
epoch 500 LossPred 0.0301 LossAtt 1.0000 TrainAcc 1.0000 TestAcc 0.8936 0.9500
Optimization Finished!
********** replication  48  **********
epoch   0 LossPred 1.0519 LossAtt 1.0000 TrainAcc 0.5200 TestAcc 0.5556 0.5350
epoch 100 LossPred 0.5003 LossAtt 1.0000 TrainAcc 0.8500 TestAcc 0.8476 0.8300
epoch 200 LossPred 0.1332 LossAtt 1.0000 TrainAcc 0.9700 TestAcc 0.9302 0.9350
epoch 300 LossPred 0.0503 LossAtt 1.0000 TrainAcc 1.0000 TestAcc 0.9429 0.9700
Optimization Finished!
********** replication  49  **********
epoch   0 LossPred 1.0120 LossAtt 1.0000 TrainAcc 0.4500 TestAcc 0.5380 0.4850
epoch 100 LossPred 0.5819 LossAtt 1.0000 TrainAcc 0.8200 TestAcc 0.8323 0.8150
epoch 200 LossPred 0.2556 LossAtt 1.0000 TrainAcc 0.9300 TestAcc 0.8951 0.8700
epoch 300 LossPred 0.0994 LossAtt 1.0000 TrainAcc 0.9900 TestAcc 0.9102 0.9100
epoch 400 LossPred 0.0462 LossAtt 1.0000 TrainAcc 1.0000 TestAcc 0.9044 0.9300
Optimization Finished!
********** replication  50  **********
epoch   0 LossPred 1.3485 LossAtt 1.0000 TrainAcc 0.4100 TestAcc 0.4755 0.4100
epoch 100 LossPred 0.8540 LossAtt 1.0000 TrainAcc 0.6900 TestAcc 0.6056 0.7000
epoch 200 LossPred 0.2794 LossAtt 1.0000 TrainAcc 0.9200 TestAcc 0.8226 0.9050
epoch 300 LossPred 0.1448 LossAtt 1.0000 TrainAcc 0.9700 TestAcc 0.8806 0.9550
epoch 400 LossPred 0.0654 LossAtt 1.0000 TrainAcc 0.9900 TestAcc 0.8443 0.9600
epoch 500 LossPred 0.0467 LossAtt 1.0000 TrainAcc 0.9900 TestAcc 0.8301 0.9350
epoch 600 LossPred 0.0319 LossAtt 1.0000 TrainAcc 0.9900 TestAcc 0.8198 0.9350
epoch 700 LossPred 0.0133 LossAtt 1.0000 TrainAcc 1.0000 TestAcc 0.8231 0.9400
Optimization Finished!
********** replication  51  **********
epoch   0 LossPred 1.2899 LossAtt 1.0000 TrainAcc 0.5000 TestAcc 0.4790 0.5300
epoch 100 LossPred 0.8895 LossAtt 1.0000 TrainAcc 0.6500 TestAcc 0.5588 0.6350
epoch 200 LossPred 0.4088 LossAtt 1.0000 TrainAcc 0.9500 TestAcc 0.8804 0.8750
epoch 300 LossPred 0.1988 LossAtt 1.0000 TrainAcc 0.9700 TestAcc 0.8726 0.8850
epoch 400 LossPred 0.0785 LossAtt 1.0000 TrainAcc 1.0000 TestAcc 0.8871 0.9050
Optimization Finished!
********** replication  52  **********
epoch   0 LossPred 0.9787 LossAtt 1.0000 TrainAcc 0.6500 TestAcc 0.5976 0.5950
epoch 100 LossPred 0.5134 LossAtt 1.0000 TrainAcc 0.8400 TestAcc 0.7860 0.8200
epoch 200 LossPred 0.2908 LossAtt 1.0000 TrainAcc 0.9100 TestAcc 0.8706 0.8700
epoch 300 LossPred 0.1210 LossAtt 1.0000 TrainAcc 0.9700 TestAcc 0.9147 0.9050
epoch 400 LossPred 0.0395 LossAtt 1.0000 TrainAcc 0.9900 TestAcc 0.9307 0.9350
epoch 500 LossPred 0.0165 LossAtt 1.0000 TrainAcc 1.0000 TestAcc 0.9537 0.9500
Optimization Finished!
********** replication  53  **********
epoch   0 LossPred 1.3567 LossAtt 1.0000 TrainAcc 0.4000 TestAcc 0.4482 0.3950
epoch 100 LossPred 0.8324 LossAtt 1.0000 TrainAcc 0.6900 TestAcc 0.5818 0.6950
epoch 200 LossPred 0.3139 LossAtt 1.0000 TrainAcc 0.9700 TestAcc 0.9054 0.9100
epoch 300 LossPred 0.1450 LossAtt 1.0000 TrainAcc 0.9900 TestAcc 0.9034 0.9350
epoch 400 LossPred 0.1705 LossAtt 1.0000 TrainAcc 0.9600 TestAcc 0.9129 0.9100
epoch 500 LossPred 0.0379 LossAtt 1.0000 TrainAcc 1.0000 TestAcc 0.9112 0.9150
Optimization Finished!
********** replication  54  **********
epoch   0 LossPred 0.9173 LossAtt 1.0000 TrainAcc 0.6700 TestAcc 0.5983 0.6350
epoch 100 LossPred 0.7138 LossAtt 1.0000 TrainAcc 0.7300 TestAcc 0.6269 0.7300
epoch 200 LossPred 0.1607 LossAtt 1.0000 TrainAcc 0.9800 TestAcc 0.8641 0.9250
epoch 300 LossPred 0.0486 LossAtt 1.0000 TrainAcc 1.0000 TestAcc 0.9077 0.9550
Optimization Finished!
********** replication  55  **********
epoch   0 LossPred 1.0828 LossAtt 1.0000 TrainAcc 0.5000 TestAcc 0.4940 0.5500
epoch 100 LossPred 0.8175 LossAtt 1.0000 TrainAcc 0.6700 TestAcc 0.5943 0.6900
epoch 200 LossPred 0.3103 LossAtt 1.0000 TrainAcc 0.9300 TestAcc 0.9022 0.9050
epoch 300 LossPred 0.1360 LossAtt 1.0000 TrainAcc 0.9700 TestAcc 0.9419 0.9400
epoch 400 LossPred 0.0419 LossAtt 1.0000 TrainAcc 1.0000 TestAcc 0.9454 0.9700
Optimization Finished!
********** replication  56  **********
epoch   0 LossPred 0.9069 LossAtt 1.0000 TrainAcc 0.6600 TestAcc 0.5378 0.6450
epoch 100 LossPred 0.7166 LossAtt 1.0000 TrainAcc 0.7400 TestAcc 0.5926 0.7400
epoch 200 LossPred 0.1970 LossAtt 1.0000 TrainAcc 0.9600 TestAcc 0.8666 0.9150
epoch 300 LossPred 0.0264 LossAtt 1.0000 TrainAcc 1.0000 TestAcc 0.8829 0.9450
Optimization Finished!
********** replication  57  **********
epoch   0 LossPred 1.1659 LossAtt 1.0000 TrainAcc 0.5200 TestAcc 0.4374 0.5100
epoch 100 LossPred 0.8905 LossAtt 1.0000 TrainAcc 0.6900 TestAcc 0.5643 0.6800
epoch 200 LossPred 0.3664 LossAtt 1.0000 TrainAcc 0.9200 TestAcc 0.8228 0.8850
epoch 300 LossPred 0.0806 LossAtt 1.0000 TrainAcc 1.0000 TestAcc 0.8909 0.9250
Optimization Finished!
********** replication  58  **********
epoch   0 LossPred 1.0040 LossAtt 1.0000 TrainAcc 0.5400 TestAcc 0.5741 0.5100
epoch 100 LossPred 0.8488 LossAtt 1.0000 TrainAcc 0.6500 TestAcc 0.6079 0.6700
epoch 200 LossPred 0.2664 LossAtt 1.0000 TrainAcc 0.9100 TestAcc 0.8874 0.9150
epoch 300 LossPred 0.1634 LossAtt 1.0000 TrainAcc 0.9600 TestAcc 0.9049 0.9300
epoch 400 LossPred 0.0386 LossAtt 1.0000 TrainAcc 1.0000 TestAcc 0.9422 0.9400
Optimization Finished!
********** replication  59  **********
epoch   0 LossPred 1.2876 LossAtt 1.0000 TrainAcc 0.3900 TestAcc 0.4412 0.4100
epoch 100 LossPred 0.7491 LossAtt 1.0000 TrainAcc 0.7200 TestAcc 0.7405 0.7100
epoch 200 LossPred 0.1565 LossAtt 1.0000 TrainAcc 0.9900 TestAcc 0.8899 0.9200
epoch 300 LossPred 0.0779 LossAtt 1.0000 TrainAcc 1.0000 TestAcc 0.8929 0.9500
Optimization Finished!
********** replication  60  **********
epoch   0 LossPred 0.9761 LossAtt 1.0000 TrainAcc 0.5800 TestAcc 0.5883 0.5950
epoch 100 LossPred 0.4151 LossAtt 1.0000 TrainAcc 0.9100 TestAcc 0.8539 0.8850
epoch 200 LossPred 0.0977 LossAtt 1.0000 TrainAcc 0.9900 TestAcc 0.9259 0.9450
epoch 300 LossPred 0.0508 LossAtt 1.0000 TrainAcc 0.9900 TestAcc 0.9144 0.9500
epoch 400 LossPred 0.0080 LossAtt 1.0000 TrainAcc 1.0000 TestAcc 0.9079 0.9500
Optimization Finished!
********** replication  61  **********
epoch   0 LossPred 1.0667 LossAtt 1.0000 TrainAcc 0.4000 TestAcc 0.5110 0.3950
epoch 100 LossPred 0.8440 LossAtt 1.0000 TrainAcc 0.6900 TestAcc 0.5601 0.6950
epoch 200 LossPred 0.1531 LossAtt 1.0000 TrainAcc 0.9900 TestAcc 0.8636 0.9350
epoch 300 LossPred 0.0881 LossAtt 1.0000 TrainAcc 0.9900 TestAcc 0.8511 0.9350
epoch 400 LossPred 0.0696 LossAtt 1.0000 TrainAcc 0.9900 TestAcc 0.8544 0.9300
epoch 500 LossPred 0.0585 LossAtt 1.0000 TrainAcc 0.9900 TestAcc 0.8569 0.9150
epoch 600 LossPred 0.0507 LossAtt 1.0000 TrainAcc 0.9900 TestAcc 0.8649 0.9150
epoch 700 LossPred 0.0429 LossAtt 1.0000 TrainAcc 0.9900 TestAcc 0.8741 0.9150
epoch 800 LossPred 0.0158 LossAtt 1.0000 TrainAcc 1.0000 TestAcc 0.8754 0.9400
Optimization Finished!
********** replication  62  **********
epoch   0 LossPred 1.1056 LossAtt 1.0000 TrainAcc 0.5300 TestAcc 0.4895 0.5000
epoch 100 LossPred 0.7406 LossAtt 1.0000 TrainAcc 0.7200 TestAcc 0.6862 0.7300
epoch 200 LossPred 0.2973 LossAtt 1.0000 TrainAcc 0.9300 TestAcc 0.8701 0.8750
epoch 300 LossPred 0.2039 LossAtt 1.0000 TrainAcc 0.9400 TestAcc 0.9014 0.8750
epoch 400 LossPred 0.1150 LossAtt 1.0000 TrainAcc 0.9800 TestAcc 0.9009 0.8850
epoch 500 LossPred 0.0925 LossAtt 1.0000 TrainAcc 0.9800 TestAcc 0.9084 0.9050
epoch 600 LossPred 0.0408 LossAtt 1.0000 TrainAcc 0.9900 TestAcc 0.9242 0.9250
epoch 700 LossPred 0.0139 LossAtt 1.0000 TrainAcc 1.0000 TestAcc 0.9204 0.9200
Optimization Finished!
********** replication  63  **********
epoch   0 LossPred 0.9784 LossAtt 1.0000 TrainAcc 0.5800 TestAcc 0.5458 0.5900
epoch 100 LossPred 0.5436 LossAtt 1.0000 TrainAcc 0.8400 TestAcc 0.6962 0.8350
epoch 200 LossPred 0.1819 LossAtt 1.0000 TrainAcc 0.9400 TestAcc 0.8841 0.9200
epoch 300 LossPred 0.1243 LossAtt 1.0000 TrainAcc 0.9700 TestAcc 0.8826 0.9300
epoch 400 LossPred 0.0731 LossAtt 1.0000 TrainAcc 0.9800 TestAcc 0.8939 0.9400
epoch 500 LossPred 0.0541 LossAtt 1.0000 TrainAcc 0.9900 TestAcc 0.8874 0.9550
epoch 600 LossPred 0.0119 LossAtt 1.0000 TrainAcc 1.0000 TestAcc 0.8736 0.9600
Optimization Finished!
********** replication  64  **********
epoch   0 LossPred 1.0339 LossAtt 1.0000 TrainAcc 0.4800 TestAcc 0.4872 0.4750
epoch 100 LossPred 0.8113 LossAtt 1.0000 TrainAcc 0.6700 TestAcc 0.6114 0.6650
epoch 200 LossPred 0.1871 LossAtt 1.0000 TrainAcc 0.9500 TestAcc 0.8776 0.9300
epoch 300 LossPred 0.0916 LossAtt 1.0000 TrainAcc 0.9900 TestAcc 0.8889 0.9600
epoch 400 LossPred 0.0655 LossAtt 1.0000 TrainAcc 0.9900 TestAcc 0.8919 0.9500
epoch 500 LossPred 0.0535 LossAtt 1.0000 TrainAcc 0.9900 TestAcc 0.8931 0.9500
epoch 600 LossPred 0.0474 LossAtt 1.0000 TrainAcc 0.9900 TestAcc 0.8909 0.9550
epoch 700 LossPred 0.0442 LossAtt 1.0000 TrainAcc 0.9900 TestAcc 0.8876 0.9500
epoch 800 LossPred 0.0424 LossAtt 1.0000 TrainAcc 0.9900 TestAcc 0.8849 0.9500
epoch 900 LossPred 0.0414 LossAtt 1.0000 TrainAcc 0.9900 TestAcc 0.8834 0.9500
epoch 1000 LossPred 0.0406 LossAtt 1.0000 TrainAcc 0.9900 TestAcc 0.8806 0.9500
epoch 1100 LossPred 0.0401 LossAtt 1.0000 TrainAcc 0.9900 TestAcc 0.8791 0.9450
epoch 1200 LossPred 0.0398 LossAtt 1.0000 TrainAcc 0.9900 TestAcc 0.8791 0.9500
epoch 1300 LossPred 0.0395 LossAtt 1.0000 TrainAcc 0.9900 TestAcc 0.8789 0.9500
epoch 1400 LossPred 0.0392 LossAtt 1.0000 TrainAcc 0.9900 TestAcc 0.8786 0.9500
epoch 1500 LossPred 0.0390 LossAtt 1.0000 TrainAcc 0.9900 TestAcc 0.8789 0.9400
epoch 1600 LossPred 0.0388 LossAtt 1.0000 TrainAcc 0.9900 TestAcc 0.8791 0.9300
epoch 1700 LossPred 0.0386 LossAtt 1.0000 TrainAcc 0.9900 TestAcc 0.8789 0.9250
epoch 1800 LossPred 0.0383 LossAtt 1.0000 TrainAcc 0.9900 TestAcc 0.8794 0.9250
epoch 1900 LossPred 0.0380 LossAtt 1.0000 TrainAcc 0.9900 TestAcc 0.8809 0.9250
epoch 2000 LossPred 0.0375 LossAtt 1.0000 TrainAcc 0.9900 TestAcc 0.8889 0.9200
epoch 2100 LossPred 0.0067 LossAtt 1.0000 TrainAcc 1.0000 TestAcc 0.9132 0.9250
Optimization Finished!
********** replication  65  **********
epoch   0 LossPred 0.9128 LossAtt 1.0000 TrainAcc 0.6800 TestAcc 0.5958 0.6850
epoch 100 LossPred 0.6606 LossAtt 1.0000 TrainAcc 0.8000 TestAcc 0.6602 0.7550
epoch 200 LossPred 0.2067 LossAtt 1.0000 TrainAcc 0.9500 TestAcc 0.8814 0.9000
epoch 300 LossPred 0.1370 LossAtt 1.0000 TrainAcc 0.9600 TestAcc 0.9017 0.9000
epoch 400 LossPred 0.0138 LossAtt 1.0000 TrainAcc 1.0000 TestAcc 0.9702 0.9500
Optimization Finished!
********** replication  66  **********
epoch   0 LossPred 1.0560 LossAtt 1.0000 TrainAcc 0.5400 TestAcc 0.5388 0.5100
epoch 100 LossPred 0.9209 LossAtt 1.0000 TrainAcc 0.6300 TestAcc 0.6259 0.5700
epoch 200 LossPred 0.2247 LossAtt 1.0000 TrainAcc 0.9400 TestAcc 0.8776 0.9100
epoch 300 LossPred 0.1425 LossAtt 1.0000 TrainAcc 0.9700 TestAcc 0.8971 0.9450
epoch 400 LossPred 0.0801 LossAtt 1.0000 TrainAcc 0.9900 TestAcc 0.8991 0.9500
epoch 500 LossPred 0.0637 LossAtt 1.0000 TrainAcc 0.9900 TestAcc 0.8939 0.9550
epoch 600 LossPred 0.0542 LossAtt 1.0000 TrainAcc 0.9900 TestAcc 0.8904 0.9550
epoch 700 LossPred 0.0491 LossAtt 1.0000 TrainAcc 0.9900 TestAcc 0.8911 0.9550
epoch 800 LossPred 0.0466 LossAtt 1.0000 TrainAcc 0.9900 TestAcc 0.8909 0.9500
epoch 900 LossPred 0.0451 LossAtt 1.0000 TrainAcc 0.9900 TestAcc 0.8924 0.9450
epoch 1000 LossPred 0.0440 LossAtt 1.0000 TrainAcc 0.9900 TestAcc 0.8914 0.9450
epoch 1100 LossPred 0.0433 LossAtt 1.0000 TrainAcc 0.9900 TestAcc 0.8901 0.9450
epoch 1200 LossPred 0.0427 LossAtt 1.0000 TrainAcc 0.9900 TestAcc 0.8899 0.9400
epoch 1300 LossPred 0.0423 LossAtt 1.0000 TrainAcc 0.9900 TestAcc 0.8886 0.9400
epoch 1400 LossPred 0.0420 LossAtt 1.0000 TrainAcc 0.9900 TestAcc 0.8881 0.9400
epoch 1500 LossPred 0.0417 LossAtt 1.0000 TrainAcc 0.9900 TestAcc 0.8884 0.9400
epoch 1600 LossPred 0.0415 LossAtt 1.0000 TrainAcc 0.9900 TestAcc 0.8889 0.9450
epoch 1700 LossPred 0.0413 LossAtt 1.0000 TrainAcc 0.9900 TestAcc 0.8879 0.9450
epoch 1800 LossPred 0.0412 LossAtt 1.0000 TrainAcc 0.9900 TestAcc 0.8869 0.9450
epoch 1900 LossPred 0.0410 LossAtt 1.0000 TrainAcc 0.9900 TestAcc 0.8864 0.9450
epoch 2000 LossPred 0.0409 LossAtt 1.0000 TrainAcc 0.9900 TestAcc 0.8861 0.9450
epoch 2100 LossPred 0.0408 LossAtt 1.0000 TrainAcc 0.9900 TestAcc 0.8851 0.9450
epoch 2200 LossPred 0.0407 LossAtt 1.0000 TrainAcc 0.9900 TestAcc 0.8856 0.9450
epoch 2300 LossPred 0.0406 LossAtt 1.0000 TrainAcc 0.9900 TestAcc 0.8854 0.9450
epoch 2400 LossPred 0.0406 LossAtt 1.0000 TrainAcc 0.9900 TestAcc 0.8854 0.9450
epoch 2500 LossPred 0.0405 LossAtt 1.0000 TrainAcc 0.9900 TestAcc 0.8836 0.9450
Optimization Finished!
********** replication  67  **********
epoch   0 LossPred 1.1978 LossAtt 1.0000 TrainAcc 0.4300 TestAcc 0.4545 0.4250
epoch 100 LossPred 0.8497 LossAtt 1.0000 TrainAcc 0.6500 TestAcc 0.6186 0.6650
epoch 200 LossPred 0.2230 LossAtt 1.0000 TrainAcc 0.9700 TestAcc 0.9187 0.9300
epoch 300 LossPred 0.1358 LossAtt 1.0000 TrainAcc 0.9700 TestAcc 0.9182 0.9400
epoch 400 LossPred 0.0921 LossAtt 1.0000 TrainAcc 0.9900 TestAcc 0.9179 0.9400
epoch 500 LossPred 0.0639 LossAtt 1.0000 TrainAcc 0.9900 TestAcc 0.9129 0.9400
epoch 600 LossPred 0.0533 LossAtt 1.0000 TrainAcc 0.9900 TestAcc 0.9124 0.9350
epoch 700 LossPred 0.0481 LossAtt 1.0000 TrainAcc 0.9900 TestAcc 0.9102 0.9300
epoch 800 LossPred 0.0444 LossAtt 1.0000 TrainAcc 0.9900 TestAcc 0.9077 0.9250
epoch 900 LossPred 0.0097 LossAtt 1.0000 TrainAcc 1.0000 TestAcc 0.9114 0.9150
Optimization Finished!
********** replication  68  **********
epoch   0 LossPred 0.9369 LossAtt 1.0000 TrainAcc 0.6200 TestAcc 0.5811 0.6250
epoch 100 LossPred 0.2817 LossAtt 1.0000 TrainAcc 0.9300 TestAcc 0.8979 0.8900
epoch 200 LossPred 0.0804 LossAtt 1.0000 TrainAcc 0.9900 TestAcc 0.9034 0.9400
epoch 300 LossPred 0.0262 LossAtt 1.0000 TrainAcc 1.0000 TestAcc 0.8946 0.9650
Optimization Finished!
********** replication  69  **********
epoch   0 LossPred 1.0851 LossAtt 1.0000 TrainAcc 0.4100 TestAcc 0.4620 0.3950
epoch 100 LossPred 0.8232 LossAtt 1.0000 TrainAcc 0.7000 TestAcc 0.5803 0.7000
epoch 200 LossPred 0.7927 LossAtt 1.0000 TrainAcc 0.7100 TestAcc 0.5658 0.7100
epoch 300 LossPred 0.3380 LossAtt 1.0000 TrainAcc 0.9300 TestAcc 0.8348 0.8850
epoch 400 LossPred 0.0733 LossAtt 1.0000 TrainAcc 0.9900 TestAcc 0.8396 0.9050
epoch 500 LossPred 0.0293 LossAtt 1.0000 TrainAcc 1.0000 TestAcc 0.8436 0.9150
Optimization Finished!
********** replication  70  **********
epoch   0 LossPred 1.0440 LossAtt 1.0000 TrainAcc 0.4700 TestAcc 0.4222 0.5100
epoch 100 LossPred 0.8915 LossAtt 1.0000 TrainAcc 0.6400 TestAcc 0.6476 0.6300
epoch 200 LossPred 0.2687 LossAtt 1.0000 TrainAcc 0.9300 TestAcc 0.8829 0.8900
epoch 300 LossPred 0.1014 LossAtt 1.0000 TrainAcc 0.9800 TestAcc 0.8846 0.9450
epoch 400 LossPred 0.0458 LossAtt 1.0000 TrainAcc 1.0000 TestAcc 0.8886 0.9600
Optimization Finished!
********** replication  71  **********
epoch   0 LossPred 0.9777 LossAtt 1.0000 TrainAcc 0.5600 TestAcc 0.5230 0.5450
epoch 100 LossPred 0.9157 LossAtt 1.0000 TrainAcc 0.6300 TestAcc 0.6001 0.6250
epoch 200 LossPred 0.3756 LossAtt 1.0000 TrainAcc 0.9200 TestAcc 0.8619 0.8900
epoch 300 LossPred 0.2879 LossAtt 1.0000 TrainAcc 0.9200 TestAcc 0.8799 0.8950
epoch 400 LossPred 0.1189 LossAtt 1.0000 TrainAcc 0.9800 TestAcc 0.9377 0.9150
epoch 500 LossPred 0.0612 LossAtt 1.0000 TrainAcc 0.9900 TestAcc 0.9482 0.9100
epoch 600 LossPred 0.0366 LossAtt 1.0000 TrainAcc 0.9900 TestAcc 0.9640 0.9050
epoch 700 LossPred 0.0269 LossAtt 1.0000 TrainAcc 0.9900 TestAcc 0.9717 0.9050
epoch 800 LossPred 0.0204 LossAtt 1.0000 TrainAcc 1.0000 TestAcc 0.9770 0.9200
Optimization Finished!
********** replication  72  **********
epoch   0 LossPred 1.1162 LossAtt 1.0000 TrainAcc 0.4800 TestAcc 0.3969 0.4950
epoch 100 LossPred 0.8129 LossAtt 1.0000 TrainAcc 0.6900 TestAcc 0.5918 0.7000
epoch 200 LossPred 0.2223 LossAtt 1.0000 TrainAcc 0.9700 TestAcc 0.8919 0.8800
epoch 300 LossPred 0.1276 LossAtt 1.0000 TrainAcc 0.9700 TestAcc 0.8919 0.8900
epoch 400 LossPred 0.1032 LossAtt 1.0000 TrainAcc 0.9700 TestAcc 0.8824 0.9000
epoch 500 LossPred 0.0874 LossAtt 1.0000 TrainAcc 0.9700 TestAcc 0.8831 0.9200
epoch 600 LossPred 0.0728 LossAtt 1.0000 TrainAcc 0.9800 TestAcc 0.8849 0.9100
epoch 700 LossPred 0.0450 LossAtt 1.0000 TrainAcc 0.9900 TestAcc 0.8909 0.9300
epoch 800 LossPred 0.0291 LossAtt 1.0000 TrainAcc 0.9900 TestAcc 0.8884 0.9200
epoch 900 LossPred 0.0155 LossAtt 1.0000 TrainAcc 1.0000 TestAcc 0.8921 0.9200
Optimization Finished!
********** replication  73  **********
epoch   0 LossPred 1.0129 LossAtt 1.0000 TrainAcc 0.5300 TestAcc 0.5941 0.5250
epoch 100 LossPred 0.8555 LossAtt 1.0000 TrainAcc 0.7400 TestAcc 0.6024 0.7000
epoch 200 LossPred 0.1401 LossAtt 1.0000 TrainAcc 0.9700 TestAcc 0.9082 0.9200
epoch 300 LossPred 0.0527 LossAtt 1.0000 TrainAcc 0.9900 TestAcc 0.9087 0.9300
epoch 400 LossPred 0.0265 LossAtt 1.0000 TrainAcc 1.0000 TestAcc 0.9044 0.9300
Optimization Finished!
********** replication  74  **********
epoch   0 LossPred 0.9463 LossAtt 1.0000 TrainAcc 0.6000 TestAcc 0.5776 0.5800
epoch 100 LossPred 0.7195 LossAtt 1.0000 TrainAcc 0.7600 TestAcc 0.6954 0.7400
epoch 200 LossPred 0.1304 LossAtt 1.0000 TrainAcc 0.9800 TestAcc 0.8966 0.9400
epoch 300 LossPred 0.0308 LossAtt 1.0000 TrainAcc 0.9900 TestAcc 0.9124 0.9300
epoch 400 LossPred 0.0123 LossAtt 1.0000 TrainAcc 1.0000 TestAcc 0.9229 0.9400
Optimization Finished!
********** replication  75  **********
epoch   0 LossPred 1.0507 LossAtt 1.0000 TrainAcc 0.4400 TestAcc 0.5103 0.4500
epoch 100 LossPred 0.8715 LossAtt 1.0000 TrainAcc 0.6600 TestAcc 0.5983 0.6550
epoch 200 LossPred 0.3563 LossAtt 1.0000 TrainAcc 0.9000 TestAcc 0.8213 0.8500
epoch 300 LossPred 0.2659 LossAtt 1.0000 TrainAcc 0.9300 TestAcc 0.8183 0.8950
epoch 400 LossPred 0.2120 LossAtt 1.0000 TrainAcc 0.9400 TestAcc 0.8441 0.9200
epoch 500 LossPred 0.1848 LossAtt 1.0000 TrainAcc 0.9500 TestAcc 0.8624 0.9350
epoch 600 LossPred 0.1649 LossAtt 1.0000 TrainAcc 0.9600 TestAcc 0.8909 0.9550
epoch 700 LossPred 0.1455 LossAtt 1.0000 TrainAcc 0.9700 TestAcc 0.9064 0.9350
epoch 800 LossPred 0.0947 LossAtt 1.0000 TrainAcc 0.9800 TestAcc 0.9119 0.9350
epoch 900 LossPred 0.0867 LossAtt 1.0000 TrainAcc 0.9800 TestAcc 0.9134 0.9350
epoch 1000 LossPred 0.0829 LossAtt 1.0000 TrainAcc 0.9800 TestAcc 0.9172 0.9300
epoch 1100 LossPred 0.0490 LossAtt 1.0000 TrainAcc 0.9900 TestAcc 0.9142 0.9450
epoch 1200 LossPred 0.0453 LossAtt 1.0000 TrainAcc 0.9900 TestAcc 0.9132 0.9450
epoch 1300 LossPred 0.0434 LossAtt 1.0000 TrainAcc 0.9900 TestAcc 0.9117 0.9450
epoch 1400 LossPred 0.0422 LossAtt 1.0000 TrainAcc 0.9900 TestAcc 0.9124 0.9450
epoch 1500 LossPred 0.0413 LossAtt 1.0000 TrainAcc 0.9900 TestAcc 0.9134 0.9500
epoch 1600 LossPred 0.0400 LossAtt 1.0000 TrainAcc 0.9900 TestAcc 0.9217 0.9550
epoch 1700 LossPred 0.0103 LossAtt 1.0000 TrainAcc 1.0000 TestAcc 0.9287 0.9550
Optimization Finished!
********** replication  76  **********
epoch   0 LossPred 1.2455 LossAtt 1.0000 TrainAcc 0.4400 TestAcc 0.4027 0.4650
epoch 100 LossPred 0.8241 LossAtt 1.0000 TrainAcc 0.6800 TestAcc 0.6376 0.7000
epoch 200 LossPred 0.3371 LossAtt 1.0000 TrainAcc 0.8900 TestAcc 0.8996 0.8550
epoch 300 LossPred 0.1320 LossAtt 1.0000 TrainAcc 0.9800 TestAcc 0.9057 0.9200
epoch 400 LossPred 0.0524 LossAtt 1.0000 TrainAcc 1.0000 TestAcc 0.9034 0.9400
Optimization Finished!
********** replication  77  **********
epoch   0 LossPred 1.0327 LossAtt 1.0000 TrainAcc 0.4900 TestAcc 0.5055 0.4900
epoch 100 LossPred 0.7659 LossAtt 1.0000 TrainAcc 0.7400 TestAcc 0.7022 0.7150
epoch 200 LossPred 0.1317 LossAtt 1.0000 TrainAcc 0.9800 TestAcc 0.9217 0.9100
epoch 300 LossPred 0.0572 LossAtt 1.0000 TrainAcc 0.9900 TestAcc 0.9309 0.9250
epoch 400 LossPred 0.0187 LossAtt 1.0000 TrainAcc 1.0000 TestAcc 0.9377 0.9050
Optimization Finished!
********** replication  78  **********
epoch   0 LossPred 0.9575 LossAtt 1.0000 TrainAcc 0.5200 TestAcc 0.5143 0.5950
epoch 100 LossPred 0.7079 LossAtt 1.0000 TrainAcc 0.7300 TestAcc 0.7120 0.7350
epoch 200 LossPred 0.2336 LossAtt 1.0000 TrainAcc 0.9400 TestAcc 0.8759 0.8850
epoch 300 LossPred 0.1761 LossAtt 1.0000 TrainAcc 0.9600 TestAcc 0.8859 0.8950
epoch 400 LossPred 0.1111 LossAtt 1.0000 TrainAcc 0.9800 TestAcc 0.9229 0.9350
epoch 500 LossPred 0.0425 LossAtt 1.0000 TrainAcc 1.0000 TestAcc 0.9567 0.9400
Optimization Finished!
********** replication  79  **********
epoch   0 LossPred 1.2669 LossAtt 1.0000 TrainAcc 0.3900 TestAcc 0.3974 0.4050
epoch 100 LossPred 0.9035 LossAtt 1.0000 TrainAcc 0.6400 TestAcc 0.6394 0.6450
epoch 200 LossPred 0.3365 LossAtt 1.0000 TrainAcc 0.9300 TestAcc 0.8956 0.8700
epoch 300 LossPred 0.1281 LossAtt 1.0000 TrainAcc 0.9900 TestAcc 0.9339 0.9150
epoch 400 LossPred 0.0504 LossAtt 1.0000 TrainAcc 1.0000 TestAcc 0.9217 0.9300
Optimization Finished!
********** replication  80  **********
epoch   0 LossPred 1.2866 LossAtt 1.0000 TrainAcc 0.3700 TestAcc 0.4002 0.3850
epoch 100 LossPred 0.8961 LossAtt 1.0000 TrainAcc 0.6900 TestAcc 0.6284 0.6700
epoch 200 LossPred 0.2848 LossAtt 1.0000 TrainAcc 0.9500 TestAcc 0.8744 0.9250
epoch 300 LossPred 0.0907 LossAtt 1.0000 TrainAcc 1.0000 TestAcc 0.9147 0.9400
Optimization Finished!
********** replication  81  **********
epoch   0 LossPred 0.9691 LossAtt 1.0000 TrainAcc 0.5200 TestAcc 0.4922 0.5400
epoch 100 LossPred 0.6459 LossAtt 1.0000 TrainAcc 0.7600 TestAcc 0.7097 0.7550
epoch 200 LossPred 0.1141 LossAtt 1.0000 TrainAcc 0.9800 TestAcc 0.9515 0.9400
epoch 300 LossPred 0.0187 LossAtt 1.0000 TrainAcc 1.0000 TestAcc 0.9677 0.9500
Optimization Finished!
********** replication  82  **********
epoch   0 LossPred 0.9775 LossAtt 1.0000 TrainAcc 0.5600 TestAcc 0.5656 0.5700
epoch 100 LossPred 0.7591 LossAtt 1.0000 TrainAcc 0.7700 TestAcc 0.6534 0.7400
epoch 200 LossPred 0.2444 LossAtt 1.0000 TrainAcc 0.9400 TestAcc 0.8529 0.8950
epoch 300 LossPred 0.0920 LossAtt 1.0000 TrainAcc 0.9900 TestAcc 0.8769 0.9500
epoch 400 LossPred 0.0657 LossAtt 1.0000 TrainAcc 0.9900 TestAcc 0.8769 0.9550
epoch 500 LossPred 0.0551 LossAtt 1.0000 TrainAcc 0.9900 TestAcc 0.8761 0.9500
epoch 600 LossPred 0.0497 LossAtt 1.0000 TrainAcc 0.9900 TestAcc 0.8756 0.9450
epoch 700 LossPred 0.0466 LossAtt 1.0000 TrainAcc 0.9900 TestAcc 0.8744 0.9450
epoch 800 LossPred 0.0446 LossAtt 1.0000 TrainAcc 0.9900 TestAcc 0.8736 0.9400
epoch 900 LossPred 0.0432 LossAtt 1.0000 TrainAcc 0.9900 TestAcc 0.8726 0.9400
epoch 1000 LossPred 0.0423 LossAtt 1.0000 TrainAcc 0.9900 TestAcc 0.8709 0.9400
epoch 1100 LossPred 0.0416 LossAtt 1.0000 TrainAcc 0.9900 TestAcc 0.8704 0.9400
epoch 1200 LossPred 0.0410 LossAtt 1.0000 TrainAcc 0.9900 TestAcc 0.8701 0.9400
epoch 1300 LossPred 0.0406 LossAtt 1.0000 TrainAcc 0.9900 TestAcc 0.8689 0.9400
epoch 1400 LossPred 0.0402 LossAtt 1.0000 TrainAcc 0.9900 TestAcc 0.8679 0.9350
epoch 1500 LossPred 0.0398 LossAtt 1.0000 TrainAcc 0.9900 TestAcc 0.8651 0.9400
epoch 1600 LossPred 0.0394 LossAtt 1.0000 TrainAcc 0.9900 TestAcc 0.8644 0.9400
epoch 1700 LossPred 0.0390 LossAtt 1.0000 TrainAcc 0.9900 TestAcc 0.8626 0.9400
epoch 1800 LossPred 0.0385 LossAtt 1.0000 TrainAcc 0.9900 TestAcc 0.8611 0.9400
epoch 1900 LossPred 0.0379 LossAtt 1.0000 TrainAcc 0.9900 TestAcc 0.8609 0.9300
epoch 2000 LossPred 0.0372 LossAtt 1.0000 TrainAcc 0.9900 TestAcc 0.8606 0.9300
epoch 2100 LossPred 0.0363 LossAtt 1.0000 TrainAcc 0.9900 TestAcc 0.8611 0.9300
epoch 2200 LossPred 0.0351 LossAtt 1.0000 TrainAcc 0.9900 TestAcc 0.8599 0.9200
epoch 2300 LossPred 0.0337 LossAtt 1.0000 TrainAcc 0.9900 TestAcc 0.8576 0.9200
epoch 2400 LossPred 0.0320 LossAtt 1.0000 TrainAcc 0.9900 TestAcc 0.8551 0.9300
epoch 2500 LossPred 0.0300 LossAtt 1.0000 TrainAcc 0.9900 TestAcc 0.8519 0.9300
Optimization Finished!
********** replication  83  **********
epoch   0 LossPred 1.0916 LossAtt 1.0000 TrainAcc 0.3500 TestAcc 0.4169 0.3900
epoch 100 LossPred 0.7739 LossAtt 1.0000 TrainAcc 0.7300 TestAcc 0.6712 0.7450
epoch 200 LossPred 0.2305 LossAtt 1.0000 TrainAcc 0.9900 TestAcc 0.9089 0.9500
epoch 300 LossPred 0.1136 LossAtt 1.0000 TrainAcc 0.9800 TestAcc 0.8929 0.9450
epoch 400 LossPred 0.0379 LossAtt 1.0000 TrainAcc 1.0000 TestAcc 0.8834 0.9450
Optimization Finished!
********** replication  84  **********
epoch   0 LossPred 1.3124 LossAtt 1.0000 TrainAcc 0.4500 TestAcc 0.4454 0.4650
epoch 100 LossPred 0.8880 LossAtt 1.0000 TrainAcc 0.6500 TestAcc 0.6249 0.6300
epoch 200 LossPred 0.2851 LossAtt 1.0000 TrainAcc 0.9600 TestAcc 0.8696 0.9050
epoch 300 LossPred 0.1167 LossAtt 1.0000 TrainAcc 0.9700 TestAcc 0.8794 0.9350
epoch 400 LossPred 0.0721 LossAtt 1.0000 TrainAcc 0.9900 TestAcc 0.8959 0.9200
epoch 500 LossPred 0.0458 LossAtt 1.0000 TrainAcc 0.9900 TestAcc 0.8984 0.9400
epoch 600 LossPred 0.0215 LossAtt 1.0000 TrainAcc 1.0000 TestAcc 0.9094 0.9450
Optimization Finished!
********** replication  85  **********
epoch   0 LossPred 1.0312 LossAtt 1.0000 TrainAcc 0.4500 TestAcc 0.4555 0.4300
epoch 100 LossPred 0.7730 LossAtt 1.0000 TrainAcc 0.7100 TestAcc 0.6171 0.7100
epoch 200 LossPred 0.3284 LossAtt 1.0000 TrainAcc 0.9400 TestAcc 0.8796 0.8800
epoch 300 LossPred 0.1464 LossAtt 1.0000 TrainAcc 0.9800 TestAcc 0.8809 0.9000
epoch 400 LossPred 0.0847 LossAtt 1.0000 TrainAcc 0.9900 TestAcc 0.8739 0.9100
epoch 500 LossPred 0.0628 LossAtt 1.0000 TrainAcc 0.9900 TestAcc 0.8721 0.9050
epoch 600 LossPred 0.0528 LossAtt 1.0000 TrainAcc 0.9900 TestAcc 0.8721 0.9150
epoch 700 LossPred 0.0414 LossAtt 1.0000 TrainAcc 0.9900 TestAcc 0.8736 0.9050
epoch 800 LossPred 0.0146 LossAtt 1.0000 TrainAcc 1.0000 TestAcc 0.8696 0.9200
Optimization Finished!
********** replication  86  **********
epoch   0 LossPred 1.0503 LossAtt 1.0000 TrainAcc 0.4000 TestAcc 0.5085 0.4050
epoch 100 LossPred 0.8515 LossAtt 1.0000 TrainAcc 0.6600 TestAcc 0.5616 0.6850
epoch 200 LossPred 0.2397 LossAtt 1.0000 TrainAcc 0.9500 TestAcc 0.8936 0.9400
epoch 300 LossPred 0.0706 LossAtt 1.0000 TrainAcc 0.9900 TestAcc 0.9022 0.9600
epoch 400 LossPred 0.0381 LossAtt 1.0000 TrainAcc 1.0000 TestAcc 0.9004 0.9600
Optimization Finished!
********** replication  87  **********
epoch   0 LossPred 1.3289 LossAtt 1.0000 TrainAcc 0.4100 TestAcc 0.5078 0.4200
epoch 100 LossPred 0.8067 LossAtt 1.0000 TrainAcc 0.7100 TestAcc 0.6004 0.7100
epoch 200 LossPred 0.6768 LossAtt 1.0000 TrainAcc 0.8000 TestAcc 0.5831 0.7700
epoch 300 LossPred 0.2417 LossAtt 1.0000 TrainAcc 0.9400 TestAcc 0.8611 0.9150
epoch 400 LossPred 0.1217 LossAtt 1.0000 TrainAcc 0.9800 TestAcc 0.8481 0.9300
epoch 500 LossPred 0.0579 LossAtt 1.0000 TrainAcc 1.0000 TestAcc 0.8466 0.9550
Optimization Finished!
********** replication  88  **********
epoch   0 LossPred 1.1113 LossAtt 1.0000 TrainAcc 0.4100 TestAcc 0.4399 0.4100
epoch 100 LossPred 0.8092 LossAtt 1.0000 TrainAcc 0.7100 TestAcc 0.5951 0.7100
epoch 200 LossPred 0.3146 LossAtt 1.0000 TrainAcc 0.9200 TestAcc 0.8939 0.8900
epoch 300 LossPred 0.1144 LossAtt 1.0000 TrainAcc 1.0000 TestAcc 0.8921 0.9300
Optimization Finished!
********** replication  89  **********
epoch   0 LossPred 1.0758 LossAtt 1.0000 TrainAcc 0.3300 TestAcc 0.4029 0.3350
epoch 100 LossPred 0.8495 LossAtt 1.0000 TrainAcc 0.6700 TestAcc 0.5971 0.6600
epoch 200 LossPred 0.8016 LossAtt 1.0000 TrainAcc 0.7000 TestAcc 0.5628 0.7050
epoch 300 LossPred 0.7013 LossAtt 1.0000 TrainAcc 0.7900 TestAcc 0.5791 0.7750
epoch 400 LossPred 0.6265 LossAtt 1.0000 TrainAcc 0.8000 TestAcc 0.5808 0.7900
epoch 500 LossPred 0.5564 LossAtt 1.0000 TrainAcc 0.8400 TestAcc 0.5583 0.8050
epoch 600 LossPred 0.3544 LossAtt 1.0000 TrainAcc 0.9200 TestAcc 0.5556 0.8300
epoch 700 LossPred 0.2361 LossAtt 1.0000 TrainAcc 0.9400 TestAcc 0.5448 0.8100
epoch 800 LossPred 0.2073 LossAtt 1.0000 TrainAcc 0.9400 TestAcc 0.5475 0.8100
epoch 900 LossPred 0.2012 LossAtt 1.0000 TrainAcc 0.9400 TestAcc 0.5498 0.8250
epoch 1000 LossPred 0.1255 LossAtt 1.0000 TrainAcc 0.9700 TestAcc 0.5528 0.8150
epoch 1100 LossPred 0.1017 LossAtt 1.0000 TrainAcc 0.9800 TestAcc 0.5556 0.8250
epoch 1200 LossPred 0.0815 LossAtt 1.0000 TrainAcc 0.9900 TestAcc 0.5591 0.8250
epoch 1300 LossPred 0.0564 LossAtt 1.0000 TrainAcc 0.9900 TestAcc 0.5648 0.8250
epoch 1400 LossPred 0.0339 LossAtt 1.0000 TrainAcc 1.0000 TestAcc 0.5693 0.8100
Optimization Finished!
********** replication  90  **********
epoch   0 LossPred 0.9790 LossAtt 1.0000 TrainAcc 0.5700 TestAcc 0.5696 0.5800
epoch 100 LossPred 0.9092 LossAtt 1.0000 TrainAcc 0.6300 TestAcc 0.5903 0.6050
epoch 200 LossPred 0.4439 LossAtt 1.0000 TrainAcc 0.8700 TestAcc 0.7913 0.8350
epoch 300 LossPred 0.1279 LossAtt 1.0000 TrainAcc 0.9800 TestAcc 0.8906 0.9400
epoch 400 LossPred 0.0226 LossAtt 1.0000 TrainAcc 1.0000 TestAcc 0.9174 0.9500
Optimization Finished!
********** replication  91  **********
epoch   0 LossPred 0.9036 LossAtt 1.0000 TrainAcc 0.5500 TestAcc 0.4965 0.5850
epoch 100 LossPred 0.6469 LossAtt 1.0000 TrainAcc 0.7600 TestAcc 0.6424 0.7650
epoch 200 LossPred 0.1032 LossAtt 1.0000 TrainAcc 0.9800 TestAcc 0.8931 0.9650
epoch 300 LossPred 0.0312 LossAtt 1.0000 TrainAcc 1.0000 TestAcc 0.9194 0.9750
Optimization Finished!
********** replication  92  **********
epoch   0 LossPred 1.1362 LossAtt 1.0000 TrainAcc 0.4900 TestAcc 0.5435 0.4900
epoch 100 LossPred 0.8997 LossAtt 1.0000 TrainAcc 0.6100 TestAcc 0.5916 0.6150
epoch 200 LossPred 0.3277 LossAtt 1.0000 TrainAcc 0.9300 TestAcc 0.8876 0.8700
epoch 300 LossPred 0.0865 LossAtt 1.0000 TrainAcc 0.9900 TestAcc 0.8971 0.8850
epoch 400 LossPred 0.0305 LossAtt 1.0000 TrainAcc 1.0000 TestAcc 0.8826 0.9000
Optimization Finished!
********** replication  93  **********
epoch   0 LossPred 1.2056 LossAtt 1.0000 TrainAcc 0.4700 TestAcc 0.4372 0.4500
epoch 100 LossPred 0.8591 LossAtt 1.0000 TrainAcc 0.6500 TestAcc 0.6081 0.6400
epoch 200 LossPred 0.3708 LossAtt 1.0000 TrainAcc 0.9300 TestAcc 0.8856 0.8800
epoch 300 LossPred 0.1763 LossAtt 1.0000 TrainAcc 0.9800 TestAcc 0.9039 0.9100
epoch 400 LossPred 0.0678 LossAtt 1.0000 TrainAcc 1.0000 TestAcc 0.9064 0.9500
Optimization Finished!
********** replication  94  **********
epoch   0 LossPred 1.3441 LossAtt 1.0000 TrainAcc 0.4400 TestAcc 0.4505 0.4350
epoch 100 LossPred 0.8574 LossAtt 1.0000 TrainAcc 0.7000 TestAcc 0.6039 0.6900
epoch 200 LossPred 0.3463 LossAtt 1.0000 TrainAcc 0.9400 TestAcc 0.8866 0.9150
epoch 300 LossPred 0.0995 LossAtt 1.0000 TrainAcc 0.9900 TestAcc 0.9042 0.9300
epoch 400 LossPred 0.0557 LossAtt 1.0000 TrainAcc 0.9900 TestAcc 0.8891 0.9200
epoch 500 LossPred 0.0399 LossAtt 1.0000 TrainAcc 0.9900 TestAcc 0.8829 0.9200
epoch 600 LossPred 0.0262 LossAtt 1.0000 TrainAcc 1.0000 TestAcc 0.8771 0.9100
Optimization Finished!
********** replication  95  **********
epoch   0 LossPred 1.0202 LossAtt 1.0000 TrainAcc 0.5200 TestAcc 0.5080 0.5100
epoch 100 LossPred 0.8584 LossAtt 1.0000 TrainAcc 0.6600 TestAcc 0.5966 0.6450
epoch 200 LossPred 0.5217 LossAtt 1.0000 TrainAcc 0.8300 TestAcc 0.7195 0.8450
epoch 300 LossPred 0.0899 LossAtt 1.0000 TrainAcc 0.9900 TestAcc 0.8601 0.9600
epoch 400 LossPred 0.0578 LossAtt 1.0000 TrainAcc 0.9900 TestAcc 0.8634 0.9500
epoch 500 LossPred 0.0218 LossAtt 1.0000 TrainAcc 1.0000 TestAcc 0.8774 0.9500
Optimization Finished!
********** replication  96  **********
epoch   0 LossPred 1.1550 LossAtt 1.0000 TrainAcc 0.3900 TestAcc 0.4439 0.3950
epoch 100 LossPred 0.8175 LossAtt 1.0000 TrainAcc 0.6900 TestAcc 0.6361 0.7050
epoch 200 LossPred 0.2123 LossAtt 1.0000 TrainAcc 0.9600 TestAcc 0.8966 0.9400
epoch 300 LossPred 0.1019 LossAtt 1.0000 TrainAcc 0.9700 TestAcc 0.8879 0.9350
epoch 400 LossPred 0.0467 LossAtt 1.0000 TrainAcc 1.0000 TestAcc 0.9042 0.9300
Optimization Finished!
********** replication  97  **********
epoch   0 LossPred 1.0581 LossAtt 1.0000 TrainAcc 0.3500 TestAcc 0.3824 0.3650
epoch 100 LossPred 0.8590 LossAtt 1.0000 TrainAcc 0.6900 TestAcc 0.6624 0.6800
epoch 200 LossPred 0.3813 LossAtt 1.0000 TrainAcc 0.8800 TestAcc 0.8996 0.8750
epoch 300 LossPred 0.2018 LossAtt 1.0000 TrainAcc 0.9600 TestAcc 0.9164 0.9100
epoch 400 LossPred 0.0631 LossAtt 1.0000 TrainAcc 1.0000 TestAcc 0.9139 0.9550
Optimization Finished!
********** replication  98  **********
epoch   0 LossPred 1.0456 LossAtt 1.0000 TrainAcc 0.5600 TestAcc 0.5908 0.5400
epoch 100 LossPred 0.9048 LossAtt 1.0000 TrainAcc 0.6300 TestAcc 0.5696 0.6150
epoch 200 LossPred 0.7784 LossAtt 1.0000 TrainAcc 0.7100 TestAcc 0.6384 0.7000
epoch 300 LossPred 0.1338 LossAtt 1.0000 TrainAcc 0.9700 TestAcc 0.8641 0.9150
epoch 400 LossPred 0.0263 LossAtt 1.0000 TrainAcc 1.0000 TestAcc 0.8809 0.9400
Optimization Finished!
********** replication  99  **********
epoch   0 LossPred 0.9612 LossAtt 1.0000 TrainAcc 0.5800 TestAcc 0.5275 0.5850
epoch 100 LossPred 0.7158 LossAtt 1.0000 TrainAcc 0.7200 TestAcc 0.6084 0.7050
epoch 200 LossPred 0.1097 LossAtt 1.0000 TrainAcc 0.9900 TestAcc 0.9279 0.9400
epoch 300 LossPred 0.0349 LossAtt 1.0000 TrainAcc 1.0000 TestAcc 0.9577 0.9500
Optimization Finished!
********************************************************************
Namespace(arch='tanh', batch_size=256, display_epoch=100, early_stop=True, input_noise_level=0.15, latent_attractor_space=True, loss_switch_frequency=0, lrate_attractor=0.0, lrate_prediction=0.002, lrate_wt_penalty=0.0, n_attractor_hidden=20, n_attractor_steps=0, n_hidden=10, n_replications=100, n_train=0, noise_level=0.25, report_best_train_performance=True, seq_len=15, task='majority', train_attr_weights_on_prediction=False, training_epochs=2500)
********************************************************************
mean train accuracy 0.9997
indiv runs  [1.0, 1.0, 1.0, 1.0, 1.0, 1.0, 1.0, 1.0, 1.0, 1.0, 1.0, 1.0, 0.99, 1.0, 1.0, 1.0, 1.0, 1.0, 1.0, 1.0, 1.0, 1.0, 1.0, 1.0, 1.0, 1.0, 1.0, 1.0, 1.0, 1.0, 1.0, 1.0, 1.0, 1.0, 1.0, 1.0, 1.0, 1.0, 1.0, 1.0, 1.0, 1.0, 1.0, 1.0, 1.0, 1.0, 1.0, 1.0, 1.0, 1.0, 1.0, 1.0, 1.0, 1.0, 1.0, 1.0, 1.0, 1.0, 1.0, 1.0, 1.0, 1.0, 1.0, 1.0, 1.0, 1.0, 0.99, 1.0, 1.0, 1.0, 1.0, 1.0, 1.0, 1.0, 1.0, 1.0, 1.0, 1.0, 1.0, 1.0, 1.0, 1.0, 0.99, 1.0, 1.0, 1.0, 1.0, 1.0, 1.0, 1.0, 1.0, 1.0, 1.0, 1.0, 1.0, 1.0, 1.0, 1.0, 1.0, 1.0]
mean epoch 535.020618557
indiv epochs  [301, 301, 401, 301, 1101, 401, 501, 701, 501, 301, 401, 901, 601, 501, 401, 601, 501, 1001, 401, 301, 401, 301, 501, 401, 1801, 301, 701, 1001, 401, 401, 401, 401, 301, 401, 401, 401, 301, 301, 801, 601, 401, 501, 301, 401, 1501, 401, 501, 301, 401, 701, 401, 501, 501, 301, 401, 301, 301, 401, 301, 401, 801, 701, 601, 2101, 401, 901, 301, 501, 401, 801, 901, 401, 401, 1701, 401, 401, 501, 401, 301, 301, 401, 601, 801, 401, 501, 301, 1401, 401, 301, 401, 401, 601, 501, 401, 401, 401, 301]
test1 accuracy mean  0.900986  median  0.9044044
test2 accuracy mean  0.94  median  0.945
test1 indiv runs  [0.9474474, 0.9259259, 0.9441942, 0.9276777, 0.9016517, 0.8848849, 0.8881381, 0.8881381, 0.9346847, 0.9161662, 0.9136637, 0.8643644, 0.8573574, 0.9419419, 0.8243243, 0.9296797, 0.8963964, 0.8986486, 0.8478478, 0.8851351, 0.9196697, 0.9441942, 0.8726226, 0.9431932, 0.8833834, 0.9121622, 0.9121622, 0.9036537, 0.9214214, 0.9229229, 0.8966466, 0.9054054, 0.9394394, 0.9179179, 0.8808809, 0.8946446, 0.8323323, 0.9279279, 0.9344344, 0.8888889, 0.9149149, 0.8908909, 0.8613614, 0.9031532, 0.9221722, 0.9279279, 0.8586086, 0.8936436, 0.9429429, 0.9044044, 0.8230731, 0.8871371, 0.9537037, 0.9111612, 0.9076577, 0.9454454, 0.8828829, 0.8908909, 0.9421922, 0.8928929, 0.9079079, 0.8753754, 0.9204204, 0.8736236, 0.9131632, 0.9702202, 0.8836336, 0.9114114, 0.8946446, 0.8435936, 0.8886386, 0.976977, 0.8921421, 0.9044044, 0.9229229, 0.9286787, 0.9034034, 0.9376877, 0.9567067, 0.9216717, 0.9146647, 0.9677177, 0.8518519, 0.8833834, 0.9094094, 0.8696196, 0.9004004, 0.8465966, 0.8921421, 0.5693193, 0.9174174, 0.9194194, 0.8826326, 0.9064064, 0.8771271, 0.8773774, 0.9041542, 0.9139139, 0.8808809, 0.9577077]
test2 indiv runs  [0.945, 0.935, 0.935, 0.92, 0.945, 0.945, 0.97, 0.935, 0.945, 0.91, 0.96, 0.915, 0.94, 0.895, 0.965, 0.925, 0.93, 0.97, 0.97, 0.945, 0.955, 0.91, 0.96, 0.92, 0.965, 0.955, 0.965, 0.935, 0.92, 0.945, 0.93, 0.965, 0.95, 0.975, 0.955, 0.945, 0.92, 0.97, 0.935, 0.95, 0.965, 0.98, 0.935, 0.96, 0.94, 0.905, 0.925, 0.95, 0.97, 0.93, 0.94, 0.905, 0.95, 0.915, 0.955, 0.97, 0.945, 0.925, 0.94, 0.95, 0.95, 0.94, 0.92, 0.96, 0.925, 0.95, 0.945, 0.915, 0.965, 0.915, 0.96, 0.92, 0.92, 0.93, 0.94, 0.955, 0.94, 0.905, 0.94, 0.93, 0.94, 0.95, 0.93, 0.945, 0.945, 0.92, 0.96, 0.955, 0.93, 0.81, 0.95, 0.975, 0.9, 0.95, 0.91, 0.95, 0.93, 0.955, 0.94, 0.95]
