Namespace(arch='tanh', batch_size=256, display_epoch=100, early_stop=True, input_noise_level=0.15, latent_attractor_space=True, loss_switch_frequency=0, lrate_attractor=0.0, lrate_prediction=0.002, lrate_wt_penalty=0.0, n_attractor_hidden=20, n_attractor_steps=5, n_hidden=10, n_replications=100, n_train=0, noise_level=0.25, report_best_train_performance=True, seq_len=10, task='majority', train_attr_weights_on_prediction=True, training_epochs=2500)
TRAINING ON 100 EXAMPLES, TESTING ON 924
********** replication  0  **********
epoch   0 LossPred 1.2089 LossAtt 1.0183 TrainAcc 0.5100 TestAcc 0.5097 0.5150
epoch 100 LossPred 0.1705 LossAtt 26.4192 TrainAcc 0.9600 TestAcc 0.9232 0.9350
epoch 200 LossPred 0.0180 LossAtt 32.5202 TrainAcc 1.0000 TestAcc 0.9502 0.9300
Optimization Finished!
********** replication  1  **********
epoch   0 LossPred 1.0034 LossAtt 1.0422 TrainAcc 0.5700 TestAcc 0.5530 0.5550
epoch 100 LossPred 0.5890 LossAtt 10.0958 TrainAcc 0.7900 TestAcc 0.7955 0.8150
epoch 200 LossPred 0.1473 LossAtt 15.3065 TrainAcc 0.9700 TestAcc 0.8766 0.9550
epoch 300 LossPred 0.0754 LossAtt 15.9782 TrainAcc 0.9900 TestAcc 0.8983 0.9200
epoch 400 LossPred 0.0574 LossAtt 16.0476 TrainAcc 0.9900 TestAcc 0.9080 0.8950
epoch 500 LossPred 0.0509 LossAtt 18.1446 TrainAcc 0.9900 TestAcc 0.9113 0.8800
epoch 600 LossPred 0.0473 LossAtt 18.9550 TrainAcc 0.9900 TestAcc 0.9134 0.8850
epoch 700 LossPred 0.0450 LossAtt 17.8350 TrainAcc 0.9900 TestAcc 0.9177 0.8900
epoch 800 LossPred 0.0432 LossAtt 18.0393 TrainAcc 0.9900 TestAcc 0.9232 0.8800
epoch 900 LossPred 0.0419 LossAtt 18.7512 TrainAcc 0.9900 TestAcc 0.9264 0.8850
epoch 1000 LossPred 0.0407 LossAtt 18.8818 TrainAcc 0.9900 TestAcc 0.9307 0.8750
epoch 1100 LossPred 0.0384 LossAtt 19.0423 TrainAcc 0.9900 TestAcc 0.9372 0.8600
epoch 1200 LossPred 0.0359 LossAtt 15.3327 TrainAcc 0.9900 TestAcc 0.9740 0.9700
epoch 1300 LossPred 0.0076 LossAtt 17.1147 TrainAcc 1.0000 TestAcc 0.9751 0.9650
Optimization Finished!
********** replication  2  **********
epoch   0 LossPred 1.0500 LossAtt 1.0173 TrainAcc 0.4600 TestAcc 0.4437 0.4900
epoch 100 LossPred 0.1095 LossAtt 27.4927 TrainAcc 0.9900 TestAcc 0.9210 0.9400
epoch 200 LossPred 0.1737 LossAtt 30.0331 TrainAcc 0.9500 TestAcc 0.9232 0.9250
epoch 300 LossPred 0.0155 LossAtt 29.8405 TrainAcc 1.0000 TestAcc 0.9416 0.9750
Optimization Finished!
********** replication  3  **********
epoch   0 LossPred 1.0150 LossAtt 1.0511 TrainAcc 0.3800 TestAcc 0.4221 0.3800
epoch 100 LossPred 0.1821 LossAtt 19.0601 TrainAcc 0.9400 TestAcc 0.9156 0.9100
epoch 200 LossPred 0.0349 LossAtt 22.0312 TrainAcc 1.0000 TestAcc 0.9881 0.9550
Optimization Finished!
********** replication  4  **********
epoch   0 LossPred 1.0720 LossAtt 1.0280 TrainAcc 0.3600 TestAcc 0.3788 0.3600
epoch 100 LossPred 0.7188 LossAtt 17.0491 TrainAcc 0.7400 TestAcc 0.6104 0.7250
epoch 200 LossPred 0.1797 LossAtt 28.8547 TrainAcc 0.9600 TestAcc 0.8874 0.9650
epoch 300 LossPred 0.0533 LossAtt 35.6016 TrainAcc 1.0000 TestAcc 0.9459 0.9650
Optimization Finished!
********** replication  5  **********
epoch   0 LossPred 1.0358 LossAtt 1.0154 TrainAcc 0.4900 TestAcc 0.5097 0.4850
epoch 100 LossPred 0.4699 LossAtt 19.4001 TrainAcc 0.8600 TestAcc 0.8874 0.8750
epoch 200 LossPred 0.5100 LossAtt 23.9590 TrainAcc 0.8100 TestAcc 0.7771 0.8100
epoch 300 LossPred 0.0752 LossAtt 26.7171 TrainAcc 0.9900 TestAcc 0.9567 0.9450
epoch 400 LossPred 0.0216 LossAtt 26.4594 TrainAcc 1.0000 TestAcc 0.9621 0.9350
Optimization Finished!
********** replication  6  **********
epoch   0 LossPred 1.1859 LossAtt 1.0147 TrainAcc 0.4000 TestAcc 0.3745 0.4800
epoch 100 LossPred 0.2513 LossAtt 28.0031 TrainAcc 0.9500 TestAcc 0.8766 0.9450
epoch 200 LossPred 0.0340 LossAtt 32.0185 TrainAcc 1.0000 TestAcc 0.8831 0.9400
Optimization Finished!
********** replication  7  **********
epoch   0 LossPred 1.0755 LossAtt 1.0336 TrainAcc 0.5100 TestAcc 0.5444 0.5350
epoch 100 LossPred 0.2431 LossAtt 19.4511 TrainAcc 0.9400 TestAcc 0.9177 0.9350
epoch 200 LossPred 0.0330 LossAtt 26.8309 TrainAcc 1.0000 TestAcc 0.9123 0.9650
Optimization Finished!
********** replication  8  **********
epoch   0 LossPred 1.0250 LossAtt 1.0372 TrainAcc 0.5800 TestAcc 0.4848 0.5500
epoch 100 LossPred 0.3942 LossAtt 27.3358 TrainAcc 0.9100 TestAcc 0.8690 0.9000
epoch 200 LossPred 0.1631 LossAtt 25.7445 TrainAcc 0.9400 TestAcc 0.9091 0.9300
epoch 300 LossPred 0.1077 LossAtt 26.1611 TrainAcc 0.9700 TestAcc 0.8961 0.9450
epoch 400 LossPred 0.0750 LossAtt 37.4492 TrainAcc 0.9800 TestAcc 0.8983 0.9550
epoch 500 LossPred 0.0508 LossAtt 39.9158 TrainAcc 0.9900 TestAcc 0.8918 0.9450
epoch 600 LossPred 0.0433 LossAtt 43.4693 TrainAcc 0.9900 TestAcc 0.9253 0.9350
epoch 700 LossPred 0.0229 LossAtt 43.3412 TrainAcc 1.0000 TestAcc 0.9459 0.9550
Optimization Finished!
********** replication  9  **********
epoch   0 LossPred 1.2329 LossAtt 1.0406 TrainAcc 0.3200 TestAcc 0.3831 0.3250
epoch 100 LossPred 0.4198 LossAtt 32.2144 TrainAcc 0.8700 TestAcc 0.8203 0.8750
epoch 200 LossPred 0.2060 LossAtt 32.8170 TrainAcc 0.9500 TestAcc 0.9167 0.9300
epoch 300 LossPred 0.1143 LossAtt 31.6065 TrainAcc 0.9800 TestAcc 0.9513 0.9200
epoch 400 LossPred 0.0333 LossAtt 31.2070 TrainAcc 1.0000 TestAcc 0.9708 0.9250
Optimization Finished!
********** replication  10  **********
epoch   0 LossPred 1.1776 LossAtt 1.0230 TrainAcc 0.4400 TestAcc 0.4654 0.4150
epoch 100 LossPred 0.8315 LossAtt 37.9154 TrainAcc 0.5800 TestAcc 0.5509 0.5900
epoch 200 LossPred 0.8752 LossAtt 38.7488 TrainAcc 0.6600 TestAcc 0.6190 0.6600
epoch 300 LossPred 0.7558 LossAtt 35.1785 TrainAcc 0.7400 TestAcc 0.7143 0.7350
epoch 400 LossPred 0.3333 LossAtt 25.7945 TrainAcc 0.9200 TestAcc 0.9091 0.9050
epoch 500 LossPred 0.1722 LossAtt 25.6185 TrainAcc 0.9600 TestAcc 0.9762 0.9250
epoch 600 LossPred 0.0309 LossAtt 24.5474 TrainAcc 1.0000 TestAcc 0.9968 0.9100
Optimization Finished!
********** replication  11  **********
epoch   0 LossPred 0.9890 LossAtt 1.0114 TrainAcc 0.6300 TestAcc 0.6223 0.6300
epoch 100 LossPred 0.3383 LossAtt 27.3307 TrainAcc 0.9100 TestAcc 0.8907 0.8700
epoch 200 LossPred 0.0561 LossAtt 27.7877 TrainAcc 1.0000 TestAcc 0.9827 0.9550
Optimization Finished!
********** replication  12  **********
epoch   0 LossPred 1.0387 LossAtt 1.0218 TrainAcc 0.4900 TestAcc 0.5184 0.4950
epoch 100 LossPred 0.2680 LossAtt 15.0622 TrainAcc 0.9100 TestAcc 0.8539 0.8950
epoch 200 LossPred 0.0446 LossAtt 18.7069 TrainAcc 1.0000 TestAcc 0.9708 0.9400
Optimization Finished!
********** replication  13  **********
epoch   0 LossPred 1.1762 LossAtt 1.0361 TrainAcc 0.4000 TestAcc 0.4578 0.3850
epoch 100 LossPred 0.2409 LossAtt 14.0092 TrainAcc 0.9800 TestAcc 0.9026 0.9500
epoch 200 LossPred 0.0817 LossAtt 20.7759 TrainAcc 1.0000 TestAcc 0.9524 0.9650
Optimization Finished!
********** replication  14  **********
epoch   0 LossPred 1.0782 LossAtt 1.0174 TrainAcc 0.4600 TestAcc 0.4946 0.4850
epoch 100 LossPred 0.8964 LossAtt 44.8177 TrainAcc 0.6700 TestAcc 0.6775 0.6750
epoch 200 LossPred 0.9101 LossAtt 48.5435 TrainAcc 0.6800 TestAcc 0.6169 0.6300
epoch 300 LossPred 0.8637 LossAtt 46.1916 TrainAcc 0.6800 TestAcc 0.6169 0.6800
epoch 400 LossPred 0.7411 LossAtt 46.2719 TrainAcc 0.7700 TestAcc 0.7110 0.7300
epoch 500 LossPred 0.3281 LossAtt 48.4597 TrainAcc 0.9400 TestAcc 0.8799 0.9200
epoch 600 LossPred 0.1575 LossAtt 51.4398 TrainAcc 0.9900 TestAcc 0.9686 0.9600
epoch 700 LossPred 0.0835 LossAtt 48.4879 TrainAcc 1.0000 TestAcc 0.9632 0.9700
Optimization Finished!
********** replication  15  **********
epoch   0 LossPred 1.1329 LossAtt 1.0262 TrainAcc 0.4800 TestAcc 0.5628 0.4500
epoch 100 LossPred 0.2510 LossAtt 21.6728 TrainAcc 0.9700 TestAcc 0.8517 0.9200
epoch 200 LossPred 0.0879 LossAtt 25.2622 TrainAcc 0.9900 TestAcc 0.8853 0.9300
epoch 300 LossPred 0.0507 LossAtt 29.2670 TrainAcc 0.9900 TestAcc 0.8723 0.8950
epoch 400 LossPred 0.0448 LossAtt 31.6185 TrainAcc 0.9900 TestAcc 0.8593 0.8900
epoch 500 LossPred 0.0426 LossAtt 31.9020 TrainAcc 0.9900 TestAcc 0.8582 0.8800
epoch 600 LossPred 0.0413 LossAtt 32.1411 TrainAcc 0.9900 TestAcc 0.8571 0.8800
epoch 700 LossPred 0.0404 LossAtt 32.8862 TrainAcc 0.9900 TestAcc 0.8550 0.8750
epoch 800 LossPred 0.3384 LossAtt 29.2121 TrainAcc 0.8700 TestAcc 0.7911 0.8650
epoch 900 LossPred 0.0697 LossAtt 26.1698 TrainAcc 0.9900 TestAcc 0.8723 0.9650
epoch 1000 LossPred 0.0462 LossAtt 27.8756 TrainAcc 0.9900 TestAcc 0.8810 0.9700
epoch 1100 LossPred 0.0426 LossAtt 27.1874 TrainAcc 0.9900 TestAcc 0.8777 0.9600
epoch 1200 LossPred 0.0413 LossAtt 30.0963 TrainAcc 0.9900 TestAcc 0.8745 0.9550
epoch 1300 LossPred 0.0406 LossAtt 30.1623 TrainAcc 0.9900 TestAcc 0.8734 0.9600
epoch 1400 LossPred 0.0401 LossAtt 31.6598 TrainAcc 0.9900 TestAcc 0.8745 0.9600
epoch 1500 LossPred 0.0398 LossAtt 30.1400 TrainAcc 0.9900 TestAcc 0.8734 0.9550
epoch 1600 LossPred 0.0395 LossAtt 30.5709 TrainAcc 0.9900 TestAcc 0.8745 0.9500
epoch 1700 LossPred 0.0393 LossAtt 31.9618 TrainAcc 0.9900 TestAcc 0.8766 0.9550
epoch 1800 LossPred 0.0390 LossAtt 31.2914 TrainAcc 0.9900 TestAcc 0.8799 0.9550
epoch 1900 LossPred 0.0388 LossAtt 31.2690 TrainAcc 0.9900 TestAcc 0.8755 0.9550
epoch 2000 LossPred 0.0386 LossAtt 32.6997 TrainAcc 0.9900 TestAcc 0.8745 0.9500
epoch 2100 LossPred 0.0383 LossAtt 32.4400 TrainAcc 0.9900 TestAcc 0.8712 0.9500
epoch 2200 LossPred 0.0380 LossAtt 31.3573 TrainAcc 0.9900 TestAcc 0.8723 0.9500
epoch 2300 LossPred 0.0376 LossAtt 31.9391 TrainAcc 0.9900 TestAcc 0.8723 0.9450
epoch 2400 LossPred 1.6566 LossAtt 32.8404 TrainAcc 0.5800 TestAcc 0.6277 0.5800
epoch 2500 LossPred 0.8044 LossAtt 37.2311 TrainAcc 0.7200 TestAcc 0.7002 0.6700
Optimization Finished!
********** replication  16  **********
epoch   0 LossPred 1.4045 LossAtt 0.9945 TrainAcc 0.3800 TestAcc 0.3777 0.3800
epoch 100 LossPred 0.9195 LossAtt 28.8354 TrainAcc 0.7000 TestAcc 0.6786 0.7050
epoch 200 LossPred 0.8776 LossAtt 67.2634 TrainAcc 0.6200 TestAcc 0.6234 0.6200
epoch 300 LossPred 0.8023 LossAtt 63.3944 TrainAcc 0.6900 TestAcc 0.6158 0.6950
epoch 400 LossPred 0.7975 LossAtt 62.1688 TrainAcc 0.6900 TestAcc 0.6158 0.6850
epoch 500 LossPred 0.7800 LossAtt 55.9363 TrainAcc 0.7100 TestAcc 0.6310 0.6900
epoch 600 LossPred 0.4798 LossAtt 55.6743 TrainAcc 0.8200 TestAcc 0.7998 0.7650
epoch 700 LossPred 0.2661 LossAtt 58.1904 TrainAcc 0.9400 TestAcc 0.8799 0.9050
epoch 800 LossPred 0.1875 LossAtt 58.5511 TrainAcc 0.9700 TestAcc 0.8907 0.9000
epoch 900 LossPred 0.1589 LossAtt 56.8758 TrainAcc 0.9900 TestAcc 0.8604 0.8950
epoch 1000 LossPred 0.0859 LossAtt 51.8600 TrainAcc 0.9900 TestAcc 0.9145 0.9300
epoch 1100 LossPred 0.1094 LossAtt 56.2200 TrainAcc 0.9800 TestAcc 0.8918 0.9550
epoch 1200 LossPred 0.0824 LossAtt 49.8544 TrainAcc 0.9800 TestAcc 0.9372 0.9250
epoch 1300 LossPred 0.0337 LossAtt 51.2484 TrainAcc 1.0000 TestAcc 0.9394 0.9350
Optimization Finished!
********** replication  17  **********
epoch   0 LossPred 0.9881 LossAtt 1.0336 TrainAcc 0.5500 TestAcc 0.5011 0.5400
epoch 100 LossPred 0.1154 LossAtt 25.9453 TrainAcc 0.9800 TestAcc 0.8615 0.9300
epoch 200 LossPred 0.0556 LossAtt 27.9872 TrainAcc 0.9900 TestAcc 0.9145 0.9350
epoch 300 LossPred 0.0458 LossAtt 29.2641 TrainAcc 0.9900 TestAcc 0.9177 0.9250
epoch 400 LossPred 0.0422 LossAtt 30.8065 TrainAcc 0.9900 TestAcc 0.9167 0.9050
epoch 500 LossPred 0.0408 LossAtt 31.2123 TrainAcc 0.9900 TestAcc 0.9210 0.9000
epoch 600 LossPred 0.0400 LossAtt 29.3279 TrainAcc 0.9900 TestAcc 0.9221 0.9050
epoch 700 LossPred 0.0393 LossAtt 30.8557 TrainAcc 0.9900 TestAcc 0.9383 0.9000
epoch 800 LossPred 0.0738 LossAtt 24.5510 TrainAcc 0.9800 TestAcc 0.9253 0.9750
epoch 900 LossPred 0.0332 LossAtt 25.8313 TrainAcc 0.9900 TestAcc 0.9351 0.9700
epoch 1000 LossPred 0.0111 LossAtt 24.8161 TrainAcc 1.0000 TestAcc 0.9318 0.9600
Optimization Finished!
********** replication  18  **********
epoch   0 LossPred 1.0448 LossAtt 1.0425 TrainAcc 0.4800 TestAcc 0.4416 0.5300
epoch 100 LossPred 0.3486 LossAtt 15.4642 TrainAcc 0.8900 TestAcc 0.8907 0.8700
epoch 200 LossPred 0.0935 LossAtt 16.4127 TrainAcc 0.9900 TestAcc 0.9859 0.9450
epoch 300 LossPred 0.0164 LossAtt 18.5697 TrainAcc 1.0000 TestAcc 0.9924 0.9300
Optimization Finished!
********** replication  19  **********
epoch   0 LossPred 1.1706 LossAtt 1.0269 TrainAcc 0.3000 TestAcc 0.3853 0.3500
epoch 100 LossPred 0.7808 LossAtt 27.2416 TrainAcc 0.7000 TestAcc 0.6147 0.7000
epoch 200 LossPred 0.2887 LossAtt 28.3559 TrainAcc 0.9200 TestAcc 0.8669 0.8800
epoch 300 LossPred 0.1229 LossAtt 31.2820 TrainAcc 0.9700 TestAcc 0.9123 0.8900
epoch 400 LossPred 0.1237 LossAtt 30.7078 TrainAcc 0.9700 TestAcc 0.9177 0.9050
epoch 500 LossPred 0.2114 LossAtt 29.6009 TrainAcc 0.9400 TestAcc 0.8766 0.8700
epoch 600 LossPred 0.0244 LossAtt 31.8134 TrainAcc 1.0000 TestAcc 0.9383 0.8900
Optimization Finished!
********** replication  20  **********
epoch   0 LossPred 1.0305 LossAtt 1.0535 TrainAcc 0.5300 TestAcc 0.5574 0.5200
epoch 100 LossPred 0.7042 LossAtt 31.7205 TrainAcc 0.7300 TestAcc 0.6645 0.7100
epoch 200 LossPred 0.4034 LossAtt 42.0471 TrainAcc 0.9000 TestAcc 0.8885 0.8850
epoch 300 LossPred 0.2810 LossAtt 43.0763 TrainAcc 0.9400 TestAcc 0.8842 0.9150
epoch 400 LossPred 0.1705 LossAtt 41.9489 TrainAcc 0.9800 TestAcc 0.8701 0.9300
epoch 500 LossPred 0.1056 LossAtt 40.4366 TrainAcc 1.0000 TestAcc 0.9253 0.9550
Optimization Finished!
********** replication  21  **********
epoch   0 LossPred 1.0990 LossAtt 1.0299 TrainAcc 0.5000 TestAcc 0.4892 0.4650
epoch 100 LossPred 0.3566 LossAtt 13.2776 TrainAcc 0.9000 TestAcc 0.8669 0.8850
epoch 200 LossPred 0.0355 LossAtt 15.7414 TrainAcc 1.0000 TestAcc 0.9816 0.9200
Optimization Finished!
********** replication  22  **********
epoch   0 LossPred 1.0859 LossAtt 1.0022 TrainAcc 0.5100 TestAcc 0.5422 0.5050
epoch 100 LossPred 0.1786 LossAtt 19.8352 TrainAcc 0.9900 TestAcc 0.9589 0.9550
epoch 200 LossPred 0.0858 LossAtt 23.3032 TrainAcc 0.9800 TestAcc 0.9329 0.9550
epoch 300 LossPred 0.0125 LossAtt 22.9183 TrainAcc 1.0000 TestAcc 0.9643 0.9450
Optimization Finished!
********** replication  23  **********
epoch   0 LossPred 1.2084 LossAtt 1.0243 TrainAcc 0.4400 TestAcc 0.5227 0.4150
epoch 100 LossPred 0.6812 LossAtt 21.7828 TrainAcc 0.7800 TestAcc 0.7143 0.7550
epoch 200 LossPred 0.7337 LossAtt 27.6539 TrainAcc 0.7400 TestAcc 0.6861 0.7400
epoch 300 LossPred 0.6532 LossAtt 25.9055 TrainAcc 0.7700 TestAcc 0.6991 0.7500
epoch 400 LossPred 0.0844 LossAtt 27.3702 TrainAcc 0.9900 TestAcc 0.9297 0.9450
epoch 500 LossPred 0.0154 LossAtt 31.4467 TrainAcc 1.0000 TestAcc 0.9459 0.9500
Optimization Finished!
********** replication  24  **********
epoch   0 LossPred 1.0042 LossAtt 1.0138 TrainAcc 0.5300 TestAcc 0.5141 0.5300
epoch 100 LossPred 0.1556 LossAtt 21.1996 TrainAcc 0.9600 TestAcc 0.9470 0.9250
epoch 200 LossPred 0.0377 LossAtt 29.2937 TrainAcc 0.9900 TestAcc 0.9199 0.9400
epoch 300 LossPred 0.0305 LossAtt 28.6607 TrainAcc 1.0000 TestAcc 0.9221 0.9500
Optimization Finished!
********** replication  25  **********
epoch   0 LossPred 1.0290 LossAtt 1.0318 TrainAcc 0.4200 TestAcc 0.4481 0.4600
epoch 100 LossPred 0.8665 LossAtt 25.0399 TrainAcc 0.7200 TestAcc 0.7100 0.7300
epoch 200 LossPred 0.9151 LossAtt 56.2345 TrainAcc 0.6100 TestAcc 0.6245 0.6100
epoch 300 LossPred 0.9080 LossAtt 57.5414 TrainAcc 0.6100 TestAcc 0.6245 0.6450
epoch 400 LossPred 0.8819 LossAtt 54.9354 TrainAcc 0.6300 TestAcc 0.6981 0.6550
epoch 500 LossPred 0.8929 LossAtt 73.6769 TrainAcc 0.6500 TestAcc 0.6959 0.6500
epoch 600 LossPred 0.8612 LossAtt 71.2375 TrainAcc 0.6300 TestAcc 0.6981 0.6400
epoch 700 LossPred 0.4158 LossAtt 61.6766 TrainAcc 0.8800 TestAcc 0.8604 0.8950
epoch 800 LossPred 0.2622 LossAtt 65.2011 TrainAcc 0.9400 TestAcc 0.8831 0.9000
epoch 900 LossPred 0.2456 LossAtt 63.6492 TrainAcc 0.9400 TestAcc 0.8810 0.9000
epoch 1000 LossPred 0.2363 LossAtt 62.5106 TrainAcc 0.9400 TestAcc 0.8842 0.9050
epoch 1100 LossPred 0.0965 LossAtt 57.0268 TrainAcc 1.0000 TestAcc 0.9697 0.9750
Optimization Finished!
********** replication  26  **********
epoch   0 LossPred 1.0034 LossAtt 1.0172 TrainAcc 0.5600 TestAcc 0.5801 0.5550
epoch 100 LossPred 0.0913 LossAtt 26.0160 TrainAcc 0.9900 TestAcc 0.9372 0.9650
epoch 200 LossPred 0.0605 LossAtt 28.7171 TrainAcc 0.9900 TestAcc 0.9491 0.9650
epoch 300 LossPred 0.0466 LossAtt 30.4241 TrainAcc 0.9900 TestAcc 0.9448 0.9600
epoch 400 LossPred 0.0426 LossAtt 28.4010 TrainAcc 0.9900 TestAcc 0.9448 0.9500
epoch 500 LossPred 0.0408 LossAtt 28.6817 TrainAcc 0.9900 TestAcc 0.9437 0.9500
epoch 600 LossPred 0.0389 LossAtt 28.3794 TrainAcc 0.9900 TestAcc 0.9459 0.9500
epoch 700 LossPred 0.7935 LossAtt 34.7754 TrainAcc 0.7000 TestAcc 0.6818 0.6750
epoch 800 LossPred 0.0257 LossAtt 35.4349 TrainAcc 1.0000 TestAcc 0.9675 0.9700
Optimization Finished!
********** replication  27  **********
epoch   0 LossPred 1.0735 LossAtt 1.0171 TrainAcc 0.4900 TestAcc 0.4405 0.4850
epoch 100 LossPred 0.3731 LossAtt 31.7806 TrainAcc 0.8900 TestAcc 0.8885 0.9100
epoch 200 LossPred 0.1380 LossAtt 33.2965 TrainAcc 0.9800 TestAcc 0.9621 0.9400
epoch 300 LossPred 0.0549 LossAtt 34.4534 TrainAcc 1.0000 TestAcc 0.9665 0.9700
Optimization Finished!
********** replication  28  **********
epoch   0 LossPred 1.1639 LossAtt 1.0154 TrainAcc 0.4000 TestAcc 0.3918 0.4450
epoch 100 LossPred 0.7401 LossAtt 8.7890 TrainAcc 0.7600 TestAcc 0.7424 0.7800
epoch 200 LossPred 0.1470 LossAtt 20.0627 TrainAcc 0.9800 TestAcc 0.9416 0.9450
epoch 300 LossPred 0.0210 LossAtt 26.9369 TrainAcc 1.0000 TestAcc 0.9827 0.9650
Optimization Finished!
********** replication  29  **********
epoch   0 LossPred 1.0681 LossAtt 1.0540 TrainAcc 0.3600 TestAcc 0.4545 0.3600
epoch 100 LossPred 0.3722 LossAtt 14.1265 TrainAcc 0.9400 TestAcc 0.9145 0.8750
epoch 200 LossPred 0.0522 LossAtt 18.3073 TrainAcc 1.0000 TestAcc 0.9502 0.9150
Optimization Finished!
********** replication  30  **********
epoch   0 LossPred 1.0913 LossAtt 1.0465 TrainAcc 0.3700 TestAcc 0.3777 0.3950
epoch 100 LossPred 0.8171 LossAtt 42.7530 TrainAcc 0.6600 TestAcc 0.5433 0.5750
epoch 200 LossPred 0.4503 LossAtt 35.0912 TrainAcc 0.9500 TestAcc 0.7933 0.9050
epoch 300 LossPred 0.0924 LossAtt 47.5257 TrainAcc 1.0000 TestAcc 0.8690 0.8750
Optimization Finished!
********** replication  31  **********
epoch   0 LossPred 1.1316 LossAtt 1.0159 TrainAcc 0.4200 TestAcc 0.3896 0.4450
epoch 100 LossPred 0.7418 LossAtt 28.8450 TrainAcc 0.6900 TestAcc 0.7100 0.6850
epoch 200 LossPred 0.3261 LossAtt 33.2543 TrainAcc 0.9000 TestAcc 0.8810 0.8700
epoch 300 LossPred 0.2025 LossAtt 29.5822 TrainAcc 0.9500 TestAcc 0.8983 0.9350
epoch 400 LossPred 0.0809 LossAtt 33.3036 TrainAcc 0.9900 TestAcc 0.9286 0.9650
epoch 500 LossPred 0.0168 LossAtt 34.9573 TrainAcc 1.0000 TestAcc 0.9405 0.9950
Optimization Finished!
********** replication  32  **********
epoch   0 LossPred 1.0123 LossAtt 0.9932 TrainAcc 0.4700 TestAcc 0.4751 0.4850
epoch 100 LossPred 0.5931 LossAtt 13.7100 TrainAcc 0.7600 TestAcc 0.7630 0.7750
epoch 200 LossPred 0.0517 LossAtt 22.6175 TrainAcc 1.0000 TestAcc 0.9665 0.9700
Optimization Finished!
********** replication  33  **********
epoch   0 LossPred 1.0194 LossAtt 1.0387 TrainAcc 0.4900 TestAcc 0.4881 0.4550
epoch 100 LossPred 0.4170 LossAtt 30.6371 TrainAcc 0.8600 TestAcc 0.8571 0.8850
epoch 200 LossPred 0.0479 LossAtt 30.4526 TrainAcc 0.9900 TestAcc 0.9773 0.9650
epoch 300 LossPred 0.0116 LossAtt 33.5241 TrainAcc 1.0000 TestAcc 0.9805 0.9650
Optimization Finished!
********** replication  34  **********
epoch   0 LossPred 1.0833 LossAtt 1.0501 TrainAcc 0.5200 TestAcc 0.4816 0.5400
epoch 100 LossPred 0.4131 LossAtt 18.4262 TrainAcc 0.8600 TestAcc 0.8431 0.8050
epoch 200 LossPred 0.2129 LossAtt 23.4119 TrainAcc 0.9400 TestAcc 0.8788 0.9100
epoch 300 LossPred 0.5676 LossAtt 19.5077 TrainAcc 0.8000 TestAcc 0.8030 0.7900
epoch 400 LossPred 0.0344 LossAtt 27.0748 TrainAcc 1.0000 TestAcc 0.9903 0.9200
Optimization Finished!
********** replication  35  **********
epoch   0 LossPred 1.0961 LossAtt 1.0293 TrainAcc 0.5300 TestAcc 0.4903 0.5250
epoch 100 LossPred 0.2616 LossAtt 26.9768 TrainAcc 0.9400 TestAcc 0.8842 0.8750
epoch 200 LossPred 0.0430 LossAtt 33.8446 TrainAcc 1.0000 TestAcc 0.9340 0.9250
Optimization Finished!
********** replication  36  **********
epoch   0 LossPred 1.0694 LossAtt 1.0583 TrainAcc 0.4300 TestAcc 0.4470 0.4800
epoch 100 LossPred 0.1793 LossAtt 20.4800 TrainAcc 0.9400 TestAcc 0.9394 0.9500
epoch 200 LossPred 0.1176 LossAtt 28.3973 TrainAcc 0.9600 TestAcc 0.9318 0.9600
epoch 300 LossPred 0.0083 LossAtt 27.7738 TrainAcc 1.0000 TestAcc 0.9578 0.9700
Optimization Finished!
********** replication  37  **********
epoch   0 LossPred 1.0123 LossAtt 1.0391 TrainAcc 0.4600 TestAcc 0.4740 0.5150
epoch 100 LossPred 0.1418 LossAtt 20.1333 TrainAcc 0.9900 TestAcc 0.9729 0.9700
epoch 200 LossPred 0.0189 LossAtt 27.4931 TrainAcc 1.0000 TestAcc 0.9654 0.9600
Optimization Finished!
********** replication  38  **********
epoch   0 LossPred 1.0370 LossAtt 1.0249 TrainAcc 0.4500 TestAcc 0.4903 0.4850
epoch 100 LossPred 0.1579 LossAtt 17.9485 TrainAcc 0.9800 TestAcc 0.9156 0.9500
epoch 200 LossPred 0.0516 LossAtt 17.8927 TrainAcc 1.0000 TestAcc 0.9286 0.9400
Optimization Finished!
********** replication  39  **********
epoch   0 LossPred 1.0060 LossAtt 1.0188 TrainAcc 0.5900 TestAcc 0.5942 0.5900
epoch 100 LossPred 0.1896 LossAtt 27.5451 TrainAcc 0.9600 TestAcc 0.9188 0.9000
epoch 200 LossPred 0.0437 LossAtt 26.9019 TrainAcc 1.0000 TestAcc 0.9665 0.9000
Optimization Finished!
********** replication  40  **********
epoch   0 LossPred 1.0132 LossAtt 1.0100 TrainAcc 0.6200 TestAcc 0.5476 0.5950
epoch 100 LossPred 0.1412 LossAtt 16.3817 TrainAcc 0.9900 TestAcc 0.9491 0.9350
epoch 200 LossPred 0.0460 LossAtt 16.7282 TrainAcc 1.0000 TestAcc 0.9589 0.9150
Optimization Finished!
********** replication  41  **********
epoch   0 LossPred 1.0499 LossAtt 1.0162 TrainAcc 0.4700 TestAcc 0.4881 0.4600
epoch 100 LossPred 0.2460 LossAtt 12.5336 TrainAcc 0.9600 TestAcc 0.9481 0.9100
epoch 200 LossPred 0.0391 LossAtt 16.3659 TrainAcc 1.0000 TestAcc 0.9697 0.9450
Optimization Finished!
********** replication  42  **********
epoch   0 LossPred 1.0178 LossAtt 1.0212 TrainAcc 0.5100 TestAcc 0.5141 0.5200
epoch 100 LossPred 0.2902 LossAtt 21.8943 TrainAcc 0.9800 TestAcc 0.8831 0.9300
epoch 200 LossPred 0.1002 LossAtt 31.5338 TrainAcc 0.9800 TestAcc 0.9275 0.9200
epoch 300 LossPred 0.0208 LossAtt 33.0485 TrainAcc 1.0000 TestAcc 0.9589 0.9550
Optimization Finished!
********** replication  43  **********
epoch   0 LossPred 0.9700 LossAtt 1.0425 TrainAcc 0.5100 TestAcc 0.3626 0.5100
epoch 100 LossPred 0.5442 LossAtt 13.5843 TrainAcc 0.8300 TestAcc 0.6147 0.7600
epoch 200 LossPred 0.2076 LossAtt 19.5796 TrainAcc 0.9000 TestAcc 0.6699 0.8700
epoch 300 LossPred 0.1649 LossAtt 17.3580 TrainAcc 0.9700 TestAcc 0.8582 0.9550
epoch 400 LossPred 0.0308 LossAtt 20.4841 TrainAcc 1.0000 TestAcc 0.9015 0.9250
Optimization Finished!
********** replication  44  **********
epoch   0 LossPred 1.1911 LossAtt 1.0041 TrainAcc 0.4000 TestAcc 0.3745 0.4050
epoch 100 LossPred 0.2690 LossAtt 28.5094 TrainAcc 0.9100 TestAcc 0.8690 0.9200
epoch 200 LossPred 0.0235 LossAtt 43.1215 TrainAcc 1.0000 TestAcc 0.9361 0.9100
Optimization Finished!
********** replication  45  **********
epoch   0 LossPred 1.0408 LossAtt 1.0413 TrainAcc 0.5000 TestAcc 0.4935 0.4400
epoch 100 LossPred 0.2304 LossAtt 20.8356 TrainAcc 0.9600 TestAcc 0.8820 0.9450
epoch 200 LossPred 0.1115 LossAtt 20.1635 TrainAcc 0.9700 TestAcc 0.9242 0.9450
epoch 300 LossPred 0.0359 LossAtt 21.0075 TrainAcc 1.0000 TestAcc 0.9751 0.9700
Optimization Finished!
********** replication  46  **********
epoch   0 LossPred 1.0735 LossAtt 1.0172 TrainAcc 0.5000 TestAcc 0.5065 0.5500
epoch 100 LossPred 0.4499 LossAtt 37.6147 TrainAcc 0.9100 TestAcc 0.8658 0.8750
epoch 200 LossPred 0.5270 LossAtt 41.0814 TrainAcc 0.7900 TestAcc 0.7911 0.7950
epoch 300 LossPred 0.3336 LossAtt 44.3578 TrainAcc 0.9000 TestAcc 0.8431 0.8950
epoch 400 LossPred 0.3271 LossAtt 47.2143 TrainAcc 0.9100 TestAcc 0.8550 0.8800
epoch 500 LossPred 0.3231 LossAtt 47.2279 TrainAcc 0.9100 TestAcc 0.8517 0.8700
epoch 600 LossPred 0.3236 LossAtt 47.9291 TrainAcc 0.9100 TestAcc 0.8571 0.8700
epoch 700 LossPred 0.3274 LossAtt 51.3482 TrainAcc 0.9000 TestAcc 0.8355 0.8500
epoch 800 LossPred 0.2858 LossAtt 44.4713 TrainAcc 0.9200 TestAcc 0.8409 0.9000
epoch 900 LossPred 0.3178 LossAtt 41.3141 TrainAcc 0.9000 TestAcc 0.8539 0.8900
epoch 1000 LossPred 0.0772 LossAtt 44.6864 TrainAcc 0.9800 TestAcc 0.9491 0.9850
epoch 1100 LossPred 0.0126 LossAtt 42.1683 TrainAcc 1.0000 TestAcc 0.9935 0.9850
Optimization Finished!
********** replication  47  **********
epoch   0 LossPred 1.3793 LossAtt 1.0304 TrainAcc 0.3300 TestAcc 0.4535 0.3250
epoch 100 LossPred 0.2598 LossAtt 31.1289 TrainAcc 0.9200 TestAcc 0.8550 0.8700
epoch 200 LossPred 0.1462 LossAtt 39.6051 TrainAcc 0.9700 TestAcc 0.9340 0.9000
epoch 300 LossPred 0.0879 LossAtt 36.1429 TrainAcc 0.9900 TestAcc 0.9773 0.9400
epoch 400 LossPred 0.0111 LossAtt 41.0973 TrainAcc 1.0000 TestAcc 0.9935 0.9200
Optimization Finished!
********** replication  48  **********
epoch   0 LossPred 1.0109 LossAtt 1.0238 TrainAcc 0.5800 TestAcc 0.5693 0.5850
epoch 100 LossPred 0.1637 LossAtt 11.3083 TrainAcc 1.0000 TestAcc 0.9740 0.9200
Optimization Finished!
********** replication  49  **********
epoch   0 LossPred 1.0441 LossAtt 1.0095 TrainAcc 0.3700 TestAcc 0.4665 0.3800
epoch 100 LossPred 0.3014 LossAtt 9.1453 TrainAcc 0.9300 TestAcc 0.9199 0.9400
epoch 200 LossPred 0.0840 LossAtt 11.0224 TrainAcc 1.0000 TestAcc 0.9740 0.9600
Optimization Finished!
********** replication  50  **********
epoch   0 LossPred 1.1164 LossAtt 1.0884 TrainAcc 0.4800 TestAcc 0.5087 0.4750
epoch 100 LossPred 0.2653 LossAtt 21.8931 TrainAcc 0.9700 TestAcc 0.9091 0.9250
epoch 200 LossPred 0.1214 LossAtt 27.5817 TrainAcc 0.9700 TestAcc 0.9058 0.9400
epoch 300 LossPred 0.1597 LossAtt 27.7547 TrainAcc 0.9600 TestAcc 0.8874 0.8950
epoch 400 LossPred 0.0322 LossAtt 27.4953 TrainAcc 0.9900 TestAcc 0.8701 0.9450
epoch 500 LossPred 0.0264 LossAtt 29.0099 TrainAcc 0.9900 TestAcc 0.8604 0.9350
epoch 600 LossPred 0.0243 LossAtt 28.7685 TrainAcc 0.9900 TestAcc 0.8647 0.9250
epoch 700 LossPred 0.0231 LossAtt 30.4673 TrainAcc 0.9900 TestAcc 0.8604 0.9250
epoch 800 LossPred 0.0224 LossAtt 29.9072 TrainAcc 0.9900 TestAcc 0.8604 0.9250
epoch 900 LossPred 0.0219 LossAtt 30.3248 TrainAcc 0.9900 TestAcc 0.8604 0.9200
epoch 1000 LossPred 0.0216 LossAtt 29.7855 TrainAcc 0.9900 TestAcc 0.8604 0.9100
epoch 1100 LossPred 0.3623 LossAtt 33.5831 TrainAcc 0.8800 TestAcc 0.8171 0.8650
epoch 1200 LossPred 0.3856 LossAtt 34.9508 TrainAcc 0.8800 TestAcc 0.8452 0.8550
epoch 1300 LossPred 0.0571 LossAtt 37.0410 TrainAcc 1.0000 TestAcc 0.9123 0.9650
Optimization Finished!
********** replication  51  **********
epoch   0 LossPred 1.1892 LossAtt 1.0059 TrainAcc 0.5600 TestAcc 0.5779 0.5250
epoch 100 LossPred 0.3275 LossAtt 41.1976 TrainAcc 0.9300 TestAcc 0.9015 0.8800
epoch 200 LossPred 0.1132 LossAtt 46.3763 TrainAcc 0.9800 TestAcc 0.9416 0.9250
epoch 300 LossPred 0.0506 LossAtt 45.6375 TrainAcc 0.9900 TestAcc 0.9719 0.9200
epoch 400 LossPred 0.0171 LossAtt 43.7553 TrainAcc 1.0000 TestAcc 0.9816 0.9350
Optimization Finished!
********** replication  52  **********
epoch   0 LossPred 0.9833 LossAtt 1.0236 TrainAcc 0.6100 TestAcc 0.6245 0.5800
epoch 100 LossPred 0.1367 LossAtt 19.0458 TrainAcc 0.9700 TestAcc 0.9567 0.9550
epoch 200 LossPred 0.0169 LossAtt 22.4004 TrainAcc 1.0000 TestAcc 0.9762 0.9550
Optimization Finished!
********** replication  53  **********
epoch   0 LossPred 1.1622 LossAtt 1.0275 TrainAcc 0.4900 TestAcc 0.4838 0.4850
epoch 100 LossPred 0.1988 LossAtt 26.3367 TrainAcc 0.9600 TestAcc 0.9394 0.9200
epoch 200 LossPred 0.0352 LossAtt 35.7799 TrainAcc 1.0000 TestAcc 0.9524 0.9600
Optimization Finished!
********** replication  54  **********
epoch   0 LossPred 1.0430 LossAtt 1.0387 TrainAcc 0.6400 TestAcc 0.6212 0.5600
epoch 100 LossPred 0.2275 LossAtt 25.8172 TrainAcc 0.9500 TestAcc 0.8777 0.9250
epoch 200 LossPred 0.0261 LossAtt 31.5696 TrainAcc 1.0000 TestAcc 0.9253 0.9300
Optimization Finished!
********** replication  55  **********
epoch   0 LossPred 1.1611 LossAtt 1.0299 TrainAcc 0.3700 TestAcc 0.3777 0.4300
epoch 100 LossPred 0.2280 LossAtt 25.6179 TrainAcc 0.9600 TestAcc 0.8950 0.9100
epoch 200 LossPred 0.0712 LossAtt 30.7013 TrainAcc 0.9900 TestAcc 0.8994 0.9550
epoch 300 LossPred 0.0231 LossAtt 28.5029 TrainAcc 1.0000 TestAcc 0.9221 0.9700
Optimization Finished!
********** replication  56  **********
epoch   0 LossPred 1.0586 LossAtt 1.0315 TrainAcc 0.4400 TestAcc 0.4632 0.4550
epoch 100 LossPred 0.8874 LossAtt 28.7677 TrainAcc 0.6800 TestAcc 0.6851 0.6850
epoch 200 LossPred 0.7859 LossAtt 30.0778 TrainAcc 0.7400 TestAcc 0.7532 0.7500
epoch 300 LossPred 0.2817 LossAtt 22.2816 TrainAcc 0.9500 TestAcc 0.8874 0.9400
epoch 400 LossPred 0.0593 LossAtt 24.8733 TrainAcc 1.0000 TestAcc 0.9297 0.9450
Optimization Finished!
********** replication  57  **********
epoch   0 LossPred 1.2443 LossAtt 1.0736 TrainAcc 0.4100 TestAcc 0.4210 0.4650
epoch 100 LossPred 0.1319 LossAtt 37.4417 TrainAcc 0.9900 TestAcc 0.9091 0.9350
epoch 200 LossPred 0.0177 LossAtt 45.0040 TrainAcc 1.0000 TestAcc 0.9437 0.9450
Optimization Finished!
********** replication  58  **********
epoch   0 LossPred 0.9908 LossAtt 1.0284 TrainAcc 0.5700 TestAcc 0.4913 0.5750
epoch 100 LossPred 0.3892 LossAtt 24.6459 TrainAcc 0.8800 TestAcc 0.8669 0.8450
epoch 200 LossPred 0.2654 LossAtt 22.4140 TrainAcc 0.8900 TestAcc 0.8810 0.8900
epoch 300 LossPred 0.4062 LossAtt 27.5543 TrainAcc 0.8400 TestAcc 0.8333 0.8700
epoch 400 LossPred 0.1063 LossAtt 33.1178 TrainAcc 0.9800 TestAcc 0.9610 0.9500
epoch 500 LossPred 0.0502 LossAtt 32.6119 TrainAcc 0.9900 TestAcc 0.9903 0.9500
epoch 600 LossPred 0.0159 LossAtt 30.4576 TrainAcc 1.0000 TestAcc 0.9935 0.9400
Optimization Finished!
********** replication  59  **********
epoch   0 LossPred 1.1208 LossAtt 1.0368 TrainAcc 0.4700 TestAcc 0.5249 0.4850
epoch 100 LossPred 0.1547 LossAtt 18.9004 TrainAcc 0.9900 TestAcc 0.9762 0.9350
epoch 200 LossPred 0.0704 LossAtt 23.4894 TrainAcc 0.9900 TestAcc 0.9892 0.9450
epoch 300 LossPred 0.0200 LossAtt 26.1605 TrainAcc 1.0000 TestAcc 0.9913 0.9450
Optimization Finished!
********** replication  60  **********
epoch   0 LossPred 1.0117 LossAtt 1.0311 TrainAcc 0.4900 TestAcc 0.4859 0.5000
epoch 100 LossPred 0.2197 LossAtt 15.7714 TrainAcc 0.9600 TestAcc 0.9188 0.9200
epoch 200 LossPred 0.1026 LossAtt 17.6278 TrainAcc 0.9700 TestAcc 0.9242 0.9250
epoch 300 LossPred 0.0172 LossAtt 19.7229 TrainAcc 1.0000 TestAcc 0.9351 0.9500
Optimization Finished!
********** replication  61  **********
epoch   0 LossPred 0.9974 LossAtt 1.0101 TrainAcc 0.5100 TestAcc 0.5422 0.5100
epoch 100 LossPred 0.7187 LossAtt 19.9103 TrainAcc 0.7400 TestAcc 0.7359 0.7450
epoch 200 LossPred 0.2329 LossAtt 22.6224 TrainAcc 0.9300 TestAcc 0.8777 0.9150
epoch 300 LossPred 0.0862 LossAtt 26.4126 TrainAcc 0.9700 TestAcc 0.8734 0.9300
epoch 400 LossPred 0.0671 LossAtt 27.8340 TrainAcc 0.9800 TestAcc 0.8918 0.9350
epoch 500 LossPred 0.0416 LossAtt 27.4452 TrainAcc 1.0000 TestAcc 0.8972 0.9400
Optimization Finished!
********** replication  62  **********
epoch   0 LossPred 1.0721 LossAtt 1.0275 TrainAcc 0.6100 TestAcc 0.5996 0.5850
epoch 100 LossPred 0.3296 LossAtt 28.4184 TrainAcc 0.9300 TestAcc 0.9091 0.8800
epoch 200 LossPred 0.0936 LossAtt 31.4318 TrainAcc 0.9800 TestAcc 0.8539 0.9400
epoch 300 LossPred 0.0521 LossAtt 32.5052 TrainAcc 0.9900 TestAcc 0.8734 0.9550
epoch 400 LossPred 0.0453 LossAtt 33.0869 TrainAcc 0.9900 TestAcc 0.8766 0.9450
epoch 500 LossPred 0.0426 LossAtt 34.7437 TrainAcc 0.9900 TestAcc 0.8766 0.9250
epoch 600 LossPred 0.0409 LossAtt 34.6919 TrainAcc 0.9900 TestAcc 0.8755 0.9250
epoch 700 LossPred 0.0397 LossAtt 36.2418 TrainAcc 0.9900 TestAcc 0.8766 0.9250
epoch 800 LossPred 0.0386 LossAtt 36.9456 TrainAcc 0.9900 TestAcc 0.8788 0.9300
epoch 900 LossPred 0.7784 LossAtt 36.9727 TrainAcc 0.6900 TestAcc 0.6916 0.7050
epoch 1000 LossPred 0.1264 LossAtt 45.7502 TrainAcc 0.9800 TestAcc 0.9437 0.9800
epoch 1100 LossPred 0.0188 LossAtt 46.9696 TrainAcc 1.0000 TestAcc 0.9589 0.9800
Optimization Finished!
********** replication  63  **********
epoch   0 LossPred 1.0156 LossAtt 1.0086 TrainAcc 0.5100 TestAcc 0.4719 0.5000
epoch 100 LossPred 0.6191 LossAtt 23.7732 TrainAcc 0.8100 TestAcc 0.7403 0.7600
epoch 200 LossPred 0.4115 LossAtt 24.0835 TrainAcc 0.8400 TestAcc 0.8539 0.8400
epoch 300 LossPred 0.1131 LossAtt 21.6607 TrainAcc 0.9800 TestAcc 0.9751 0.9300
epoch 400 LossPred 0.0197 LossAtt 25.1496 TrainAcc 1.0000 TestAcc 0.9881 0.9350
Optimization Finished!
********** replication  64  **********
epoch   0 LossPred 0.9699 LossAtt 1.0356 TrainAcc 0.5800 TestAcc 0.5736 0.5950
epoch 100 LossPred 0.1727 LossAtt 19.7566 TrainAcc 0.9400 TestAcc 0.9048 0.9250
epoch 200 LossPred 0.0575 LossAtt 23.5397 TrainAcc 1.0000 TestAcc 0.9264 0.9450
Optimization Finished!
********** replication  65  **********
epoch   0 LossPred 0.9719 LossAtt 1.0148 TrainAcc 0.6200 TestAcc 0.5909 0.6250
epoch 100 LossPred 0.1544 LossAtt 12.6938 TrainAcc 0.9500 TestAcc 0.9177 0.9150
epoch 200 LossPred 0.0514 LossAtt 12.5375 TrainAcc 1.0000 TestAcc 0.9719 0.9250
Optimization Finished!
********** replication  66  **********
epoch   0 LossPred 1.0879 LossAtt 1.0490 TrainAcc 0.5100 TestAcc 0.5335 0.4750
epoch 100 LossPred 0.5124 LossAtt 33.3769 TrainAcc 0.8500 TestAcc 0.7976 0.8300
epoch 200 LossPred 0.1074 LossAtt 36.6245 TrainAcc 0.9800 TestAcc 0.9502 0.9400
epoch 300 LossPred 0.0144 LossAtt 42.2970 TrainAcc 1.0000 TestAcc 0.9773 0.9750
Optimization Finished!
********** replication  67  **********
epoch   0 LossPred 1.0591 LossAtt 1.0217 TrainAcc 0.4800 TestAcc 0.4978 0.4900
epoch 100 LossPred 0.5244 LossAtt 18.8168 TrainAcc 0.8500 TestAcc 0.8074 0.8550
epoch 200 LossPred 0.1929 LossAtt 26.4657 TrainAcc 0.9500 TestAcc 0.9080 0.9250
epoch 300 LossPred 0.1313 LossAtt 26.2952 TrainAcc 0.9600 TestAcc 0.9351 0.9550
epoch 400 LossPred 0.0958 LossAtt 27.5666 TrainAcc 0.9800 TestAcc 0.9513 0.9500
epoch 500 LossPred 0.0328 LossAtt 29.2501 TrainAcc 1.0000 TestAcc 0.9859 0.9350
Optimization Finished!
********** replication  68  **********
epoch   0 LossPred 0.9980 LossAtt 1.0307 TrainAcc 0.4600 TestAcc 0.4892 0.4500
epoch 100 LossPred 0.0785 LossAtt 21.7299 TrainAcc 0.9900 TestAcc 0.9286 0.9300
epoch 200 LossPred 0.0142 LossAtt 25.5396 TrainAcc 1.0000 TestAcc 0.9210 0.9100
Optimization Finished!
********** replication  69  **********
epoch   0 LossPred 0.9728 LossAtt 1.0152 TrainAcc 0.5900 TestAcc 0.5725 0.5800
epoch 100 LossPred 0.3349 LossAtt 25.4581 TrainAcc 0.9100 TestAcc 0.8409 0.8750
epoch 200 LossPred 0.1333 LossAtt 22.3612 TrainAcc 0.9600 TestAcc 0.9470 0.9400
epoch 300 LossPred 0.0571 LossAtt 23.3434 TrainAcc 0.9900 TestAcc 0.9848 0.9350
epoch 400 LossPred 0.0106 LossAtt 24.3454 TrainAcc 1.0000 TestAcc 0.9968 0.9450
Optimization Finished!
********** replication  70  **********
epoch   0 LossPred 1.0753 LossAtt 1.0214 TrainAcc 0.4100 TestAcc 0.4264 0.4650
epoch 100 LossPred 0.2007 LossAtt 29.0782 TrainAcc 0.9500 TestAcc 0.9340 0.8900
epoch 200 LossPred 0.0809 LossAtt 28.8593 TrainAcc 0.9900 TestAcc 0.9827 0.9300
epoch 300 LossPred 0.0109 LossAtt 30.4172 TrainAcc 1.0000 TestAcc 0.9903 0.9350
Optimization Finished!
********** replication  71  **********
epoch   0 LossPred 1.0555 LossAtt 1.0089 TrainAcc 0.4800 TestAcc 0.4416 0.4850
epoch 100 LossPred 0.3204 LossAtt 23.5234 TrainAcc 0.9300 TestAcc 0.9015 0.9050
epoch 200 LossPred 0.0966 LossAtt 20.7816 TrainAcc 0.9800 TestAcc 0.9524 0.9450
epoch 300 LossPred 0.0297 LossAtt 22.4886 TrainAcc 1.0000 TestAcc 0.9870 0.9500
Optimization Finished!
********** replication  72  **********
epoch   0 LossPred 1.1167 LossAtt 1.0490 TrainAcc 0.3500 TestAcc 0.3799 0.4300
epoch 100 LossPred 0.4979 LossAtt 26.2525 TrainAcc 0.8500 TestAcc 0.8626 0.8500
epoch 200 LossPred 0.1071 LossAtt 21.3591 TrainAcc 0.9900 TestAcc 0.9567 0.9250
epoch 300 LossPred 0.0386 LossAtt 25.0050 TrainAcc 0.9900 TestAcc 0.9697 0.8900
epoch 400 LossPred 0.0080 LossAtt 28.1730 TrainAcc 1.0000 TestAcc 0.9719 0.8900
Optimization Finished!
********** replication  73  **********
epoch   0 LossPred 0.9840 LossAtt 1.0387 TrainAcc 0.6100 TestAcc 0.6245 0.5850
epoch 100 LossPred 0.2268 LossAtt 26.6043 TrainAcc 0.9200 TestAcc 0.8853 0.8400
epoch 200 LossPred 0.0292 LossAtt 30.3467 TrainAcc 1.0000 TestAcc 0.9491 0.9300
Optimization Finished!
********** replication  74  **********
epoch   0 LossPred 1.1689 LossAtt 1.0794 TrainAcc 0.4900 TestAcc 0.5498 0.4750
epoch 100 LossPred 0.1303 LossAtt 29.5284 TrainAcc 0.9900 TestAcc 0.9437 0.9200
epoch 200 LossPred 0.0789 LossAtt 27.0603 TrainAcc 0.9900 TestAcc 0.9697 0.9350
epoch 300 LossPred 0.1033 LossAtt 25.8565 TrainAcc 0.9700 TestAcc 0.9535 0.9400
epoch 400 LossPred 0.0097 LossAtt 29.7642 TrainAcc 1.0000 TestAcc 0.9968 0.9600
Optimization Finished!
********** replication  75  **********
epoch   0 LossPred 1.0850 LossAtt 1.0504 TrainAcc 0.4200 TestAcc 0.4264 0.4150
epoch 100 LossPred 0.3897 LossAtt 20.7465 TrainAcc 0.8700 TestAcc 0.8571 0.8250
epoch 200 LossPred 0.4139 LossAtt 15.4268 TrainAcc 0.8500 TestAcc 0.8193 0.8300
epoch 300 LossPred 0.6299 LossAtt 18.4267 TrainAcc 0.8000 TestAcc 0.7597 0.7600
epoch 400 LossPred 0.2492 LossAtt 16.1241 TrainAcc 0.9400 TestAcc 0.8658 0.8550
epoch 500 LossPred 0.1518 LossAtt 18.6015 TrainAcc 0.9400 TestAcc 0.8994 0.9050
epoch 600 LossPred 0.0392 LossAtt 19.7205 TrainAcc 1.0000 TestAcc 0.9351 0.9100
Optimization Finished!
********** replication  76  **********
epoch   0 LossPred 1.1850 LossAtt 1.0857 TrainAcc 0.5000 TestAcc 0.4719 0.5000
epoch 100 LossPred 0.2113 LossAtt 30.8956 TrainAcc 0.9600 TestAcc 0.9405 0.9550
epoch 200 LossPred 0.0954 LossAtt 38.7304 TrainAcc 0.9900 TestAcc 0.9416 0.9300
epoch 300 LossPred 0.0148 LossAtt 40.2945 TrainAcc 1.0000 TestAcc 0.9589 0.9500
Optimization Finished!
********** replication  77  **********
epoch   0 LossPred 1.1110 LossAtt 1.0292 TrainAcc 0.3500 TestAcc 0.3799 0.3500
epoch 100 LossPred 0.1328 LossAtt 21.8804 TrainAcc 0.9900 TestAcc 0.9340 0.9650
epoch 200 LossPred 0.0134 LossAtt 29.6101 TrainAcc 1.0000 TestAcc 0.9903 0.9950
Optimization Finished!
********** replication  78  **********
epoch   0 LossPred 1.2002 LossAtt 1.0139 TrainAcc 0.4500 TestAcc 0.4686 0.5000
epoch 100 LossPred 0.1788 LossAtt 24.1282 TrainAcc 0.9800 TestAcc 0.9708 0.9250
epoch 200 LossPred 0.0454 LossAtt 28.2947 TrainAcc 1.0000 TestAcc 0.9946 0.9650
Optimization Finished!
********** replication  79  **********
epoch   0 LossPred 1.0826 LossAtt 1.0348 TrainAcc 0.5500 TestAcc 0.4340 0.4800
epoch 100 LossPred 0.2045 LossAtt 17.8191 TrainAcc 0.9800 TestAcc 0.9307 0.9100
epoch 200 LossPred 0.0281 LossAtt 28.1726 TrainAcc 1.0000 TestAcc 0.9545 0.8200
Optimization Finished!
********** replication  80  **********
epoch   0 LossPred 1.1333 LossAtt 1.0335 TrainAcc 0.4400 TestAcc 0.4459 0.4950
epoch 100 LossPred 0.5406 LossAtt 16.5430 TrainAcc 0.8500 TestAcc 0.7662 0.8550
epoch 200 LossPred 0.2509 LossAtt 32.3748 TrainAcc 0.9200 TestAcc 0.8452 0.8800
epoch 300 LossPred 0.2853 LossAtt 27.8782 TrainAcc 0.9100 TestAcc 0.8496 0.8700
epoch 400 LossPred 0.1577 LossAtt 30.6297 TrainAcc 0.9600 TestAcc 0.8474 0.9050
epoch 500 LossPred 0.1469 LossAtt 30.3523 TrainAcc 0.9600 TestAcc 0.8820 0.9050
epoch 600 LossPred 0.0384 LossAtt 32.4261 TrainAcc 1.0000 TestAcc 0.9589 0.9800
Optimization Finished!
********** replication  81  **********
epoch   0 LossPred 1.1220 LossAtt 1.0385 TrainAcc 0.3200 TestAcc 0.3831 0.3250
epoch 100 LossPred 0.2699 LossAtt 14.8699 TrainAcc 0.9800 TestAcc 0.9556 0.9450
epoch 200 LossPred 0.0413 LossAtt 23.5850 TrainAcc 1.0000 TestAcc 0.9556 0.9500
Optimization Finished!
********** replication  82  **********
epoch   0 LossPred 1.0250 LossAtt 1.0326 TrainAcc 0.5600 TestAcc 0.5357 0.5400
epoch 100 LossPred 0.2377 LossAtt 9.1307 TrainAcc 0.9600 TestAcc 0.9524 0.8900
epoch 200 LossPred 0.0625 LossAtt 11.7967 TrainAcc 1.0000 TestAcc 0.9913 0.8850
Optimization Finished!
********** replication  83  **********
epoch   0 LossPred 1.0848 LossAtt 1.0328 TrainAcc 0.4000 TestAcc 0.4513 0.3900
epoch 100 LossPred 0.1496 LossAtt 19.1415 TrainAcc 0.9900 TestAcc 0.9556 0.9250
epoch 200 LossPred 0.0383 LossAtt 21.0585 TrainAcc 1.0000 TestAcc 0.9773 0.9200
Optimization Finished!
********** replication  84  **********
epoch   0 LossPred 1.0442 LossAtt 1.0420 TrainAcc 0.5300 TestAcc 0.5032 0.5750
epoch 100 LossPred 0.5826 LossAtt 18.0194 TrainAcc 0.8300 TestAcc 0.8203 0.8100
epoch 200 LossPred 0.1274 LossAtt 27.3436 TrainAcc 0.9700 TestAcc 0.9470 0.9300
epoch 300 LossPred 0.0256 LossAtt 29.1009 TrainAcc 1.0000 TestAcc 0.9740 0.9550
Optimization Finished!
********** replication  85  **********
epoch   0 LossPred 1.0335 LossAtt 1.0244 TrainAcc 0.5400 TestAcc 0.5509 0.5100
epoch 100 LossPred 0.1817 LossAtt 23.9570 TrainAcc 0.9700 TestAcc 0.8604 0.9250
epoch 200 LossPred 0.0378 LossAtt 31.4046 TrainAcc 0.9900 TestAcc 0.9567 0.9600
epoch 300 LossPred 0.0078 LossAtt 36.4662 TrainAcc 1.0000 TestAcc 0.9253 0.9400
Optimization Finished!
********** replication  86  **********
epoch   0 LossPred 0.9680 LossAtt 1.0092 TrainAcc 0.6600 TestAcc 0.5368 0.6350
epoch 100 LossPred 0.5322 LossAtt 13.3667 TrainAcc 0.8400 TestAcc 0.7619 0.8350
epoch 200 LossPred 0.1768 LossAtt 17.1719 TrainAcc 0.9900 TestAcc 0.8864 0.9550
epoch 300 LossPred 0.0908 LossAtt 18.3948 TrainAcc 0.9900 TestAcc 0.9253 0.9550
epoch 400 LossPred 0.0531 LossAtt 21.1296 TrainAcc 0.9900 TestAcc 0.9286 0.9700
epoch 500 LossPred 0.0391 LossAtt 23.0160 TrainAcc 0.9900 TestAcc 0.9340 0.9700
epoch 600 LossPred 0.0427 LossAtt 23.6834 TrainAcc 0.9900 TestAcc 0.9426 0.9550
epoch 700 LossPred 0.0069 LossAtt 24.1903 TrainAcc 1.0000 TestAcc 0.9405 0.9700
Optimization Finished!
********** replication  87  **********
epoch   0 LossPred 1.0204 LossAtt 1.0348 TrainAcc 0.5700 TestAcc 0.5530 0.6000
epoch 100 LossPred 0.4337 LossAtt 31.5052 TrainAcc 0.8700 TestAcc 0.7792 0.8400
epoch 200 LossPred 0.3066 LossAtt 27.0612 TrainAcc 0.9000 TestAcc 0.8149 0.9050
epoch 300 LossPred 0.1336 LossAtt 34.1301 TrainAcc 0.9700 TestAcc 0.8366 0.9100
epoch 400 LossPred 0.0494 LossAtt 33.4053 TrainAcc 1.0000 TestAcc 0.8983 0.9450
Optimization Finished!
********** replication  88  **********
epoch   0 LossPred 1.0367 LossAtt 1.0200 TrainAcc 0.4400 TestAcc 0.4199 0.4650
epoch 100 LossPred 0.1648 LossAtt 22.9434 TrainAcc 0.9700 TestAcc 0.9729 0.9200
epoch 200 LossPred 0.0369 LossAtt 25.0284 TrainAcc 1.0000 TestAcc 0.9675 0.9450
Optimization Finished!
********** replication  89  **********
epoch   0 LossPred 1.0619 LossAtt 1.0122 TrainAcc 0.3400 TestAcc 0.3810 0.3400
epoch 100 LossPred 0.5436 LossAtt 21.1327 TrainAcc 0.8500 TestAcc 0.8420 0.8500
epoch 200 LossPred 0.2800 LossAtt 23.1266 TrainAcc 0.9400 TestAcc 0.9210 0.8400
epoch 300 LossPred 0.2054 LossAtt 24.3677 TrainAcc 0.9400 TestAcc 0.9167 0.8450
epoch 400 LossPred 1.2580 LossAtt 19.8596 TrainAcc 0.3400 TestAcc 0.3820 0.3400
epoch 500 LossPred 0.8978 LossAtt 20.0890 TrainAcc 0.6600 TestAcc 0.6180 0.6600
epoch 600 LossPred 0.8977 LossAtt 20.1823 TrainAcc 0.6600 TestAcc 0.6180 0.6600
epoch 700 LossPred 0.8976 LossAtt 20.4232 TrainAcc 0.6600 TestAcc 0.6180 0.6600
epoch 800 LossPred 0.8975 LossAtt 20.3926 TrainAcc 0.6600 TestAcc 0.6180 0.6600
epoch 900 LossPred 0.8975 LossAtt 20.3598 TrainAcc 0.6600 TestAcc 0.6180 0.6600
epoch 1000 LossPred 0.8975 LossAtt 20.5064 TrainAcc 0.6600 TestAcc 0.6180 0.6600
epoch 1100 LossPred 0.8974 LossAtt 21.3134 TrainAcc 0.6600 TestAcc 0.6180 0.6600
epoch 1200 LossPred 0.8973 LossAtt 20.5947 TrainAcc 0.6600 TestAcc 0.6180 0.6600
epoch 1300 LossPred 0.8972 LossAtt 20.0498 TrainAcc 0.6600 TestAcc 0.6180 0.6600
epoch 1400 LossPred 0.8969 LossAtt 20.6741 TrainAcc 0.6600 TestAcc 0.6180 0.6600
epoch 1500 LossPred 0.8946 LossAtt 20.4856 TrainAcc 0.6600 TestAcc 0.6180 0.6600
epoch 1600 LossPred 0.6556 LossAtt 25.0192 TrainAcc 0.7500 TestAcc 0.7240 0.7650
epoch 1700 LossPred 0.1786 LossAtt 29.2788 TrainAcc 0.9700 TestAcc 0.9535 0.9100
epoch 1800 LossPred 1.4465 LossAtt 23.7043 TrainAcc 0.5100 TestAcc 0.5292 0.5050
epoch 1900 LossPred 0.4864 LossAtt 35.7345 TrainAcc 0.8200 TestAcc 0.7771 0.8350
epoch 2000 LossPred 0.8865 LossAtt 39.8615 TrainAcc 0.6600 TestAcc 0.6190 0.6600
epoch 2100 LossPred 0.7765 LossAtt 39.7442 TrainAcc 0.6600 TestAcc 0.6190 0.6600
epoch 2200 LossPred 0.6856 LossAtt 37.9016 TrainAcc 0.7200 TestAcc 0.7132 0.7050
epoch 2300 LossPred 0.3598 LossAtt 38.4907 TrainAcc 0.8800 TestAcc 0.8474 0.8550
epoch 2400 LossPred 0.2464 LossAtt 38.1849 TrainAcc 0.9200 TestAcc 0.8669 0.8550
epoch 2500 LossPred 0.1638 LossAtt 38.0607 TrainAcc 0.9800 TestAcc 0.9232 0.8600
Optimization Finished!
********** replication  90  **********
epoch   0 LossPred 1.0307 LossAtt 1.0403 TrainAcc 0.5000 TestAcc 0.4957 0.4950
epoch 100 LossPred 0.2191 LossAtt 24.0960 TrainAcc 0.9500 TestAcc 0.9004 0.9250
epoch 200 LossPred 0.1562 LossAtt 24.9703 TrainAcc 0.9600 TestAcc 0.8885 0.9250
epoch 300 LossPred 0.2380 LossAtt 21.1082 TrainAcc 0.9100 TestAcc 0.8907 0.9200
epoch 400 LossPred 0.0974 LossAtt 23.6026 TrainAcc 0.9700 TestAcc 0.9026 0.9550
epoch 500 LossPred 0.0484 LossAtt 25.6751 TrainAcc 0.9900 TestAcc 0.9167 0.9650
epoch 600 LossPred 0.0032 LossAtt 30.3045 TrainAcc 1.0000 TestAcc 0.9502 0.9350
Optimization Finished!
********** replication  91  **********
epoch   0 LossPred 1.1580 LossAtt 1.0680 TrainAcc 0.3500 TestAcc 0.3799 0.3750
epoch 100 LossPred 0.3394 LossAtt 30.8838 TrainAcc 0.9400 TestAcc 0.8550 0.8800
epoch 200 LossPred 0.2235 LossAtt 33.3618 TrainAcc 0.9500 TestAcc 0.8896 0.9000
epoch 300 LossPred 0.0544 LossAtt 32.5214 TrainAcc 1.0000 TestAcc 0.9675 0.9050
Optimization Finished!
********** replication  92  **********
epoch   0 LossPred 1.1303 LossAtt 1.0421 TrainAcc 0.5200 TestAcc 0.4545 0.5050
epoch 100 LossPred 0.9379 LossAtt 38.8480 TrainAcc 0.6200 TestAcc 0.6234 0.6200
epoch 200 LossPred 0.9094 LossAtt 38.1666 TrainAcc 0.6200 TestAcc 0.6234 0.6200
epoch 300 LossPred 0.8749 LossAtt 38.8409 TrainAcc 0.6400 TestAcc 0.6537 0.6350
epoch 400 LossPred 0.6375 LossAtt 48.0172 TrainAcc 0.8100 TestAcc 0.8225 0.7700
epoch 500 LossPred 0.1809 LossAtt 45.8258 TrainAcc 0.9900 TestAcc 0.9361 0.9600
epoch 600 LossPred 0.0832 LossAtt 44.2460 TrainAcc 0.9900 TestAcc 0.9600 0.9500
epoch 700 LossPred 0.0543 LossAtt 45.9513 TrainAcc 1.0000 TestAcc 0.9491 0.9050
Optimization Finished!
********** replication  93  **********
epoch   0 LossPred 1.0604 LossAtt 1.0115 TrainAcc 0.5700 TestAcc 0.5303 0.5550
epoch 100 LossPred 0.7879 LossAtt 13.5978 TrainAcc 0.7000 TestAcc 0.7219 0.7150
epoch 200 LossPred 0.4659 LossAtt 19.8408 TrainAcc 0.8700 TestAcc 0.8636 0.8600
epoch 300 LossPred 0.2104 LossAtt 18.9781 TrainAcc 0.9600 TestAcc 0.8366 0.9500
epoch 400 LossPred 0.1023 LossAtt 19.7353 TrainAcc 0.9900 TestAcc 0.8658 0.9700
epoch 500 LossPred 0.0659 LossAtt 20.7273 TrainAcc 0.9900 TestAcc 0.8820 0.9600
epoch 600 LossPred 0.0531 LossAtt 21.4683 TrainAcc 0.9900 TestAcc 0.8864 0.9550
epoch 700 LossPred 1.7786 LossAtt 30.5777 TrainAcc 0.5000 TestAcc 0.5606 0.5000
epoch 800 LossPred 0.7455 LossAtt 44.8486 TrainAcc 0.6600 TestAcc 0.6190 0.6600
epoch 900 LossPred 0.7079 LossAtt 35.5673 TrainAcc 0.7300 TestAcc 0.7305 0.7300
epoch 1000 LossPred 0.5961 LossAtt 35.1772 TrainAcc 0.7700 TestAcc 0.7630 0.7750
epoch 1100 LossPred 0.3431 LossAtt 28.4735 TrainAcc 0.8900 TestAcc 0.8193 0.8650
epoch 1200 LossPred 0.7875 LossAtt 20.6080 TrainAcc 0.6600 TestAcc 0.6190 0.6600
epoch 1300 LossPred 0.2713 LossAtt 18.3805 TrainAcc 0.9400 TestAcc 0.8571 0.9300
epoch 1400 LossPred 0.0873 LossAtt 18.2702 TrainAcc 1.0000 TestAcc 0.8994 0.9400
Optimization Finished!
********** replication  94  **********
epoch   0 LossPred 1.2360 LossAtt 1.0199 TrainAcc 0.4900 TestAcc 0.4838 0.4650
epoch 100 LossPred 0.2764 LossAtt 29.5800 TrainAcc 0.9600 TestAcc 0.9610 0.9150
epoch 200 LossPred 0.1415 LossAtt 35.5930 TrainAcc 0.9500 TestAcc 0.9383 0.9550
epoch 300 LossPred 0.0205 LossAtt 36.8141 TrainAcc 1.0000 TestAcc 0.9848 0.9550
Optimization Finished!
********** replication  95  **********
epoch   0 LossPred 1.2152 LossAtt 1.0388 TrainAcc 0.3400 TestAcc 0.3810 0.3550
epoch 100 LossPred 0.3639 LossAtt 19.1419 TrainAcc 0.9200 TestAcc 0.8582 0.8750
epoch 200 LossPred 0.1574 LossAtt 21.3482 TrainAcc 0.9600 TestAcc 0.8636 0.9050
epoch 300 LossPred 0.1503 LossAtt 21.4141 TrainAcc 0.9600 TestAcc 0.8788 0.9200
epoch 400 LossPred 0.0406 LossAtt 26.2027 TrainAcc 0.9900 TestAcc 0.8550 0.9200
epoch 500 LossPred 0.1251 LossAtt 23.4842 TrainAcc 0.9700 TestAcc 0.8755 0.9350
epoch 600 LossPred 0.0189 LossAtt 23.4597 TrainAcc 1.0000 TestAcc 0.8864 0.9650
Optimization Finished!
********** replication  96  **********
epoch   0 LossPred 1.0489 LossAtt 1.0156 TrainAcc 0.4200 TestAcc 0.4459 0.4400
epoch 100 LossPred 0.7203 LossAtt 17.7281 TrainAcc 0.7700 TestAcc 0.6829 0.7700
epoch 200 LossPred 0.1159 LossAtt 27.3478 TrainAcc 0.9800 TestAcc 0.9610 0.9450
epoch 300 LossPred 0.0539 LossAtt 29.1085 TrainAcc 0.9900 TestAcc 0.9859 0.9600
epoch 400 LossPred 0.0446 LossAtt 31.4102 TrainAcc 0.9900 TestAcc 0.9870 0.9500
epoch 500 LossPred 0.0412 LossAtt 32.8670 TrainAcc 0.9900 TestAcc 0.9881 0.9600
epoch 600 LossPred 0.6350 LossAtt 29.8081 TrainAcc 0.8100 TestAcc 0.8258 0.8000
epoch 700 LossPred 0.0382 LossAtt 33.5833 TrainAcc 0.9900 TestAcc 0.9903 0.9550
epoch 800 LossPred 0.0040 LossAtt 34.5052 TrainAcc 1.0000 TestAcc 0.9784 0.9700
Optimization Finished!
********** replication  97  **********
epoch   0 LossPred 1.0087 LossAtt 1.0373 TrainAcc 0.5200 TestAcc 0.4372 0.5250
epoch 100 LossPred 0.5631 LossAtt 17.7008 TrainAcc 0.8100 TestAcc 0.7251 0.8100
epoch 200 LossPred 0.2304 LossAtt 15.4654 TrainAcc 0.9700 TestAcc 0.9058 0.9300
epoch 300 LossPred 0.0763 LossAtt 20.3604 TrainAcc 1.0000 TestAcc 0.9729 0.9250
Optimization Finished!
********** replication  98  **********
epoch   0 LossPred 1.0522 LossAtt 1.0557 TrainAcc 0.5800 TestAcc 0.6277 0.5600
epoch 100 LossPred 0.3095 LossAtt 27.7784 TrainAcc 0.9200 TestAcc 0.8690 0.9050
epoch 200 LossPred 0.1002 LossAtt 34.7362 TrainAcc 0.9700 TestAcc 0.8766 0.8750
epoch 300 LossPred 0.0896 LossAtt 33.4928 TrainAcc 0.9700 TestAcc 0.8723 0.9300
epoch 400 LossPred 0.0631 LossAtt 36.9615 TrainAcc 0.9800 TestAcc 0.8788 0.9000
epoch 500 LossPred 0.0503 LossAtt 42.0617 TrainAcc 0.9800 TestAcc 0.8680 0.8800
epoch 600 LossPred 0.0484 LossAtt 41.6019 TrainAcc 0.9800 TestAcc 0.8615 0.9000
epoch 700 LossPred 0.0474 LossAtt 44.1856 TrainAcc 0.9900 TestAcc 0.8582 0.9000
epoch 800 LossPred 0.2189 LossAtt 46.3323 TrainAcc 0.9500 TestAcc 0.8561 0.9350
epoch 900 LossPred 0.1182 LossAtt 46.2302 TrainAcc 0.9400 TestAcc 0.8517 0.9600
epoch 1000 LossPred 0.0657 LossAtt 47.3253 TrainAcc 0.9700 TestAcc 0.8604 0.9350
epoch 1100 LossPred 0.0548 LossAtt 46.3338 TrainAcc 0.9800 TestAcc 0.8658 0.9450
epoch 1200 LossPred 0.1469 LossAtt 47.6957 TrainAcc 0.9600 TestAcc 0.8420 0.9200
epoch 1300 LossPred 0.0888 LossAtt 51.1954 TrainAcc 0.9700 TestAcc 0.8420 0.9350
epoch 1400 LossPred 0.5747 LossAtt 41.0505 TrainAcc 0.8200 TestAcc 0.7543 0.8000
epoch 1500 LossPred 0.0594 LossAtt 55.5972 TrainAcc 0.9800 TestAcc 0.9048 0.9600
epoch 1600 LossPred 0.0117 LossAtt 53.8965 TrainAcc 1.0000 TestAcc 0.9113 0.9700
Optimization Finished!
********** replication  99  **********
epoch   0 LossPred 1.0468 LossAtt 1.0029 TrainAcc 0.5000 TestAcc 0.5152 0.5050
epoch 100 LossPred 0.7299 LossAtt 22.0384 TrainAcc 0.7000 TestAcc 0.6201 0.7000
epoch 200 LossPred 0.2870 LossAtt 15.0314 TrainAcc 0.9500 TestAcc 0.9188 0.9250
epoch 300 LossPred 0.1381 LossAtt 15.1194 TrainAcc 0.9900 TestAcc 0.9870 0.9750
epoch 400 LossPred 0.0651 LossAtt 14.9548 TrainAcc 1.0000 TestAcc 0.9859 0.9750
Optimization Finished!
********************************************************************
Namespace(arch='tanh', batch_size=256, display_epoch=100, early_stop=True, input_noise_level=0.15, latent_attractor_space=True, loss_switch_frequency=0, lrate_attractor=0.0, lrate_prediction=0.002, lrate_wt_penalty=0.0, n_attractor_hidden=20, n_attractor_steps=5, n_hidden=10, n_replications=100, n_train=0, noise_level=0.25, report_best_train_performance=True, seq_len=10, task='majority', train_attr_weights_on_prediction=True, training_epochs=2500)
********************************************************************
mean train accuracy 0.9997
indiv runs  [1.0, 1.0, 1.0, 1.0, 1.0, 1.0, 1.0, 1.0, 1.0, 1.0, 1.0, 1.0, 1.0, 1.0, 1.0, 0.99, 1.0, 1.0, 1.0, 1.0, 1.0, 1.0, 1.0, 1.0, 1.0, 1.0, 1.0, 1.0, 1.0, 1.0, 1.0, 1.0, 1.0, 1.0, 1.0, 1.0, 1.0, 1.0, 1.0, 1.0, 1.0, 1.0, 1.0, 1.0, 1.0, 1.0, 1.0, 1.0, 1.0, 1.0, 1.0, 1.0, 1.0, 1.0, 1.0, 1.0, 1.0, 1.0, 1.0, 1.0, 1.0, 1.0, 1.0, 1.0, 1.0, 1.0, 1.0, 1.0, 1.0, 1.0, 1.0, 1.0, 1.0, 1.0, 1.0, 1.0, 1.0, 1.0, 1.0, 1.0, 1.0, 1.0, 1.0, 1.0, 1.0, 1.0, 1.0, 1.0, 1.0, 0.98, 1.0, 1.0, 1.0, 1.0, 1.0, 1.0, 1.0, 1.0, 1.0, 1.0]
mean epoch 423.448979592
indiv epochs  [201, 1301, 301, 201, 301, 401, 201, 201, 701, 401, 601, 201, 201, 201, 701, 1301, 1001, 301, 601, 501, 201, 301, 501, 301, 1101, 801, 301, 301, 201, 301, 501, 201, 301, 401, 201, 301, 201, 201, 201, 201, 201, 301, 401, 201, 301, 1101, 401, 101, 201, 1301, 401, 201, 201, 201, 301, 401, 201, 601, 301, 301, 501, 1101, 401, 201, 201, 301, 501, 201, 401, 301, 301, 401, 201, 401, 601, 301, 201, 201, 201, 601, 201, 201, 201, 301, 301, 701, 401, 201, 601, 301, 701, 1401, 301, 601, 801, 301, 1601, 401]
test1 accuracy mean  0.9553788  median  0.96049786
test2 accuracy mean  0.94280005  median  0.945
test1 indiv runs  [0.9502165, 0.9751082, 0.9415584, 0.9880952, 0.94588745, 0.9621212, 0.8831169, 0.91233766, 0.94588745, 0.97077924, 0.9967533, 0.98268396, 0.97077924, 0.95238096, 0.9632035, 0.87229437, 0.93939394, 0.9318182, 0.99242425, 0.9383117, 0.9253247, 0.9816017, 0.96428573, 0.94588745, 0.9220779, 0.969697, 0.96753246, 0.9664502, 0.98268396, 0.9502165, 0.86904764, 0.9404762, 0.9664502, 0.9805195, 0.99025977, 0.9339827, 0.9577922, 0.965368, 0.9285714, 0.9664502, 0.95887446, 0.969697, 0.95887446, 0.9015151, 0.9361472, 0.9751082, 0.9935065, 0.9935065, 0.97402596, 0.97402596, 0.91233766, 0.9816017, 0.97619045, 0.95238096, 0.9253247, 0.9220779, 0.9296537, 0.94372296, 0.9935065, 0.991342, 0.9350649, 0.89718616, 0.95887446, 0.9880952, 0.9264069, 0.9718615, 0.97727275, 0.98593074, 0.92099565, 0.9967533, 0.99025977, 0.987013, 0.9718615, 0.9491342, 0.9967533, 0.9350649, 0.95887446, 0.99025977, 0.99458873, 0.95454544, 0.95887446, 0.9556277, 0.991342, 0.97727275, 0.97402596, 0.9253247, 0.9404762, 0.8982684, 0.96753246, 0.9231602, 0.9502165, 0.96753246, 0.9491342, 0.89935064, 0.9848485, 0.8863636, 0.978355, 0.9729437, 0.9112554, 0.98593074]
test2 indiv runs  [0.93, 0.965, 0.975, 0.955, 0.965, 0.935, 0.94, 0.965, 0.955, 0.925, 0.91, 0.955, 0.94, 0.965, 0.97, 0.945, 0.935, 0.96, 0.93, 0.89, 0.955, 0.92, 0.945, 0.95, 0.95, 0.975, 0.97, 0.97, 0.965, 0.915, 0.875, 0.995, 0.97, 0.965, 0.92, 0.925, 0.97, 0.96, 0.94, 0.9, 0.915, 0.945, 0.955, 0.925, 0.91, 0.97, 0.985, 0.92, 0.92, 0.96, 0.965, 0.935, 0.955, 0.96, 0.93, 0.97, 0.945, 0.945, 0.94, 0.945, 0.95, 0.94, 0.98, 0.935, 0.945, 0.925, 0.975, 0.935, 0.91, 0.945, 0.935, 0.95, 0.89, 0.93, 0.96, 0.91, 0.95, 0.995, 0.965, 0.82, 0.98, 0.95, 0.885, 0.92, 0.955, 0.94, 0.97, 0.945, 0.945, 0.86, 0.935, 0.905, 0.905, 0.94, 0.955, 0.965, 0.97, 0.925, 0.97, 0.975]
