Namespace(arch='tanh', batch_size=256, display_epoch=100, early_stop=True, input_noise_level=0.15, latent_attractor_space=True, loss_switch_frequency=0, lrate_attractor=0.002, lrate_prediction=0.002, lrate_wt_penalty=0.0, n_attractor_hidden=20, n_attractor_steps=5, n_hidden=10, n_replications=100, n_train=0, noise_level=0.25, report_best_train_performance=True, seq_len=15, task='majority', train_attr_weights_on_prediction=True, training_epochs=2500)
TRAINING ON 100 EXAMPLES, TESTING ON 3996
********** replication  0  **********
epoch   0 LossPred 1.1009 LossAtt 1.0245 TrainAcc 0.5800 TestAcc 0.5611 0.4950
epoch 100 LossPred 0.6462 LossAtt 1.1726 TrainAcc 0.8800 TestAcc 0.8336 0.8000
epoch 200 LossPred 0.2568 LossAtt 0.7311 TrainAcc 0.9600 TestAcc 0.9177 0.9350
epoch 300 LossPred 0.1360 LossAtt 0.6684 TrainAcc 1.0000 TestAcc 0.9399 0.9400
Optimization Finished!
********** replication  1  **********
epoch   0 LossPred 1.0895 LossAtt 1.0351 TrainAcc 0.4800 TestAcc 0.4722 0.4800
epoch 100 LossPred 0.4903 LossAtt 0.8485 TrainAcc 0.8900 TestAcc 0.8984 0.8550
epoch 200 LossPred 0.1521 LossAtt 0.7341 TrainAcc 1.0000 TestAcc 0.9492 0.9100
Optimization Finished!
********** replication  2  **********
epoch   0 LossPred 1.0666 LossAtt 1.0175 TrainAcc 0.4000 TestAcc 0.4284 0.4100
epoch 100 LossPred 0.9086 LossAtt 0.5210 TrainAcc 0.6500 TestAcc 0.6311 0.6350
epoch 200 LossPred 0.1877 LossAtt 0.5877 TrainAcc 0.9700 TestAcc 0.9359 0.9200
epoch 300 LossPred 0.1000 LossAtt 0.4934 TrainAcc 0.9800 TestAcc 0.9680 0.9350
epoch 400 LossPred 0.0422 LossAtt 0.4376 TrainAcc 1.0000 TestAcc 0.9767 0.9400
Optimization Finished!
********** replication  3  **********
epoch   0 LossPred 0.9858 LossAtt 1.0555 TrainAcc 0.4900 TestAcc 0.4727 0.4900
epoch 100 LossPred 0.6641 LossAtt 0.9069 TrainAcc 0.7600 TestAcc 0.7485 0.7500
epoch 200 LossPred 0.2239 LossAtt 0.6379 TrainAcc 0.9500 TestAcc 0.9222 0.9200
epoch 300 LossPred 0.1036 LossAtt 0.5530 TrainAcc 0.9800 TestAcc 0.9610 0.9600
epoch 400 LossPred 0.0874 LossAtt 0.5088 TrainAcc 0.9800 TestAcc 0.9647 0.9600
epoch 500 LossPred 0.0587 LossAtt 0.4857 TrainAcc 1.0000 TestAcc 0.9600 0.9600
Optimization Finished!
********** replication  4  **********
epoch   0 LossPred 1.0076 LossAtt 1.0297 TrainAcc 0.4900 TestAcc 0.5090 0.4900
epoch 100 LossPred 0.8201 LossAtt 0.6151 TrainAcc 0.6900 TestAcc 0.5893 0.6900
epoch 200 LossPred 0.3222 LossAtt 0.8116 TrainAcc 0.9300 TestAcc 0.8624 0.8650
epoch 300 LossPred 0.1973 LossAtt 0.4569 TrainAcc 0.9500 TestAcc 0.8759 0.8800
epoch 400 LossPred 0.1687 LossAtt 0.4256 TrainAcc 0.9600 TestAcc 0.8951 0.9100
epoch 500 LossPred 0.1431 LossAtt 0.4021 TrainAcc 0.9600 TestAcc 0.8869 0.9050
epoch 600 LossPred 0.1240 LossAtt 0.3766 TrainAcc 0.9600 TestAcc 0.8964 0.9050
epoch 700 LossPred 0.1237 LossAtt 0.3650 TrainAcc 0.9600 TestAcc 0.8924 0.9050
epoch 800 LossPred 0.0979 LossAtt 0.3755 TrainAcc 0.9900 TestAcc 0.8954 0.8950
epoch 900 LossPred 0.0998 LossAtt 0.3512 TrainAcc 0.9800 TestAcc 0.9087 0.9150
epoch 1000 LossPred 0.0959 LossAtt 0.4015 TrainAcc 0.9700 TestAcc 0.8979 0.9300
epoch 1100 LossPred 0.0951 LossAtt 0.3356 TrainAcc 0.9700 TestAcc 0.8969 0.9150
epoch 1200 LossPred 0.0859 LossAtt 0.3357 TrainAcc 0.9800 TestAcc 0.8946 0.9300
epoch 1300 LossPred 0.0731 LossAtt 0.3248 TrainAcc 0.9800 TestAcc 0.9062 0.9250
epoch 1400 LossPred 0.0743 LossAtt 0.3089 TrainAcc 0.9800 TestAcc 0.9014 0.9200
epoch 1500 LossPred 0.1462 LossAtt 0.3371 TrainAcc 0.9500 TestAcc 0.9079 0.9250
epoch 1600 LossPred 0.0637 LossAtt 0.3054 TrainAcc 0.9800 TestAcc 0.9027 0.9250
epoch 1700 LossPred 0.0639 LossAtt 0.3133 TrainAcc 0.9800 TestAcc 0.9144 0.9250
epoch 1800 LossPred 0.0622 LossAtt 0.3038 TrainAcc 0.9900 TestAcc 0.9032 0.9250
epoch 1900 LossPred 0.0643 LossAtt 0.3107 TrainAcc 0.9800 TestAcc 0.8986 0.9250
epoch 2000 LossPred 0.1348 LossAtt 0.3773 TrainAcc 0.9600 TestAcc 0.9219 0.9300
epoch 2100 LossPred 0.0734 LossAtt 0.3240 TrainAcc 0.9700 TestAcc 0.9167 0.9400
epoch 2200 LossPred 0.0630 LossAtt 0.3077 TrainAcc 0.9800 TestAcc 0.9124 0.9500
epoch 2300 LossPred 0.0586 LossAtt 0.2924 TrainAcc 0.9900 TestAcc 0.8999 0.9450
epoch 2400 LossPred 0.0783 LossAtt 0.3175 TrainAcc 0.9800 TestAcc 0.8921 0.9400
epoch 2500 LossPred 0.0952 LossAtt 0.3600 TrainAcc 0.9700 TestAcc 0.9302 0.9550
Optimization Finished!
********** replication  5  **********
epoch   0 LossPred 1.1143 LossAtt 1.0143 TrainAcc 0.3800 TestAcc 0.4147 0.3700
epoch 100 LossPred 0.9058 LossAtt 0.6246 TrainAcc 0.6300 TestAcc 0.5773 0.6600
epoch 200 LossPred 0.3333 LossAtt 0.9602 TrainAcc 0.9200 TestAcc 0.9134 0.8800
epoch 300 LossPred 0.1287 LossAtt 0.5846 TrainAcc 0.9900 TestAcc 0.9372 0.9100
epoch 400 LossPred 0.0737 LossAtt 0.4371 TrainAcc 1.0000 TestAcc 0.9429 0.9400
Optimization Finished!
********** replication  6  **********
epoch   0 LossPred 1.2348 LossAtt 1.0213 TrainAcc 0.5000 TestAcc 0.4915 0.4800
epoch 100 LossPred 0.9574 LossAtt 0.5925 TrainAcc 0.5600 TestAcc 0.5703 0.5650
epoch 200 LossPred 0.3162 LossAtt 0.5483 TrainAcc 0.9400 TestAcc 0.8744 0.9450
epoch 300 LossPred 0.1969 LossAtt 0.5303 TrainAcc 0.9500 TestAcc 0.8644 0.9500
epoch 400 LossPred 0.1226 LossAtt 0.4829 TrainAcc 0.9700 TestAcc 0.8826 0.9500
epoch 500 LossPred 0.0712 LossAtt 0.5011 TrainAcc 0.9900 TestAcc 0.9149 0.9600
epoch 600 LossPred 0.0508 LossAtt 0.5060 TrainAcc 0.9900 TestAcc 0.9157 0.9750
epoch 700 LossPred 0.0312 LossAtt 0.4945 TrainAcc 1.0000 TestAcc 0.9072 0.9750
Optimization Finished!
********** replication  7  **********
epoch   0 LossPred 0.9761 LossAtt 1.0327 TrainAcc 0.6000 TestAcc 0.5503 0.6150
epoch 100 LossPred 0.6502 LossAtt 0.8713 TrainAcc 0.7700 TestAcc 0.7150 0.7700
epoch 200 LossPred 0.3063 LossAtt 0.5124 TrainAcc 0.9200 TestAcc 0.8871 0.8250
epoch 300 LossPred 0.2782 LossAtt 0.4936 TrainAcc 0.9400 TestAcc 0.9029 0.8200
epoch 400 LossPred 0.3014 LossAtt 0.5220 TrainAcc 0.8900 TestAcc 0.9199 0.8250
epoch 500 LossPred 0.2357 LossAtt 0.3569 TrainAcc 0.9400 TestAcc 0.9292 0.8450
epoch 600 LossPred 0.2134 LossAtt 0.3937 TrainAcc 0.9500 TestAcc 0.9515 0.8350
epoch 700 LossPred 0.5812 LossAtt 0.6250 TrainAcc 0.8000 TestAcc 0.7715 0.7950
epoch 800 LossPred 0.1840 LossAtt 0.3783 TrainAcc 0.9500 TestAcc 0.9434 0.8400
epoch 900 LossPred 0.1838 LossAtt 0.3784 TrainAcc 0.9500 TestAcc 0.9489 0.8350
epoch 1000 LossPred 0.1899 LossAtt 0.4074 TrainAcc 0.9400 TestAcc 0.9477 0.8300
epoch 1100 LossPred 0.1608 LossAtt 0.3741 TrainAcc 0.9500 TestAcc 0.9547 0.8250
epoch 1200 LossPred 0.1771 LossAtt 0.4102 TrainAcc 0.9500 TestAcc 0.9562 0.8400
epoch 1300 LossPred 0.1267 LossAtt 0.3529 TrainAcc 0.9700 TestAcc 0.9602 0.8550
epoch 1400 LossPred 0.1076 LossAtt 0.3647 TrainAcc 0.9800 TestAcc 0.9622 0.8550
epoch 1500 LossPred 0.0646 LossAtt 0.4131 TrainAcc 0.9900 TestAcc 0.9567 0.8800
epoch 1600 LossPred 0.0828 LossAtt 0.4226 TrainAcc 0.9800 TestAcc 0.9349 0.8600
epoch 1700 LossPred 0.0551 LossAtt 0.4095 TrainAcc 0.9800 TestAcc 0.9442 0.8800
epoch 1800 LossPred 0.0301 LossAtt 0.3918 TrainAcc 1.0000 TestAcc 0.9537 0.8650
Optimization Finished!
********** replication  8  **********
epoch   0 LossPred 1.3085 LossAtt 1.0467 TrainAcc 0.3300 TestAcc 0.4312 0.2900
epoch 100 LossPred 0.8263 LossAtt 0.6155 TrainAcc 0.7000 TestAcc 0.6009 0.7000
epoch 200 LossPred 0.7629 LossAtt 0.6619 TrainAcc 0.7100 TestAcc 0.5836 0.7250
epoch 300 LossPred 0.4669 LossAtt 0.9087 TrainAcc 0.8900 TestAcc 0.7575 0.8350
epoch 400 LossPred 0.1869 LossAtt 0.6586 TrainAcc 0.9700 TestAcc 0.8761 0.9050
epoch 500 LossPred 0.1044 LossAtt 0.6073 TrainAcc 1.0000 TestAcc 0.8939 0.9100
Optimization Finished!
********** replication  9  **********
epoch   0 LossPred 1.1320 LossAtt 1.0376 TrainAcc 0.4400 TestAcc 0.4987 0.4600
epoch 100 LossPred 0.8588 LossAtt 0.8541 TrainAcc 0.7300 TestAcc 0.6567 0.7150
epoch 200 LossPred 0.2749 LossAtt 0.8252 TrainAcc 0.9700 TestAcc 0.9122 0.9150
epoch 300 LossPred 0.1295 LossAtt 0.6722 TrainAcc 0.9800 TestAcc 0.9765 0.9250
epoch 400 LossPred 0.0402 LossAtt 0.5949 TrainAcc 1.0000 TestAcc 0.9327 0.9300
Optimization Finished!
********** replication  10  **********
epoch   0 LossPred 1.0351 LossAtt 1.0179 TrainAcc 0.5200 TestAcc 0.5516 0.4950
epoch 100 LossPred 0.7579 LossAtt 1.0095 TrainAcc 0.7400 TestAcc 0.7450 0.6900
epoch 200 LossPred 0.1450 LossAtt 0.6765 TrainAcc 0.9700 TestAcc 0.9239 0.9550
epoch 300 LossPred 0.0972 LossAtt 0.5605 TrainAcc 0.9800 TestAcc 0.9427 0.9550
epoch 400 LossPred 0.0798 LossAtt 0.5371 TrainAcc 0.9800 TestAcc 0.9532 0.9400
epoch 500 LossPred 0.0706 LossAtt 0.5230 TrainAcc 0.9900 TestAcc 0.9532 0.9600
epoch 600 LossPred 0.0592 LossAtt 0.4737 TrainAcc 0.9900 TestAcc 0.9489 0.9650
epoch 700 LossPred 0.0502 LossAtt 0.4620 TrainAcc 1.0000 TestAcc 0.9522 0.9650
Optimization Finished!
********** replication  11  **********
epoch   0 LossPred 1.1794 LossAtt 1.0146 TrainAcc 0.4700 TestAcc 0.5075 0.4700
epoch 100 LossPred 0.8850 LossAtt 0.5431 TrainAcc 0.6500 TestAcc 0.5943 0.6400
epoch 200 LossPred 0.7051 LossAtt 0.9276 TrainAcc 0.7900 TestAcc 0.7312 0.7600
epoch 300 LossPred 0.3010 LossAtt 0.5620 TrainAcc 0.9300 TestAcc 0.9157 0.8850
epoch 400 LossPred 0.1945 LossAtt 0.5813 TrainAcc 0.9800 TestAcc 0.9625 0.8900
epoch 500 LossPred 0.1280 LossAtt 0.5445 TrainAcc 0.9800 TestAcc 0.9630 0.9300
epoch 600 LossPred 0.0975 LossAtt 0.5210 TrainAcc 0.9900 TestAcc 0.9489 0.9250
epoch 700 LossPred 0.0902 LossAtt 0.4202 TrainAcc 0.9900 TestAcc 0.9477 0.9300
epoch 800 LossPred 0.0841 LossAtt 0.3887 TrainAcc 0.9900 TestAcc 0.9417 0.9350
epoch 900 LossPred 0.0720 LossAtt 0.3848 TrainAcc 0.9900 TestAcc 0.9497 0.9300
epoch 1000 LossPred 0.0818 LossAtt 0.3675 TrainAcc 0.9800 TestAcc 0.9560 0.9500
epoch 1100 LossPred 0.0705 LossAtt 0.3682 TrainAcc 0.9900 TestAcc 0.9505 0.9600
epoch 1200 LossPred 0.0587 LossAtt 0.3610 TrainAcc 0.9900 TestAcc 0.9454 0.9550
epoch 1300 LossPred 0.0621 LossAtt 0.3814 TrainAcc 0.9900 TestAcc 0.9362 0.9550
epoch 1400 LossPred 0.0586 LossAtt 0.3659 TrainAcc 0.9800 TestAcc 0.9349 0.9450
epoch 1500 LossPred 0.0646 LossAtt 0.3896 TrainAcc 0.9900 TestAcc 0.9332 0.9600
epoch 1600 LossPred 0.0600 LossAtt 0.4026 TrainAcc 0.9900 TestAcc 0.9404 0.9600
epoch 1700 LossPred 0.0525 LossAtt 0.3755 TrainAcc 0.9900 TestAcc 0.9334 0.9650
epoch 1800 LossPred 0.0473 LossAtt 0.4203 TrainAcc 0.9900 TestAcc 0.9407 0.9600
epoch 1900 LossPred 0.0664 LossAtt 0.4188 TrainAcc 0.9900 TestAcc 0.9404 0.9450
epoch 2000 LossPred 0.0662 LossAtt 0.3673 TrainAcc 0.9800 TestAcc 0.9327 0.9500
epoch 2100 LossPred 0.0372 LossAtt 0.4024 TrainAcc 0.9900 TestAcc 0.9277 0.9500
epoch 2200 LossPred 0.0386 LossAtt 0.4094 TrainAcc 0.9900 TestAcc 0.9152 0.9600
epoch 2300 LossPred 0.0676 LossAtt 0.4590 TrainAcc 0.9800 TestAcc 0.9099 0.9500
epoch 2400 LossPred 0.0683 LossAtt 0.4101 TrainAcc 0.9800 TestAcc 0.9197 0.9450
epoch 2500 LossPred 0.0552 LossAtt 0.4135 TrainAcc 0.9900 TestAcc 0.9284 0.9450
Optimization Finished!
********** replication  12  **********
epoch   0 LossPred 1.0459 LossAtt 1.0303 TrainAcc 0.4500 TestAcc 0.4412 0.4600
epoch 100 LossPred 0.8415 LossAtt 0.8041 TrainAcc 0.6300 TestAcc 0.5738 0.6000
epoch 200 LossPred 0.2837 LossAtt 0.7387 TrainAcc 0.9200 TestAcc 0.8186 0.9050
epoch 300 LossPred 0.1510 LossAtt 0.7013 TrainAcc 0.9700 TestAcc 0.8378 0.9550
epoch 400 LossPred 0.0561 LossAtt 0.6533 TrainAcc 1.0000 TestAcc 0.8451 0.9600
Optimization Finished!
********** replication  13  **********
epoch   0 LossPred 1.2062 LossAtt 1.0248 TrainAcc 0.4200 TestAcc 0.4319 0.4000
epoch 100 LossPred 0.5445 LossAtt 0.8810 TrainAcc 0.8700 TestAcc 0.8326 0.8200
epoch 200 LossPred 0.1736 LossAtt 0.6909 TrainAcc 0.9600 TestAcc 0.9404 0.9000
epoch 300 LossPred 0.0998 LossAtt 0.5085 TrainAcc 0.9900 TestAcc 0.9520 0.9300
epoch 400 LossPred 0.0820 LossAtt 0.4169 TrainAcc 0.9900 TestAcc 0.9552 0.9250
epoch 500 LossPred 0.0645 LossAtt 0.4016 TrainAcc 0.9900 TestAcc 0.9645 0.9450
epoch 600 LossPred 0.0534 LossAtt 0.3558 TrainAcc 0.9900 TestAcc 0.9527 0.9400
epoch 700 LossPred 0.0530 LossAtt 0.3605 TrainAcc 0.9900 TestAcc 0.9342 0.9500
epoch 800 LossPred 0.0361 LossAtt 0.3391 TrainAcc 0.9900 TestAcc 0.9447 0.9450
epoch 900 LossPred 0.0353 LossAtt 0.3372 TrainAcc 0.9900 TestAcc 0.9439 0.9500
epoch 1000 LossPred 0.0333 LossAtt 0.3584 TrainAcc 0.9900 TestAcc 0.9484 0.9500
epoch 1100 LossPred 0.0303 LossAtt 0.4182 TrainAcc 0.9900 TestAcc 0.9545 0.9400
epoch 1200 LossPred 0.0248 LossAtt 0.4670 TrainAcc 0.9900 TestAcc 0.9650 0.9450
epoch 1300 LossPred 0.0179 LossAtt 0.4696 TrainAcc 1.0000 TestAcc 0.9732 0.9450
Optimization Finished!
********** replication  14  **********
epoch   0 LossPred 1.0774 LossAtt 1.0152 TrainAcc 0.5200 TestAcc 0.4484 0.4600
epoch 100 LossPred 0.8958 LossAtt 0.7762 TrainAcc 0.6400 TestAcc 0.5701 0.6400
epoch 200 LossPred 0.4214 LossAtt 1.4548 TrainAcc 0.8900 TestAcc 0.7352 0.8200
epoch 300 LossPred 0.1634 LossAtt 0.6848 TrainAcc 0.9600 TestAcc 0.8879 0.9400
epoch 400 LossPred 0.1050 LossAtt 0.5791 TrainAcc 0.9800 TestAcc 0.9104 0.9350
epoch 500 LossPred 0.0618 LossAtt 0.5307 TrainAcc 0.9900 TestAcc 0.9202 0.9500
epoch 600 LossPred 0.0467 LossAtt 0.5180 TrainAcc 0.9900 TestAcc 0.9254 0.9400
epoch 700 LossPred 0.0376 LossAtt 0.5084 TrainAcc 0.9900 TestAcc 0.9294 0.9400
epoch 800 LossPred 0.0257 LossAtt 0.5079 TrainAcc 0.9900 TestAcc 0.9199 0.9400
epoch 900 LossPred 0.0281 LossAtt 0.4686 TrainAcc 0.9900 TestAcc 0.9137 0.9550
epoch 1000 LossPred 0.0208 LossAtt 0.4597 TrainAcc 1.0000 TestAcc 0.9082 0.9600
Optimization Finished!
********** replication  15  **********
epoch   0 LossPred 1.0124 LossAtt 1.0316 TrainAcc 0.5900 TestAcc 0.5921 0.5400
epoch 100 LossPred 0.8489 LossAtt 0.7160 TrainAcc 0.6600 TestAcc 0.6819 0.6500
epoch 200 LossPred 0.2254 LossAtt 0.5082 TrainAcc 0.9400 TestAcc 0.9177 0.8800
epoch 300 LossPred 0.1433 LossAtt 0.4264 TrainAcc 0.9600 TestAcc 0.9237 0.9000
epoch 400 LossPred 0.1110 LossAtt 0.3922 TrainAcc 0.9800 TestAcc 0.9530 0.9000
epoch 500 LossPred 0.0949 LossAtt 0.3902 TrainAcc 0.9900 TestAcc 0.9682 0.9000
epoch 600 LossPred 0.0696 LossAtt 0.3786 TrainAcc 0.9900 TestAcc 0.9757 0.9050
epoch 700 LossPred 0.0524 LossAtt 0.3620 TrainAcc 0.9900 TestAcc 0.9695 0.9050
epoch 800 LossPred 0.0391 LossAtt 0.3575 TrainAcc 0.9900 TestAcc 0.9650 0.9100
epoch 900 LossPred 0.0399 LossAtt 0.4156 TrainAcc 0.9900 TestAcc 0.9630 0.9150
epoch 1000 LossPred 0.0384 LossAtt 0.4070 TrainAcc 0.9900 TestAcc 0.9590 0.9100
epoch 1100 LossPred 0.0400 LossAtt 0.3649 TrainAcc 0.9900 TestAcc 0.9770 0.9150
epoch 1200 LossPred 0.0381 LossAtt 0.3872 TrainAcc 0.9900 TestAcc 0.9622 0.9150
epoch 1300 LossPred 0.0185 LossAtt 0.4013 TrainAcc 1.0000 TestAcc 0.9580 0.9050
Optimization Finished!
********** replication  16  **********
epoch   0 LossPred 1.3849 LossAtt 0.9922 TrainAcc 0.4100 TestAcc 0.5008 0.4150
epoch 100 LossPred 0.9120 LossAtt 0.4035 TrainAcc 0.6100 TestAcc 0.5846 0.6100
epoch 200 LossPred 0.8848 LossAtt 0.5600 TrainAcc 0.6000 TestAcc 0.5210 0.5950
epoch 300 LossPred 0.8180 LossAtt 0.6443 TrainAcc 0.7000 TestAcc 0.5731 0.7000
epoch 400 LossPred 0.4891 LossAtt 1.3256 TrainAcc 0.9200 TestAcc 0.8271 0.8900
epoch 500 LossPred 0.1534 LossAtt 0.8310 TrainAcc 0.9700 TestAcc 0.9382 0.9250
epoch 600 LossPred 0.0823 LossAtt 0.5418 TrainAcc 0.9900 TestAcc 0.9417 0.9200
epoch 700 LossPred 0.0562 LossAtt 0.5064 TrainAcc 0.9900 TestAcc 0.9382 0.9300
epoch 800 LossPred 0.0415 LossAtt 0.5063 TrainAcc 0.9900 TestAcc 0.9319 0.9150
epoch 900 LossPred 0.0398 LossAtt 0.5396 TrainAcc 1.0000 TestAcc 0.9262 0.9400
Optimization Finished!
********** replication  17  **********
epoch   0 LossPred 0.9943 LossAtt 1.0319 TrainAcc 0.5500 TestAcc 0.4672 0.5350
epoch 100 LossPred 0.3884 LossAtt 0.9084 TrainAcc 0.9100 TestAcc 0.8764 0.9200
epoch 200 LossPred 0.1335 LossAtt 0.5764 TrainAcc 0.9900 TestAcc 0.8929 0.9600
epoch 300 LossPred 0.0808 LossAtt 0.5061 TrainAcc 0.9900 TestAcc 0.9022 0.9700
epoch 400 LossPred 0.0686 LossAtt 0.5620 TrainAcc 0.9900 TestAcc 0.9042 0.9650
epoch 500 LossPred 0.0459 LossAtt 0.4621 TrainAcc 1.0000 TestAcc 0.9087 0.9700
Optimization Finished!
********** replication  18  **********
epoch   0 LossPred 1.0675 LossAtt 1.0402 TrainAcc 0.4900 TestAcc 0.4917 0.5050
epoch 100 LossPred 0.3715 LossAtt 1.0029 TrainAcc 0.9300 TestAcc 0.8481 0.9100
epoch 200 LossPred 0.0915 LossAtt 0.5025 TrainAcc 0.9900 TestAcc 0.8581 0.9450
epoch 300 LossPred 0.0611 LossAtt 0.3992 TrainAcc 0.9900 TestAcc 0.8549 0.9400
epoch 400 LossPred 0.0519 LossAtt 0.3419 TrainAcc 0.9900 TestAcc 0.8498 0.9350
epoch 500 LossPred 0.0476 LossAtt 0.3271 TrainAcc 0.9900 TestAcc 0.8466 0.9350
epoch 600 LossPred 0.0451 LossAtt 0.3048 TrainAcc 0.9900 TestAcc 0.8453 0.9450
epoch 700 LossPred 0.0438 LossAtt 0.3078 TrainAcc 0.9900 TestAcc 0.8438 0.9350
epoch 800 LossPred 0.0444 LossAtt 0.2932 TrainAcc 0.9900 TestAcc 0.8486 0.9350
epoch 900 LossPred 0.0505 LossAtt 0.3463 TrainAcc 0.9900 TestAcc 0.8428 0.9400
epoch 1000 LossPred 0.0419 LossAtt 0.2628 TrainAcc 0.9900 TestAcc 0.8436 0.9450
epoch 1100 LossPred 0.0407 LossAtt 0.2838 TrainAcc 0.9900 TestAcc 0.8431 0.9500
epoch 1200 LossPred 0.0399 LossAtt 0.2654 TrainAcc 0.9900 TestAcc 0.8433 0.9500
epoch 1300 LossPred 0.0397 LossAtt 0.2666 TrainAcc 0.9900 TestAcc 0.8436 0.9450
epoch 1400 LossPred 0.0413 LossAtt 0.2919 TrainAcc 0.9900 TestAcc 0.8498 0.9500
epoch 1500 LossPred 0.0858 LossAtt 0.2928 TrainAcc 0.9800 TestAcc 0.8506 0.9550
epoch 1600 LossPred 0.0394 LossAtt 0.2593 TrainAcc 0.9900 TestAcc 0.8436 0.9450
epoch 1700 LossPred 0.0389 LossAtt 0.2644 TrainAcc 0.9900 TestAcc 0.8448 0.9500
epoch 1800 LossPred 0.0386 LossAtt 0.2524 TrainAcc 0.9900 TestAcc 0.8451 0.9550
epoch 1900 LossPred 0.0384 LossAtt 0.2505 TrainAcc 0.9900 TestAcc 0.8446 0.9500
epoch 2000 LossPred 0.0680 LossAtt 0.2851 TrainAcc 0.9800 TestAcc 0.8651 0.9150
epoch 2100 LossPred 0.0387 LossAtt 0.2313 TrainAcc 0.9900 TestAcc 0.8453 0.9450
epoch 2200 LossPred 0.0383 LossAtt 0.2279 TrainAcc 0.9900 TestAcc 0.8471 0.9550
epoch 2300 LossPred 0.0427 LossAtt 0.2498 TrainAcc 0.9900 TestAcc 0.8616 0.9500
epoch 2400 LossPred 0.0385 LossAtt 0.2142 TrainAcc 0.9900 TestAcc 0.8471 0.9550
epoch 2500 LossPred 0.0383 LossAtt 0.2268 TrainAcc 0.9900 TestAcc 0.8461 0.9450
Optimization Finished!
********** replication  19  **********
epoch   0 LossPred 1.0458 LossAtt 1.0209 TrainAcc 0.4400 TestAcc 0.5108 0.4950
epoch 100 LossPred 0.4844 LossAtt 1.0565 TrainAcc 0.8700 TestAcc 0.8241 0.8500
epoch 200 LossPred 0.2231 LossAtt 0.6136 TrainAcc 0.9300 TestAcc 0.8381 0.9150
epoch 300 LossPred 0.1509 LossAtt 0.5029 TrainAcc 0.9800 TestAcc 0.8729 0.9250
epoch 400 LossPred 0.1228 LossAtt 0.4687 TrainAcc 0.9800 TestAcc 0.8809 0.9400
epoch 500 LossPred 0.1046 LossAtt 0.5063 TrainAcc 0.9800 TestAcc 0.8826 0.9300
epoch 600 LossPred 0.0969 LossAtt 0.5206 TrainAcc 0.9800 TestAcc 0.8844 0.9400
epoch 700 LossPred 0.0810 LossAtt 0.4379 TrainAcc 0.9900 TestAcc 0.8959 0.9350
epoch 800 LossPred 0.0670 LossAtt 0.4506 TrainAcc 0.9900 TestAcc 0.8986 0.9350
epoch 900 LossPred 0.0597 LossAtt 0.4857 TrainAcc 0.9900 TestAcc 0.9024 0.9450
epoch 1000 LossPred 0.0441 LossAtt 0.4418 TrainAcc 1.0000 TestAcc 0.9082 0.9400
Optimization Finished!
********** replication  20  **********
epoch   0 LossPred 0.9499 LossAtt 1.0487 TrainAcc 0.6100 TestAcc 0.6104 0.6000
epoch 100 LossPred 0.2820 LossAtt 1.0223 TrainAcc 0.9400 TestAcc 0.8986 0.9150
epoch 200 LossPred 0.1208 LossAtt 0.7162 TrainAcc 0.9800 TestAcc 0.9069 0.9450
epoch 300 LossPred 0.0422 LossAtt 0.6548 TrainAcc 1.0000 TestAcc 0.9139 0.9550
Optimization Finished!
********** replication  21  **********
epoch   0 LossPred 0.9639 LossAtt 1.0322 TrainAcc 0.5700 TestAcc 0.5538 0.6050
epoch 100 LossPred 0.6364 LossAtt 0.8329 TrainAcc 0.8000 TestAcc 0.7375 0.7850
epoch 200 LossPred 0.2274 LossAtt 0.5542 TrainAcc 0.9600 TestAcc 0.9104 0.9050
epoch 300 LossPred 0.1659 LossAtt 0.4752 TrainAcc 0.9600 TestAcc 0.9272 0.8950
epoch 400 LossPred 0.1236 LossAtt 0.4507 TrainAcc 0.9700 TestAcc 0.9517 0.9150
epoch 500 LossPred 0.0962 LossAtt 0.4485 TrainAcc 0.9900 TestAcc 0.9484 0.9200
epoch 600 LossPred 0.1023 LossAtt 0.4615 TrainAcc 0.9900 TestAcc 0.9469 0.9100
epoch 700 LossPred 0.0939 LossAtt 0.4978 TrainAcc 0.9900 TestAcc 0.9417 0.9150
epoch 800 LossPred 0.0796 LossAtt 0.4596 TrainAcc 0.9900 TestAcc 0.9402 0.9050
epoch 900 LossPred 0.0746 LossAtt 0.4468 TrainAcc 0.9900 TestAcc 0.9354 0.9050
epoch 1000 LossPred 0.0691 LossAtt 0.4284 TrainAcc 0.9900 TestAcc 0.9362 0.9150
epoch 1100 LossPred 0.0673 LossAtt 0.4748 TrainAcc 0.9900 TestAcc 0.9337 0.9200
epoch 1200 LossPred 0.0637 LossAtt 0.4383 TrainAcc 0.9900 TestAcc 0.9422 0.9150
epoch 1300 LossPred 0.0674 LossAtt 0.4300 TrainAcc 0.9900 TestAcc 0.9392 0.9250
epoch 1400 LossPred 0.0598 LossAtt 0.4204 TrainAcc 0.9900 TestAcc 0.9242 0.9200
epoch 1500 LossPred 0.0570 LossAtt 0.4193 TrainAcc 0.9900 TestAcc 0.9234 0.9200
epoch 1600 LossPred 0.0527 LossAtt 0.4185 TrainAcc 0.9900 TestAcc 0.9269 0.9200
epoch 1700 LossPred 0.0582 LossAtt 0.4130 TrainAcc 0.9900 TestAcc 0.9199 0.9200
epoch 1800 LossPred 0.0629 LossAtt 0.3905 TrainAcc 0.9900 TestAcc 0.9164 0.9250
epoch 1900 LossPred 0.0566 LossAtt 0.3728 TrainAcc 0.9900 TestAcc 0.9232 0.9250
epoch 2000 LossPred 0.0537 LossAtt 0.3446 TrainAcc 0.9900 TestAcc 0.9227 0.9250
epoch 2100 LossPred 0.0561 LossAtt 0.3421 TrainAcc 0.9900 TestAcc 0.9207 0.9300
epoch 2200 LossPred 0.1004 LossAtt 0.3588 TrainAcc 0.9600 TestAcc 0.9257 0.9250
epoch 2300 LossPred 0.1124 LossAtt 0.3940 TrainAcc 0.9600 TestAcc 0.9154 0.9400
epoch 2400 LossPred 0.1345 LossAtt 0.3851 TrainAcc 0.9600 TestAcc 0.8939 0.9250
epoch 2500 LossPred 0.2162 LossAtt 0.3666 TrainAcc 0.9100 TestAcc 0.8916 0.9250
Optimization Finished!
********** replication  22  **********
epoch   0 LossPred 0.9601 LossAtt 1.0015 TrainAcc 0.6000 TestAcc 0.5723 0.5850
epoch 100 LossPred 0.6604 LossAtt 1.2519 TrainAcc 0.7100 TestAcc 0.6359 0.7250
epoch 200 LossPred 0.0734 LossAtt 0.7168 TrainAcc 0.9800 TestAcc 0.8531 0.9500
epoch 300 LossPred 0.0229 LossAtt 0.6088 TrainAcc 1.0000 TestAcc 0.8649 0.9600
Optimization Finished!
********** replication  23  **********
epoch   0 LossPred 1.0502 LossAtt 1.0305 TrainAcc 0.5300 TestAcc 0.5403 0.5200
epoch 100 LossPred 0.7820 LossAtt 0.7935 TrainAcc 0.6900 TestAcc 0.6524 0.6750
epoch 200 LossPred 0.2900 LossAtt 0.5639 TrainAcc 0.9300 TestAcc 0.8871 0.8550
epoch 300 LossPred 0.1619 LossAtt 0.4684 TrainAcc 0.9400 TestAcc 0.9194 0.9250
epoch 400 LossPred 0.0860 LossAtt 0.4381 TrainAcc 0.9800 TestAcc 0.9387 0.9350
epoch 500 LossPred 0.0942 LossAtt 0.4632 TrainAcc 0.9800 TestAcc 0.9372 0.9300
epoch 600 LossPred 0.1108 LossAtt 0.4692 TrainAcc 0.9700 TestAcc 0.9467 0.9500
epoch 700 LossPred 0.1158 LossAtt 0.3800 TrainAcc 0.9700 TestAcc 0.9374 0.9500
epoch 800 LossPred 0.0869 LossAtt 0.3759 TrainAcc 0.9800 TestAcc 0.9464 0.9500
epoch 900 LossPred 0.0664 LossAtt 0.3551 TrainAcc 0.9800 TestAcc 0.9482 0.9500
epoch 1000 LossPred 0.0487 LossAtt 0.3356 TrainAcc 0.9900 TestAcc 0.9555 0.9500
epoch 1100 LossPred 0.3537 LossAtt 0.4244 TrainAcc 0.9000 TestAcc 0.8746 0.8600
epoch 1200 LossPred 0.0511 LossAtt 0.2994 TrainAcc 0.9800 TestAcc 0.9487 0.9600
epoch 1300 LossPred 0.0433 LossAtt 0.3485 TrainAcc 1.0000 TestAcc 0.9612 0.9700
Optimization Finished!
********** replication  24  **********
epoch   0 LossPred 0.9898 LossAtt 1.0151 TrainAcc 0.5300 TestAcc 0.5448 0.5350
epoch 100 LossPred 0.6654 LossAtt 0.6515 TrainAcc 0.7700 TestAcc 0.5973 0.7700
epoch 200 LossPred 0.4363 LossAtt 1.0375 TrainAcc 0.8800 TestAcc 0.6564 0.8600
epoch 300 LossPred 0.1101 LossAtt 0.6793 TrainAcc 0.9800 TestAcc 0.8766 0.9400
epoch 400 LossPred 0.0620 LossAtt 0.5801 TrainAcc 1.0000 TestAcc 0.8891 0.9600
Optimization Finished!
********** replication  25  **********
epoch   0 LossPred 0.9905 LossAtt 1.0342 TrainAcc 0.4900 TestAcc 0.5148 0.5200
epoch 100 LossPred 0.7779 LossAtt 0.7826 TrainAcc 0.7400 TestAcc 0.6822 0.6950
epoch 200 LossPred 0.1549 LossAtt 0.6967 TrainAcc 0.9800 TestAcc 0.8934 0.9450
epoch 300 LossPred 0.0832 LossAtt 0.5920 TrainAcc 0.9900 TestAcc 0.9124 0.9400
epoch 400 LossPred 0.0638 LossAtt 0.5120 TrainAcc 0.9900 TestAcc 0.9137 0.9450
epoch 500 LossPred 0.0553 LossAtt 0.4788 TrainAcc 0.9900 TestAcc 0.9194 0.9500
epoch 600 LossPred 0.0516 LossAtt 0.4541 TrainAcc 0.9900 TestAcc 0.9272 0.9450
epoch 700 LossPred 0.0496 LossAtt 0.4434 TrainAcc 0.9900 TestAcc 0.9242 0.9450
epoch 800 LossPred 0.0483 LossAtt 0.4178 TrainAcc 0.9900 TestAcc 0.9207 0.9450
epoch 900 LossPred 0.0516 LossAtt 0.4196 TrainAcc 0.9900 TestAcc 0.9212 0.9400
epoch 1000 LossPred 0.0491 LossAtt 0.4043 TrainAcc 0.9900 TestAcc 0.9227 0.9200
epoch 1100 LossPred 0.0509 LossAtt 0.4090 TrainAcc 0.9900 TestAcc 0.9257 0.9200
epoch 1200 LossPred 0.0483 LossAtt 0.4182 TrainAcc 0.9900 TestAcc 0.9247 0.9300
epoch 1300 LossPred 0.0473 LossAtt 0.4084 TrainAcc 0.9900 TestAcc 0.9264 0.9200
epoch 1400 LossPred 0.0312 LossAtt 0.4196 TrainAcc 0.9900 TestAcc 0.9442 0.9150
epoch 1500 LossPred 0.0217 LossAtt 0.4131 TrainAcc 1.0000 TestAcc 0.9387 0.9100
Optimization Finished!
********** replication  26  **********
epoch   0 LossPred 1.0940 LossAtt 1.0210 TrainAcc 0.4100 TestAcc 0.4582 0.3950
epoch 100 LossPred 0.5506 LossAtt 1.1237 TrainAcc 0.8400 TestAcc 0.7055 0.8500
epoch 200 LossPred 0.0936 LossAtt 0.6372 TrainAcc 1.0000 TestAcc 0.9199 0.9500
Optimization Finished!
********** replication  27  **********
epoch   0 LossPred 1.1525 LossAtt 1.0155 TrainAcc 0.4200 TestAcc 0.4269 0.4050
epoch 100 LossPred 0.8240 LossAtt 0.9230 TrainAcc 0.7100 TestAcc 0.5618 0.6950
epoch 200 LossPred 0.2943 LossAtt 0.8059 TrainAcc 0.9300 TestAcc 0.8949 0.9250
epoch 300 LossPred 0.1914 LossAtt 0.7095 TrainAcc 0.9600 TestAcc 0.9124 0.9500
epoch 400 LossPred 0.0681 LossAtt 0.6172 TrainAcc 0.9900 TestAcc 0.9422 0.9400
epoch 500 LossPred 0.0395 LossAtt 0.5990 TrainAcc 1.0000 TestAcc 0.9342 0.9550
Optimization Finished!
********** replication  28  **********
epoch   0 LossPred 1.2526 LossAtt 1.0133 TrainAcc 0.4000 TestAcc 0.4042 0.4400
epoch 100 LossPred 0.7234 LossAtt 0.8121 TrainAcc 0.7500 TestAcc 0.7523 0.7400
epoch 200 LossPred 0.1446 LossAtt 0.6699 TrainAcc 0.9800 TestAcc 0.9274 0.9150
epoch 300 LossPred 0.0653 LossAtt 0.5919 TrainAcc 1.0000 TestAcc 0.9247 0.9350
Optimization Finished!
********** replication  29  **********
epoch   0 LossPred 1.0055 LossAtt 1.0477 TrainAcc 0.5200 TestAcc 0.5123 0.5200
epoch 100 LossPred 0.3148 LossAtt 1.0894 TrainAcc 0.9600 TestAcc 0.9089 0.9300
epoch 200 LossPred 0.0974 LossAtt 0.6283 TrainAcc 0.9800 TestAcc 0.9432 0.9500
epoch 300 LossPred 0.0401 LossAtt 0.5346 TrainAcc 1.0000 TestAcc 0.9625 0.9700
Optimization Finished!
********** replication  30  **********
epoch   0 LossPred 1.1214 LossAtt 1.0478 TrainAcc 0.4000 TestAcc 0.3706 0.4100
epoch 100 LossPred 0.8984 LossAtt 0.6344 TrainAcc 0.6100 TestAcc 0.6081 0.6100
epoch 200 LossPred 0.5863 LossAtt 1.1793 TrainAcc 0.8600 TestAcc 0.7995 0.8500
epoch 300 LossPred 0.2412 LossAtt 0.6245 TrainAcc 0.9700 TestAcc 0.9384 0.9400
epoch 400 LossPred 0.0748 LossAtt 0.6090 TrainAcc 1.0000 TestAcc 0.9229 0.9700
Optimization Finished!
********** replication  31  **********
epoch   0 LossPred 1.1773 LossAtt 1.0134 TrainAcc 0.4100 TestAcc 0.4329 0.4800
epoch 100 LossPred 0.9117 LossAtt 0.7750 TrainAcc 0.5900 TestAcc 0.5821 0.6200
epoch 200 LossPred 0.4621 LossAtt 0.7818 TrainAcc 0.9100 TestAcc 0.8786 0.8750
epoch 300 LossPred 0.2105 LossAtt 0.6283 TrainAcc 0.9800 TestAcc 0.9272 0.9350
epoch 400 LossPred 0.1278 LossAtt 0.5891 TrainAcc 0.9900 TestAcc 0.9312 0.9300
epoch 500 LossPred 0.0823 LossAtt 0.5582 TrainAcc 1.0000 TestAcc 0.9319 0.9400
Optimization Finished!
********** replication  32  **********
epoch   0 LossPred 0.9682 LossAtt 1.0021 TrainAcc 0.6600 TestAcc 0.5596 0.6550
epoch 100 LossPred 0.4898 LossAtt 1.0610 TrainAcc 0.8400 TestAcc 0.7875 0.8300
epoch 200 LossPred 0.1998 LossAtt 0.6060 TrainAcc 0.9300 TestAcc 0.9019 0.8900
epoch 300 LossPred 0.2690 LossAtt 0.5052 TrainAcc 0.9100 TestAcc 0.8706 0.8850
epoch 400 LossPred 0.0839 LossAtt 0.4556 TrainAcc 1.0000 TestAcc 0.9347 0.9200
Optimization Finished!
********** replication  33  **********
epoch   0 LossPred 1.0170 LossAtt 1.0351 TrainAcc 0.4700 TestAcc 0.4587 0.4550
epoch 100 LossPred 0.7407 LossAtt 0.9679 TrainAcc 0.7300 TestAcc 0.6797 0.7200
epoch 200 LossPred 0.1058 LossAtt 0.6661 TrainAcc 1.0000 TestAcc 0.9192 0.9600
Optimization Finished!
********** replication  34  **********
epoch   0 LossPred 1.1137 LossAtt 1.0464 TrainAcc 0.5100 TestAcc 0.5506 0.5000
epoch 100 LossPred 0.4787 LossAtt 1.1381 TrainAcc 0.9300 TestAcc 0.8654 0.8650
epoch 200 LossPred 0.1544 LossAtt 0.5425 TrainAcc 0.9700 TestAcc 0.9017 0.9150
epoch 300 LossPred 0.1042 LossAtt 0.4539 TrainAcc 0.9700 TestAcc 0.9014 0.9400
epoch 400 LossPred 0.0704 LossAtt 0.4205 TrainAcc 0.9800 TestAcc 0.8974 0.9400
epoch 500 LossPred 0.0618 LossAtt 0.3970 TrainAcc 0.9900 TestAcc 0.9022 0.9350
epoch 600 LossPred 0.0606 LossAtt 0.4109 TrainAcc 0.9800 TestAcc 0.9087 0.9450
epoch 700 LossPred 0.0687 LossAtt 0.3719 TrainAcc 0.9800 TestAcc 0.9227 0.9450
epoch 800 LossPred 0.0498 LossAtt 0.3352 TrainAcc 0.9900 TestAcc 0.8916 0.9500
epoch 900 LossPred 0.0618 LossAtt 0.3227 TrainAcc 0.9800 TestAcc 0.9249 0.9450
epoch 1000 LossPred 0.0566 LossAtt 0.3534 TrainAcc 0.9800 TestAcc 0.8906 0.9500
epoch 1100 LossPred 0.0473 LossAtt 0.3264 TrainAcc 0.9800 TestAcc 0.9207 0.9750
epoch 1200 LossPred 0.0425 LossAtt 0.3185 TrainAcc 0.9800 TestAcc 0.9162 0.9800
epoch 1300 LossPred 0.0289 LossAtt 0.3513 TrainAcc 0.9900 TestAcc 0.9094 0.9800
epoch 1400 LossPred 0.1074 LossAtt 0.3442 TrainAcc 0.9600 TestAcc 0.8714 0.9500
epoch 1500 LossPred 0.0279 LossAtt 0.3234 TrainAcc 0.9900 TestAcc 0.9384 0.9750
epoch 1600 LossPred 0.0174 LossAtt 0.3263 TrainAcc 1.0000 TestAcc 0.9054 0.9750
Optimization Finished!
********** replication  35  **********
epoch   0 LossPred 1.0281 LossAtt 1.0267 TrainAcc 0.5500 TestAcc 0.5325 0.5450
epoch 100 LossPred 0.3944 LossAtt 1.0818 TrainAcc 0.9300 TestAcc 0.8934 0.9000
epoch 200 LossPred 0.0945 LossAtt 0.6567 TrainAcc 1.0000 TestAcc 0.9214 0.9400
Optimization Finished!
********** replication  36  **********
epoch   0 LossPred 0.9656 LossAtt 1.0606 TrainAcc 0.5500 TestAcc 0.4797 0.5500
epoch 100 LossPred 0.8363 LossAtt 1.2726 TrainAcc 0.6900 TestAcc 0.5553 0.7000
epoch 200 LossPred 0.4755 LossAtt 1.7576 TrainAcc 0.8500 TestAcc 0.5838 0.7500
epoch 300 LossPred 0.3094 LossAtt 1.3971 TrainAcc 0.9100 TestAcc 0.5888 0.7750
epoch 400 LossPred 0.2345 LossAtt 1.1822 TrainAcc 0.9400 TestAcc 0.5976 0.7600
epoch 500 LossPred 0.2887 LossAtt 1.0243 TrainAcc 0.9100 TestAcc 0.6039 0.7600
epoch 600 LossPred 0.2259 LossAtt 0.9440 TrainAcc 0.9400 TestAcc 0.6124 0.7850
epoch 700 LossPred 0.2128 LossAtt 0.8482 TrainAcc 0.9500 TestAcc 0.6074 0.8050
epoch 800 LossPred 0.2813 LossAtt 0.9202 TrainAcc 0.9000 TestAcc 0.6166 0.8000
epoch 900 LossPred 0.1677 LossAtt 0.7220 TrainAcc 0.9400 TestAcc 0.6351 0.8050
epoch 1000 LossPred 0.1060 LossAtt 0.7405 TrainAcc 0.9900 TestAcc 0.6279 0.7850
epoch 1100 LossPred 0.1126 LossAtt 0.8127 TrainAcc 0.9800 TestAcc 0.6049 0.8250
epoch 1200 LossPred 0.0516 LossAtt 0.7142 TrainAcc 1.0000 TestAcc 0.6179 0.8550
Optimization Finished!
********** replication  37  **********
epoch   0 LossPred 1.0240 LossAtt 1.0399 TrainAcc 0.4800 TestAcc 0.5205 0.4800
epoch 100 LossPred 0.3881 LossAtt 1.2445 TrainAcc 0.9200 TestAcc 0.8313 0.9000
epoch 200 LossPred 0.1770 LossAtt 0.7094 TrainAcc 0.9500 TestAcc 0.8694 0.9350
epoch 300 LossPred 0.1096 LossAtt 0.5746 TrainAcc 0.9700 TestAcc 0.8904 0.9400
epoch 400 LossPred 0.0969 LossAtt 0.5175 TrainAcc 0.9700 TestAcc 0.8934 0.9500
epoch 500 LossPred 0.0815 LossAtt 0.4811 TrainAcc 0.9700 TestAcc 0.9037 0.9650
epoch 600 LossPred 0.0552 LossAtt 0.4901 TrainAcc 0.9900 TestAcc 0.9269 0.9600
epoch 700 LossPred 0.0305 LossAtt 0.4653 TrainAcc 1.0000 TestAcc 0.9304 0.9450
Optimization Finished!
********** replication  38  **********
epoch   0 LossPred 0.9931 LossAtt 1.0238 TrainAcc 0.5800 TestAcc 0.5826 0.5750
epoch 100 LossPred 0.6835 LossAtt 0.6407 TrainAcc 0.7400 TestAcc 0.6306 0.7550
epoch 200 LossPred 0.2077 LossAtt 0.5998 TrainAcc 0.9700 TestAcc 0.9132 0.9200
epoch 300 LossPred 0.0915 LossAtt 0.5241 TrainAcc 1.0000 TestAcc 0.9392 0.9400
Optimization Finished!
********** replication  39  **********
epoch   0 LossPred 1.0660 LossAtt 1.0189 TrainAcc 0.4300 TestAcc 0.4685 0.4300
epoch 100 LossPred 0.5046 LossAtt 1.3761 TrainAcc 0.8900 TestAcc 0.7482 0.8300
epoch 200 LossPred 0.2725 LossAtt 0.7906 TrainAcc 0.9400 TestAcc 0.8156 0.8900
epoch 300 LossPred 0.2138 LossAtt 0.7567 TrainAcc 0.9500 TestAcc 0.8328 0.8900
epoch 400 LossPred 0.1692 LossAtt 0.6928 TrainAcc 0.9600 TestAcc 0.8311 0.9150
epoch 500 LossPred 0.1529 LossAtt 0.6455 TrainAcc 0.9600 TestAcc 0.8326 0.9250
epoch 600 LossPred 0.1240 LossAtt 0.5587 TrainAcc 0.9700 TestAcc 0.8338 0.9200
epoch 700 LossPred 0.1318 LossAtt 0.6122 TrainAcc 0.9600 TestAcc 0.8311 0.9200
epoch 800 LossPred 0.1123 LossAtt 0.5802 TrainAcc 0.9800 TestAcc 0.8216 0.9350
epoch 900 LossPred 0.1066 LossAtt 0.5613 TrainAcc 0.9800 TestAcc 0.8228 0.9300
epoch 1000 LossPred 0.1036 LossAtt 0.5578 TrainAcc 0.9800 TestAcc 0.8461 0.9450
epoch 1100 LossPred 0.1008 LossAtt 0.5554 TrainAcc 0.9800 TestAcc 0.8356 0.9300
epoch 1200 LossPred 0.1202 LossAtt 0.5866 TrainAcc 0.9800 TestAcc 0.8343 0.9350
epoch 1300 LossPred 0.0958 LossAtt 0.5239 TrainAcc 0.9800 TestAcc 0.8308 0.9500
epoch 1400 LossPred 0.0896 LossAtt 0.5509 TrainAcc 0.9800 TestAcc 0.8383 0.9350
epoch 1500 LossPred 0.2352 LossAtt 0.8010 TrainAcc 0.9200 TestAcc 0.8453 0.9100
epoch 1600 LossPred 0.0538 LossAtt 0.5264 TrainAcc 0.9900 TestAcc 0.8421 0.9450
epoch 1700 LossPred 0.0483 LossAtt 0.5427 TrainAcc 0.9900 TestAcc 0.8534 0.9300
epoch 1800 LossPred 0.0715 LossAtt 0.5605 TrainAcc 0.9900 TestAcc 0.8569 0.9300
epoch 1900 LossPred 0.0467 LossAtt 0.5021 TrainAcc 0.9900 TestAcc 0.8416 0.9400
epoch 2000 LossPred 0.0460 LossAtt 0.4917 TrainAcc 0.9900 TestAcc 0.8496 0.9400
epoch 2100 LossPred 0.0452 LossAtt 0.5128 TrainAcc 0.9900 TestAcc 0.8481 0.9500
epoch 2200 LossPred 0.0452 LossAtt 0.4896 TrainAcc 0.9900 TestAcc 0.8461 0.9350
epoch 2300 LossPred 0.0442 LossAtt 0.4895 TrainAcc 0.9900 TestAcc 0.8463 0.9400
epoch 2400 LossPred 0.0443 LossAtt 0.4797 TrainAcc 0.9900 TestAcc 0.8521 0.9350
epoch 2500 LossPred 0.0885 LossAtt 0.5845 TrainAcc 0.9800 TestAcc 0.8556 0.9700
Optimization Finished!
********** replication  40  **********
epoch   0 LossPred 1.3026 LossAtt 1.0092 TrainAcc 0.4900 TestAcc 0.4912 0.4800
epoch 100 LossPred 0.8354 LossAtt 0.7398 TrainAcc 0.7300 TestAcc 0.5951 0.6950
epoch 200 LossPred 0.4079 LossAtt 0.7430 TrainAcc 0.9100 TestAcc 0.8483 0.9000
epoch 300 LossPred 0.1544 LossAtt 0.6064 TrainAcc 0.9800 TestAcc 0.8849 0.9400
epoch 400 LossPred 0.0950 LossAtt 0.6772 TrainAcc 0.9900 TestAcc 0.8894 0.9550
epoch 500 LossPred 0.0838 LossAtt 0.5565 TrainAcc 0.9900 TestAcc 0.8794 0.9400
epoch 600 LossPred 0.0650 LossAtt 0.5486 TrainAcc 0.9900 TestAcc 0.8791 0.9450
epoch 700 LossPred 0.0326 LossAtt 0.5272 TrainAcc 1.0000 TestAcc 0.8881 0.9600
Optimization Finished!
********** replication  41  **********
epoch   0 LossPred 1.0379 LossAtt 1.0110 TrainAcc 0.4300 TestAcc 0.4705 0.4300
epoch 100 LossPred 0.8979 LossAtt 0.7142 TrainAcc 0.6500 TestAcc 0.5546 0.6450
epoch 200 LossPred 0.7675 LossAtt 0.8775 TrainAcc 0.7200 TestAcc 0.6159 0.6950
epoch 300 LossPred 0.4001 LossAtt 0.7887 TrainAcc 0.9000 TestAcc 0.7958 0.8400
epoch 400 LossPred 0.3566 LossAtt 0.7958 TrainAcc 0.8800 TestAcc 0.8051 0.8650
epoch 500 LossPred 0.2017 LossAtt 0.6725 TrainAcc 0.9500 TestAcc 0.8398 0.8900
epoch 600 LossPred 0.1436 LossAtt 0.5956 TrainAcc 0.9700 TestAcc 0.8721 0.9000
epoch 700 LossPred 0.1590 LossAtt 0.5266 TrainAcc 0.9600 TestAcc 0.8841 0.8950
epoch 800 LossPred 0.0994 LossAtt 0.4881 TrainAcc 0.9800 TestAcc 0.8674 0.9100
epoch 900 LossPred 0.2205 LossAtt 0.5140 TrainAcc 0.9300 TestAcc 0.8624 0.8950
epoch 1000 LossPred 0.0886 LossAtt 0.4648 TrainAcc 0.9900 TestAcc 0.8739 0.9100
epoch 1100 LossPred 0.1558 LossAtt 0.4532 TrainAcc 0.9500 TestAcc 0.8566 0.8900
epoch 1200 LossPred 0.1296 LossAtt 0.4617 TrainAcc 0.9700 TestAcc 0.8674 0.8800
epoch 1300 LossPred 0.1015 LossAtt 0.4371 TrainAcc 0.9700 TestAcc 0.8784 0.9200
epoch 1400 LossPred 0.0714 LossAtt 0.4220 TrainAcc 0.9900 TestAcc 0.8724 0.9250
epoch 1500 LossPred 0.1535 LossAtt 0.4704 TrainAcc 0.9400 TestAcc 0.8974 0.9300
epoch 1600 LossPred 0.0842 LossAtt 0.4532 TrainAcc 0.9900 TestAcc 0.8826 0.9150
epoch 1700 LossPred 0.0756 LossAtt 0.4285 TrainAcc 0.9800 TestAcc 0.8774 0.9300
epoch 1800 LossPred 0.0745 LossAtt 0.3931 TrainAcc 0.9900 TestAcc 0.8699 0.9050
epoch 1900 LossPred 0.0713 LossAtt 0.3652 TrainAcc 0.9900 TestAcc 0.8706 0.9100
epoch 2000 LossPred 0.0823 LossAtt 0.3933 TrainAcc 0.9800 TestAcc 0.8681 0.9100
epoch 2100 LossPred 0.0969 LossAtt 0.4180 TrainAcc 0.9700 TestAcc 0.8644 0.9050
epoch 2200 LossPred 0.0709 LossAtt 0.4020 TrainAcc 0.9900 TestAcc 0.8736 0.9200
epoch 2300 LossPred 0.0710 LossAtt 0.3720 TrainAcc 0.9900 TestAcc 0.8764 0.9250
epoch 2400 LossPred 0.0583 LossAtt 0.3986 TrainAcc 0.9900 TestAcc 0.8704 0.9250
epoch 2500 LossPred 0.0557 LossAtt 0.3609 TrainAcc 0.9900 TestAcc 0.8744 0.9250
Optimization Finished!
********** replication  42  **********
epoch   0 LossPred 1.0185 LossAtt 1.0191 TrainAcc 0.4500 TestAcc 0.4177 0.4550
epoch 100 LossPred 0.8264 LossAtt 0.7354 TrainAcc 0.6600 TestAcc 0.5425 0.6450
epoch 200 LossPred 0.6604 LossAtt 1.1824 TrainAcc 0.7700 TestAcc 0.6151 0.7350
epoch 300 LossPred 0.3556 LossAtt 0.8446 TrainAcc 0.8800 TestAcc 0.6839 0.8450
epoch 400 LossPred 0.2448 LossAtt 0.7671 TrainAcc 0.9500 TestAcc 0.6959 0.9000
epoch 500 LossPred 0.1843 LossAtt 0.6835 TrainAcc 0.9500 TestAcc 0.6914 0.8950
epoch 600 LossPred 0.1784 LossAtt 0.6500 TrainAcc 0.9700 TestAcc 0.7187 0.8950
epoch 700 LossPred 0.1953 LossAtt 0.6290 TrainAcc 0.9600 TestAcc 0.6999 0.8900
epoch 800 LossPred 0.1564 LossAtt 0.6077 TrainAcc 0.9700 TestAcc 0.7185 0.8900
epoch 900 LossPred 0.1686 LossAtt 0.6141 TrainAcc 0.9700 TestAcc 0.7122 0.8700
epoch 1000 LossPred 0.0988 LossAtt 0.5998 TrainAcc 0.9800 TestAcc 0.7407 0.9000
epoch 1100 LossPred 0.1147 LossAtt 0.6643 TrainAcc 0.9700 TestAcc 0.7255 0.8750
epoch 1200 LossPred 0.0546 LossAtt 0.5786 TrainAcc 0.9900 TestAcc 0.7272 0.9000
epoch 1300 LossPred 0.0486 LossAtt 0.5714 TrainAcc 0.9900 TestAcc 0.7350 0.8850
epoch 1400 LossPred 0.0429 LossAtt 0.5650 TrainAcc 0.9900 TestAcc 0.7320 0.8900
epoch 1500 LossPred 0.2502 LossAtt 0.7111 TrainAcc 0.9100 TestAcc 0.7402 0.8750
epoch 1600 LossPred 0.0432 LossAtt 0.5911 TrainAcc 0.9900 TestAcc 0.7300 0.9150
epoch 1700 LossPred 0.0293 LossAtt 0.5610 TrainAcc 0.9900 TestAcc 0.7360 0.8950
epoch 1800 LossPred 0.0577 LossAtt 0.6108 TrainAcc 0.9900 TestAcc 0.7315 0.8950
epoch 1900 LossPred 0.0661 LossAtt 0.6449 TrainAcc 0.9800 TestAcc 0.7267 0.9000
epoch 2000 LossPred 0.0287 LossAtt 0.5872 TrainAcc 0.9900 TestAcc 0.7290 0.9200
epoch 2100 LossPred 0.0167 LossAtt 0.5596 TrainAcc 1.0000 TestAcc 0.7352 0.9150
Optimization Finished!
********** replication  43  **********
epoch   0 LossPred 1.1136 LossAtt 1.0422 TrainAcc 0.4200 TestAcc 0.4137 0.4250
epoch 100 LossPred 0.8627 LossAtt 0.6193 TrainAcc 0.6400 TestAcc 0.5976 0.6500
epoch 200 LossPred 0.7661 LossAtt 0.5756 TrainAcc 0.7100 TestAcc 0.5400 0.7250
epoch 300 LossPred 0.5794 LossAtt 1.0655 TrainAcc 0.7700 TestAcc 0.5616 0.7400
epoch 400 LossPred 0.2333 LossAtt 0.7741 TrainAcc 0.9400 TestAcc 0.7773 0.9350
epoch 500 LossPred 0.1168 LossAtt 0.6583 TrainAcc 0.9700 TestAcc 0.8333 0.9450
epoch 600 LossPred 0.0966 LossAtt 0.6297 TrainAcc 0.9900 TestAcc 0.8426 0.9450
epoch 700 LossPred 0.1168 LossAtt 0.6019 TrainAcc 0.9700 TestAcc 0.8338 0.9400
epoch 800 LossPred 0.0787 LossAtt 0.5821 TrainAcc 0.9900 TestAcc 0.8493 0.9500
epoch 900 LossPred 0.0740 LossAtt 0.5806 TrainAcc 0.9800 TestAcc 0.8451 0.9600
epoch 1000 LossPred 0.0507 LossAtt 0.5547 TrainAcc 0.9900 TestAcc 0.8649 0.9600
epoch 1100 LossPred 0.0424 LossAtt 0.5541 TrainAcc 0.9900 TestAcc 0.8694 0.9500
epoch 1200 LossPred 0.0490 LossAtt 0.5536 TrainAcc 0.9900 TestAcc 0.8779 0.9550
epoch 1300 LossPred 0.0239 LossAtt 0.5334 TrainAcc 1.0000 TestAcc 0.8711 0.9450
Optimization Finished!
********** replication  44  **********
epoch   0 LossPred 1.1886 LossAtt 1.0055 TrainAcc 0.4200 TestAcc 0.3944 0.4400
epoch 100 LossPred 0.7644 LossAtt 0.7840 TrainAcc 0.7200 TestAcc 0.6752 0.7350
epoch 200 LossPred 0.1604 LossAtt 0.7280 TrainAcc 0.9800 TestAcc 0.9164 0.9300
epoch 300 LossPred 0.0915 LossAtt 0.5616 TrainAcc 1.0000 TestAcc 0.9169 0.9300
Optimization Finished!
********** replication  45  **********
epoch   0 LossPred 1.0630 LossAtt 1.0497 TrainAcc 0.4700 TestAcc 0.4547 0.4650
epoch 100 LossPred 0.6210 LossAtt 0.9685 TrainAcc 0.8000 TestAcc 0.7670 0.7850
epoch 200 LossPred 0.2298 LossAtt 0.5465 TrainAcc 0.9300 TestAcc 0.9107 0.8750
epoch 300 LossPred 0.1519 LossAtt 0.4411 TrainAcc 0.9700 TestAcc 0.9259 0.8950
epoch 400 LossPred 0.0870 LossAtt 0.4036 TrainAcc 0.9900 TestAcc 0.9264 0.9200
epoch 500 LossPred 0.0860 LossAtt 0.4039 TrainAcc 0.9800 TestAcc 0.9189 0.9150
epoch 600 LossPred 0.1071 LossAtt 0.4165 TrainAcc 0.9800 TestAcc 0.9209 0.9200
epoch 700 LossPred 0.2779 LossAtt 0.3452 TrainAcc 0.9300 TestAcc 0.9012 0.9050
epoch 800 LossPred 0.0975 LossAtt 0.3547 TrainAcc 0.9800 TestAcc 0.9354 0.9300
epoch 900 LossPred 0.2287 LossAtt 0.3520 TrainAcc 0.9300 TestAcc 0.8886 0.9200
epoch 1000 LossPred 0.1122 LossAtt 0.3224 TrainAcc 0.9700 TestAcc 0.9397 0.9300
epoch 1100 LossPred 0.0606 LossAtt 0.3272 TrainAcc 0.9900 TestAcc 0.9357 0.9550
epoch 1200 LossPred 0.0583 LossAtt 0.3054 TrainAcc 0.9900 TestAcc 0.9359 0.9500
epoch 1300 LossPred 0.0546 LossAtt 0.3257 TrainAcc 0.9900 TestAcc 0.9299 0.9500
epoch 1400 LossPred 0.0938 LossAtt 0.3142 TrainAcc 0.9700 TestAcc 0.9472 0.9600
epoch 1500 LossPred 0.0622 LossAtt 0.3248 TrainAcc 0.9900 TestAcc 0.9329 0.9500
epoch 1600 LossPred 0.0677 LossAtt 0.2976 TrainAcc 0.9800 TestAcc 0.9389 0.9550
epoch 1700 LossPred 0.0565 LossAtt 0.2760 TrainAcc 0.9900 TestAcc 0.9319 0.9450
epoch 1800 LossPred 0.0463 LossAtt 0.2796 TrainAcc 0.9900 TestAcc 0.9252 0.9450
epoch 1900 LossPred 0.0462 LossAtt 0.2785 TrainAcc 0.9900 TestAcc 0.9259 0.9400
epoch 2000 LossPred 0.0538 LossAtt 0.2735 TrainAcc 0.9900 TestAcc 0.9339 0.9600
epoch 2100 LossPred 0.4534 LossAtt 0.3717 TrainAcc 0.8500 TestAcc 0.8639 0.8600
epoch 2200 LossPred 0.0668 LossAtt 0.2758 TrainAcc 0.9900 TestAcc 0.9272 0.9500
epoch 2300 LossPred 0.0540 LossAtt 0.2659 TrainAcc 0.9900 TestAcc 0.9142 0.9400
epoch 2400 LossPred 0.0497 LossAtt 0.2658 TrainAcc 0.9900 TestAcc 0.9174 0.9450
epoch 2500 LossPred 0.0441 LossAtt 0.2458 TrainAcc 0.9900 TestAcc 0.9297 0.9750
Optimization Finished!
********** replication  46  **********
epoch   0 LossPred 1.2017 LossAtt 1.0166 TrainAcc 0.4600 TestAcc 0.4362 0.4450
epoch 100 LossPred 0.9438 LossAtt 0.5027 TrainAcc 0.6100 TestAcc 0.6026 0.6100
epoch 200 LossPred 0.8282 LossAtt 1.0953 TrainAcc 0.6700 TestAcc 0.6639 0.6600
epoch 300 LossPred 0.1912 LossAtt 0.6148 TrainAcc 0.9800 TestAcc 0.8681 0.9100
epoch 400 LossPred 0.1157 LossAtt 0.5498 TrainAcc 0.9900 TestAcc 0.8754 0.9250
epoch 500 LossPred 0.0822 LossAtt 0.5267 TrainAcc 0.9900 TestAcc 0.8704 0.9200
epoch 600 LossPred 0.0614 LossAtt 0.4903 TrainAcc 0.9900 TestAcc 0.8721 0.9100
epoch 700 LossPred 0.0461 LossAtt 0.4768 TrainAcc 1.0000 TestAcc 0.8736 0.9200
Optimization Finished!
********** replication  47  **********
epoch   0 LossPred 1.2619 LossAtt 1.0340 TrainAcc 0.4300 TestAcc 0.4214 0.4450
epoch 100 LossPred 0.8367 LossAtt 0.6895 TrainAcc 0.6800 TestAcc 0.5916 0.6850
epoch 200 LossPred 0.2845 LossAtt 0.8626 TrainAcc 0.9500 TestAcc 0.8591 0.9300
epoch 300 LossPred 0.1127 LossAtt 0.5778 TrainAcc 0.9700 TestAcc 0.8924 0.9650
epoch 400 LossPred 0.0590 LossAtt 0.5408 TrainAcc 0.9900 TestAcc 0.9059 0.9500
epoch 500 LossPred 0.0462 LossAtt 0.4859 TrainAcc 1.0000 TestAcc 0.9109 0.9450
Optimization Finished!
********** replication  48  **********
epoch   0 LossPred 1.0502 LossAtt 1.0235 TrainAcc 0.5200 TestAcc 0.5556 0.5400
epoch 100 LossPred 0.3652 LossAtt 0.8338 TrainAcc 0.9100 TestAcc 0.8939 0.8750
epoch 200 LossPred 0.1671 LossAtt 0.4940 TrainAcc 0.9700 TestAcc 0.9117 0.9400
epoch 300 LossPred 0.1376 LossAtt 0.4757 TrainAcc 0.9600 TestAcc 0.9159 0.9450
epoch 400 LossPred 0.0621 LossAtt 0.4165 TrainAcc 0.9900 TestAcc 0.9560 0.9450
epoch 500 LossPred 0.0412 LossAtt 0.4190 TrainAcc 1.0000 TestAcc 0.9612 0.9550
Optimization Finished!
********** replication  49  **********
epoch   0 LossPred 1.0144 LossAtt 1.0132 TrainAcc 0.4500 TestAcc 0.5380 0.4850
epoch 100 LossPred 0.4508 LossAtt 0.7363 TrainAcc 0.8900 TestAcc 0.8909 0.8200
epoch 200 LossPred 0.2319 LossAtt 0.4983 TrainAcc 0.9400 TestAcc 0.8959 0.8550
epoch 300 LossPred 0.1657 LossAtt 0.4784 TrainAcc 0.9600 TestAcc 0.9324 0.8700
epoch 400 LossPred 0.1304 LossAtt 0.4638 TrainAcc 0.9700 TestAcc 0.9152 0.9100
epoch 500 LossPred 0.1685 LossAtt 0.3974 TrainAcc 0.9500 TestAcc 0.9327 0.9150
epoch 600 LossPred 0.1886 LossAtt 0.5379 TrainAcc 0.9400 TestAcc 0.8994 0.9150
epoch 700 LossPred 0.0826 LossAtt 0.3463 TrainAcc 0.9900 TestAcc 0.9279 0.9350
epoch 800 LossPred 0.0664 LossAtt 0.3561 TrainAcc 0.9900 TestAcc 0.9184 0.9350
epoch 900 LossPred 0.0948 LossAtt 0.3409 TrainAcc 0.9600 TestAcc 0.9442 0.9200
epoch 1000 LossPred 0.1698 LossAtt 0.3755 TrainAcc 0.9300 TestAcc 0.8941 0.9200
epoch 1100 LossPred 0.0801 LossAtt 0.3500 TrainAcc 0.9700 TestAcc 0.9444 0.9350
epoch 1200 LossPred 0.0958 LossAtt 0.3580 TrainAcc 0.9900 TestAcc 0.9154 0.9400
epoch 1300 LossPred 0.1941 LossAtt 0.5342 TrainAcc 0.9400 TestAcc 0.9062 0.9050
epoch 1400 LossPred 0.0793 LossAtt 0.2942 TrainAcc 0.9900 TestAcc 0.9302 0.9450
epoch 1500 LossPred 0.0600 LossAtt 0.3006 TrainAcc 0.9900 TestAcc 0.9219 0.9500
epoch 1600 LossPred 0.0872 LossAtt 0.3171 TrainAcc 0.9800 TestAcc 0.9284 0.9250
epoch 1700 LossPred 0.0892 LossAtt 0.3391 TrainAcc 0.9800 TestAcc 0.9502 0.9450
epoch 1800 LossPred 0.1743 LossAtt 0.3094 TrainAcc 0.9300 TestAcc 0.9464 0.9100
epoch 1900 LossPred 0.0611 LossAtt 0.3285 TrainAcc 0.9800 TestAcc 0.9472 0.9300
epoch 2000 LossPred 0.0417 LossAtt 0.2964 TrainAcc 1.0000 TestAcc 0.9309 0.9500
Optimization Finished!
********** replication  50  **********
epoch   0 LossPred 1.3407 LossAtt 1.0951 TrainAcc 0.4100 TestAcc 0.4755 0.4150
epoch 100 LossPred 0.8021 LossAtt 0.8762 TrainAcc 0.7400 TestAcc 0.6694 0.7450
epoch 200 LossPred 0.2487 LossAtt 0.6583 TrainAcc 0.9400 TestAcc 0.8581 0.9250
epoch 300 LossPred 0.1535 LossAtt 0.5718 TrainAcc 0.9700 TestAcc 0.8599 0.9200
epoch 400 LossPred 0.1355 LossAtt 0.5102 TrainAcc 0.9600 TestAcc 0.8734 0.9400
epoch 500 LossPred 0.0737 LossAtt 0.5744 TrainAcc 0.9900 TestAcc 0.8874 0.9500
epoch 600 LossPred 0.0504 LossAtt 0.5367 TrainAcc 0.9900 TestAcc 0.8849 0.9600
epoch 700 LossPred 0.0380 LossAtt 0.5253 TrainAcc 0.9900 TestAcc 0.8654 0.9700
epoch 800 LossPred 0.0216 LossAtt 0.4940 TrainAcc 1.0000 TestAcc 0.8806 0.9650
Optimization Finished!
********** replication  51  **********
epoch   0 LossPred 1.2916 LossAtt 1.0141 TrainAcc 0.5100 TestAcc 0.4900 0.5300
epoch 100 LossPred 0.8805 LossAtt 0.6929 TrainAcc 0.6400 TestAcc 0.5616 0.6450
epoch 200 LossPred 0.3494 LossAtt 0.6240 TrainAcc 0.9500 TestAcc 0.8781 0.8800
epoch 300 LossPred 0.1499 LossAtt 0.6970 TrainAcc 0.9800 TestAcc 0.8999 0.9100
epoch 400 LossPred 0.0854 LossAtt 0.5816 TrainAcc 1.0000 TestAcc 0.9077 0.9250
Optimization Finished!
********** replication  52  **********
epoch   0 LossPred 0.9796 LossAtt 1.0260 TrainAcc 0.6500 TestAcc 0.5976 0.5950
epoch 100 LossPred 0.4343 LossAtt 0.8833 TrainAcc 0.8600 TestAcc 0.8601 0.8550
epoch 200 LossPred 0.2387 LossAtt 0.5076 TrainAcc 0.9300 TestAcc 0.8566 0.8850
epoch 300 LossPred 0.2112 LossAtt 0.4557 TrainAcc 0.9400 TestAcc 0.8591 0.8850
epoch 400 LossPred 0.1497 LossAtt 0.5193 TrainAcc 0.9400 TestAcc 0.9072 0.9350
epoch 500 LossPred 0.0854 LossAtt 0.5080 TrainAcc 0.9800 TestAcc 0.9354 0.9300
epoch 600 LossPred 0.0614 LossAtt 0.4540 TrainAcc 0.9900 TestAcc 0.9417 0.9300
epoch 700 LossPred 0.0510 LossAtt 0.4548 TrainAcc 0.9900 TestAcc 0.9497 0.9300
epoch 800 LossPred 0.0440 LossAtt 0.4269 TrainAcc 1.0000 TestAcc 0.9515 0.9400
Optimization Finished!
********** replication  53  **********
epoch   0 LossPred 1.3567 LossAtt 1.0345 TrainAcc 0.4000 TestAcc 0.4482 0.3950
epoch 100 LossPred 0.8208 LossAtt 0.5906 TrainAcc 0.6800 TestAcc 0.6006 0.6800
epoch 200 LossPred 0.2781 LossAtt 0.5777 TrainAcc 0.9900 TestAcc 0.9059 0.9300
epoch 300 LossPred 0.1489 LossAtt 0.5314 TrainAcc 0.9900 TestAcc 0.9262 0.9500
epoch 400 LossPred 0.1097 LossAtt 0.5368 TrainAcc 0.9800 TestAcc 0.9152 0.9400
epoch 500 LossPred 0.0571 LossAtt 0.5543 TrainAcc 1.0000 TestAcc 0.9202 0.9500
Optimization Finished!
********** replication  54  **********
epoch   0 LossPred 0.9187 LossAtt 1.0456 TrainAcc 0.6700 TestAcc 0.5983 0.6400
epoch 100 LossPred 0.3666 LossAtt 1.1489 TrainAcc 0.9100 TestAcc 0.8726 0.8650
epoch 200 LossPred 0.0895 LossAtt 0.8875 TrainAcc 1.0000 TestAcc 0.9137 0.9550
Optimization Finished!
********** replication  55  **********
epoch   0 LossPred 1.0826 LossAtt 1.0243 TrainAcc 0.5000 TestAcc 0.4940 0.5600
epoch 100 LossPred 0.8118 LossAtt 0.6797 TrainAcc 0.6700 TestAcc 0.5941 0.6850
epoch 200 LossPred 0.2847 LossAtt 0.6874 TrainAcc 0.9200 TestAcc 0.9187 0.9000
epoch 300 LossPred 0.1198 LossAtt 0.4770 TrainAcc 0.9900 TestAcc 0.9625 0.9250
epoch 400 LossPred 0.0731 LossAtt 0.4188 TrainAcc 0.9900 TestAcc 0.9730 0.9450
epoch 500 LossPred 0.0616 LossAtt 0.3837 TrainAcc 0.9900 TestAcc 0.9715 0.9450
epoch 600 LossPred 0.0545 LossAtt 0.3702 TrainAcc 0.9900 TestAcc 0.9727 0.9500
epoch 700 LossPred 0.0503 LossAtt 0.3668 TrainAcc 0.9900 TestAcc 0.9702 0.9500
epoch 800 LossPred 0.0492 LossAtt 0.3732 TrainAcc 0.9900 TestAcc 0.9700 0.9450
epoch 900 LossPred 0.0433 LossAtt 0.3778 TrainAcc 0.9900 TestAcc 0.9717 0.9450
epoch 1000 LossPred 0.0945 LossAtt 0.3999 TrainAcc 0.9700 TestAcc 0.9424 0.9400
epoch 1100 LossPred 0.0246 LossAtt 0.4212 TrainAcc 1.0000 TestAcc 0.9550 0.9550
Optimization Finished!
********** replication  56  **********
epoch   0 LossPred 0.9082 LossAtt 1.0354 TrainAcc 0.6600 TestAcc 0.5378 0.6550
epoch 100 LossPred 0.5923 LossAtt 1.0921 TrainAcc 0.8200 TestAcc 0.7107 0.8300
epoch 200 LossPred 0.2128 LossAtt 0.6544 TrainAcc 0.9500 TestAcc 0.9104 0.9200
epoch 300 LossPred 0.0691 LossAtt 0.5744 TrainAcc 0.9900 TestAcc 0.9469 0.9450
epoch 400 LossPred 0.0320 LossAtt 0.5197 TrainAcc 1.0000 TestAcc 0.9417 0.9450
Optimization Finished!
********** replication  57  **********
epoch   0 LossPred 1.1614 LossAtt 1.0718 TrainAcc 0.5200 TestAcc 0.4379 0.5050
epoch 100 LossPred 0.8561 LossAtt 0.8847 TrainAcc 0.7100 TestAcc 0.5771 0.7200
epoch 200 LossPred 0.1604 LossAtt 1.2093 TrainAcc 0.9900 TestAcc 0.8879 0.9450
epoch 300 LossPred 0.0393 LossAtt 0.8509 TrainAcc 1.0000 TestAcc 0.8816 0.9300
Optimization Finished!
********** replication  58  **********
epoch   0 LossPred 1.0110 LossAtt 1.0268 TrainAcc 0.5400 TestAcc 0.5741 0.5150
epoch 100 LossPred 0.7961 LossAtt 0.7284 TrainAcc 0.7100 TestAcc 0.6514 0.7100
epoch 200 LossPred 0.2410 LossAtt 0.4780 TrainAcc 0.9500 TestAcc 0.8916 0.9350
epoch 300 LossPred 0.1716 LossAtt 0.4340 TrainAcc 0.9600 TestAcc 0.9044 0.9350
epoch 400 LossPred 0.1190 LossAtt 0.4536 TrainAcc 0.9800 TestAcc 0.9032 0.9350
epoch 500 LossPred 0.0930 LossAtt 0.4386 TrainAcc 0.9800 TestAcc 0.9072 0.9400
epoch 600 LossPred 0.0826 LossAtt 0.4427 TrainAcc 0.9800 TestAcc 0.8999 0.9400
epoch 700 LossPred 0.0636 LossAtt 0.3928 TrainAcc 0.9900 TestAcc 0.8991 0.9500
epoch 800 LossPred 0.0508 LossAtt 0.3864 TrainAcc 0.9900 TestAcc 0.9182 0.9650
epoch 900 LossPred 0.0585 LossAtt 0.3968 TrainAcc 0.9900 TestAcc 0.9059 0.9650
epoch 1000 LossPred 0.0513 LossAtt 0.4294 TrainAcc 0.9900 TestAcc 0.9129 0.9650
epoch 1100 LossPred 0.0254 LossAtt 0.3826 TrainAcc 1.0000 TestAcc 0.9187 0.9750
Optimization Finished!
********** replication  59  **********
epoch   0 LossPred 1.2877 LossAtt 1.0371 TrainAcc 0.3900 TestAcc 0.4412 0.4100
epoch 100 LossPred 0.5738 LossAtt 0.8812 TrainAcc 0.8700 TestAcc 0.8699 0.8050
epoch 200 LossPred 0.0958 LossAtt 0.5842 TrainAcc 1.0000 TestAcc 0.9134 0.9550
Optimization Finished!
********** replication  60  **********
epoch   0 LossPred 0.9771 LossAtt 1.0249 TrainAcc 0.5800 TestAcc 0.5883 0.5650
epoch 100 LossPred 0.3252 LossAtt 0.8303 TrainAcc 0.9300 TestAcc 0.8784 0.8950
epoch 200 LossPred 0.1476 LossAtt 0.5356 TrainAcc 0.9500 TestAcc 0.9004 0.9200
epoch 300 LossPred 0.0806 LossAtt 0.5021 TrainAcc 0.9900 TestAcc 0.9017 0.9300
epoch 400 LossPred 0.0442 LossAtt 0.4615 TrainAcc 1.0000 TestAcc 0.9122 0.9350
Optimization Finished!
********** replication  61  **********
epoch   0 LossPred 1.0670 LossAtt 1.0130 TrainAcc 0.4000 TestAcc 0.5110 0.3950
epoch 100 LossPred 0.7465 LossAtt 0.9841 TrainAcc 0.7100 TestAcc 0.5818 0.7100
epoch 200 LossPred 0.1700 LossAtt 0.6053 TrainAcc 0.9700 TestAcc 0.8976 0.9250
epoch 300 LossPred 0.1077 LossAtt 0.5071 TrainAcc 0.9900 TestAcc 0.8994 0.9350
epoch 400 LossPred 0.0880 LossAtt 0.4754 TrainAcc 0.9900 TestAcc 0.9042 0.9400
epoch 500 LossPred 0.0756 LossAtt 0.4450 TrainAcc 0.9900 TestAcc 0.9094 0.9300
epoch 600 LossPred 0.0791 LossAtt 0.4532 TrainAcc 0.9900 TestAcc 0.9049 0.9200
epoch 700 LossPred 0.0628 LossAtt 0.4285 TrainAcc 0.9900 TestAcc 0.9132 0.9300
epoch 800 LossPred 0.0581 LossAtt 0.4198 TrainAcc 0.9900 TestAcc 0.9157 0.9400
epoch 900 LossPred 0.0570 LossAtt 0.4290 TrainAcc 0.9900 TestAcc 0.9197 0.9450
epoch 1000 LossPred 0.0543 LossAtt 0.4084 TrainAcc 0.9900 TestAcc 0.9154 0.9500
epoch 1100 LossPred 0.0893 LossAtt 0.4269 TrainAcc 0.9800 TestAcc 0.9127 0.9550
epoch 1200 LossPred 0.0509 LossAtt 0.3906 TrainAcc 0.9900 TestAcc 0.9154 0.9400
epoch 1300 LossPred 0.0918 LossAtt 0.3998 TrainAcc 0.9800 TestAcc 0.9219 0.9600
epoch 1400 LossPred 0.0281 LossAtt 0.4412 TrainAcc 0.9900 TestAcc 0.9282 0.9450
epoch 1500 LossPred 0.0249 LossAtt 0.4077 TrainAcc 1.0000 TestAcc 0.9477 0.9600
Optimization Finished!
********** replication  62  **********
epoch   0 LossPred 1.1067 LossAtt 1.0246 TrainAcc 0.5000 TestAcc 0.4755 0.4900
epoch 100 LossPred 0.6333 LossAtt 0.9382 TrainAcc 0.7800 TestAcc 0.7455 0.8050
epoch 200 LossPred 0.2143 LossAtt 0.6295 TrainAcc 0.9500 TestAcc 0.8961 0.8850
epoch 300 LossPred 0.1207 LossAtt 0.5296 TrainAcc 0.9800 TestAcc 0.9104 0.9200
epoch 400 LossPred 0.1032 LossAtt 0.5609 TrainAcc 0.9900 TestAcc 0.9164 0.9350
epoch 500 LossPred 0.0804 LossAtt 0.4812 TrainAcc 0.9900 TestAcc 0.9194 0.9450
epoch 600 LossPred 0.0682 LossAtt 0.4543 TrainAcc 0.9900 TestAcc 0.9222 0.9500
epoch 700 LossPred 0.1308 LossAtt 0.4460 TrainAcc 0.9600 TestAcc 0.9142 0.9350
epoch 800 LossPred 0.1026 LossAtt 0.4448 TrainAcc 0.9800 TestAcc 0.9102 0.9600
epoch 900 LossPred 0.0571 LossAtt 0.4101 TrainAcc 0.9900 TestAcc 0.9207 0.9550
epoch 1000 LossPred 0.0543 LossAtt 0.4045 TrainAcc 0.9900 TestAcc 0.9132 0.9600
epoch 1100 LossPred 0.0590 LossAtt 0.4039 TrainAcc 0.9900 TestAcc 0.9192 0.9600
epoch 1200 LossPred 0.1009 LossAtt 0.4082 TrainAcc 0.9800 TestAcc 0.9137 0.9500
epoch 1300 LossPred 0.0525 LossAtt 0.3957 TrainAcc 0.9900 TestAcc 0.8966 0.9650
epoch 1400 LossPred 0.0907 LossAtt 0.4109 TrainAcc 0.9800 TestAcc 0.9049 0.9550
epoch 1500 LossPred 0.1038 LossAtt 0.4319 TrainAcc 0.9700 TestAcc 0.9069 0.9550
epoch 1600 LossPred 0.0482 LossAtt 0.3935 TrainAcc 0.9900 TestAcc 0.9147 0.9500
epoch 1700 LossPred 0.0466 LossAtt 0.4043 TrainAcc 0.9900 TestAcc 0.9057 0.9700
epoch 1800 LossPred 0.0452 LossAtt 0.3766 TrainAcc 0.9900 TestAcc 0.9119 0.9500
epoch 1900 LossPred 0.0581 LossAtt 0.4190 TrainAcc 0.9900 TestAcc 0.8924 0.9600
epoch 2000 LossPred 0.0524 LossAtt 0.4101 TrainAcc 0.9900 TestAcc 0.9024 0.9600
epoch 2100 LossPred 0.0843 LossAtt 0.4209 TrainAcc 0.9800 TestAcc 0.9022 0.9550
epoch 2200 LossPred 0.0423 LossAtt 0.3854 TrainAcc 0.9900 TestAcc 0.9024 0.9650
epoch 2300 LossPred 0.0419 LossAtt 0.3792 TrainAcc 0.9900 TestAcc 0.9049 0.9650
epoch 2400 LossPred 0.0424 LossAtt 0.3499 TrainAcc 0.9900 TestAcc 0.9109 0.9500
epoch 2500 LossPred 0.0418 LossAtt 0.3956 TrainAcc 0.9900 TestAcc 0.9054 0.9500
Optimization Finished!
********** replication  63  **********
epoch   0 LossPred 0.9776 LossAtt 1.0150 TrainAcc 0.5800 TestAcc 0.5460 0.5900
epoch 100 LossPred 0.3594 LossAtt 1.0693 TrainAcc 0.9100 TestAcc 0.8514 0.8800
epoch 200 LossPred 0.1165 LossAtt 0.5267 TrainAcc 0.9800 TestAcc 0.9067 0.9300
epoch 300 LossPred 0.0614 LossAtt 0.4646 TrainAcc 0.9800 TestAcc 0.9174 0.9450
epoch 400 LossPred 0.0526 LossAtt 0.4093 TrainAcc 0.9900 TestAcc 0.9169 0.9350
epoch 500 LossPred 0.0450 LossAtt 0.3571 TrainAcc 0.9900 TestAcc 0.9149 0.9100
epoch 600 LossPred 0.0390 LossAtt 0.3714 TrainAcc 0.9900 TestAcc 0.9134 0.9350
epoch 700 LossPred 0.0345 LossAtt 0.4194 TrainAcc 1.0000 TestAcc 0.9214 0.9250
Optimization Finished!
********** replication  64  **********
epoch   0 LossPred 1.0371 LossAtt 1.0322 TrainAcc 0.5100 TestAcc 0.4825 0.4850
epoch 100 LossPred 0.6589 LossAtt 1.4321 TrainAcc 0.7900 TestAcc 0.7893 0.7800
epoch 200 LossPred 0.1845 LossAtt 0.6811 TrainAcc 0.9400 TestAcc 0.8914 0.9200
epoch 300 LossPred 0.1278 LossAtt 0.5458 TrainAcc 0.9700 TestAcc 0.9084 0.9500
epoch 400 LossPred 0.0728 LossAtt 0.5398 TrainAcc 0.9900 TestAcc 0.9287 0.9450
epoch 500 LossPred 0.0488 LossAtt 0.5103 TrainAcc 1.0000 TestAcc 0.9194 0.9450
Optimization Finished!
********** replication  65  **********
epoch   0 LossPred 0.9177 LossAtt 1.0188 TrainAcc 0.6600 TestAcc 0.5761 0.6750
epoch 100 LossPred 0.3196 LossAtt 0.8859 TrainAcc 0.9100 TestAcc 0.8453 0.9000
epoch 200 LossPred 0.1037 LossAtt 0.7087 TrainAcc 1.0000 TestAcc 0.9595 0.9250
Optimization Finished!
********** replication  66  **********
epoch   0 LossPred 1.0550 LossAtt 1.0540 TrainAcc 0.5400 TestAcc 0.5403 0.5300
epoch 100 LossPred 0.9168 LossAtt 0.7391 TrainAcc 0.6400 TestAcc 0.6054 0.6050
epoch 200 LossPred 0.6836 LossAtt 1.2669 TrainAcc 0.7500 TestAcc 0.5993 0.7500
epoch 300 LossPred 0.3646 LossAtt 1.1793 TrainAcc 0.8800 TestAcc 0.6391 0.8400
epoch 400 LossPred 0.2467 LossAtt 1.0210 TrainAcc 0.9200 TestAcc 0.6394 0.8400
epoch 500 LossPred 0.1980 LossAtt 0.9669 TrainAcc 0.9700 TestAcc 0.6486 0.8900
epoch 600 LossPred 0.1557 LossAtt 0.9315 TrainAcc 0.9700 TestAcc 0.6401 0.9000
epoch 700 LossPred 0.1126 LossAtt 0.8665 TrainAcc 0.9900 TestAcc 0.6479 0.8950
epoch 800 LossPred 0.1019 LossAtt 0.8104 TrainAcc 0.9900 TestAcc 0.6446 0.8850
epoch 900 LossPred 0.0764 LossAtt 0.8091 TrainAcc 1.0000 TestAcc 0.6404 0.8850
Optimization Finished!
********** replication  67  **********
epoch   0 LossPred 1.1995 LossAtt 1.0192 TrainAcc 0.4300 TestAcc 0.4545 0.4200
epoch 100 LossPred 0.8361 LossAtt 0.7208 TrainAcc 0.6300 TestAcc 0.6514 0.6450
epoch 200 LossPred 0.1985 LossAtt 0.6303 TrainAcc 0.9700 TestAcc 0.9319 0.9300
epoch 300 LossPred 0.1358 LossAtt 0.5498 TrainAcc 0.9700 TestAcc 0.9359 0.9400
epoch 400 LossPred 0.1077 LossAtt 0.5182 TrainAcc 0.9700 TestAcc 0.9394 0.9400
epoch 500 LossPred 0.1079 LossAtt 0.5601 TrainAcc 0.9800 TestAcc 0.9479 0.9300
epoch 600 LossPred 0.0845 LossAtt 0.5124 TrainAcc 0.9900 TestAcc 0.9545 0.9400
epoch 700 LossPred 0.0687 LossAtt 0.4777 TrainAcc 0.9900 TestAcc 0.9557 0.9500
epoch 800 LossPred 0.0655 LossAtt 0.4951 TrainAcc 0.9900 TestAcc 0.9505 0.9700
epoch 900 LossPred 0.0583 LossAtt 0.4948 TrainAcc 0.9900 TestAcc 0.9497 0.9550
epoch 1000 LossPred 0.0530 LossAtt 0.4527 TrainAcc 0.9900 TestAcc 0.9489 0.9600
epoch 1100 LossPred 0.0504 LossAtt 0.4389 TrainAcc 0.9900 TestAcc 0.9552 0.9800
epoch 1200 LossPred 0.0491 LossAtt 0.4360 TrainAcc 0.9900 TestAcc 0.9547 0.9850
epoch 1300 LossPred 0.0482 LossAtt 0.4188 TrainAcc 0.9900 TestAcc 0.9540 0.9850
epoch 1400 LossPred 0.0462 LossAtt 0.3966 TrainAcc 0.9900 TestAcc 0.9580 0.9850
epoch 1500 LossPred 0.0466 LossAtt 0.3918 TrainAcc 0.9900 TestAcc 0.9595 0.9850
epoch 1600 LossPred 0.0457 LossAtt 0.3986 TrainAcc 0.9900 TestAcc 0.9592 0.9900
epoch 1700 LossPred 0.0416 LossAtt 0.3860 TrainAcc 0.9900 TestAcc 0.9572 0.9850
epoch 1800 LossPred 0.0358 LossAtt 0.4387 TrainAcc 0.9900 TestAcc 0.9469 0.9450
epoch 1900 LossPred 0.0109 LossAtt 0.4005 TrainAcc 1.0000 TestAcc 0.9525 0.9650
Optimization Finished!
********** replication  68  **********
epoch   0 LossPred 0.9339 LossAtt 1.0338 TrainAcc 0.6200 TestAcc 0.5811 0.6350
epoch 100 LossPred 0.1962 LossAtt 0.8758 TrainAcc 0.9600 TestAcc 0.8939 0.9300
epoch 200 LossPred 0.0600 LossAtt 0.7338 TrainAcc 1.0000 TestAcc 0.9142 0.9500
Optimization Finished!
********** replication  69  **********
epoch   0 LossPred 1.0835 LossAtt 1.0153 TrainAcc 0.4200 TestAcc 0.4702 0.4100
epoch 100 LossPred 0.8251 LossAtt 0.6183 TrainAcc 0.7000 TestAcc 0.5803 0.6950
epoch 200 LossPred 0.7959 LossAtt 0.5911 TrainAcc 0.7100 TestAcc 0.5638 0.6950
epoch 300 LossPred 0.6140 LossAtt 0.8429 TrainAcc 0.7700 TestAcc 0.5771 0.7600
epoch 400 LossPred 0.5470 LossAtt 0.8445 TrainAcc 0.7900 TestAcc 0.5863 0.7700
epoch 500 LossPred 0.5565 LossAtt 0.8297 TrainAcc 0.8000 TestAcc 0.5888 0.7700
epoch 600 LossPred 0.4517 LossAtt 0.7551 TrainAcc 0.8500 TestAcc 0.5993 0.8100
epoch 700 LossPred 0.3614 LossAtt 0.7941 TrainAcc 0.8600 TestAcc 0.5818 0.8000
epoch 800 LossPred 0.3547 LossAtt 0.7702 TrainAcc 0.9200 TestAcc 0.5676 0.7850
epoch 900 LossPred 0.3787 LossAtt 0.6881 TrainAcc 0.8600 TestAcc 0.5831 0.8350
epoch 1000 LossPred 0.3134 LossAtt 0.6690 TrainAcc 0.9200 TestAcc 0.5813 0.8400
epoch 1100 LossPred 0.2636 LossAtt 0.6597 TrainAcc 0.9300 TestAcc 0.5861 0.8250
epoch 1200 LossPred 0.2467 LossAtt 0.6824 TrainAcc 0.9300 TestAcc 0.5881 0.8200
epoch 1300 LossPred 0.2378 LossAtt 0.6900 TrainAcc 0.9400 TestAcc 0.5938 0.8150
epoch 1400 LossPred 0.2181 LossAtt 0.6796 TrainAcc 0.9400 TestAcc 0.5946 0.8350
epoch 1500 LossPred 0.2055 LossAtt 0.6723 TrainAcc 0.9500 TestAcc 0.5943 0.8350
epoch 1600 LossPred 0.2106 LossAtt 0.7480 TrainAcc 0.9400 TestAcc 0.5841 0.8300
epoch 1700 LossPred 0.1906 LossAtt 0.6843 TrainAcc 0.9500 TestAcc 0.5823 0.8400
epoch 1800 LossPred 0.1836 LossAtt 0.6769 TrainAcc 0.9600 TestAcc 0.5838 0.8450
epoch 1900 LossPred 0.3030 LossAtt 0.7765 TrainAcc 0.9000 TestAcc 0.5916 0.8400
epoch 2000 LossPred 0.1641 LossAtt 0.6841 TrainAcc 0.9400 TestAcc 0.5896 0.8750
epoch 2100 LossPred 0.1445 LossAtt 0.6952 TrainAcc 0.9400 TestAcc 0.5956 0.8200
epoch 2200 LossPred 0.1733 LossAtt 0.6767 TrainAcc 0.9500 TestAcc 0.5881 0.8500
epoch 2300 LossPred 0.1287 LossAtt 0.6466 TrainAcc 0.9600 TestAcc 0.5998 0.8400
epoch 2400 LossPred 0.1232 LossAtt 0.6775 TrainAcc 0.9800 TestAcc 0.5948 0.8650
epoch 2500 LossPred 0.1165 LossAtt 0.6566 TrainAcc 0.9700 TestAcc 0.5901 0.8650
Optimization Finished!
********** replication  70  **********
epoch   0 LossPred 1.0496 LossAtt 1.0240 TrainAcc 0.4700 TestAcc 0.4254 0.4800
epoch 100 LossPred 0.8432 LossAtt 0.9507 TrainAcc 0.6600 TestAcc 0.6479 0.6800
epoch 200 LossPred 0.1717 LossAtt 0.9785 TrainAcc 0.9600 TestAcc 0.8796 0.8800
epoch 300 LossPred 0.0834 LossAtt 0.8149 TrainAcc 0.9800 TestAcc 0.8901 0.9350
epoch 400 LossPred 0.0449 LossAtt 0.7273 TrainAcc 1.0000 TestAcc 0.8974 0.9550
Optimization Finished!
********** replication  71  **********
epoch   0 LossPred 0.9750 LossAtt 0.9993 TrainAcc 0.5600 TestAcc 0.5230 0.5500
epoch 100 LossPred 0.6495 LossAtt 1.1638 TrainAcc 0.7700 TestAcc 0.7958 0.7500
epoch 200 LossPred 0.2355 LossAtt 0.6441 TrainAcc 0.9600 TestAcc 0.9207 0.9150
epoch 300 LossPred 0.1975 LossAtt 0.5056 TrainAcc 0.9500 TestAcc 0.9114 0.8800
epoch 400 LossPred 0.1454 LossAtt 0.4467 TrainAcc 0.9800 TestAcc 0.9364 0.9250
epoch 500 LossPred 0.1303 LossAtt 0.3991 TrainAcc 0.9800 TestAcc 0.9339 0.9100
epoch 600 LossPred 0.1313 LossAtt 0.3840 TrainAcc 0.9800 TestAcc 0.9254 0.8750
epoch 700 LossPred 0.1085 LossAtt 0.3674 TrainAcc 0.9900 TestAcc 0.9454 0.8800
epoch 800 LossPred 0.1069 LossAtt 0.3657 TrainAcc 0.9700 TestAcc 0.9467 0.9150
epoch 900 LossPred 0.1311 LossAtt 0.3395 TrainAcc 0.9600 TestAcc 0.9174 0.8900
epoch 1000 LossPred 0.0935 LossAtt 0.3279 TrainAcc 0.9700 TestAcc 0.9447 0.9350
epoch 1100 LossPred 0.0894 LossAtt 0.3304 TrainAcc 0.9800 TestAcc 0.9362 0.9500
epoch 1200 LossPred 0.0843 LossAtt 0.3324 TrainAcc 0.9800 TestAcc 0.9464 0.9500
epoch 1300 LossPred 0.0711 LossAtt 0.3377 TrainAcc 0.9800 TestAcc 0.9502 0.9800
epoch 1400 LossPred 0.0813 LossAtt 0.3338 TrainAcc 0.9900 TestAcc 0.9467 0.9700
epoch 1500 LossPred 0.0722 LossAtt 0.3743 TrainAcc 0.9800 TestAcc 0.9417 0.9750
epoch 1600 LossPred 0.0760 LossAtt 0.3131 TrainAcc 0.9800 TestAcc 0.9324 0.9700
epoch 1700 LossPred 0.0628 LossAtt 0.3176 TrainAcc 0.9800 TestAcc 0.9462 0.9700
epoch 1800 LossPred 0.0632 LossAtt 0.3155 TrainAcc 0.9900 TestAcc 0.9492 0.9800
epoch 1900 LossPred 0.0605 LossAtt 0.3556 TrainAcc 0.9800 TestAcc 0.9424 0.9650
epoch 2000 LossPred 0.0509 LossAtt 0.3597 TrainAcc 0.9800 TestAcc 0.9492 0.9750
epoch 2100 LossPred 0.0548 LossAtt 0.3743 TrainAcc 0.9900 TestAcc 0.9542 0.9750
epoch 2200 LossPred 0.0690 LossAtt 0.4173 TrainAcc 0.9700 TestAcc 0.9454 0.9750
epoch 2300 LossPred 0.0620 LossAtt 0.4184 TrainAcc 0.9900 TestAcc 0.9570 0.9800
epoch 2400 LossPred 0.0389 LossAtt 0.3757 TrainAcc 1.0000 TestAcc 0.9482 0.9800
Optimization Finished!
********** replication  72  **********
epoch   0 LossPred 1.1195 LossAtt 1.0476 TrainAcc 0.4800 TestAcc 0.3969 0.4900
epoch 100 LossPred 0.7902 LossAtt 0.7417 TrainAcc 0.7000 TestAcc 0.5941 0.7050
epoch 200 LossPred 0.2044 LossAtt 0.6137 TrainAcc 0.9700 TestAcc 0.9022 0.9000
epoch 300 LossPred 0.1463 LossAtt 0.4988 TrainAcc 0.9700 TestAcc 0.8931 0.8950
epoch 400 LossPred 0.1237 LossAtt 0.4719 TrainAcc 0.9700 TestAcc 0.8876 0.9050
epoch 500 LossPred 0.1152 LossAtt 0.4762 TrainAcc 0.9700 TestAcc 0.8869 0.9000
epoch 600 LossPred 0.1036 LossAtt 0.4689 TrainAcc 0.9700 TestAcc 0.8779 0.9000
epoch 700 LossPred 0.1010 LossAtt 0.4826 TrainAcc 0.9700 TestAcc 0.8844 0.9150
epoch 800 LossPred 0.0918 LossAtt 0.5109 TrainAcc 0.9700 TestAcc 0.8661 0.8900
epoch 900 LossPred 0.0835 LossAtt 0.5167 TrainAcc 0.9700 TestAcc 0.8704 0.9150
epoch 1000 LossPred 0.0731 LossAtt 0.4564 TrainAcc 0.9700 TestAcc 0.8619 0.8850
epoch 1100 LossPred 0.0702 LossAtt 0.4482 TrainAcc 0.9700 TestAcc 0.8609 0.8900
epoch 1200 LossPred 0.0670 LossAtt 0.4439 TrainAcc 0.9700 TestAcc 0.8526 0.8850
epoch 1300 LossPred 0.0660 LossAtt 0.4694 TrainAcc 0.9800 TestAcc 0.8566 0.8700
epoch 1400 LossPred 0.0592 LossAtt 0.4195 TrainAcc 0.9800 TestAcc 0.8586 0.8950
epoch 1500 LossPred 0.0479 LossAtt 0.4329 TrainAcc 0.9800 TestAcc 0.8591 0.8950
epoch 1600 LossPred 0.0550 LossAtt 0.4488 TrainAcc 0.9900 TestAcc 0.8609 0.8850
epoch 1700 LossPred 0.0549 LossAtt 0.4256 TrainAcc 0.9800 TestAcc 0.8691 0.9050
epoch 1800 LossPred 0.0405 LossAtt 0.4267 TrainAcc 0.9900 TestAcc 0.8691 0.8900
epoch 1900 LossPred 0.0312 LossAtt 0.4114 TrainAcc 0.9900 TestAcc 0.8719 0.9150
epoch 2000 LossPred 0.0302 LossAtt 0.3821 TrainAcc 0.9900 TestAcc 0.8724 0.9000
epoch 2100 LossPred 0.0300 LossAtt 0.3788 TrainAcc 0.9900 TestAcc 0.8741 0.9150
epoch 2200 LossPred 0.0295 LossAtt 0.4144 TrainAcc 0.9900 TestAcc 0.8741 0.9000
epoch 2300 LossPred 0.0256 LossAtt 0.4266 TrainAcc 0.9900 TestAcc 0.8804 0.9200
epoch 2400 LossPred 0.0237 LossAtt 0.3960 TrainAcc 1.0000 TestAcc 0.8889 0.9200
Optimization Finished!
********** replication  73  **********
epoch   0 LossPred 1.0144 LossAtt 1.0433 TrainAcc 0.5300 TestAcc 0.5941 0.5250
epoch 100 LossPred 0.7789 LossAtt 0.8324 TrainAcc 0.7400 TestAcc 0.6439 0.7150
epoch 200 LossPred 0.2554 LossAtt 0.5486 TrainAcc 0.9300 TestAcc 0.8721 0.8650
epoch 300 LossPred 0.0923 LossAtt 0.5390 TrainAcc 0.9900 TestAcc 0.9202 0.9250
epoch 400 LossPred 0.0295 LossAtt 0.5488 TrainAcc 1.0000 TestAcc 0.9337 0.9500
Optimization Finished!
********** replication  74  **********
epoch   0 LossPred 0.9480 LossAtt 1.0741 TrainAcc 0.6000 TestAcc 0.5598 0.5800
epoch 100 LossPred 0.2597 LossAtt 1.1838 TrainAcc 0.9900 TestAcc 0.9032 0.9300
epoch 200 LossPred 0.0362 LossAtt 0.8222 TrainAcc 1.0000 TestAcc 0.9292 0.9550
Optimization Finished!
********** replication  75  **********
epoch   0 LossPred 1.0507 LossAtt 1.0451 TrainAcc 0.4500 TestAcc 0.5360 0.4450
epoch 100 LossPred 0.8646 LossAtt 0.6911 TrainAcc 0.6600 TestAcc 0.5978 0.6650
epoch 200 LossPred 0.4068 LossAtt 0.5834 TrainAcc 0.8900 TestAcc 0.8599 0.8800
epoch 300 LossPred 0.3038 LossAtt 0.5490 TrainAcc 0.9200 TestAcc 0.8706 0.8800
epoch 400 LossPred 0.2217 LossAtt 0.5288 TrainAcc 0.9400 TestAcc 0.8741 0.9050
epoch 500 LossPred 0.1854 LossAtt 0.5331 TrainAcc 0.9700 TestAcc 0.8721 0.9300
epoch 600 LossPred 0.1614 LossAtt 0.4807 TrainAcc 0.9700 TestAcc 0.9037 0.9300
epoch 700 LossPred 0.1296 LossAtt 0.4757 TrainAcc 0.9800 TestAcc 0.9169 0.9150
epoch 800 LossPred 0.1876 LossAtt 0.5322 TrainAcc 0.9300 TestAcc 0.8859 0.9250
epoch 900 LossPred 0.0912 LossAtt 0.4590 TrainAcc 0.9900 TestAcc 0.9069 0.9400
epoch 1000 LossPred 0.1141 LossAtt 0.4332 TrainAcc 0.9700 TestAcc 0.9064 0.9550
epoch 1100 LossPred 0.0866 LossAtt 0.4281 TrainAcc 0.9800 TestAcc 0.9172 0.9600
epoch 1200 LossPred 0.0805 LossAtt 0.4178 TrainAcc 0.9800 TestAcc 0.9062 0.9500
epoch 1300 LossPred 0.0823 LossAtt 0.4187 TrainAcc 0.9800 TestAcc 0.9157 0.9400
epoch 1400 LossPred 0.0810 LossAtt 0.4134 TrainAcc 0.9800 TestAcc 0.9207 0.9650
epoch 1500 LossPred 0.0770 LossAtt 0.3864 TrainAcc 0.9800 TestAcc 0.9157 0.9400
epoch 1600 LossPred 0.0777 LossAtt 0.3686 TrainAcc 0.9800 TestAcc 0.8911 0.9350
epoch 1700 LossPred 0.0708 LossAtt 0.3645 TrainAcc 0.9800 TestAcc 0.9019 0.9500
epoch 1800 LossPred 0.0722 LossAtt 0.3455 TrainAcc 0.9800 TestAcc 0.8934 0.9450
epoch 1900 LossPred 0.1011 LossAtt 0.3807 TrainAcc 0.9600 TestAcc 0.9314 0.9700
epoch 2000 LossPred 0.0919 LossAtt 0.3751 TrainAcc 0.9700 TestAcc 0.8889 0.9650
epoch 2100 LossPred 0.0779 LossAtt 0.3600 TrainAcc 0.9800 TestAcc 0.9279 0.9700
epoch 2200 LossPred 0.0683 LossAtt 0.3417 TrainAcc 0.9800 TestAcc 0.9037 0.9550
epoch 2300 LossPred 0.0700 LossAtt 0.3750 TrainAcc 0.9800 TestAcc 0.8986 0.9650
epoch 2400 LossPred 0.0691 LossAtt 0.3323 TrainAcc 0.9800 TestAcc 0.9099 0.9600
epoch 2500 LossPred 0.0748 LossAtt 0.3594 TrainAcc 0.9800 TestAcc 0.9089 0.9650
Optimization Finished!
********** replication  76  **********
epoch   0 LossPred 1.2467 LossAtt 1.0907 TrainAcc 0.4400 TestAcc 0.4027 0.4600
epoch 100 LossPred 0.7026 LossAtt 0.8952 TrainAcc 0.7500 TestAcc 0.7127 0.7400
epoch 200 LossPred 0.2989 LossAtt 0.6118 TrainAcc 0.9100 TestAcc 0.9059 0.8900
epoch 300 LossPred 0.1788 LossAtt 0.4952 TrainAcc 0.9600 TestAcc 0.9044 0.8900
epoch 400 LossPred 0.1338 LossAtt 0.4708 TrainAcc 0.9800 TestAcc 0.8934 0.9250
epoch 500 LossPred 0.1040 LossAtt 0.4267 TrainAcc 0.9800 TestAcc 0.9024 0.9150
epoch 600 LossPred 0.0965 LossAtt 0.4078 TrainAcc 0.9800 TestAcc 0.9072 0.9100
epoch 700 LossPred 0.0950 LossAtt 0.4134 TrainAcc 0.9800 TestAcc 0.9042 0.9050
epoch 800 LossPred 0.0895 LossAtt 0.3805 TrainAcc 0.9800 TestAcc 0.8944 0.9200
epoch 900 LossPred 0.0917 LossAtt 0.3352 TrainAcc 0.9800 TestAcc 0.9082 0.9200
epoch 1000 LossPred 0.0863 LossAtt 0.3255 TrainAcc 0.9800 TestAcc 0.8921 0.9250
epoch 1100 LossPred 0.0862 LossAtt 0.3365 TrainAcc 0.9800 TestAcc 0.8839 0.9350
epoch 1200 LossPred 0.0734 LossAtt 0.3224 TrainAcc 0.9800 TestAcc 0.9092 0.9350
epoch 1300 LossPred 0.0310 LossAtt 0.3292 TrainAcc 1.0000 TestAcc 0.8974 0.9200
Optimization Finished!
********** replication  77  **********
epoch   0 LossPred 1.0337 LossAtt 1.0375 TrainAcc 0.4900 TestAcc 0.5055 0.4900
epoch 100 LossPred 0.5290 LossAtt 1.0922 TrainAcc 0.8400 TestAcc 0.8659 0.8150
epoch 200 LossPred 0.1255 LossAtt 0.6391 TrainAcc 0.9900 TestAcc 0.9419 0.9050
epoch 300 LossPred 0.0645 LossAtt 0.5517 TrainAcc 0.9900 TestAcc 0.9572 0.9150
epoch 400 LossPred 0.0442 LossAtt 0.4898 TrainAcc 0.9900 TestAcc 0.9650 0.9350
epoch 500 LossPred 0.0678 LossAtt 0.4956 TrainAcc 0.9800 TestAcc 0.9597 0.9200
epoch 600 LossPred 0.0231 LossAtt 0.4627 TrainAcc 1.0000 TestAcc 0.9615 0.9250
Optimization Finished!
********** replication  78  **********
epoch   0 LossPred 0.9612 LossAtt 1.0083 TrainAcc 0.5200 TestAcc 0.5143 0.6000
epoch 100 LossPred 0.4960 LossAtt 0.7928 TrainAcc 0.8300 TestAcc 0.8168 0.8150
epoch 200 LossPred 0.2568 LossAtt 0.5116 TrainAcc 0.9300 TestAcc 0.8756 0.8900
epoch 300 LossPred 0.1954 LossAtt 0.4221 TrainAcc 0.9500 TestAcc 0.8781 0.8950
epoch 400 LossPred 0.1727 LossAtt 0.4112 TrainAcc 0.9600 TestAcc 0.8819 0.8950
epoch 500 LossPred 0.1689 LossAtt 0.3854 TrainAcc 0.9600 TestAcc 0.8774 0.8950
epoch 600 LossPred 0.2085 LossAtt 0.4132 TrainAcc 0.9400 TestAcc 0.8756 0.9000
epoch 700 LossPred 0.1935 LossAtt 0.3735 TrainAcc 0.9400 TestAcc 0.8761 0.8900
epoch 800 LossPred 0.2230 LossAtt 0.3415 TrainAcc 0.9300 TestAcc 0.8711 0.8950
epoch 900 LossPred 0.2203 LossAtt 0.3522 TrainAcc 0.9400 TestAcc 0.8799 0.9050
epoch 1000 LossPred 0.1667 LossAtt 0.3480 TrainAcc 0.9600 TestAcc 0.8806 0.9200
epoch 1100 LossPred 0.2229 LossAtt 0.3306 TrainAcc 0.9300 TestAcc 0.8841 0.9100
epoch 1200 LossPred 0.2129 LossAtt 0.3781 TrainAcc 0.9300 TestAcc 0.8809 0.9150
epoch 1300 LossPred 0.2757 LossAtt 0.3644 TrainAcc 0.9100 TestAcc 0.8866 0.8900
epoch 1400 LossPred 0.1492 LossAtt 0.3503 TrainAcc 0.9700 TestAcc 0.8816 0.9400
epoch 1500 LossPred 0.1589 LossAtt 0.3487 TrainAcc 0.9600 TestAcc 0.8801 0.9200
epoch 1600 LossPred 0.1827 LossAtt 0.3543 TrainAcc 0.9400 TestAcc 0.8736 0.9250
epoch 1700 LossPred 0.1691 LossAtt 0.3430 TrainAcc 0.9600 TestAcc 0.8851 0.9250
epoch 1800 LossPred 0.1794 LossAtt 0.3037 TrainAcc 0.9600 TestAcc 0.8821 0.9250
epoch 1900 LossPred 0.1451 LossAtt 0.3182 TrainAcc 0.9600 TestAcc 0.8851 0.9350
epoch 2000 LossPred 0.1700 LossAtt 0.3255 TrainAcc 0.9500 TestAcc 0.8794 0.9400
epoch 2100 LossPred 0.1487 LossAtt 0.3528 TrainAcc 0.9600 TestAcc 0.8836 0.9350
epoch 2200 LossPred 0.1546 LossAtt 0.3177 TrainAcc 0.9600 TestAcc 0.8771 0.9350
epoch 2300 LossPred 0.1460 LossAtt 0.3380 TrainAcc 0.9600 TestAcc 0.8749 0.9450
epoch 2400 LossPred 0.1702 LossAtt 0.3358 TrainAcc 0.9500 TestAcc 0.8714 0.9400
epoch 2500 LossPred 0.1659 LossAtt 0.3365 TrainAcc 0.9500 TestAcc 0.8771 0.9350
Optimization Finished!
********** replication  79  **********
epoch   0 LossPred 1.2623 LossAtt 1.0373 TrainAcc 0.3900 TestAcc 0.3974 0.4050
epoch 100 LossPred 0.8815 LossAtt 0.8114 TrainAcc 0.6800 TestAcc 0.6729 0.6650
epoch 200 LossPred 0.2251 LossAtt 0.6947 TrainAcc 0.9600 TestAcc 0.8979 0.8900
epoch 300 LossPred 0.0917 LossAtt 0.6594 TrainAcc 0.9900 TestAcc 0.9257 0.9200
epoch 400 LossPred 0.0733 LossAtt 0.5588 TrainAcc 1.0000 TestAcc 0.9359 0.9150
Optimization Finished!
********** replication  80  **********
epoch   0 LossPred 1.2906 LossAtt 1.0367 TrainAcc 0.3700 TestAcc 0.4002 0.3800
epoch 100 LossPred 0.8855 LossAtt 0.6647 TrainAcc 0.6700 TestAcc 0.6221 0.6700
epoch 200 LossPred 0.3857 LossAtt 0.5997 TrainAcc 0.9100 TestAcc 0.8839 0.8850
epoch 300 LossPred 0.1986 LossAtt 0.4858 TrainAcc 0.9800 TestAcc 0.9289 0.9350
epoch 400 LossPred 0.1315 LossAtt 0.4170 TrainAcc 1.0000 TestAcc 0.9324 0.9550
Optimization Finished!
********** replication  81  **********
epoch   0 LossPred 0.9678 LossAtt 1.0362 TrainAcc 0.5200 TestAcc 0.4922 0.5450
epoch 100 LossPred 0.5966 LossAtt 0.9035 TrainAcc 0.7900 TestAcc 0.7372 0.7800
epoch 200 LossPred 0.2188 LossAtt 0.6564 TrainAcc 0.9700 TestAcc 0.9299 0.9300
epoch 300 LossPred 0.1225 LossAtt 0.5687 TrainAcc 0.9700 TestAcc 0.9267 0.9550
epoch 400 LossPred 0.0616 LossAtt 0.4996 TrainAcc 1.0000 TestAcc 0.9464 0.9450
Optimization Finished!
********** replication  82  **********
epoch   0 LossPred 0.9765 LossAtt 1.0317 TrainAcc 0.5600 TestAcc 0.5671 0.5750
epoch 100 LossPred 0.6164 LossAtt 0.9195 TrainAcc 0.8000 TestAcc 0.7695 0.8000
epoch 200 LossPred 0.3400 LossAtt 0.6334 TrainAcc 0.9300 TestAcc 0.8651 0.8850
epoch 300 LossPred 0.1496 LossAtt 0.5084 TrainAcc 0.9600 TestAcc 0.8899 0.9400
epoch 400 LossPred 0.1057 LossAtt 0.4579 TrainAcc 0.9900 TestAcc 0.9044 0.9500
epoch 500 LossPred 0.0708 LossAtt 0.4508 TrainAcc 0.9900 TestAcc 0.9134 0.9650
epoch 600 LossPred 0.0660 LossAtt 0.4220 TrainAcc 1.0000 TestAcc 0.9084 0.9700
Optimization Finished!
********** replication  83  **********
epoch   0 LossPred 1.0903 LossAtt 1.0442 TrainAcc 0.3500 TestAcc 0.4154 0.3850
epoch 100 LossPred 0.4709 LossAtt 0.8916 TrainAcc 0.8600 TestAcc 0.8028 0.8550
epoch 200 LossPred 0.1547 LossAtt 0.7069 TrainAcc 0.9900 TestAcc 0.8879 0.9450
epoch 300 LossPred 0.0719 LossAtt 0.6568 TrainAcc 1.0000 TestAcc 0.8876 0.9250
Optimization Finished!
********** replication  84  **********
epoch   0 LossPred 1.3013 LossAtt 1.0320 TrainAcc 0.4500 TestAcc 0.4454 0.4800
epoch 100 LossPred 0.8561 LossAtt 0.8288 TrainAcc 0.6700 TestAcc 0.6542 0.6850
epoch 200 LossPred 0.2255 LossAtt 0.6124 TrainAcc 0.9700 TestAcc 0.8791 0.9250
epoch 300 LossPred 0.1259 LossAtt 0.5161 TrainAcc 0.9600 TestAcc 0.8954 0.9350
epoch 400 LossPred 0.0852 LossAtt 0.5007 TrainAcc 0.9900 TestAcc 0.9192 0.9500
epoch 500 LossPred 0.0777 LossAtt 0.5539 TrainAcc 0.9800 TestAcc 0.9047 0.9300
epoch 600 LossPred 0.0598 LossAtt 0.4727 TrainAcc 0.9900 TestAcc 0.9247 0.9500
epoch 700 LossPred 0.0514 LossAtt 0.5282 TrainAcc 0.9900 TestAcc 0.9109 0.9500
epoch 800 LossPred 0.0470 LossAtt 0.4769 TrainAcc 0.9900 TestAcc 0.9047 0.9500
epoch 900 LossPred 0.0397 LossAtt 0.4831 TrainAcc 0.9900 TestAcc 0.9294 0.9550
epoch 1000 LossPred 0.0348 LossAtt 0.4646 TrainAcc 1.0000 TestAcc 0.9187 0.9450
Optimization Finished!
********** replication  85  **********
epoch   0 LossPred 1.0236 LossAtt 1.0138 TrainAcc 0.5400 TestAcc 0.4932 0.4650
epoch 100 LossPred 0.6196 LossAtt 1.0575 TrainAcc 0.7600 TestAcc 0.6642 0.7450
epoch 200 LossPred 0.2837 LossAtt 0.6740 TrainAcc 0.9300 TestAcc 0.8794 0.9050
epoch 300 LossPred 0.1854 LossAtt 0.5752 TrainAcc 0.9700 TestAcc 0.9029 0.8900
epoch 400 LossPred 0.1451 LossAtt 0.5671 TrainAcc 0.9800 TestAcc 0.8971 0.8900
epoch 500 LossPred 0.1242 LossAtt 0.5845 TrainAcc 0.9700 TestAcc 0.8971 0.8850
epoch 600 LossPred 0.1020 LossAtt 0.5832 TrainAcc 0.9900 TestAcc 0.9004 0.9050
epoch 700 LossPred 0.0869 LossAtt 0.5699 TrainAcc 0.9900 TestAcc 0.8809 0.9200
epoch 800 LossPred 0.0736 LossAtt 0.5126 TrainAcc 0.9900 TestAcc 0.8749 0.9150
epoch 900 LossPred 0.0663 LossAtt 0.5465 TrainAcc 0.9900 TestAcc 0.8779 0.9250
epoch 1000 LossPred 0.0593 LossAtt 0.5249 TrainAcc 0.9900 TestAcc 0.8764 0.9300
epoch 1100 LossPred 0.0558 LossAtt 0.4948 TrainAcc 0.9900 TestAcc 0.8624 0.9250
epoch 1200 LossPred 0.0524 LossAtt 0.4823 TrainAcc 0.9900 TestAcc 0.8774 0.9250
epoch 1300 LossPred 0.0510 LossAtt 0.4971 TrainAcc 0.9900 TestAcc 0.8806 0.9500
epoch 1400 LossPred 0.0491 LossAtt 0.4732 TrainAcc 0.9900 TestAcc 0.8601 0.9400
epoch 1500 LossPred 0.0468 LossAtt 0.4702 TrainAcc 0.9900 TestAcc 0.8794 0.9350
epoch 1600 LossPred 0.0502 LossAtt 0.4687 TrainAcc 0.9900 TestAcc 0.8836 0.9400
epoch 1700 LossPred 0.1182 LossAtt 0.6240 TrainAcc 0.9700 TestAcc 0.8631 0.9400
epoch 1800 LossPred 0.0462 LossAtt 0.4559 TrainAcc 0.9900 TestAcc 0.8799 0.9500
epoch 1900 LossPred 0.0428 LossAtt 0.4469 TrainAcc 0.9900 TestAcc 0.8706 0.9450
epoch 2000 LossPred 0.0425 LossAtt 0.4435 TrainAcc 0.9900 TestAcc 0.8686 0.9350
epoch 2100 LossPred 0.0423 LossAtt 0.4437 TrainAcc 0.9900 TestAcc 0.8709 0.9350
epoch 2200 LossPred 0.0422 LossAtt 0.4461 TrainAcc 0.9900 TestAcc 0.8684 0.9300
epoch 2300 LossPred 0.0431 LossAtt 0.4384 TrainAcc 0.9900 TestAcc 0.8756 0.9350
epoch 2400 LossPred 0.0577 LossAtt 0.5007 TrainAcc 0.9900 TestAcc 0.8784 0.9300
epoch 2500 LossPred 0.0428 LossAtt 0.4852 TrainAcc 0.9900 TestAcc 0.8636 0.9550
Optimization Finished!
********** replication  86  **********
epoch   0 LossPred 1.0473 LossAtt 1.0169 TrainAcc 0.4000 TestAcc 0.5085 0.4000
epoch 100 LossPred 0.6852 LossAtt 1.2042 TrainAcc 0.7300 TestAcc 0.7357 0.7500
epoch 200 LossPred 0.1713 LossAtt 0.7086 TrainAcc 0.9900 TestAcc 0.9332 0.9550
epoch 300 LossPred 0.1257 LossAtt 0.6685 TrainAcc 0.9800 TestAcc 0.9154 0.9450
epoch 400 LossPred 0.0848 LossAtt 0.5394 TrainAcc 1.0000 TestAcc 0.9474 0.9350
Optimization Finished!
********** replication  87  **********
epoch   0 LossPred 1.3285 LossAtt 1.0451 TrainAcc 0.4100 TestAcc 0.5078 0.4250
epoch 100 LossPred 0.7854 LossAtt 0.8239 TrainAcc 0.7100 TestAcc 0.5986 0.7250
epoch 200 LossPred 0.5894 LossAtt 1.2082 TrainAcc 0.8000 TestAcc 0.6244 0.7500
epoch 300 LossPred 0.2318 LossAtt 0.7791 TrainAcc 0.9800 TestAcc 0.8659 0.9100
epoch 400 LossPred 0.0883 LossAtt 0.6300 TrainAcc 0.9900 TestAcc 0.9004 0.9550
epoch 500 LossPred 0.0571 LossAtt 0.5584 TrainAcc 0.9900 TestAcc 0.8866 0.9650
epoch 600 LossPred 0.0499 LossAtt 0.5339 TrainAcc 1.0000 TestAcc 0.8974 0.9600
Optimization Finished!
********** replication  88  **********
epoch   0 LossPred 1.1141 LossAtt 1.0191 TrainAcc 0.4100 TestAcc 0.4377 0.4550
epoch 100 LossPred 0.7987 LossAtt 0.6645 TrainAcc 0.7100 TestAcc 0.5966 0.7100
epoch 200 LossPred 0.2088 LossAtt 0.6973 TrainAcc 0.9800 TestAcc 0.9187 0.9500
epoch 300 LossPred 0.0720 LossAtt 0.5608 TrainAcc 1.0000 TestAcc 0.9209 0.9450
Optimization Finished!
********** replication  89  **********
epoch   0 LossPred 1.0744 LossAtt 1.0185 TrainAcc 0.3300 TestAcc 0.4029 0.3350
epoch 100 LossPred 0.8598 LossAtt 0.4641 TrainAcc 0.6700 TestAcc 0.5971 0.6600
epoch 200 LossPred 0.8061 LossAtt 0.4616 TrainAcc 0.7000 TestAcc 0.5628 0.7050
epoch 300 LossPred 0.7334 LossAtt 0.6827 TrainAcc 0.7400 TestAcc 0.5776 0.7400
epoch 400 LossPred 0.6559 LossAtt 0.4794 TrainAcc 0.7900 TestAcc 0.5823 0.7750
epoch 500 LossPred 0.6412 LossAtt 0.4772 TrainAcc 0.7900 TestAcc 0.5806 0.7800
epoch 600 LossPred 0.5952 LossAtt 0.7654 TrainAcc 0.8200 TestAcc 0.5756 0.8050
epoch 700 LossPred 0.5232 LossAtt 0.8148 TrainAcc 0.8600 TestAcc 0.5593 0.8350
epoch 800 LossPred 0.4308 LossAtt 0.8027 TrainAcc 0.8800 TestAcc 0.5656 0.8300
epoch 900 LossPred 0.3872 LossAtt 0.9137 TrainAcc 0.8800 TestAcc 0.5733 0.8450
epoch 1000 LossPred 0.2978 LossAtt 0.7116 TrainAcc 0.9300 TestAcc 0.5813 0.8300
epoch 1100 LossPred 0.2603 LossAtt 0.6520 TrainAcc 0.9400 TestAcc 0.5868 0.8600
epoch 1200 LossPred 0.2831 LossAtt 0.8235 TrainAcc 0.9200 TestAcc 0.5858 0.8650
epoch 1300 LossPred 0.2433 LossAtt 0.6961 TrainAcc 0.9500 TestAcc 0.6014 0.8550
epoch 1400 LossPred 0.1919 LossAtt 0.6814 TrainAcc 0.9600 TestAcc 0.6054 0.8800
epoch 1500 LossPred 0.2239 LossAtt 0.6466 TrainAcc 0.9300 TestAcc 0.6004 0.8800
epoch 1600 LossPred 0.1592 LossAtt 0.5602 TrainAcc 0.9600 TestAcc 0.6034 0.8750
epoch 1700 LossPred 0.2077 LossAtt 0.5968 TrainAcc 0.9300 TestAcc 0.6064 0.8600
epoch 1800 LossPred 0.1262 LossAtt 0.5988 TrainAcc 0.9600 TestAcc 0.6079 0.8750
epoch 1900 LossPred 0.1708 LossAtt 0.6243 TrainAcc 0.9500 TestAcc 0.6061 0.8600
epoch 2000 LossPred 0.1391 LossAtt 0.6066 TrainAcc 0.9600 TestAcc 0.6071 0.8650
epoch 2100 LossPred 0.1467 LossAtt 0.5745 TrainAcc 0.9800 TestAcc 0.6036 0.8650
epoch 2200 LossPred 0.1029 LossAtt 0.5326 TrainAcc 0.9900 TestAcc 0.6026 0.8650
epoch 2300 LossPred 0.3090 LossAtt 0.6908 TrainAcc 0.8900 TestAcc 0.5918 0.8850
epoch 2400 LossPred 0.0823 LossAtt 0.5362 TrainAcc 0.9900 TestAcc 0.6086 0.8900
epoch 2500 LossPred 0.0713 LossAtt 0.4963 TrainAcc 0.9900 TestAcc 0.5988 0.8900
Optimization Finished!
********** replication  90  **********
epoch   0 LossPred 0.9801 LossAtt 1.0439 TrainAcc 0.5700 TestAcc 0.5696 0.5750
epoch 100 LossPred 0.8170 LossAtt 0.9666 TrainAcc 0.6500 TestAcc 0.5688 0.6650
epoch 200 LossPred 0.5251 LossAtt 1.0994 TrainAcc 0.8000 TestAcc 0.6151 0.7300
epoch 300 LossPred 0.3144 LossAtt 0.9369 TrainAcc 0.9200 TestAcc 0.7422 0.8600
epoch 400 LossPred 0.1408 LossAtt 0.7962 TrainAcc 0.9800 TestAcc 0.8468 0.9050
epoch 500 LossPred 0.0641 LossAtt 0.7336 TrainAcc 1.0000 TestAcc 0.8716 0.9300
Optimization Finished!
********** replication  91  **********
epoch   0 LossPred 0.8943 LossAtt 1.0839 TrainAcc 0.5500 TestAcc 0.4977 0.6150
epoch 100 LossPred 0.5042 LossAtt 1.3041 TrainAcc 0.8300 TestAcc 0.7457 0.8150
epoch 200 LossPred 0.1160 LossAtt 0.6233 TrainAcc 0.9900 TestAcc 0.9044 0.9600
epoch 300 LossPred 0.0598 LossAtt 0.5060 TrainAcc 1.0000 TestAcc 0.9237 0.9550
Optimization Finished!
********** replication  92  **********
epoch   0 LossPred 1.1361 LossAtt 1.0427 TrainAcc 0.4900 TestAcc 0.5435 0.4950
epoch 100 LossPred 0.8496 LossAtt 0.7418 TrainAcc 0.6800 TestAcc 0.6404 0.6600
epoch 200 LossPred 0.2071 LossAtt 0.6643 TrainAcc 0.9700 TestAcc 0.9097 0.8850
epoch 300 LossPred 0.1285 LossAtt 0.5768 TrainAcc 0.9700 TestAcc 0.9177 0.8750
epoch 400 LossPred 0.1023 LossAtt 0.5249 TrainAcc 0.9800 TestAcc 0.9104 0.8800
epoch 500 LossPred 0.0778 LossAtt 0.5558 TrainAcc 0.9800 TestAcc 0.8924 0.8850
epoch 600 LossPred 0.0602 LossAtt 0.5220 TrainAcc 0.9900 TestAcc 0.8926 0.8800
epoch 700 LossPred 0.2126 LossAtt 0.5750 TrainAcc 0.9300 TestAcc 0.8636 0.8600
epoch 800 LossPred 0.0330 LossAtt 0.4823 TrainAcc 1.0000 TestAcc 0.8996 0.8950
Optimization Finished!
********** replication  93  **********
epoch   0 LossPred 1.2090 LossAtt 1.0080 TrainAcc 0.4300 TestAcc 0.4374 0.4450
epoch 100 LossPred 0.8209 LossAtt 0.6360 TrainAcc 0.7600 TestAcc 0.6702 0.7000
epoch 200 LossPred 0.2900 LossAtt 0.5485 TrainAcc 0.9400 TestAcc 0.8969 0.9050
epoch 300 LossPred 0.1739 LossAtt 0.4811 TrainAcc 0.9700 TestAcc 0.9269 0.9150
epoch 400 LossPred 0.1314 LossAtt 0.4410 TrainAcc 0.9800 TestAcc 0.9567 0.9250
epoch 500 LossPred 0.0952 LossAtt 0.4136 TrainAcc 0.9900 TestAcc 0.9482 0.9150
epoch 600 LossPred 0.0795 LossAtt 0.4037 TrainAcc 0.9900 TestAcc 0.9499 0.9300
epoch 700 LossPred 0.0902 LossAtt 0.3910 TrainAcc 0.9900 TestAcc 0.9537 0.9300
epoch 800 LossPred 0.0493 LossAtt 0.4101 TrainAcc 1.0000 TestAcc 0.9590 0.9350
Optimization Finished!
********** replication  94  **********
epoch   0 LossPred 1.3382 LossAtt 1.0203 TrainAcc 0.4400 TestAcc 0.4505 0.4300
epoch 100 LossPred 0.8368 LossAtt 0.6803 TrainAcc 0.7100 TestAcc 0.6199 0.7050
epoch 200 LossPred 0.2588 LossAtt 0.6815 TrainAcc 0.9600 TestAcc 0.9129 0.9450
epoch 300 LossPred 0.1065 LossAtt 0.6161 TrainAcc 0.9900 TestAcc 0.9242 0.9450
epoch 400 LossPred 0.0806 LossAtt 0.5942 TrainAcc 0.9900 TestAcc 0.9149 0.9300
epoch 500 LossPred 0.0679 LossAtt 0.5724 TrainAcc 0.9800 TestAcc 0.9114 0.9150
epoch 600 LossPred 0.0524 LossAtt 0.5506 TrainAcc 0.9900 TestAcc 0.9222 0.9450
epoch 700 LossPred 0.0505 LossAtt 0.4892 TrainAcc 0.9900 TestAcc 0.9177 0.9500
epoch 800 LossPred 0.0358 LossAtt 0.5136 TrainAcc 0.9900 TestAcc 0.9079 0.9400
epoch 900 LossPred 0.0361 LossAtt 0.4998 TrainAcc 0.9900 TestAcc 0.9049 0.9200
epoch 1000 LossPred 0.0257 LossAtt 0.5164 TrainAcc 0.9900 TestAcc 0.9124 0.9250
epoch 1100 LossPred 0.0198 LossAtt 0.5394 TrainAcc 1.0000 TestAcc 0.9219 0.9550
Optimization Finished!
********** replication  95  **********
epoch   0 LossPred 1.0251 LossAtt 1.0491 TrainAcc 0.5200 TestAcc 0.5080 0.5100
epoch 100 LossPred 0.8239 LossAtt 0.9145 TrainAcc 0.6800 TestAcc 0.5853 0.6600
epoch 200 LossPred 0.5473 LossAtt 1.4878 TrainAcc 0.8300 TestAcc 0.5641 0.7950
epoch 300 LossPred 0.3384 LossAtt 1.3365 TrainAcc 0.9100 TestAcc 0.5631 0.8250
epoch 400 LossPred 0.2203 LossAtt 1.2724 TrainAcc 0.9600 TestAcc 0.5656 0.8350
epoch 500 LossPred 0.1245 LossAtt 1.0548 TrainAcc 0.9900 TestAcc 0.5696 0.8150
epoch 600 LossPred 0.0856 LossAtt 0.9703 TrainAcc 0.9900 TestAcc 0.5723 0.8400
epoch 700 LossPred 0.0927 LossAtt 0.8796 TrainAcc 0.9900 TestAcc 0.5746 0.8400
epoch 800 LossPred 0.0757 LossAtt 0.8114 TrainAcc 0.9900 TestAcc 0.5723 0.8550
epoch 900 LossPred 0.2637 LossAtt 0.9824 TrainAcc 0.9300 TestAcc 0.5741 0.8600
epoch 1000 LossPred 0.0732 LossAtt 0.7713 TrainAcc 0.9900 TestAcc 0.5643 0.8350
epoch 1100 LossPred 0.0815 LossAtt 0.9578 TrainAcc 0.9900 TestAcc 0.5638 0.8550
epoch 1200 LossPred 0.0655 LossAtt 0.7861 TrainAcc 0.9900 TestAcc 0.5561 0.8550
epoch 1300 LossPred 0.0600 LossAtt 0.7864 TrainAcc 0.9900 TestAcc 0.5591 0.8600
epoch 1400 LossPred 0.0567 LossAtt 0.7365 TrainAcc 0.9900 TestAcc 0.5628 0.8750
epoch 1500 LossPred 0.0609 LossAtt 0.7541 TrainAcc 0.9900 TestAcc 0.5643 0.8500
epoch 1600 LossPred 0.1124 LossAtt 0.8851 TrainAcc 0.9600 TestAcc 0.5458 0.8700
epoch 1700 LossPred 0.0508 LossAtt 0.7147 TrainAcc 0.9900 TestAcc 0.5613 0.8650
epoch 1800 LossPred 0.0490 LossAtt 0.7052 TrainAcc 0.9900 TestAcc 0.5583 0.8600
epoch 1900 LossPred 0.0481 LossAtt 0.6965 TrainAcc 0.9900 TestAcc 0.5596 0.8650
epoch 2000 LossPred 0.0477 LossAtt 0.6999 TrainAcc 0.9900 TestAcc 0.5603 0.8550
epoch 2100 LossPred 0.0473 LossAtt 0.6969 TrainAcc 0.9900 TestAcc 0.5633 0.8650
epoch 2200 LossPred 0.0469 LossAtt 0.7184 TrainAcc 0.9900 TestAcc 0.5688 0.8700
epoch 2300 LossPred 0.0455 LossAtt 0.6745 TrainAcc 0.9900 TestAcc 0.5643 0.8650
epoch 2400 LossPred 0.0450 LossAtt 0.6856 TrainAcc 0.9900 TestAcc 0.5678 0.8650
epoch 2500 LossPred 0.1415 LossAtt 1.1121 TrainAcc 0.9500 TestAcc 0.5428 0.8900
Optimization Finished!
********** replication  96  **********
epoch   0 LossPred 1.1541 LossAtt 1.0139 TrainAcc 0.3900 TestAcc 0.4472 0.3950
epoch 100 LossPred 0.8019 LossAtt 0.6999 TrainAcc 0.7100 TestAcc 0.6406 0.7200
epoch 200 LossPred 0.2705 LossAtt 0.5639 TrainAcc 0.9600 TestAcc 0.8796 0.9300
epoch 300 LossPred 0.1685 LossAtt 0.4698 TrainAcc 0.9700 TestAcc 0.8904 0.9450
epoch 400 LossPred 0.1612 LossAtt 0.4262 TrainAcc 0.9600 TestAcc 0.8961 0.9350
epoch 500 LossPred 0.1231 LossAtt 0.4196 TrainAcc 0.9700 TestAcc 0.9079 0.9450
epoch 600 LossPred 0.0949 LossAtt 0.4068 TrainAcc 0.9700 TestAcc 0.8961 0.9350
epoch 700 LossPred 0.0889 LossAtt 0.3961 TrainAcc 0.9700 TestAcc 0.8986 0.9450
epoch 800 LossPred 0.0852 LossAtt 0.3674 TrainAcc 0.9700 TestAcc 0.8971 0.9550
epoch 900 LossPred 0.1115 LossAtt 0.4257 TrainAcc 0.9500 TestAcc 0.8919 0.9400
epoch 1000 LossPred 0.1101 LossAtt 0.3877 TrainAcc 0.9700 TestAcc 0.9017 0.9400
epoch 1100 LossPred 0.0599 LossAtt 0.3424 TrainAcc 0.9900 TestAcc 0.9002 0.9400
epoch 1200 LossPred 0.0556 LossAtt 0.3383 TrainAcc 0.9900 TestAcc 0.9029 0.9450
epoch 1300 LossPred 0.0528 LossAtt 0.3314 TrainAcc 0.9900 TestAcc 0.9037 0.9500
epoch 1400 LossPred 0.0508 LossAtt 0.3315 TrainAcc 0.9900 TestAcc 0.9007 0.9450
epoch 1500 LossPred 0.0510 LossAtt 0.3230 TrainAcc 0.9900 TestAcc 0.9039 0.9450
epoch 1600 LossPred 0.0529 LossAtt 0.3163 TrainAcc 0.9900 TestAcc 0.9089 0.9400
epoch 1700 LossPred 0.0608 LossAtt 0.3206 TrainAcc 0.9900 TestAcc 0.9104 0.9400
epoch 1800 LossPred 0.0608 LossAtt 0.3269 TrainAcc 0.9900 TestAcc 0.9159 0.9550
epoch 1900 LossPred 0.0467 LossAtt 0.3016 TrainAcc 0.9900 TestAcc 0.8994 0.9450
epoch 2000 LossPred 0.0457 LossAtt 0.3073 TrainAcc 0.9900 TestAcc 0.9084 0.9450
epoch 2100 LossPred 0.0451 LossAtt 0.3056 TrainAcc 0.9900 TestAcc 0.9092 0.9500
epoch 2200 LossPred 0.0460 LossAtt 0.2947 TrainAcc 0.9900 TestAcc 0.9157 0.9450
epoch 2300 LossPred 0.2410 LossAtt 0.3880 TrainAcc 0.9200 TestAcc 0.8586 0.9100
epoch 2400 LossPred 0.1545 LossAtt 0.4213 TrainAcc 0.9600 TestAcc 0.8476 0.9050
epoch 2500 LossPred 0.0415 LossAtt 0.3314 TrainAcc 0.9900 TestAcc 0.9114 0.9400
Optimization Finished!
********** replication  97  **********
epoch   0 LossPred 1.0578 LossAtt 1.0460 TrainAcc 0.3500 TestAcc 0.3824 0.3700
epoch 100 LossPred 0.8482 LossAtt 0.8140 TrainAcc 0.7100 TestAcc 0.6804 0.6850
epoch 200 LossPred 0.3456 LossAtt 0.6667 TrainAcc 0.9000 TestAcc 0.8894 0.8600
epoch 300 LossPred 0.2200 LossAtt 0.4686 TrainAcc 0.9500 TestAcc 0.9377 0.8950
epoch 400 LossPred 0.1936 LossAtt 0.4232 TrainAcc 0.9600 TestAcc 0.9242 0.8950
epoch 500 LossPred 0.1573 LossAtt 0.4125 TrainAcc 0.9500 TestAcc 0.9377 0.9200
epoch 600 LossPred 0.1186 LossAtt 0.4115 TrainAcc 0.9900 TestAcc 0.9550 0.9100
epoch 700 LossPred 0.1033 LossAtt 0.4009 TrainAcc 0.9800 TestAcc 0.9782 0.9250
epoch 800 LossPred 0.0892 LossAtt 0.3797 TrainAcc 0.9900 TestAcc 0.9640 0.9100
epoch 900 LossPred 0.0904 LossAtt 0.3618 TrainAcc 0.9900 TestAcc 0.9720 0.9250
epoch 1000 LossPred 0.0684 LossAtt 0.4525 TrainAcc 1.0000 TestAcc 0.9667 0.9400
Optimization Finished!
********** replication  98  **********
epoch   0 LossPred 1.0399 LossAtt 1.0548 TrainAcc 0.5600 TestAcc 0.5908 0.5450
epoch 100 LossPred 0.8626 LossAtt 0.7254 TrainAcc 0.6700 TestAcc 0.6241 0.6750
epoch 200 LossPred 0.6486 LossAtt 1.0873 TrainAcc 0.8000 TestAcc 0.6496 0.7750
epoch 300 LossPred 0.4611 LossAtt 0.9717 TrainAcc 0.8600 TestAcc 0.6664 0.8050
epoch 400 LossPred 0.3286 LossAtt 1.2085 TrainAcc 0.9100 TestAcc 0.6724 0.8300
epoch 500 LossPred 0.2263 LossAtt 1.0774 TrainAcc 0.9500 TestAcc 0.6919 0.8450
epoch 600 LossPred 0.1995 LossAtt 0.9198 TrainAcc 0.9500 TestAcc 0.6944 0.8400
epoch 700 LossPred 0.1253 LossAtt 0.8724 TrainAcc 0.9700 TestAcc 0.7042 0.8450
epoch 800 LossPred 0.1004 LossAtt 0.8209 TrainAcc 0.9900 TestAcc 0.7065 0.8600
epoch 900 LossPred 0.1077 LossAtt 0.8290 TrainAcc 0.9900 TestAcc 0.7205 0.8650
epoch 1000 LossPred 0.0678 LossAtt 0.6988 TrainAcc 0.9900 TestAcc 0.7170 0.8550
epoch 1100 LossPred 0.1698 LossAtt 0.8640 TrainAcc 0.9500 TestAcc 0.7342 0.8650
epoch 1200 LossPred 0.0514 LossAtt 0.6914 TrainAcc 0.9900 TestAcc 0.7207 0.8900
epoch 1300 LossPred 0.0386 LossAtt 0.6850 TrainAcc 1.0000 TestAcc 0.7260 0.8800
Optimization Finished!
********** replication  99  **********
epoch   0 LossPred 0.9603 LossAtt 1.0040 TrainAcc 0.5800 TestAcc 0.5275 0.5850
epoch 100 LossPred 0.6225 LossAtt 0.7981 TrainAcc 0.8100 TestAcc 0.6949 0.7500
epoch 200 LossPred 0.1879 LossAtt 0.5393 TrainAcc 0.9500 TestAcc 0.8959 0.8900
epoch 300 LossPred 0.1213 LossAtt 0.4619 TrainAcc 0.9800 TestAcc 0.9077 0.9000
epoch 400 LossPred 0.1360 LossAtt 0.3650 TrainAcc 0.9700 TestAcc 0.8989 0.8800
epoch 500 LossPred 0.1333 LossAtt 0.3755 TrainAcc 0.9600 TestAcc 0.9094 0.8800
epoch 600 LossPred 0.0823 LossAtt 0.2809 TrainAcc 0.9900 TestAcc 0.9267 0.8700
epoch 700 LossPred 0.0690 LossAtt 0.2711 TrainAcc 0.9900 TestAcc 0.9367 0.8950
epoch 800 LossPred 0.0841 LossAtt 0.2737 TrainAcc 0.9800 TestAcc 0.9359 0.9050
epoch 900 LossPred 0.0766 LossAtt 0.2846 TrainAcc 0.9900 TestAcc 0.9349 0.9200
epoch 1000 LossPred 0.0457 LossAtt 0.2853 TrainAcc 0.9900 TestAcc 0.9527 0.9300
epoch 1100 LossPred 0.0787 LossAtt 0.2573 TrainAcc 0.9900 TestAcc 0.9379 0.9250
epoch 1200 LossPred 0.0632 LossAtt 0.2420 TrainAcc 0.9900 TestAcc 0.9349 0.9200
epoch 1300 LossPred 0.0565 LossAtt 0.2600 TrainAcc 0.9900 TestAcc 0.9499 0.9300
epoch 1400 LossPred 0.0297 LossAtt 0.2566 TrainAcc 1.0000 TestAcc 0.9510 0.9400
Optimization Finished!
********************************************************************
Namespace(arch='tanh', batch_size=256, display_epoch=100, early_stop=True, input_noise_level=0.15, latent_attractor_space=True, loss_switch_frequency=0, lrate_attractor=0.002, lrate_prediction=0.002, lrate_wt_penalty=0.0, n_attractor_hidden=20, n_attractor_steps=5, n_hidden=10, n_replications=100, n_train=0, noise_level=0.25, report_best_train_performance=True, seq_len=15, task='majority', train_attr_weights_on_prediction=True, training_epochs=2500)
********************************************************************
mean train accuracy 0.99819994
indiv runs  [1.0, 1.0, 1.0, 1.0, 0.99, 1.0, 1.0, 1.0, 1.0, 1.0, 1.0, 0.99, 1.0, 1.0, 1.0, 1.0, 1.0, 1.0, 0.99, 1.0, 1.0, 0.99, 1.0, 1.0, 1.0, 1.0, 1.0, 1.0, 1.0, 1.0, 1.0, 1.0, 1.0, 1.0, 1.0, 1.0, 1.0, 1.0, 1.0, 0.99, 1.0, 0.99, 1.0, 1.0, 1.0, 0.99, 1.0, 1.0, 1.0, 1.0, 1.0, 1.0, 1.0, 1.0, 1.0, 1.0, 1.0, 1.0, 1.0, 1.0, 1.0, 1.0, 0.99, 1.0, 1.0, 1.0, 1.0, 1.0, 1.0, 0.98, 1.0, 1.0, 1.0, 1.0, 1.0, 0.99, 1.0, 1.0, 0.97, 1.0, 1.0, 1.0, 1.0, 1.0, 1.0, 0.99, 1.0, 1.0, 1.0, 0.99, 1.0, 1.0, 1.0, 1.0, 1.0, 0.99, 0.99, 1.0, 1.0, 1.0]
mean epoch 735.117647059
indiv epochs  [301, 201, 401, 501, 401, 701, 1801, 501, 401, 701, 401, 1301, 1001, 1301, 901, 501, 1001, 301, 301, 1301, 401, 1501, 201, 501, 301, 301, 401, 501, 401, 201, 1601, 201, 1201, 701, 301, 701, 2101, 1301, 301, 701, 501, 501, 2001, 801, 401, 801, 501, 201, 1101, 401, 301, 1101, 201, 401, 1501, 701, 501, 201, 901, 1901, 201, 401, 2401, 2401, 401, 201, 1301, 601, 401, 401, 401, 601, 301, 1001, 401, 601, 301, 501, 301, 801, 801, 1101, 1001, 1301, 1401]
test1 accuracy mean  0.90059805  median  0.9196696
test2 accuracy mean  0.93945  median  0.945
test1 indiv runs  [0.9399399, 0.9491992, 0.9767267, 0.95996, 0.8998999, 0.9429429, 0.9071572, 0.9537037, 0.8938939, 0.9326827, 0.9522022, 0.9284284, 0.8450951, 0.9732232, 0.9081582, 0.957958, 0.9261762, 0.9086587, 0.8460961, 0.9081582, 0.9139139, 0.9206707, 0.8648649, 0.9612112, 0.8891391, 0.9386887, 0.9199199, 0.9341842, 0.9246747, 0.9624625, 0.9229229, 0.9319319, 0.9346847, 0.9191692, 0.9054054, 0.9214214, 0.6178679, 0.9304304, 0.9391892, 0.8521021, 0.8881381, 0.8743744, 0.7352352, 0.8711211, 0.9169169, 0.9296797, 0.8736236, 0.9109109, 0.9612112, 0.9309309, 0.8806306, 0.9076577, 0.9514515, 0.9201702, 0.9136637, 0.954955, 0.9416917, 0.8816316, 0.9186687, 0.9134134, 0.9121622, 0.9476977, 0.9054054, 0.9214214, 0.9194194, 0.9594595, 0.6403904, 0.9524525, 0.9141642, 0.5948448, 0.8973974, 0.9481982, 0.8888889, 0.9336837, 0.9291792, 0.9069069, 0.8973974, 0.9614615, 0.8816316, 0.9359359, 0.9324324, 0.9464464, 0.9084084, 0.8876376, 0.9186687, 0.8636136, 0.9474474, 0.8973974, 0.9209209, 0.5988488, 0.8716216, 0.9236737, 0.8996496, 0.958959, 0.9219219, 0.5678178, 0.9114114, 0.9667167, 0.725976, 0.950951]
test2 indiv runs  [0.94, 0.91, 0.94, 0.96, 0.945, 0.94, 0.975, 0.865, 0.91, 0.93, 0.965, 0.945, 0.96, 0.945, 0.96, 0.905, 0.94, 0.97, 0.945, 0.94, 0.955, 0.93, 0.96, 0.97, 0.96, 0.91, 0.95, 0.955, 0.935, 0.97, 0.97, 0.94, 0.92, 0.96, 0.975, 0.94, 0.855, 0.945, 0.94, 0.935, 0.96, 0.925, 0.915, 0.945, 0.93, 0.975, 0.92, 0.945, 0.955, 0.95, 0.965, 0.925, 0.94, 0.95, 0.955, 0.955, 0.945, 0.93, 0.975, 0.955, 0.935, 0.96, 0.95, 0.925, 0.945, 0.925, 0.885, 0.965, 0.95, 0.865, 0.955, 0.98, 0.92, 0.95, 0.955, 0.94, 0.92, 0.925, 0.94, 0.915, 0.955, 0.945, 0.97, 0.925, 0.945, 0.955, 0.935, 0.96, 0.945, 0.89, 0.93, 0.955, 0.895, 0.935, 0.955, 0.865, 0.94, 0.94, 0.88, 0.94]
