Namespace(arch='tanh', batch_size=256, display_epoch=100, input_noise_level=0.15, latent_attractor_space=True, loss_switch_frequency=0, lrate_attractor=0.0, lrate_prediction=0.002, lrate_wt_penalty=0.0, n_attractor_hidden=20, n_attractor_steps=0, n_hidden=10, n_replications=100, noise_level=0.25, report_best_train_performance=True, seq_len=10, task='majority', train_attr_weights_on_prediction=False, training_epochs=2500)
TRAINING ON 100 EXAMPLES, TESTING ON 924
********** replication  0  **********
epoch   0 LossPred 1.3065 LossAtt 1.0000 TrainAcc 0.4300 TestAcc 0.5227 0.4750
epoch 100 LossPred 0.8672 LossAtt 1.0000 TrainAcc 0.7100 TestAcc 0.6786 0.6950
epoch 200 LossPred 0.2476 LossAtt 1.0000 TrainAcc 0.9500 TestAcc 0.8474 0.9350
epoch 300 LossPred 0.1308 LossAtt 1.0000 TrainAcc 0.9700 TestAcc 0.8755 0.9600
epoch 400 LossPred 0.0292 LossAtt 1.0000 TrainAcc 1.0000 TestAcc 0.8972 0.9950
Optimization Finished!
********** replication  1  **********
epoch   0 LossPred 1.0693 LossAtt 1.0000 TrainAcc 0.5000 TestAcc 0.5563 0.4700
epoch 100 LossPred 0.7117 LossAtt 1.0000 TrainAcc 0.7400 TestAcc 0.7175 0.7400
epoch 200 LossPred 0.1957 LossAtt 1.0000 TrainAcc 0.9700 TestAcc 0.9167 0.9400
epoch 300 LossPred 0.0867 LossAtt 1.0000 TrainAcc 0.9900 TestAcc 0.9372 0.9500
epoch 400 LossPred 0.0320 LossAtt 1.0000 TrainAcc 1.0000 TestAcc 0.9253 0.9750
Optimization Finished!
********** replication  2  **********
epoch   0 LossPred 1.0845 LossAtt 1.0000 TrainAcc 0.4200 TestAcc 0.4481 0.4050
epoch 100 LossPred 0.7458 LossAtt 1.0000 TrainAcc 0.8100 TestAcc 0.7002 0.7600
epoch 200 LossPred 0.1876 LossAtt 1.0000 TrainAcc 0.9700 TestAcc 0.9372 0.9300
epoch 300 LossPred 0.0880 LossAtt 1.0000 TrainAcc 0.9800 TestAcc 0.9697 0.9450
epoch 400 LossPred 0.0179 LossAtt 1.0000 TrainAcc 1.0000 TestAcc 0.9643 0.9750
Optimization Finished!
********** replication  3  **********
epoch   0 LossPred 1.0195 LossAtt 1.0000 TrainAcc 0.4200 TestAcc 0.4177 0.4150
epoch 100 LossPred 0.6067 LossAtt 1.0000 TrainAcc 0.8100 TestAcc 0.7500 0.8150
epoch 200 LossPred 0.1788 LossAtt 1.0000 TrainAcc 0.9700 TestAcc 0.9242 0.9450
epoch 300 LossPred 0.0777 LossAtt 1.0000 TrainAcc 1.0000 TestAcc 0.9762 0.9600
Optimization Finished!
********** replication  4  **********
epoch   0 LossPred 1.0751 LossAtt 1.0000 TrainAcc 0.3800 TestAcc 0.3766 0.3800
epoch 100 LossPred 0.8535 LossAtt 1.0000 TrainAcc 0.6200 TestAcc 0.6234 0.6200
epoch 200 LossPred 0.1866 LossAtt 1.0000 TrainAcc 0.9700 TestAcc 0.9156 0.9700
epoch 300 LossPred 0.0712 LossAtt 1.0000 TrainAcc 1.0000 TestAcc 0.9524 0.9800
Optimization Finished!
********** replication  5  **********
epoch   0 LossPred 0.9989 LossAtt 1.0000 TrainAcc 0.5200 TestAcc 0.5065 0.5450
epoch 100 LossPred 0.8426 LossAtt 1.0000 TrainAcc 0.6800 TestAcc 0.7240 0.7000
epoch 200 LossPred 0.1657 LossAtt 1.0000 TrainAcc 0.9900 TestAcc 0.9610 0.9500
epoch 300 LossPred 0.0434 LossAtt 1.0000 TrainAcc 1.0000 TestAcc 0.9794 0.9750
Optimization Finished!
********** replication  6  **********
epoch   0 LossPred 1.1825 LossAtt 1.0000 TrainAcc 0.4000 TestAcc 0.3745 0.4650
epoch 100 LossPred 0.8482 LossAtt 1.0000 TrainAcc 0.6500 TestAcc 0.6201 0.6450
epoch 200 LossPred 0.2142 LossAtt 1.0000 TrainAcc 0.9600 TestAcc 0.9437 0.9450
epoch 300 LossPred 0.0535 LossAtt 1.0000 TrainAcc 1.0000 TestAcc 0.9578 0.9700
Optimization Finished!
********** replication  7  **********
epoch   0 LossPred 0.9950 LossAtt 1.0000 TrainAcc 0.5900 TestAcc 0.5357 0.5900
epoch 100 LossPred 0.7901 LossAtt 1.0000 TrainAcc 0.7300 TestAcc 0.6872 0.7100
epoch 200 LossPred 0.1601 LossAtt 1.0000 TrainAcc 1.0000 TestAcc 0.9459 0.9600
Optimization Finished!
********** replication  8  **********
epoch   0 LossPred 1.1738 LossAtt 1.0000 TrainAcc 0.4400 TestAcc 0.4459 0.4400
epoch 100 LossPred 0.8968 LossAtt 1.0000 TrainAcc 0.6100 TestAcc 0.6245 0.6100
epoch 200 LossPred 0.2429 LossAtt 1.0000 TrainAcc 0.9700 TestAcc 0.9437 0.9400
epoch 300 LossPred 0.0784 LossAtt 1.0000 TrainAcc 0.9900 TestAcc 0.9351 0.9700
epoch 400 LossPred 0.0419 LossAtt 1.0000 TrainAcc 0.9900 TestAcc 0.9361 0.9850
epoch 500 LossPred 0.0233 LossAtt 1.0000 TrainAcc 1.0000 TestAcc 0.9426 0.9850
Optimization Finished!
********** replication  9  **********
epoch   0 LossPred 1.2438 LossAtt 1.0000 TrainAcc 0.3400 TestAcc 0.3810 0.3650
epoch 100 LossPred 0.8364 LossAtt 1.0000 TrainAcc 0.6600 TestAcc 0.6190 0.6600
epoch 200 LossPred 0.4080 LossAtt 1.0000 TrainAcc 0.8900 TestAcc 0.8842 0.8650
epoch 300 LossPred 0.1135 LossAtt 1.0000 TrainAcc 1.0000 TestAcc 0.9329 0.9600
Optimization Finished!
********** replication  10  **********
epoch   0 LossPred 1.0624 LossAtt 1.0000 TrainAcc 0.5000 TestAcc 0.4589 0.5050
epoch 100 LossPred 0.6672 LossAtt 1.0000 TrainAcc 0.7500 TestAcc 0.7944 0.7700
epoch 200 LossPred 0.1378 LossAtt 1.0000 TrainAcc 0.9700 TestAcc 0.9632 0.9500
epoch 300 LossPred 0.0457 LossAtt 1.0000 TrainAcc 1.0000 TestAcc 0.9946 0.9600
Optimization Finished!
********** replication  11  **********
epoch   0 LossPred 1.0122 LossAtt 1.0000 TrainAcc 0.6000 TestAcc 0.6255 0.6000
epoch 100 LossPred 0.7981 LossAtt 1.0000 TrainAcc 0.7100 TestAcc 0.6894 0.7050
epoch 200 LossPred 0.1489 LossAtt 1.0000 TrainAcc 0.9900 TestAcc 0.9643 0.9400
epoch 300 LossPred 0.0430 LossAtt 1.0000 TrainAcc 1.0000 TestAcc 0.9762 0.9550
Optimization Finished!
********** replication  12  **********
epoch   0 LossPred 1.0004 LossAtt 1.0000 TrainAcc 0.5800 TestAcc 0.5087 0.5600
epoch 100 LossPred 0.6299 LossAtt 1.0000 TrainAcc 0.7600 TestAcc 0.7229 0.7700
epoch 200 LossPred 0.1321 LossAtt 1.0000 TrainAcc 0.9800 TestAcc 0.9459 0.9650
epoch 300 LossPred 0.0427 LossAtt 1.0000 TrainAcc 1.0000 TestAcc 0.9784 0.9950
Optimization Finished!
********** replication  13  **********
epoch   0 LossPred 1.1364 LossAtt 1.0000 TrainAcc 0.4000 TestAcc 0.4502 0.4250
epoch 100 LossPred 0.5012 LossAtt 1.0000 TrainAcc 0.8800 TestAcc 0.8312 0.8800
epoch 200 LossPred 0.1035 LossAtt 1.0000 TrainAcc 0.9900 TestAcc 0.9405 0.9450
epoch 300 LossPred 0.0408 LossAtt 1.0000 TrainAcc 1.0000 TestAcc 0.9394 0.9450
Optimization Finished!
********** replication  14  **********
epoch   0 LossPred 1.0129 LossAtt 1.0000 TrainAcc 0.5300 TestAcc 0.5097 0.5100
epoch 100 LossPred 0.6789 LossAtt 1.0000 TrainAcc 0.7500 TestAcc 0.6851 0.7400
epoch 200 LossPred 0.1287 LossAtt 1.0000 TrainAcc 0.9900 TestAcc 0.9448 0.9400
epoch 300 LossPred 0.0488 LossAtt 1.0000 TrainAcc 1.0000 TestAcc 0.9448 0.9500
Optimization Finished!
********** replication  15  **********
epoch   0 LossPred 1.0742 LossAtt 1.0000 TrainAcc 0.5700 TestAcc 0.5487 0.5100
epoch 100 LossPred 0.8506 LossAtt 1.0000 TrainAcc 0.6900 TestAcc 0.7197 0.6700
epoch 200 LossPred 0.1449 LossAtt 1.0000 TrainAcc 0.9700 TestAcc 0.9361 0.9700
epoch 300 LossPred 0.0618 LossAtt 1.0000 TrainAcc 1.0000 TestAcc 0.9307 0.9650
Optimization Finished!
********** replication  16  **********
epoch   0 LossPred 1.4053 LossAtt 1.0000 TrainAcc 0.3900 TestAcc 0.3766 0.3950
epoch 100 LossPred 0.8875 LossAtt 1.0000 TrainAcc 0.6100 TestAcc 0.6245 0.6300
epoch 200 LossPred 0.7951 LossAtt 1.0000 TrainAcc 0.7300 TestAcc 0.7089 0.7350
epoch 300 LossPred 0.2331 LossAtt 1.0000 TrainAcc 0.9400 TestAcc 0.9459 0.9450
epoch 400 LossPred 0.1208 LossAtt 1.0000 TrainAcc 0.9800 TestAcc 0.9610 0.9650
epoch 500 LossPred 0.0811 LossAtt 1.0000 TrainAcc 0.9800 TestAcc 0.9600 0.9650
epoch 600 LossPred 0.0322 LossAtt 1.0000 TrainAcc 1.0000 TestAcc 0.9600 0.9700
Optimization Finished!
********** replication  17  **********
epoch   0 LossPred 1.0458 LossAtt 1.0000 TrainAcc 0.4500 TestAcc 0.5119 0.4350
epoch 100 LossPred 0.6174 LossAtt 1.0000 TrainAcc 0.8500 TestAcc 0.8084 0.8550
epoch 200 LossPred 0.1732 LossAtt 1.0000 TrainAcc 0.9700 TestAcc 0.9426 0.9400
epoch 300 LossPred 0.0594 LossAtt 1.0000 TrainAcc 1.0000 TestAcc 0.9697 0.9650
Optimization Finished!
********** replication  18  **********
epoch   0 LossPred 1.0997 LossAtt 1.0000 TrainAcc 0.4400 TestAcc 0.4459 0.4400
epoch 100 LossPred 0.8137 LossAtt 1.0000 TrainAcc 0.7000 TestAcc 0.6558 0.6750
epoch 200 LossPred 0.1546 LossAtt 1.0000 TrainAcc 0.9500 TestAcc 0.9372 0.9300
epoch 300 LossPred 0.0442 LossAtt 1.0000 TrainAcc 1.0000 TestAcc 0.9610 0.9400
Optimization Finished!
********** replication  19  **********
epoch   0 LossPred 1.1046 LossAtt 1.0000 TrainAcc 0.4400 TestAcc 0.4459 0.4100
epoch 100 LossPred 0.6696 LossAtt 1.0000 TrainAcc 0.8000 TestAcc 0.7522 0.8000
epoch 200 LossPred 0.1922 LossAtt 1.0000 TrainAcc 0.9700 TestAcc 0.9372 0.9550
epoch 300 LossPred 0.0994 LossAtt 1.0000 TrainAcc 0.9900 TestAcc 0.9654 0.9700
epoch 400 LossPred 0.0436 LossAtt 1.0000 TrainAcc 1.0000 TestAcc 0.9913 0.9650
Optimization Finished!
********** replication  20  **********
epoch   0 LossPred 1.0837 LossAtt 1.0000 TrainAcc 0.4700 TestAcc 0.5639 0.4650
epoch 100 LossPred 0.8137 LossAtt 1.0000 TrainAcc 0.6700 TestAcc 0.6180 0.6700
epoch 200 LossPred 0.2629 LossAtt 1.0000 TrainAcc 0.9400 TestAcc 0.9167 0.9150
epoch 300 LossPred 0.1286 LossAtt 1.0000 TrainAcc 0.9900 TestAcc 0.9600 0.9500
epoch 400 LossPred 0.0696 LossAtt 1.0000 TrainAcc 1.0000 TestAcc 0.9610 0.9500
Optimization Finished!
********** replication  21  **********
epoch   0 LossPred 1.0780 LossAtt 1.0000 TrainAcc 0.4000 TestAcc 0.4675 0.4550
epoch 100 LossPred 0.6967 LossAtt 1.0000 TrainAcc 0.8000 TestAcc 0.7035 0.7600
epoch 200 LossPred 0.1415 LossAtt 1.0000 TrainAcc 0.9700 TestAcc 0.9459 0.9550
epoch 300 LossPred 0.0399 LossAtt 1.0000 TrainAcc 1.0000 TestAcc 0.9827 0.9800
Optimization Finished!
********** replication  22  **********
epoch   0 LossPred 0.9869 LossAtt 1.0000 TrainAcc 0.6000 TestAcc 0.5325 0.5750
epoch 100 LossPred 0.5973 LossAtt 1.0000 TrainAcc 0.8100 TestAcc 0.7619 0.8000
epoch 200 LossPred 0.0588 LossAtt 1.0000 TrainAcc 1.0000 TestAcc 0.9600 0.9750
Optimization Finished!
********** replication  23  **********
epoch   0 LossPred 1.0905 LossAtt 1.0000 TrainAcc 0.5200 TestAcc 0.5152 0.5000
epoch 100 LossPred 0.6950 LossAtt 1.0000 TrainAcc 0.7400 TestAcc 0.6104 0.7400
epoch 200 LossPred 0.2356 LossAtt 1.0000 TrainAcc 0.9600 TestAcc 0.9134 0.9300
epoch 300 LossPred 0.0927 LossAtt 1.0000 TrainAcc 1.0000 TestAcc 0.9729 0.9750
Optimization Finished!
********** replication  24  **********
epoch   0 LossPred 1.0348 LossAtt 1.0000 TrainAcc 0.5200 TestAcc 0.5152 0.5200
epoch 100 LossPred 0.7419 LossAtt 1.0000 TrainAcc 0.7400 TestAcc 0.7143 0.7300
epoch 200 LossPred 0.1416 LossAtt 1.0000 TrainAcc 0.9800 TestAcc 0.9297 0.9450
epoch 300 LossPred 0.0698 LossAtt 1.0000 TrainAcc 0.9900 TestAcc 0.9188 0.9650
epoch 400 LossPred 0.0245 LossAtt 1.0000 TrainAcc 1.0000 TestAcc 0.9351 0.9600
Optimization Finished!
********** replication  25  **********
epoch   0 LossPred 1.0339 LossAtt 1.0000 TrainAcc 0.4200 TestAcc 0.4481 0.4450
epoch 100 LossPred 0.7353 LossAtt 1.0000 TrainAcc 0.7500 TestAcc 0.7229 0.7400
epoch 200 LossPred 0.1122 LossAtt 1.0000 TrainAcc 1.0000 TestAcc 0.9502 0.9600
Optimization Finished!
********** replication  26  **********
epoch   0 LossPred 0.9662 LossAtt 1.0000 TrainAcc 0.5800 TestAcc 0.5779 0.5750
epoch 100 LossPred 0.8168 LossAtt 1.0000 TrainAcc 0.7200 TestAcc 0.7100 0.7050
epoch 200 LossPred 0.1191 LossAtt 1.0000 TrainAcc 0.9900 TestAcc 0.9589 0.9500
epoch 300 LossPred 0.0334 LossAtt 1.0000 TrainAcc 1.0000 TestAcc 0.9870 0.9700
Optimization Finished!
********** replication  27  **********
epoch   0 LossPred 1.0797 LossAtt 1.0000 TrainAcc 0.4500 TestAcc 0.4448 0.4700
epoch 100 LossPred 0.8948 LossAtt 1.0000 TrainAcc 0.6100 TestAcc 0.6245 0.6100
epoch 200 LossPred 0.1751 LossAtt 1.0000 TrainAcc 0.9800 TestAcc 0.9383 0.9400
epoch 300 LossPred 0.0689 LossAtt 1.0000 TrainAcc 0.9900 TestAcc 0.9459 0.9750
epoch 400 LossPred 0.0386 LossAtt 1.0000 TrainAcc 1.0000 TestAcc 0.9426 0.9700
Optimization Finished!
********** replication  28  **********
epoch   0 LossPred 1.1607 LossAtt 1.0000 TrainAcc 0.4100 TestAcc 0.3907 0.4650
epoch 100 LossPred 0.7965 LossAtt 1.0000 TrainAcc 0.6500 TestAcc 0.6959 0.6650
epoch 200 LossPred 0.1588 LossAtt 1.0000 TrainAcc 0.9900 TestAcc 0.9578 0.9800
epoch 300 LossPred 0.0667 LossAtt 1.0000 TrainAcc 1.0000 TestAcc 0.9675 0.9750
Optimization Finished!
********** replication  29  **********
epoch   0 LossPred 1.0472 LossAtt 1.0000 TrainAcc 0.4700 TestAcc 0.4426 0.4700
epoch 100 LossPred 0.7670 LossAtt 1.0000 TrainAcc 0.7100 TestAcc 0.7002 0.7150
epoch 200 LossPred 0.1062 LossAtt 1.0000 TrainAcc 1.0000 TestAcc 0.9524 0.9500
Optimization Finished!
********** replication  30  **********
epoch   0 LossPred 1.0788 LossAtt 1.0000 TrainAcc 0.3900 TestAcc 0.3755 0.4650
epoch 100 LossPred 0.7791 LossAtt 1.0000 TrainAcc 0.6600 TestAcc 0.6190 0.6600
epoch 200 LossPred 0.1443 LossAtt 1.0000 TrainAcc 0.9800 TestAcc 0.9156 0.9600
epoch 300 LossPred 0.0618 LossAtt 1.0000 TrainAcc 1.0000 TestAcc 0.9470 0.9800
Optimization Finished!
********** replication  31  **********
epoch   0 LossPred 1.1493 LossAtt 1.0000 TrainAcc 0.4000 TestAcc 0.3918 0.4650
epoch 100 LossPred 0.8442 LossAtt 1.0000 TrainAcc 0.7000 TestAcc 0.6905 0.7000
epoch 200 LossPred 0.2979 LossAtt 1.0000 TrainAcc 0.9100 TestAcc 0.8994 0.9200
epoch 300 LossPred 0.0622 LossAtt 1.0000 TrainAcc 1.0000 TestAcc 0.9751 0.9600
Optimization Finished!
********** replication  32  **********
epoch   0 LossPred 1.0045 LossAtt 1.0000 TrainAcc 0.5100 TestAcc 0.4708 0.5100
epoch 100 LossPred 0.7843 LossAtt 1.0000 TrainAcc 0.7000 TestAcc 0.6147 0.7000
epoch 200 LossPred 0.1752 LossAtt 1.0000 TrainAcc 0.9900 TestAcc 0.9643 0.9600
epoch 300 LossPred 0.0333 LossAtt 1.0000 TrainAcc 1.0000 TestAcc 0.9978 0.9650
Optimization Finished!
********** replication  33  **********
epoch   0 LossPred 1.0360 LossAtt 1.0000 TrainAcc 0.4500 TestAcc 0.5097 0.4550
epoch 100 LossPred 0.7750 LossAtt 1.0000 TrainAcc 0.6900 TestAcc 0.6158 0.6900
epoch 200 LossPred 0.1281 LossAtt 1.0000 TrainAcc 0.9800 TestAcc 0.9275 0.9650
epoch 300 LossPred 0.0555 LossAtt 1.0000 TrainAcc 1.0000 TestAcc 0.9383 0.9900
Optimization Finished!
********** replication  34  **********
epoch   0 LossPred 1.1128 LossAtt 1.0000 TrainAcc 0.4300 TestAcc 0.4913 0.4700
epoch 100 LossPred 0.7878 LossAtt 1.0000 TrainAcc 0.6900 TestAcc 0.6374 0.7000
epoch 200 LossPred 0.3214 LossAtt 1.0000 TrainAcc 0.9000 TestAcc 0.8853 0.9250
epoch 300 LossPred 0.1117 LossAtt 1.0000 TrainAcc 0.9900 TestAcc 0.9405 0.9350
epoch 400 LossPred 0.0333 LossAtt 1.0000 TrainAcc 1.0000 TestAcc 0.9794 0.9600
Optimization Finished!
********** replication  35  **********
epoch   0 LossPred 1.0744 LossAtt 1.0000 TrainAcc 0.5000 TestAcc 0.4784 0.5150
epoch 100 LossPred 0.6869 LossAtt 1.0000 TrainAcc 0.7700 TestAcc 0.6537 0.7550
epoch 200 LossPred 0.1783 LossAtt 1.0000 TrainAcc 0.9700 TestAcc 0.9459 0.9500
epoch 300 LossPred 0.0462 LossAtt 1.0000 TrainAcc 1.0000 TestAcc 0.9751 0.9650
Optimization Finished!
********** replication  36  **********
epoch   0 LossPred 1.0740 LossAtt 1.0000 TrainAcc 0.4500 TestAcc 0.4448 0.5100
epoch 100 LossPred 0.7113 LossAtt 1.0000 TrainAcc 0.7500 TestAcc 0.6851 0.7500
epoch 200 LossPred 0.3550 LossAtt 1.0000 TrainAcc 0.8800 TestAcc 0.8420 0.8550
epoch 300 LossPred 0.0847 LossAtt 1.0000 TrainAcc 0.9900 TestAcc 0.9545 0.9450
epoch 400 LossPred 0.0479 LossAtt 1.0000 TrainAcc 0.9900 TestAcc 0.9632 0.9400
epoch 500 LossPred 0.0301 LossAtt 1.0000 TrainAcc 1.0000 TestAcc 0.9708 0.9400
Optimization Finished!
********** replication  37  **********
epoch   0 LossPred 1.0494 LossAtt 1.0000 TrainAcc 0.4300 TestAcc 0.4859 0.4300
epoch 100 LossPred 0.6195 LossAtt 1.0000 TrainAcc 0.8200 TestAcc 0.6959 0.8000
epoch 200 LossPred 0.1342 LossAtt 1.0000 TrainAcc 0.9700 TestAcc 0.9113 0.9550
epoch 300 LossPred 0.0505 LossAtt 1.0000 TrainAcc 1.0000 TestAcc 0.9167 0.9700
Optimization Finished!
********** replication  38  **********
epoch   0 LossPred 1.0617 LossAtt 1.0000 TrainAcc 0.4700 TestAcc 0.4859 0.4650
epoch 100 LossPred 0.7433 LossAtt 1.0000 TrainAcc 0.7900 TestAcc 0.7186 0.7400
epoch 200 LossPred 0.1936 LossAtt 1.0000 TrainAcc 0.9800 TestAcc 0.9167 0.9250
epoch 300 LossPred 0.0717 LossAtt 1.0000 TrainAcc 0.9900 TestAcc 0.9394 0.9700
epoch 400 LossPred 0.0421 LossAtt 1.0000 TrainAcc 0.9900 TestAcc 0.9600 0.9700
epoch 500 LossPred 0.0212 LossAtt 1.0000 TrainAcc 1.0000 TestAcc 0.9665 0.9750
Optimization Finished!
********** replication  39  **********
epoch   0 LossPred 0.9782 LossAtt 1.0000 TrainAcc 0.6300 TestAcc 0.5898 0.6350
epoch 100 LossPred 0.7593 LossAtt 1.0000 TrainAcc 0.7200 TestAcc 0.6807 0.7300
epoch 200 LossPred 0.1642 LossAtt 1.0000 TrainAcc 0.9800 TestAcc 0.9253 0.9600
epoch 300 LossPred 0.0781 LossAtt 1.0000 TrainAcc 0.9900 TestAcc 0.9556 0.9650
epoch 400 LossPred 0.0361 LossAtt 1.0000 TrainAcc 1.0000 TestAcc 0.9784 0.9750
Optimization Finished!
********** replication  40  **********
epoch   0 LossPred 1.0238 LossAtt 1.0000 TrainAcc 0.5800 TestAcc 0.5519 0.5700
epoch 100 LossPred 0.7631 LossAtt 1.0000 TrainAcc 0.7100 TestAcc 0.6136 0.7100
epoch 200 LossPred 0.3070 LossAtt 1.0000 TrainAcc 0.9400 TestAcc 0.9102 0.9450
epoch 300 LossPred 0.0839 LossAtt 1.0000 TrainAcc 1.0000 TestAcc 0.9426 0.9600
Optimization Finished!
********** replication  41  **********
epoch   0 LossPred 1.0053 LossAtt 1.0000 TrainAcc 0.5500 TestAcc 0.4794 0.5400
epoch 100 LossPred 0.7088 LossAtt 1.0000 TrainAcc 0.7400 TestAcc 0.7035 0.7100
epoch 200 LossPred 0.1177 LossAtt 1.0000 TrainAcc 0.9800 TestAcc 0.9426 0.9600
epoch 300 LossPred 0.0282 LossAtt 1.0000 TrainAcc 1.0000 TestAcc 0.9372 0.9750
Optimization Finished!
********** replication  42  **********
epoch   0 LossPred 0.9794 LossAtt 1.0000 TrainAcc 0.5600 TestAcc 0.5087 0.6000
epoch 100 LossPred 0.7482 LossAtt 1.0000 TrainAcc 0.7200 TestAcc 0.6883 0.7200
epoch 200 LossPred 0.1944 LossAtt 1.0000 TrainAcc 0.9600 TestAcc 0.8918 0.9750
epoch 300 LossPred 0.0781 LossAtt 1.0000 TrainAcc 0.9900 TestAcc 0.8864 0.9850
epoch 400 LossPred 0.0386 LossAtt 1.0000 TrainAcc 1.0000 TestAcc 0.9145 0.9750
Optimization Finished!
********** replication  43  **********
epoch   0 LossPred 1.1869 LossAtt 1.0000 TrainAcc 0.3000 TestAcc 0.3853 0.3000
epoch 100 LossPred 0.7504 LossAtt 1.0000 TrainAcc 0.6500 TestAcc 0.5985 0.6750
epoch 200 LossPred 0.6731 LossAtt 1.0000 TrainAcc 0.7600 TestAcc 0.7056 0.7450
epoch 300 LossPred 0.1278 LossAtt 1.0000 TrainAcc 0.9900 TestAcc 0.9286 0.9200
epoch 400 LossPred 0.0779 LossAtt 1.0000 TrainAcc 1.0000 TestAcc 0.9372 0.9100
Optimization Finished!
********** replication  44  **********
epoch   0 LossPred 1.2986 LossAtt 1.0000 TrainAcc 0.3100 TestAcc 0.3842 0.3100
epoch 100 LossPred 0.7734 LossAtt 1.0000 TrainAcc 0.7400 TestAcc 0.6861 0.7350
epoch 200 LossPred 0.3871 LossAtt 1.0000 TrainAcc 0.8800 TestAcc 0.8474 0.8850
epoch 300 LossPred 0.1669 LossAtt 1.0000 TrainAcc 0.9700 TestAcc 0.9307 0.9350
epoch 400 LossPred 0.0546 LossAtt 1.0000 TrainAcc 1.0000 TestAcc 0.9383 0.9600
Optimization Finished!
********** replication  45  **********
epoch   0 LossPred 1.0661 LossAtt 1.0000 TrainAcc 0.4500 TestAcc 0.4989 0.4450
epoch 100 LossPred 0.7038 LossAtt 1.0000 TrainAcc 0.7500 TestAcc 0.7024 0.7350
epoch 200 LossPred 0.1203 LossAtt 1.0000 TrainAcc 1.0000 TestAcc 0.9318 0.9700
Optimization Finished!
********** replication  46  **********
epoch   0 LossPred 1.1023 LossAtt 1.0000 TrainAcc 0.4900 TestAcc 0.5076 0.5050
epoch 100 LossPred 0.7576 LossAtt 1.0000 TrainAcc 0.6700 TestAcc 0.6180 0.6700
epoch 200 LossPred 0.5837 LossAtt 1.0000 TrainAcc 0.7900 TestAcc 0.7489 0.7850
epoch 300 LossPred 0.1275 LossAtt 1.0000 TrainAcc 1.0000 TestAcc 0.8972 0.9500
Optimization Finished!
********** replication  47  **********
epoch   0 LossPred 1.2285 LossAtt 1.0000 TrainAcc 0.4100 TestAcc 0.4361 0.4500
epoch 100 LossPred 0.7986 LossAtt 1.0000 TrainAcc 0.7400 TestAcc 0.6861 0.7400
epoch 200 LossPred 0.3896 LossAtt 1.0000 TrainAcc 0.9000 TestAcc 0.8496 0.8800
epoch 300 LossPred 0.0742 LossAtt 1.0000 TrainAcc 1.0000 TestAcc 0.9459 0.9850
Optimization Finished!
********** replication  48  **********
epoch   0 LossPred 1.0455 LossAtt 1.0000 TrainAcc 0.5900 TestAcc 0.5682 0.5850
epoch 100 LossPred 0.6024 LossAtt 1.0000 TrainAcc 0.8500 TestAcc 0.7673 0.8150
epoch 200 LossPred 0.1734 LossAtt 1.0000 TrainAcc 0.9700 TestAcc 0.9535 0.9250
epoch 300 LossPred 0.0833 LossAtt 1.0000 TrainAcc 1.0000 TestAcc 0.9881 0.9200
Optimization Finished!
********** replication  49  **********
epoch   0 LossPred 1.0273 LossAtt 1.0000 TrainAcc 0.4300 TestAcc 0.4600 0.4400
epoch 100 LossPred 0.6776 LossAtt 1.0000 TrainAcc 0.7500 TestAcc 0.6580 0.7600
epoch 200 LossPred 0.1455 LossAtt 1.0000 TrainAcc 0.9800 TestAcc 0.9145 0.9550
epoch 300 LossPred 0.0489 LossAtt 1.0000 TrainAcc 1.0000 TestAcc 0.8918 0.9600
Optimization Finished!
********** replication  50  **********
epoch   0 LossPred 1.1657 LossAtt 1.0000 TrainAcc 0.5100 TestAcc 0.5054 0.5100
epoch 100 LossPred 0.7636 LossAtt 1.0000 TrainAcc 0.7500 TestAcc 0.6991 0.7450
epoch 200 LossPred 0.1975 LossAtt 1.0000 TrainAcc 0.9900 TestAcc 0.9188 0.9600
epoch 300 LossPred 0.0908 LossAtt 1.0000 TrainAcc 1.0000 TestAcc 0.9199 0.9500
Optimization Finished!
********** replication  51  **********
epoch   0 LossPred 1.1080 LossAtt 1.0000 TrainAcc 0.5900 TestAcc 0.5509 0.5350
epoch 100 LossPred 0.8258 LossAtt 1.0000 TrainAcc 0.6600 TestAcc 0.6190 0.6600
epoch 200 LossPred 0.7344 LossAtt 1.0000 TrainAcc 0.7600 TestAcc 0.7392 0.7600
epoch 300 LossPred 0.2520 LossAtt 1.0000 TrainAcc 0.9600 TestAcc 0.9026 0.9450
epoch 400 LossPred 0.1136 LossAtt 1.0000 TrainAcc 0.9800 TestAcc 0.9307 0.9600
epoch 500 LossPred 0.0427 LossAtt 1.0000 TrainAcc 1.0000 TestAcc 0.9275 0.9700
Optimization Finished!
********** replication  52  **********
epoch   0 LossPred 0.9736 LossAtt 1.0000 TrainAcc 0.6300 TestAcc 0.6223 0.6200
epoch 100 LossPred 0.5456 LossAtt 1.0000 TrainAcc 0.8200 TestAcc 0.8950 0.8000
epoch 200 LossPred 0.1128 LossAtt 1.0000 TrainAcc 1.0000 TestAcc 0.9794 0.9000
Optimization Finished!
********** replication  53  **********
epoch   0 LossPred 1.0538 LossAtt 1.0000 TrainAcc 0.5700 TestAcc 0.4751 0.5750
epoch 100 LossPred 0.8589 LossAtt 1.0000 TrainAcc 0.6400 TestAcc 0.6212 0.6400
epoch 200 LossPred 0.1227 LossAtt 1.0000 TrainAcc 1.0000 TestAcc 0.9058 0.9750
Optimization Finished!
********** replication  54  **********
epoch   0 LossPred 1.0910 LossAtt 1.0000 TrainAcc 0.5500 TestAcc 0.6310 0.4700
epoch 100 LossPred 0.8102 LossAtt 1.0000 TrainAcc 0.6800 TestAcc 0.6169 0.6800
epoch 200 LossPred 0.2364 LossAtt 1.0000 TrainAcc 0.9700 TestAcc 0.9145 0.9400
epoch 300 LossPred 0.0835 LossAtt 1.0000 TrainAcc 1.0000 TestAcc 0.9437 0.9350
Optimization Finished!
********** replication  55  **********
epoch   0 LossPred 1.0755 LossAtt 1.0000 TrainAcc 0.4600 TestAcc 0.3680 0.4700
epoch 100 LossPred 0.6872 LossAtt 1.0000 TrainAcc 0.7500 TestAcc 0.6677 0.7550
epoch 200 LossPred 0.5531 LossAtt 1.0000 TrainAcc 0.8100 TestAcc 0.7284 0.8050
epoch 300 LossPred 0.1161 LossAtt 1.0000 TrainAcc 0.9900 TestAcc 0.9123 0.9550
epoch 400 LossPred 0.0228 LossAtt 1.0000 TrainAcc 1.0000 TestAcc 0.9610 0.9750
Optimization Finished!
********** replication  56  **********
epoch   0 LossPred 1.0653 LossAtt 1.0000 TrainAcc 0.4500 TestAcc 0.4621 0.4650
epoch 100 LossPred 0.8623 LossAtt 1.0000 TrainAcc 0.6800 TestAcc 0.6905 0.6450
epoch 200 LossPred 0.1441 LossAtt 1.0000 TrainAcc 0.9800 TestAcc 0.9145 0.9350
epoch 300 LossPred 0.0422 LossAtt 1.0000 TrainAcc 1.0000 TestAcc 0.9459 0.9600
Optimization Finished!
********** replication  57  **********
epoch   0 LossPred 1.2989 LossAtt 1.0000 TrainAcc 0.4000 TestAcc 0.4221 0.4250
epoch 100 LossPred 0.7992 LossAtt 1.0000 TrainAcc 0.6900 TestAcc 0.6916 0.6900
epoch 200 LossPred 0.3277 LossAtt 1.0000 TrainAcc 0.9300 TestAcc 0.9210 0.8950
epoch 300 LossPred 0.1215 LossAtt 1.0000 TrainAcc 0.9900 TestAcc 0.9729 0.9600
epoch 400 LossPred 0.0484 LossAtt 1.0000 TrainAcc 1.0000 TestAcc 0.9794 0.9650
Optimization Finished!
********** replication  58  **********
epoch   0 LossPred 1.0411 LossAtt 1.0000 TrainAcc 0.5000 TestAcc 0.5043 0.4800
epoch 100 LossPred 0.7339 LossAtt 1.0000 TrainAcc 0.7400 TestAcc 0.7154 0.7500
epoch 200 LossPred 0.1651 LossAtt 1.0000 TrainAcc 0.9700 TestAcc 0.9481 0.9250
epoch 300 LossPred 0.0604 LossAtt 1.0000 TrainAcc 0.9900 TestAcc 0.9686 0.9550
epoch 400 LossPred 0.0305 LossAtt 1.0000 TrainAcc 1.0000 TestAcc 0.9665 0.9500
Optimization Finished!
********** replication  59  **********
epoch   0 LossPred 1.1246 LossAtt 1.0000 TrainAcc 0.4600 TestAcc 0.5260 0.5300
epoch 100 LossPred 0.5923 LossAtt 1.0000 TrainAcc 0.8000 TestAcc 0.7576 0.8050
epoch 200 LossPred 0.1786 LossAtt 1.0000 TrainAcc 0.9800 TestAcc 0.9177 0.9350
epoch 300 LossPred 0.0981 LossAtt 1.0000 TrainAcc 0.9800 TestAcc 0.9372 0.9450
epoch 400 LossPred 0.0473 LossAtt 1.0000 TrainAcc 1.0000 TestAcc 0.9729 0.9350
Optimization Finished!
********** replication  60  **********
epoch   0 LossPred 0.9832 LossAtt 1.0000 TrainAcc 0.5100 TestAcc 0.4838 0.5250
epoch 100 LossPred 0.7035 LossAtt 1.0000 TrainAcc 0.7400 TestAcc 0.7208 0.7300
epoch 200 LossPred 0.0775 LossAtt 1.0000 TrainAcc 0.9900 TestAcc 0.9340 0.9000
epoch 300 LossPred 0.0244 LossAtt 1.0000 TrainAcc 1.0000 TestAcc 0.9448 0.9300
Optimization Finished!
********** replication  61  **********
epoch   0 LossPred 0.9969 LossAtt 1.0000 TrainAcc 0.5400 TestAcc 0.5390 0.5300
epoch 100 LossPred 0.3649 LossAtt 1.0000 TrainAcc 0.8800 TestAcc 0.8929 0.8850
epoch 200 LossPred 0.1216 LossAtt 1.0000 TrainAcc 0.9800 TestAcc 0.9448 0.9850
epoch 300 LossPred 0.0599 LossAtt 1.0000 TrainAcc 1.0000 TestAcc 0.9589 0.9750
Optimization Finished!
********** replication  62  **********
epoch   0 LossPred 1.0530 LossAtt 1.0000 TrainAcc 0.6000 TestAcc 0.6190 0.5900
epoch 100 LossPred 0.8049 LossAtt 1.0000 TrainAcc 0.7300 TestAcc 0.7175 0.7350
epoch 200 LossPred 0.3481 LossAtt 1.0000 TrainAcc 0.9500 TestAcc 0.9145 0.9050
epoch 300 LossPred 0.1636 LossAtt 1.0000 TrainAcc 0.9800 TestAcc 0.8896 0.9200
epoch 400 LossPred 0.0959 LossAtt 1.0000 TrainAcc 0.9800 TestAcc 0.8853 0.9100
epoch 500 LossPred 0.0415 LossAtt 1.0000 TrainAcc 1.0000 TestAcc 0.9145 0.9550
Optimization Finished!
********** replication  63  **********
epoch   0 LossPred 1.0431 LossAtt 1.0000 TrainAcc 0.4300 TestAcc 0.4805 0.4450
epoch 100 LossPred 0.7879 LossAtt 1.0000 TrainAcc 0.6600 TestAcc 0.6190 0.6600
epoch 200 LossPred 0.2997 LossAtt 1.0000 TrainAcc 0.9300 TestAcc 0.8961 0.9050
epoch 300 LossPred 0.0957 LossAtt 1.0000 TrainAcc 1.0000 TestAcc 0.9394 0.9300
Optimization Finished!
********** replication  64  **********
epoch   0 LossPred 1.0128 LossAtt 1.0000 TrainAcc 0.5600 TestAcc 0.5974 0.5200
epoch 100 LossPred 0.6650 LossAtt 1.0000 TrainAcc 0.7600 TestAcc 0.6840 0.7800
epoch 200 LossPred 0.1849 LossAtt 1.0000 TrainAcc 0.9900 TestAcc 0.9264 0.9550
epoch 300 LossPred 0.0687 LossAtt 1.0000 TrainAcc 1.0000 TestAcc 0.9437 0.9700
Optimization Finished!
********** replication  65  **********
epoch   0 LossPred 0.9889 LossAtt 1.0000 TrainAcc 0.5900 TestAcc 0.6266 0.5850
epoch 100 LossPred 0.2570 LossAtt 1.0000 TrainAcc 0.9500 TestAcc 0.9729 0.9450
epoch 200 LossPred 0.0541 LossAtt 1.0000 TrainAcc 1.0000 TestAcc 0.9686 0.9650
Optimization Finished!
********** replication  66  **********
epoch   0 LossPred 1.0389 LossAtt 1.0000 TrainAcc 0.5700 TestAcc 0.5249 0.5550
epoch 100 LossPred 0.8978 LossAtt 1.0000 TrainAcc 0.6500 TestAcc 0.6212 0.6050
epoch 200 LossPred 0.1849 LossAtt 1.0000 TrainAcc 0.9800 TestAcc 0.8788 0.9250
epoch 300 LossPred 0.0518 LossAtt 1.0000 TrainAcc 0.9900 TestAcc 0.9221 0.9550
epoch 400 LossPred 0.0231 LossAtt 1.0000 TrainAcc 1.0000 TestAcc 0.9329 0.9600
Optimization Finished!
********** replication  67  **********
epoch   0 LossPred 1.1355 LossAtt 1.0000 TrainAcc 0.4700 TestAcc 0.4989 0.4450
epoch 100 LossPred 0.8152 LossAtt 1.0000 TrainAcc 0.6900 TestAcc 0.6158 0.6900
epoch 200 LossPred 0.1990 LossAtt 1.0000 TrainAcc 0.9900 TestAcc 0.9513 0.9700
epoch 300 LossPred 0.0646 LossAtt 1.0000 TrainAcc 1.0000 TestAcc 0.9665 0.9700
Optimization Finished!
********** replication  68  **********
epoch   0 LossPred 0.9971 LossAtt 1.0000 TrainAcc 0.5000 TestAcc 0.4848 0.4950
epoch 100 LossPred 0.6229 LossAtt 1.0000 TrainAcc 0.8100 TestAcc 0.7716 0.7950
epoch 200 LossPred 0.1560 LossAtt 1.0000 TrainAcc 0.9700 TestAcc 0.9199 0.9300
epoch 300 LossPred 0.0630 LossAtt 1.0000 TrainAcc 1.0000 TestAcc 0.9340 0.9500
Optimization Finished!
********** replication  69  **********
epoch   0 LossPred 0.9719 LossAtt 1.0000 TrainAcc 0.6100 TestAcc 0.5574 0.5800
epoch 100 LossPred 0.7073 LossAtt 1.0000 TrainAcc 0.7700 TestAcc 0.7576 0.7550
epoch 200 LossPred 0.1262 LossAtt 1.0000 TrainAcc 0.9900 TestAcc 0.9578 0.9350
epoch 300 LossPred 0.0398 LossAtt 1.0000 TrainAcc 1.0000 TestAcc 0.9805 0.9300
Optimization Finished!
********** replication  70  **********
epoch   0 LossPred 1.1159 LossAtt 1.0000 TrainAcc 0.4000 TestAcc 0.4242 0.4100
epoch 100 LossPred 0.7658 LossAtt 1.0000 TrainAcc 0.7300 TestAcc 0.6872 0.7300
epoch 200 LossPred 0.1655 LossAtt 1.0000 TrainAcc 0.9700 TestAcc 0.9253 0.9100
epoch 300 LossPred 0.0779 LossAtt 1.0000 TrainAcc 0.9900 TestAcc 0.9459 0.9350
epoch 400 LossPred 0.0359 LossAtt 1.0000 TrainAcc 1.0000 TestAcc 0.9697 0.9300
Optimization Finished!
********** replication  71  **********
epoch   0 LossPred 1.0511 LossAtt 1.0000 TrainAcc 0.4800 TestAcc 0.4416 0.4950
epoch 100 LossPred 0.8724 LossAtt 1.0000 TrainAcc 0.6600 TestAcc 0.6948 0.6600
epoch 200 LossPred 0.6482 LossAtt 1.0000 TrainAcc 0.7800 TestAcc 0.8106 0.7600
epoch 300 LossPred 0.1451 LossAtt 1.0000 TrainAcc 0.9500 TestAcc 0.9221 0.9600
epoch 400 LossPred 0.0300 LossAtt 1.0000 TrainAcc 1.0000 TestAcc 0.9600 0.9650
Optimization Finished!
********** replication  72  **********
epoch   0 LossPred 1.1912 LossAtt 1.0000 TrainAcc 0.3600 TestAcc 0.3788 0.4050
epoch 100 LossPred 0.8476 LossAtt 1.0000 TrainAcc 0.6700 TestAcc 0.6158 0.6700
epoch 200 LossPred 0.1561 LossAtt 1.0000 TrainAcc 0.9700 TestAcc 0.9113 0.9450
epoch 300 LossPred 0.0632 LossAtt 1.0000 TrainAcc 1.0000 TestAcc 0.9502 0.9650
Optimization Finished!
********** replication  73  **********
epoch   0 LossPred 0.9635 LossAtt 1.0000 TrainAcc 0.6600 TestAcc 0.6190 0.6450
epoch 100 LossPred 0.7728 LossAtt 1.0000 TrainAcc 0.7100 TestAcc 0.6894 0.7150
epoch 200 LossPred 0.1012 LossAtt 1.0000 TrainAcc 1.0000 TestAcc 0.9675 0.9500
Optimization Finished!
********** replication  74  **********
epoch   0 LossPred 1.1817 LossAtt 1.0000 TrainAcc 0.5100 TestAcc 0.5920 0.4750
epoch 100 LossPred 0.6468 LossAtt 1.0000 TrainAcc 0.8700 TestAcc 0.8658 0.8100
epoch 200 LossPred 0.1674 LossAtt 1.0000 TrainAcc 0.9600 TestAcc 0.9026 0.9250
epoch 300 LossPred 0.0640 LossAtt 1.0000 TrainAcc 1.0000 TestAcc 0.9437 0.9500
Optimization Finished!
********** replication  75  **********
epoch   0 LossPred 1.0871 LossAtt 1.0000 TrainAcc 0.3800 TestAcc 0.3766 0.4000
epoch 100 LossPred 0.7195 LossAtt 1.0000 TrainAcc 0.7600 TestAcc 0.7056 0.7450
epoch 200 LossPred 0.2692 LossAtt 1.0000 TrainAcc 0.9500 TestAcc 0.9113 0.9200
epoch 300 LossPred 0.1020 LossAtt 1.0000 TrainAcc 0.9800 TestAcc 0.9416 0.9450
epoch 400 LossPred 0.0456 LossAtt 1.0000 TrainAcc 1.0000 TestAcc 0.9535 0.9550
Optimization Finished!
********** replication  76  **********
epoch   0 LossPred 1.2216 LossAtt 1.0000 TrainAcc 0.4700 TestAcc 0.4751 0.4900
epoch 100 LossPred 0.7618 LossAtt 1.0000 TrainAcc 0.6700 TestAcc 0.6180 0.6700
epoch 200 LossPred 0.2835 LossAtt 1.0000 TrainAcc 0.9800 TestAcc 0.9069 0.9600
epoch 300 LossPred 0.0954 LossAtt 1.0000 TrainAcc 1.0000 TestAcc 0.9621 0.9800
Optimization Finished!
********** replication  77  **********
epoch   0 LossPred 1.1705 LossAtt 1.0000 TrainAcc 0.2800 TestAcc 0.3874 0.2800
epoch 100 LossPred 0.7206 LossAtt 1.0000 TrainAcc 0.7200 TestAcc 0.6126 0.7200
epoch 200 LossPred 0.4182 LossAtt 1.0000 TrainAcc 0.9200 TestAcc 0.8485 0.9000
epoch 300 LossPred 0.1507 LossAtt 1.0000 TrainAcc 0.9700 TestAcc 0.9221 0.9550
epoch 400 LossPred 0.0401 LossAtt 1.0000 TrainAcc 1.0000 TestAcc 0.9416 0.9650
Optimization Finished!
********** replication  78  **********
epoch   0 LossPred 1.0791 LossAtt 1.0000 TrainAcc 0.4800 TestAcc 0.4654 0.5050
epoch 100 LossPred 0.7346 LossAtt 1.0000 TrainAcc 0.7400 TestAcc 0.7511 0.7200
epoch 200 LossPred 0.1172 LossAtt 1.0000 TrainAcc 1.0000 TestAcc 0.9459 0.9500
Optimization Finished!
********** replication  79  **********
epoch   0 LossPred 1.1827 LossAtt 1.0000 TrainAcc 0.5000 TestAcc 0.4394 0.4600
epoch 100 LossPred 0.7696 LossAtt 1.0000 TrainAcc 0.7500 TestAcc 0.7002 0.7650
epoch 200 LossPred 0.2232 LossAtt 1.0000 TrainAcc 0.9900 TestAcc 0.9578 0.9400
epoch 300 LossPred 0.0804 LossAtt 1.0000 TrainAcc 1.0000 TestAcc 0.9654 0.9500
Optimization Finished!
********** replication  80  **********
epoch   0 LossPred 1.1375 LossAtt 1.0000 TrainAcc 0.4700 TestAcc 0.4426 0.5050
epoch 100 LossPred 0.8545 LossAtt 1.0000 TrainAcc 0.6300 TestAcc 0.6223 0.6400
epoch 200 LossPred 0.3182 LossAtt 1.0000 TrainAcc 0.9200 TestAcc 0.8950 0.8950
epoch 300 LossPred 0.1108 LossAtt 1.0000 TrainAcc 0.9800 TestAcc 0.9697 0.9350
epoch 400 LossPred 0.0684 LossAtt 1.0000 TrainAcc 0.9900 TestAcc 0.9632 0.9200
epoch 500 LossPred 0.0533 LossAtt 1.0000 TrainAcc 0.9900 TestAcc 0.9665 0.9150
epoch 600 LossPred 0.0475 LossAtt 1.0000 TrainAcc 0.9900 TestAcc 0.9665 0.9150
epoch 700 LossPred 0.0443 LossAtt 1.0000 TrainAcc 0.9900 TestAcc 0.9665 0.9200
epoch 800 LossPred 0.0422 LossAtt 1.0000 TrainAcc 0.9900 TestAcc 0.9665 0.9200
epoch 900 LossPred 0.0407 LossAtt 1.0000 TrainAcc 0.9900 TestAcc 0.9675 0.9200
epoch 1000 LossPred 0.0392 LossAtt 1.0000 TrainAcc 0.9900 TestAcc 0.9708 0.9250
epoch 1100 LossPred 0.0120 LossAtt 1.0000 TrainAcc 1.0000 TestAcc 0.9784 0.9400
Optimization Finished!
********** replication  81  **********
epoch   0 LossPred 1.0721 LossAtt 1.0000 TrainAcc 0.4000 TestAcc 0.3745 0.4100
epoch 100 LossPred 0.7300 LossAtt 1.0000 TrainAcc 0.7500 TestAcc 0.6764 0.7550
epoch 200 LossPred 0.1468 LossAtt 1.0000 TrainAcc 0.9900 TestAcc 0.9610 0.9550
epoch 300 LossPred 0.0575 LossAtt 1.0000 TrainAcc 1.0000 TestAcc 0.9665 0.9600
Optimization Finished!
********** replication  82  **********
epoch   0 LossPred 1.0515 LossAtt 1.0000 TrainAcc 0.4600 TestAcc 0.5379 0.4850
epoch 100 LossPred 0.3585 LossAtt 1.0000 TrainAcc 0.9200 TestAcc 0.8885 0.9300
epoch 200 LossPred 0.1117 LossAtt 1.0000 TrainAcc 1.0000 TestAcc 0.9567 0.9900
Optimization Finished!
********** replication  83  **********
epoch   0 LossPred 1.0659 LossAtt 1.0000 TrainAcc 0.4000 TestAcc 0.4545 0.4000
epoch 100 LossPred 0.4573 LossAtt 1.0000 TrainAcc 0.8900 TestAcc 0.8745 0.8650
epoch 200 LossPred 0.1432 LossAtt 1.0000 TrainAcc 0.9800 TestAcc 0.9199 0.9550
epoch 300 LossPred 0.0671 LossAtt 1.0000 TrainAcc 0.9900 TestAcc 0.9524 0.9750
epoch 400 LossPred 0.0334 LossAtt 1.0000 TrainAcc 1.0000 TestAcc 0.9437 0.9650
Optimization Finished!
********** replication  84  **********
epoch   0 LossPred 1.0769 LossAtt 1.0000 TrainAcc 0.4800 TestAcc 0.5087 0.5400
epoch 100 LossPred 0.7405 LossAtt 1.0000 TrainAcc 0.7300 TestAcc 0.6667 0.7100
epoch 200 LossPred 0.1552 LossAtt 1.0000 TrainAcc 0.9700 TestAcc 0.9134 0.9350
epoch 300 LossPred 0.0893 LossAtt 1.0000 TrainAcc 0.9800 TestAcc 0.9091 0.9300
epoch 400 LossPred 0.0440 LossAtt 1.0000 TrainAcc 1.0000 TestAcc 0.9221 0.9550
Optimization Finished!
********** replication  85  **********
epoch   0 LossPred 1.0146 LossAtt 1.0000 TrainAcc 0.5500 TestAcc 0.5249 0.5500
epoch 100 LossPred 0.6993 LossAtt 1.0000 TrainAcc 0.7700 TestAcc 0.6829 0.7750
epoch 200 LossPred 0.1226 LossAtt 1.0000 TrainAcc 0.9800 TestAcc 0.9502 0.9600
epoch 300 LossPred 0.0380 LossAtt 1.0000 TrainAcc 1.0000 TestAcc 0.9600 0.9850
Optimization Finished!
********** replication  86  **********
epoch   0 LossPred 0.9968 LossAtt 1.0000 TrainAcc 0.5800 TestAcc 0.5455 0.5500
epoch 100 LossPred 0.4227 LossAtt 1.0000 TrainAcc 0.8900 TestAcc 0.8019 0.8750
epoch 200 LossPred 0.1038 LossAtt 1.0000 TrainAcc 0.9900 TestAcc 0.9383 0.9600
epoch 300 LossPred 0.0272 LossAtt 1.0000 TrainAcc 1.0000 TestAcc 0.9654 0.9700
Optimization Finished!
********** replication  87  **********
epoch   0 LossPred 1.0030 LossAtt 1.0000 TrainAcc 0.6000 TestAcc 0.5498 0.6100
epoch 100 LossPred 0.7334 LossAtt 1.0000 TrainAcc 0.7900 TestAcc 0.7056 0.7750
epoch 200 LossPred 0.1546 LossAtt 1.0000 TrainAcc 0.9600 TestAcc 0.9134 0.9450
epoch 300 LossPred 0.0446 LossAtt 1.0000 TrainAcc 1.0000 TestAcc 0.9600 0.9650
Optimization Finished!
********** replication  88  **********
epoch   0 LossPred 1.0351 LossAtt 1.0000 TrainAcc 0.4800 TestAcc 0.4177 0.4950
epoch 100 LossPred 0.7441 LossAtt 1.0000 TrainAcc 0.7400 TestAcc 0.7554 0.7300
epoch 200 LossPred 0.0975 LossAtt 1.0000 TrainAcc 1.0000 TestAcc 0.9784 0.9650
Optimization Finished!
********** replication  89  **********
epoch   0 LossPred 1.0445 LossAtt 1.0000 TrainAcc 0.4100 TestAcc 0.3734 0.4100
epoch 100 LossPred 0.8362 LossAtt 1.0000 TrainAcc 0.6800 TestAcc 0.6169 0.6800
epoch 200 LossPred 0.7977 LossAtt 1.0000 TrainAcc 0.6800 TestAcc 0.6169 0.6800
epoch 300 LossPred 0.3440 LossAtt 1.0000 TrainAcc 0.9200 TestAcc 0.8983 0.9100
epoch 400 LossPred 0.1343 LossAtt 1.0000 TrainAcc 0.9900 TestAcc 0.9481 0.9450
epoch 500 LossPred 0.0492 LossAtt 1.0000 TrainAcc 1.0000 TestAcc 0.9665 0.9550
Optimization Finished!
********** replication  90  **********
epoch   0 LossPred 1.0397 LossAtt 1.0000 TrainAcc 0.4700 TestAcc 0.4989 0.4600
epoch 100 LossPred 0.8002 LossAtt 1.0000 TrainAcc 0.6700 TestAcc 0.6180 0.6700
epoch 200 LossPred 0.4182 LossAtt 1.0000 TrainAcc 0.8700 TestAcc 0.8193 0.8450
epoch 300 LossPred 0.0556 LossAtt 1.0000 TrainAcc 1.0000 TestAcc 0.9578 0.9650
Optimization Finished!
********** replication  91  **********
epoch   0 LossPred 1.1448 LossAtt 1.0000 TrainAcc 0.3400 TestAcc 0.3961 0.4250
epoch 100 LossPred 0.8320 LossAtt 1.0000 TrainAcc 0.6700 TestAcc 0.6180 0.6700
epoch 200 LossPred 0.7393 LossAtt 1.0000 TrainAcc 0.7500 TestAcc 0.7067 0.7600
epoch 300 LossPred 0.1214 LossAtt 1.0000 TrainAcc 0.9900 TestAcc 0.9708 0.9600
epoch 400 LossPred 0.0367 LossAtt 1.0000 TrainAcc 1.0000 TestAcc 0.9697 0.9650
Optimization Finished!
********** replication  92  **********
epoch   0 LossPred 1.3635 LossAtt 1.0000 TrainAcc 0.3800 TestAcc 0.4697 0.4150
epoch 100 LossPred 0.8679 LossAtt 1.0000 TrainAcc 0.6700 TestAcc 0.6180 0.6700
epoch 200 LossPred 0.6514 LossAtt 1.0000 TrainAcc 0.7900 TestAcc 0.7132 0.8000
epoch 300 LossPred 0.1255 LossAtt 1.0000 TrainAcc 0.9900 TestAcc 0.9459 0.9800
epoch 400 LossPred 0.0626 LossAtt 1.0000 TrainAcc 0.9900 TestAcc 0.9513 0.9800
epoch 500 LossPred 0.0411 LossAtt 1.0000 TrainAcc 0.9900 TestAcc 0.9535 0.9800
epoch 600 LossPred 0.0316 LossAtt 1.0000 TrainAcc 1.0000 TestAcc 0.9556 0.9800
Optimization Finished!
********** replication  93  **********
epoch   0 LossPred 0.9770 LossAtt 1.0000 TrainAcc 0.6000 TestAcc 0.5379 0.5900
epoch 100 LossPred 0.8418 LossAtt 1.0000 TrainAcc 0.6800 TestAcc 0.6169 0.6800
epoch 200 LossPred 0.3623 LossAtt 1.0000 TrainAcc 0.9100 TestAcc 0.8268 0.9050
epoch 300 LossPred 0.0927 LossAtt 1.0000 TrainAcc 0.9900 TestAcc 0.9589 0.9600
epoch 400 LossPred 0.0507 LossAtt 1.0000 TrainAcc 0.9900 TestAcc 0.9567 0.9600
epoch 500 LossPred 0.0261 LossAtt 1.0000 TrainAcc 1.0000 TestAcc 0.9556 0.9550
Optimization Finished!
********** replication  94  **********
epoch   0 LossPred 1.1101 LossAtt 1.0000 TrainAcc 0.5200 TestAcc 0.4805 0.4800
epoch 100 LossPred 0.7229 LossAtt 1.0000 TrainAcc 0.7400 TestAcc 0.6104 0.7400
epoch 200 LossPred 0.5400 LossAtt 1.0000 TrainAcc 0.7700 TestAcc 0.6645 0.7550
epoch 300 LossPred 0.1152 LossAtt 1.0000 TrainAcc 1.0000 TestAcc 0.9361 0.9900
Optimization Finished!
********** replication  95  **********
epoch   0 LossPred 1.1837 LossAtt 1.0000 TrainAcc 0.3500 TestAcc 0.3799 0.3650
epoch 100 LossPred 0.8053 LossAtt 1.0000 TrainAcc 0.6500 TestAcc 0.6201 0.6500
epoch 200 LossPred 0.1830 LossAtt 1.0000 TrainAcc 0.9600 TestAcc 0.9167 0.9150
epoch 300 LossPred 0.0608 LossAtt 1.0000 TrainAcc 1.0000 TestAcc 0.9621 0.9550
Optimization Finished!
********** replication  96  **********
epoch   0 LossPred 1.1029 LossAtt 1.0000 TrainAcc 0.4200 TestAcc 0.4416 0.4400
epoch 100 LossPred 0.8386 LossAtt 1.0000 TrainAcc 0.7300 TestAcc 0.6959 0.6750
epoch 200 LossPred 0.2065 LossAtt 1.0000 TrainAcc 0.9700 TestAcc 0.9416 0.9250
epoch 300 LossPred 0.0787 LossAtt 1.0000 TrainAcc 0.9900 TestAcc 0.9632 0.9300
epoch 400 LossPred 0.0439 LossAtt 1.0000 TrainAcc 0.9900 TestAcc 0.9513 0.9250
epoch 500 LossPred 0.0174 LossAtt 1.0000 TrainAcc 1.0000 TestAcc 0.9156 0.9150
Optimization Finished!
********** replication  97  **********
epoch   0 LossPred 1.0607 LossAtt 1.0000 TrainAcc 0.3800 TestAcc 0.4524 0.3800
epoch 100 LossPred 0.6703 LossAtt 1.0000 TrainAcc 0.8100 TestAcc 0.6786 0.8150
epoch 200 LossPred 0.2768 LossAtt 1.0000 TrainAcc 0.9400 TestAcc 0.9004 0.9000
epoch 300 LossPred 0.1257 LossAtt 1.0000 TrainAcc 0.9800 TestAcc 0.9405 0.9450
epoch 400 LossPred 0.0727 LossAtt 1.0000 TrainAcc 0.9900 TestAcc 0.9665 0.9550
epoch 500 LossPred 0.0339 LossAtt 1.0000 TrainAcc 1.0000 TestAcc 0.9610 0.9550
Optimization Finished!
********** replication  98  **********
epoch   0 LossPred 0.9841 LossAtt 1.0000 TrainAcc 0.6400 TestAcc 0.6212 0.6400
epoch 100 LossPred 0.7786 LossAtt 1.0000 TrainAcc 0.6800 TestAcc 0.6169 0.6800
epoch 200 LossPred 0.1783 LossAtt 1.0000 TrainAcc 0.9700 TestAcc 0.9058 0.9600
epoch 300 LossPred 0.0860 LossAtt 1.0000 TrainAcc 0.9900 TestAcc 0.9307 0.9650
epoch 400 LossPred 0.0261 LossAtt 1.0000 TrainAcc 1.0000 TestAcc 0.9881 0.9750
Optimization Finished!
********** replication  99  **********
epoch   0 LossPred 1.0303 LossAtt 1.0000 TrainAcc 0.5100 TestAcc 0.5141 0.5150
epoch 100 LossPred 0.6771 LossAtt 1.0000 TrainAcc 0.7700 TestAcc 0.7045 0.7700
epoch 200 LossPred 0.1295 LossAtt 1.0000 TrainAcc 0.9700 TestAcc 0.9361 0.9400
epoch 300 LossPred 0.0503 LossAtt 1.0000 TrainAcc 1.0000 TestAcc 0.9416 0.9500
Optimization Finished!
********************************************************************
Namespace(arch='tanh', batch_size=256, display_epoch=100, input_noise_level=0.15, latent_attractor_space=True, loss_switch_frequency=0, lrate_attractor=0.0, lrate_prediction=0.002, lrate_wt_penalty=0.0, n_attractor_hidden=20, n_attractor_steps=0, n_hidden=10, n_replications=100, noise_level=0.25, report_best_train_performance=True, seq_len=10, task='majority', train_attr_weights_on_prediction=False, training_epochs=2500)
********************************************************************
mean train accuracy 1.0
indiv runs  [1.0, 1.0, 1.0, 1.0, 1.0, 1.0, 1.0, 1.0, 1.0, 1.0, 1.0, 1.0, 1.0, 1.0, 1.0, 1.0, 1.0, 1.0, 1.0, 1.0, 1.0, 1.0, 1.0, 1.0, 1.0, 1.0, 1.0, 1.0, 1.0, 1.0, 1.0, 1.0, 1.0, 1.0, 1.0, 1.0, 1.0, 1.0, 1.0, 1.0, 1.0, 1.0, 1.0, 1.0, 1.0, 1.0, 1.0, 1.0, 1.0, 1.0, 1.0, 1.0, 1.0, 1.0, 1.0, 1.0, 1.0, 1.0, 1.0, 1.0, 1.0, 1.0, 1.0, 1.0, 1.0, 1.0, 1.0, 1.0, 1.0, 1.0, 1.0, 1.0, 1.0, 1.0, 1.0, 1.0, 1.0, 1.0, 1.0, 1.0, 1.0, 1.0, 1.0, 1.0, 1.0, 1.0, 1.0, 1.0, 1.0, 1.0, 1.0, 1.0, 1.0, 1.0, 1.0, 1.0, 1.0, 1.0, 1.0, 1.0]
mean epoch 346.0
indiv epochs  [401, 401, 401, 301, 301, 301, 301, 201, 501, 301, 301, 301, 301, 301, 301, 301, 601, 301, 301, 401, 401, 301, 201, 301, 401, 201, 301, 401, 301, 201, 301, 301, 301, 301, 401, 301, 501, 301, 501, 401, 301, 301, 401, 401, 401, 201, 301, 301, 301, 301, 301, 501, 201, 201, 301, 401, 301, 401, 401, 401, 301, 301, 501, 301, 301, 201, 401, 301, 301, 301, 401, 401, 301, 201, 301, 401, 301, 401, 201, 301, 1101, 301, 201, 401, 401, 301, 301, 301, 201, 501, 301, 401, 601, 501, 301, 301, 501, 501, 401, 301]
test1 accuracy mean  0.9538745  median  0.9577922
test2 accuracy mean  0.96119994  median  0.965
test1 indiv runs  [0.89718616, 0.9253247, 0.96428573, 0.97619045, 0.95238096, 0.97943723, 0.9577922, 0.94588745, 0.9426407, 0.9329004, 0.99458873, 0.97619045, 0.978355, 0.93939394, 0.9448052, 0.93073595, 0.9599567, 0.969697, 0.96103895, 0.991342, 0.96103895, 0.98268396, 0.9599567, 0.9729437, 0.9350649, 0.9502165, 0.987013, 0.9426407, 0.96753246, 0.95238096, 0.9469697, 0.9751082, 0.9978355, 0.9383117, 0.97943723, 0.9751082, 0.97077924, 0.9166667, 0.9664502, 0.978355, 0.9426407, 0.93722945, 0.91450214, 0.93722945, 0.9383117, 0.9318182, 0.89718616, 0.94588745, 0.9880952, 0.8917749, 0.9199134, 0.92748916, 0.97943723, 0.90584415, 0.94372296, 0.96103895, 0.94588745, 0.97943723, 0.9664502, 0.9729437, 0.9448052, 0.95887446, 0.91450214, 0.93939394, 0.94372296, 0.9686147, 0.9329004, 0.9664502, 0.9339827, 0.9805195, 0.969697, 0.9599567, 0.9502165, 0.96753246, 0.94372296, 0.9534632, 0.9621212, 0.9415584, 0.94588745, 0.965368, 0.978355, 0.9664502, 0.95671, 0.94372296, 0.9220779, 0.9599567, 0.965368, 0.9599567, 0.978355, 0.9664502, 0.9577922, 0.969697, 0.9556277, 0.9556277, 0.9361472, 0.9621212, 0.91558444, 0.96103895, 0.9880952, 0.9415584]
test2 indiv runs  [0.995, 0.975, 0.975, 0.96, 0.98, 0.975, 0.97, 0.96, 0.985, 0.96, 0.96, 0.955, 0.995, 0.945, 0.95, 0.965, 0.97, 0.965, 0.94, 0.965, 0.95, 0.98, 0.975, 0.975, 0.96, 0.96, 0.97, 0.97, 0.975, 0.95, 0.98, 0.96, 0.965, 0.99, 0.96, 0.965, 0.94, 0.97, 0.975, 0.975, 0.96, 0.975, 0.975, 0.91, 0.96, 0.97, 0.95, 0.985, 0.92, 0.96, 0.95, 0.97, 0.9, 0.975, 0.935, 0.975, 0.96, 0.965, 0.95, 0.935, 0.93, 0.975, 0.955, 0.93, 0.97, 0.965, 0.96, 0.97, 0.95, 0.93, 0.93, 0.965, 0.965, 0.95, 0.95, 0.955, 0.98, 0.965, 0.95, 0.95, 0.94, 0.96, 0.99, 0.965, 0.955, 0.985, 0.97, 0.965, 0.965, 0.955, 0.965, 0.965, 0.98, 0.955, 0.99, 0.955, 0.915, 0.955, 0.975, 0.95]
