Namespace(arch='tanh', batch_size=256, display_epoch=100, input_noise_level=0.15, latent_attractor_space=True, loss_switch_frequency=0, lrate_attractor=0.002, lrate_prediction=0.002, lrate_wt_penalty=0.0, n_attractor_hidden=20, n_attractor_steps=5, n_hidden=10, n_replications=100, noise_level=0.25, report_best_train_performance=True, seq_len=15, task='majority', train_attr_weights_on_prediction=True, training_epochs=2500)
TRAINING ON 100 EXAMPLES, TESTING ON 3996
********** replication  0  **********
epoch   0 LossPred 1.0935 LossAtt 1.0233 TrainAcc 0.5800 TestAcc 0.5465 0.5750
epoch 100 LossPred 0.9191 LossAtt 0.7060 TrainAcc 0.6100 TestAcc 0.5415 0.6200
epoch 200 LossPred 0.7513 LossAtt 0.9433 TrainAcc 0.7300 TestAcc 0.6144 0.7250
epoch 300 LossPred 0.1832 LossAtt 0.6545 TrainAcc 0.9700 TestAcc 0.8849 0.9000
epoch 400 LossPred 0.0934 LossAtt 0.5885 TrainAcc 0.9800 TestAcc 0.8941 0.9150
epoch 500 LossPred 0.0619 LossAtt 0.5325 TrainAcc 0.9900 TestAcc 0.8954 0.9150
epoch 600 LossPred 0.0459 LossAtt 0.5060 TrainAcc 1.0000 TestAcc 0.8919 0.9250
Optimization Finished!
********** replication  1  **********
epoch   0 LossPred 1.1579 LossAtt 1.0391 TrainAcc 0.4100 TestAcc 0.4852 0.4350
epoch 100 LossPred 0.6300 LossAtt 0.8268 TrainAcc 0.8200 TestAcc 0.8006 0.8100
epoch 200 LossPred 0.2877 LossAtt 0.6012 TrainAcc 0.9300 TestAcc 0.9234 0.8850
epoch 300 LossPred 0.1299 LossAtt 0.6001 TrainAcc 1.0000 TestAcc 0.9690 0.9450
Optimization Finished!
********** replication  2  **********
epoch   0 LossPred 1.0680 LossAtt 1.0154 TrainAcc 0.4600 TestAcc 0.4177 0.4450
epoch 100 LossPred 0.8702 LossAtt 0.4823 TrainAcc 0.6800 TestAcc 0.6314 0.6550
epoch 200 LossPred 0.2009 LossAtt 0.5134 TrainAcc 0.9400 TestAcc 0.9022 0.9000
epoch 300 LossPred 0.1145 LossAtt 0.5147 TrainAcc 0.9800 TestAcc 0.9404 0.9350
epoch 400 LossPred 0.0414 LossAtt 0.4889 TrainAcc 1.0000 TestAcc 0.9665 0.9400
Optimization Finished!
********** replication  3  **********
epoch   0 LossPred 1.0068 LossAtt 1.0520 TrainAcc 0.4900 TestAcc 0.4702 0.4750
epoch 100 LossPred 0.4960 LossAtt 0.9296 TrainAcc 0.8500 TestAcc 0.8346 0.8000
epoch 200 LossPred 0.2538 LossAtt 0.6807 TrainAcc 0.9500 TestAcc 0.9142 0.8700
epoch 300 LossPred 0.0762 LossAtt 0.5365 TrainAcc 1.0000 TestAcc 0.9792 0.9050
Optimization Finished!
********** replication  4  **********
epoch   0 LossPred 0.9993 LossAtt 1.0267 TrainAcc 0.5100 TestAcc 0.4987 0.5150
epoch 100 LossPred 0.7992 LossAtt 0.7623 TrainAcc 0.6800 TestAcc 0.6061 0.6850
epoch 200 LossPred 0.2661 LossAtt 0.5792 TrainAcc 0.9100 TestAcc 0.8779 0.9150
epoch 300 LossPred 0.1739 LossAtt 0.4977 TrainAcc 0.9800 TestAcc 0.8879 0.9050
epoch 400 LossPred 0.1400 LossAtt 0.5883 TrainAcc 0.9700 TestAcc 0.8906 0.9200
epoch 500 LossPred 0.1237 LossAtt 0.3769 TrainAcc 0.9700 TestAcc 0.8859 0.9250
epoch 600 LossPred 0.0997 LossAtt 0.3602 TrainAcc 0.9600 TestAcc 0.8979 0.9350
epoch 700 LossPred 0.0790 LossAtt 0.3891 TrainAcc 0.9900 TestAcc 0.9059 0.9600
epoch 800 LossPred 0.0729 LossAtt 0.3676 TrainAcc 0.9700 TestAcc 0.8949 0.9500
epoch 900 LossPred 0.0659 LossAtt 0.3705 TrainAcc 0.9900 TestAcc 0.8916 0.9450
epoch 1000 LossPred 0.0885 LossAtt 0.4080 TrainAcc 0.9800 TestAcc 0.8984 0.9350
epoch 1100 LossPred 0.0564 LossAtt 0.3548 TrainAcc 0.9800 TestAcc 0.8941 0.9250
epoch 1200 LossPred 0.0493 LossAtt 0.3576 TrainAcc 0.9900 TestAcc 0.8944 0.9550
epoch 1300 LossPred 0.0607 LossAtt 0.4205 TrainAcc 0.9800 TestAcc 0.9094 0.9300
epoch 1400 LossPred 0.0481 LossAtt 0.3831 TrainAcc 1.0000 TestAcc 0.9002 0.9100
Optimization Finished!
********** replication  5  **********
epoch   0 LossPred 1.1090 LossAtt 1.0149 TrainAcc 0.4100 TestAcc 0.4252 0.4000
epoch 100 LossPred 0.8298 LossAtt 0.9097 TrainAcc 0.6900 TestAcc 0.6146 0.6700
epoch 200 LossPred 0.2210 LossAtt 0.7185 TrainAcc 0.9700 TestAcc 0.8994 0.9150
epoch 300 LossPred 0.1375 LossAtt 0.6030 TrainAcc 0.9800 TestAcc 0.9189 0.9250
epoch 400 LossPred 0.1689 LossAtt 0.5647 TrainAcc 0.9600 TestAcc 0.9212 0.9200
epoch 500 LossPred 0.0942 LossAtt 0.5372 TrainAcc 0.9900 TestAcc 0.9259 0.9400
epoch 600 LossPred 0.0786 LossAtt 0.4807 TrainAcc 0.9900 TestAcc 0.9129 0.9250
epoch 700 LossPred 0.0963 LossAtt 0.5151 TrainAcc 0.9700 TestAcc 0.9039 0.9200
epoch 800 LossPred 0.0676 LossAtt 0.4779 TrainAcc 0.9900 TestAcc 0.9149 0.9300
epoch 900 LossPred 0.0947 LossAtt 0.5004 TrainAcc 0.9800 TestAcc 0.9204 0.9050
epoch 1000 LossPred 0.0363 LossAtt 0.4562 TrainAcc 1.0000 TestAcc 0.9112 0.9550
Optimization Finished!
********** replication  6  **********
epoch   0 LossPred 1.2254 LossAtt 1.0175 TrainAcc 0.5200 TestAcc 0.5043 0.4750
epoch 100 LossPred 0.8523 LossAtt 0.6211 TrainAcc 0.6500 TestAcc 0.6379 0.6500
epoch 200 LossPred 0.4368 LossAtt 0.4691 TrainAcc 0.8400 TestAcc 0.8453 0.8500
epoch 300 LossPred 0.2559 LossAtt 0.4498 TrainAcc 0.9400 TestAcc 0.8804 0.9000
epoch 400 LossPred 0.0890 LossAtt 0.5223 TrainAcc 1.0000 TestAcc 0.9279 0.9550
Optimization Finished!
********** replication  7  **********
epoch   0 LossPred 0.9300 LossAtt 1.0297 TrainAcc 0.6200 TestAcc 0.5495 0.6200
epoch 100 LossPred 0.4050 LossAtt 1.1986 TrainAcc 0.8900 TestAcc 0.8443 0.8750
epoch 200 LossPred 0.1264 LossAtt 0.6360 TrainAcc 0.9700 TestAcc 0.9117 0.8950
epoch 300 LossPred 0.0586 LossAtt 0.5527 TrainAcc 1.0000 TestAcc 0.9112 0.9050
Optimization Finished!
********** replication  8  **********
epoch   0 LossPred 1.2761 LossAtt 1.0443 TrainAcc 0.3700 TestAcc 0.4309 0.3700
epoch 100 LossPred 0.8503 LossAtt 0.7761 TrainAcc 0.6800 TestAcc 0.6389 0.6650
epoch 200 LossPred 0.2958 LossAtt 0.6589 TrainAcc 0.9500 TestAcc 0.9224 0.9000
epoch 300 LossPred 0.1365 LossAtt 0.6243 TrainAcc 1.0000 TestAcc 0.9667 0.9400
Optimization Finished!
********** replication  9  **********
epoch   0 LossPred 1.0953 LossAtt 1.0374 TrainAcc 0.4300 TestAcc 0.5043 0.4600
epoch 100 LossPred 0.8312 LossAtt 0.7636 TrainAcc 0.6900 TestAcc 0.5778 0.6900
epoch 200 LossPred 0.1757 LossAtt 0.7760 TrainAcc 0.9800 TestAcc 0.8584 0.9600
epoch 300 LossPred 0.1267 LossAtt 0.6078 TrainAcc 0.9800 TestAcc 0.8661 0.9650
epoch 400 LossPred 0.0875 LossAtt 0.5830 TrainAcc 0.9900 TestAcc 0.8659 0.9500
epoch 500 LossPred 0.0713 LossAtt 0.5367 TrainAcc 0.9900 TestAcc 0.8649 0.9650
epoch 600 LossPred 0.0695 LossAtt 0.5112 TrainAcc 0.9900 TestAcc 0.8786 0.9600
epoch 700 LossPred 0.0568 LossAtt 0.4527 TrainAcc 0.9900 TestAcc 0.8764 0.9750
epoch 800 LossPred 0.0559 LossAtt 0.4673 TrainAcc 0.9900 TestAcc 0.8684 0.9750
epoch 900 LossPred 0.0157 LossAtt 0.4473 TrainAcc 1.0000 TestAcc 0.8839 0.9850
Optimization Finished!
********** replication  10  **********
epoch   0 LossPred 1.0319 LossAtt 1.0249 TrainAcc 0.5600 TestAcc 0.5440 0.5700
epoch 100 LossPred 0.2578 LossAtt 1.0448 TrainAcc 0.9600 TestAcc 0.9042 0.9200
epoch 200 LossPred 0.0681 LossAtt 0.7031 TrainAcc 1.0000 TestAcc 0.9124 0.9500
Optimization Finished!
********** replication  11  **********
epoch   0 LossPred 1.2207 LossAtt 1.0104 TrainAcc 0.4500 TestAcc 0.5120 0.4500
epoch 100 LossPred 0.8122 LossAtt 0.5434 TrainAcc 0.6800 TestAcc 0.5961 0.6750
epoch 200 LossPred 0.3662 LossAtt 0.9935 TrainAcc 0.9100 TestAcc 0.8426 0.9300
epoch 300 LossPred 0.1416 LossAtt 0.6398 TrainAcc 0.9800 TestAcc 0.8984 0.9450
epoch 400 LossPred 0.0737 LossAtt 0.5459 TrainAcc 1.0000 TestAcc 0.9324 0.9500
Optimization Finished!
********** replication  12  **********
epoch   0 LossPred 1.0546 LossAtt 1.0356 TrainAcc 0.4000 TestAcc 0.4447 0.4000
epoch 100 LossPred 0.3818 LossAtt 1.0253 TrainAcc 0.8900 TestAcc 0.8876 0.8700
epoch 200 LossPred 0.1531 LossAtt 0.6255 TrainAcc 0.9600 TestAcc 0.9237 0.9100
epoch 300 LossPred 0.0632 LossAtt 0.5374 TrainAcc 0.9900 TestAcc 0.9655 0.9250
epoch 400 LossPred 0.0589 LossAtt 0.4718 TrainAcc 0.9900 TestAcc 0.9597 0.9200
epoch 500 LossPred 0.0385 LossAtt 0.4585 TrainAcc 0.9900 TestAcc 0.9515 0.9350
epoch 600 LossPred 0.0275 LossAtt 0.4653 TrainAcc 0.9900 TestAcc 0.9454 0.9400
epoch 700 LossPred 0.0184 LossAtt 0.4675 TrainAcc 1.0000 TestAcc 0.9562 0.9400
Optimization Finished!
********** replication  13  **********
epoch   0 LossPred 1.1603 LossAtt 1.0354 TrainAcc 0.4100 TestAcc 0.4269 0.4200
epoch 100 LossPred 0.5401 LossAtt 0.7923 TrainAcc 0.9200 TestAcc 0.9182 0.8500
epoch 200 LossPred 0.2997 LossAtt 0.5093 TrainAcc 0.9500 TestAcc 0.9262 0.8950
epoch 300 LossPred 0.1828 LossAtt 0.4887 TrainAcc 0.9700 TestAcc 0.9157 0.9200
epoch 400 LossPred 0.1213 LossAtt 0.4503 TrainAcc 0.9800 TestAcc 0.9227 0.9300
epoch 500 LossPred 0.1009 LossAtt 0.4118 TrainAcc 0.9700 TestAcc 0.9274 0.9300
epoch 600 LossPred 0.0694 LossAtt 0.3601 TrainAcc 0.9900 TestAcc 0.9304 0.9350
epoch 700 LossPred 0.0536 LossAtt 0.4286 TrainAcc 1.0000 TestAcc 0.9237 0.9300
Optimization Finished!
********** replication  14  **********
epoch   0 LossPred 1.1047 LossAtt 1.0135 TrainAcc 0.3700 TestAcc 0.4625 0.4050
epoch 100 LossPred 0.8086 LossAtt 0.9290 TrainAcc 0.7500 TestAcc 0.5951 0.7600
epoch 200 LossPred 0.1803 LossAtt 0.6409 TrainAcc 0.9700 TestAcc 0.8829 0.9050
epoch 300 LossPred 0.1175 LossAtt 0.6003 TrainAcc 0.9700 TestAcc 0.9012 0.9200
epoch 400 LossPred 0.0716 LossAtt 0.6358 TrainAcc 1.0000 TestAcc 0.9174 0.9250
Optimization Finished!
********** replication  15  **********
epoch   0 LossPred 0.9370 LossAtt 1.0338 TrainAcc 0.6900 TestAcc 0.5941 0.6400
epoch 100 LossPred 0.4597 LossAtt 1.0834 TrainAcc 0.8800 TestAcc 0.7673 0.8700
epoch 200 LossPred 0.0766 LossAtt 0.5750 TrainAcc 0.9900 TestAcc 0.8799 0.9500
epoch 300 LossPred 0.0384 LossAtt 0.5124 TrainAcc 1.0000 TestAcc 0.9087 0.9700
Optimization Finished!
********** replication  16  **********
epoch   0 LossPred 1.2396 LossAtt 0.9904 TrainAcc 0.4700 TestAcc 0.5005 0.4800
epoch 100 LossPred 0.8429 LossAtt 0.4513 TrainAcc 0.6800 TestAcc 0.6064 0.6800
epoch 200 LossPred 0.3984 LossAtt 0.6625 TrainAcc 0.8900 TestAcc 0.8719 0.8500
epoch 300 LossPred 0.2697 LossAtt 0.3980 TrainAcc 0.9200 TestAcc 0.8894 0.8500
epoch 400 LossPred 0.1278 LossAtt 0.3635 TrainAcc 0.9700 TestAcc 0.9034 0.9100
epoch 500 LossPred 0.0960 LossAtt 0.3369 TrainAcc 0.9900 TestAcc 0.9122 0.9150
epoch 600 LossPred 0.0771 LossAtt 0.3336 TrainAcc 0.9800 TestAcc 0.9129 0.9150
epoch 700 LossPred 0.0639 LossAtt 0.3460 TrainAcc 0.9900 TestAcc 0.9194 0.9200
epoch 800 LossPred 0.1679 LossAtt 0.3178 TrainAcc 0.9400 TestAcc 0.9247 0.8750
epoch 900 LossPred 0.0494 LossAtt 0.2797 TrainAcc 0.9900 TestAcc 0.9227 0.9050
epoch 1000 LossPred 0.1163 LossAtt 0.3290 TrainAcc 0.9600 TestAcc 0.9122 0.8750
epoch 1100 LossPred 0.0461 LossAtt 0.2700 TrainAcc 0.9900 TestAcc 0.9254 0.9100
epoch 1200 LossPred 0.0406 LossAtt 0.2596 TrainAcc 0.9900 TestAcc 0.9307 0.9200
epoch 1300 LossPred 0.0542 LossAtt 0.3013 TrainAcc 0.9800 TestAcc 0.9259 0.9350
epoch 1400 LossPred 0.0394 LossAtt 0.2685 TrainAcc 1.0000 TestAcc 0.9269 0.9300
Optimization Finished!
********** replication  17  **********
epoch   0 LossPred 1.0104 LossAtt 1.0344 TrainAcc 0.5400 TestAcc 0.4610 0.5300
epoch 100 LossPred 0.4151 LossAtt 0.9673 TrainAcc 0.9000 TestAcc 0.8609 0.8550
epoch 200 LossPred 0.1215 LossAtt 0.7789 TrainAcc 0.9800 TestAcc 0.9159 0.9300
epoch 300 LossPred 0.0563 LossAtt 0.6938 TrainAcc 1.0000 TestAcc 0.9317 0.9650
Optimization Finished!
********** replication  18  **********
epoch   0 LossPred 1.0724 LossAtt 1.0365 TrainAcc 0.4500 TestAcc 0.5075 0.4550
epoch 100 LossPred 0.5456 LossAtt 0.8582 TrainAcc 0.8700 TestAcc 0.8138 0.8200
epoch 200 LossPred 0.1997 LossAtt 0.4886 TrainAcc 0.9600 TestAcc 0.9224 0.9200
epoch 300 LossPred 0.1170 LossAtt 0.4394 TrainAcc 0.9800 TestAcc 0.9555 0.9400
epoch 400 LossPred 0.1189 LossAtt 0.4697 TrainAcc 0.9800 TestAcc 0.9662 0.9550
epoch 500 LossPred 0.0928 LossAtt 0.4281 TrainAcc 0.9900 TestAcc 0.9424 0.9450
epoch 600 LossPred 0.0842 LossAtt 0.4137 TrainAcc 0.9900 TestAcc 0.9537 0.9600
epoch 700 LossPred 0.0815 LossAtt 0.4484 TrainAcc 0.9900 TestAcc 0.9424 0.9600
epoch 800 LossPred 0.0818 LossAtt 0.3724 TrainAcc 0.9900 TestAcc 0.9612 0.9550
epoch 900 LossPred 0.0728 LossAtt 0.3629 TrainAcc 0.9900 TestAcc 0.9580 0.9650
epoch 1000 LossPred 0.0901 LossAtt 0.3452 TrainAcc 0.9800 TestAcc 0.9404 0.9600
epoch 1100 LossPred 0.0986 LossAtt 0.3637 TrainAcc 0.9700 TestAcc 0.9404 0.9600
epoch 1200 LossPred 0.0652 LossAtt 0.3188 TrainAcc 0.9900 TestAcc 0.9592 0.9700
epoch 1300 LossPred 0.0676 LossAtt 0.3046 TrainAcc 0.9900 TestAcc 0.9477 0.9600
epoch 1400 LossPred 0.0558 LossAtt 0.2840 TrainAcc 0.9900 TestAcc 0.9517 0.9700
epoch 1500 LossPred 0.0631 LossAtt 0.2896 TrainAcc 0.9900 TestAcc 0.9620 0.9700
epoch 1600 LossPred 0.0868 LossAtt 0.2937 TrainAcc 0.9800 TestAcc 0.9492 0.9600
epoch 1700 LossPred 0.0610 LossAtt 0.2635 TrainAcc 0.9900 TestAcc 0.9637 0.9650
epoch 1800 LossPred 0.0544 LossAtt 0.2773 TrainAcc 0.9900 TestAcc 0.9610 0.9700
epoch 1900 LossPred 0.0548 LossAtt 0.3195 TrainAcc 0.9900 TestAcc 0.9632 0.9800
epoch 2000 LossPred 0.0665 LossAtt 0.2797 TrainAcc 0.9800 TestAcc 0.9424 0.9550
epoch 2100 LossPred 0.0809 LossAtt 0.2802 TrainAcc 0.9800 TestAcc 0.9407 0.9450
epoch 2200 LossPred 0.0510 LossAtt 0.2779 TrainAcc 0.9900 TestAcc 0.9560 0.9700
epoch 2300 LossPred 0.0531 LossAtt 0.3146 TrainAcc 0.9900 TestAcc 0.9600 0.9750
epoch 2400 LossPred 0.0499 LossAtt 0.2698 TrainAcc 0.9900 TestAcc 0.9540 0.9650
epoch 2500 LossPred 0.0484 LossAtt 0.2612 TrainAcc 0.9900 TestAcc 0.9610 0.9650
Optimization Finished!
********** replication  19  **********
epoch   0 LossPred 0.9685 LossAtt 1.0203 TrainAcc 0.5900 TestAcc 0.5015 0.5750
epoch 100 LossPred 0.8600 LossAtt 0.7484 TrainAcc 0.6400 TestAcc 0.5748 0.6350
epoch 200 LossPred 0.4009 LossAtt 0.7600 TrainAcc 0.8900 TestAcc 0.8631 0.8250
epoch 300 LossPred 0.2375 LossAtt 0.7837 TrainAcc 0.9600 TestAcc 0.8926 0.8900
epoch 400 LossPred 0.1834 LossAtt 0.7841 TrainAcc 0.9600 TestAcc 0.8934 0.9000
epoch 500 LossPred 0.1248 LossAtt 0.7019 TrainAcc 0.9700 TestAcc 0.8984 0.8950
epoch 600 LossPred 0.1015 LossAtt 0.6196 TrainAcc 0.9800 TestAcc 0.9102 0.8850
epoch 700 LossPred 0.0780 LossAtt 0.5939 TrainAcc 0.9900 TestAcc 0.9217 0.8900
epoch 800 LossPred 0.0314 LossAtt 0.5596 TrainAcc 1.0000 TestAcc 0.9252 0.9100
Optimization Finished!
********** replication  20  **********
epoch   0 LossPred 0.9353 LossAtt 1.0476 TrainAcc 0.6100 TestAcc 0.6081 0.6200
epoch 100 LossPred 0.8107 LossAtt 0.8686 TrainAcc 0.7000 TestAcc 0.6071 0.7050
epoch 200 LossPred 0.1382 LossAtt 0.7387 TrainAcc 0.9700 TestAcc 0.9162 0.9400
epoch 300 LossPred 0.0593 LossAtt 0.5941 TrainAcc 0.9900 TestAcc 0.9244 0.9450
epoch 400 LossPred 0.0362 LossAtt 0.5594 TrainAcc 1.0000 TestAcc 0.9294 0.9600
Optimization Finished!
********** replication  21  **********
epoch   0 LossPred 1.0015 LossAtt 1.0282 TrainAcc 0.5400 TestAcc 0.5235 0.5400
epoch 100 LossPred 0.3295 LossAtt 1.5296 TrainAcc 0.9200 TestAcc 0.8734 0.8600
epoch 200 LossPred 0.1432 LossAtt 0.6293 TrainAcc 0.9700 TestAcc 0.9447 0.9050
epoch 300 LossPred 0.0798 LossAtt 0.5557 TrainAcc 0.9900 TestAcc 0.9595 0.9050
epoch 400 LossPred 0.0327 LossAtt 0.5176 TrainAcc 1.0000 TestAcc 0.9670 0.9100
Optimization Finished!
********** replication  22  **********
epoch   0 LossPred 0.9793 LossAtt 1.0062 TrainAcc 0.5600 TestAcc 0.5651 0.5600
epoch 100 LossPred 0.8356 LossAtt 0.7069 TrainAcc 0.6700 TestAcc 0.6391 0.6650
epoch 200 LossPred 0.2102 LossAtt 0.7598 TrainAcc 0.9500 TestAcc 0.8804 0.9200
epoch 300 LossPred 0.0585 LossAtt 0.6405 TrainAcc 1.0000 TestAcc 0.9394 0.9200
Optimization Finished!
********** replication  23  **********
epoch   0 LossPred 0.9711 LossAtt 1.0239 TrainAcc 0.5900 TestAcc 0.5533 0.6100
epoch 100 LossPred 0.8319 LossAtt 0.9064 TrainAcc 0.6400 TestAcc 0.5473 0.6500
epoch 200 LossPred 0.3483 LossAtt 1.0422 TrainAcc 0.9400 TestAcc 0.7588 0.8800
epoch 300 LossPred 0.2347 LossAtt 0.8076 TrainAcc 0.9600 TestAcc 0.7750 0.9200
epoch 400 LossPred 0.1754 LossAtt 0.8085 TrainAcc 0.9700 TestAcc 0.7688 0.9200
epoch 500 LossPred 0.1450 LossAtt 0.8833 TrainAcc 0.9700 TestAcc 0.7653 0.8900
epoch 600 LossPred 0.1310 LossAtt 0.6667 TrainAcc 0.9700 TestAcc 0.7648 0.9300
epoch 700 LossPred 0.1051 LossAtt 0.6786 TrainAcc 0.9800 TestAcc 0.7725 0.9400
epoch 800 LossPred 0.0672 LossAtt 0.8286 TrainAcc 0.9900 TestAcc 0.7830 0.9150
epoch 900 LossPred 0.0787 LossAtt 0.6363 TrainAcc 0.9900 TestAcc 0.7728 0.9400
epoch 1000 LossPred 0.0596 LossAtt 0.6272 TrainAcc 0.9900 TestAcc 0.7805 0.9500
epoch 1100 LossPred 0.0599 LossAtt 0.6124 TrainAcc 0.9800 TestAcc 0.7818 0.9650
epoch 1200 LossPred 0.0818 LossAtt 0.7170 TrainAcc 0.9900 TestAcc 0.7635 0.9100
epoch 1300 LossPred 0.0474 LossAtt 0.6097 TrainAcc 0.9900 TestAcc 0.7755 0.9700
epoch 1400 LossPred 0.0390 LossAtt 0.6442 TrainAcc 0.9900 TestAcc 0.7688 0.9750
epoch 1500 LossPred 0.0118 LossAtt 0.6177 TrainAcc 1.0000 TestAcc 0.7803 0.9700
Optimization Finished!
********** replication  24  **********
epoch   0 LossPred 1.0343 LossAtt 1.0200 TrainAcc 0.5200 TestAcc 0.5398 0.5350
epoch 100 LossPred 0.6084 LossAtt 0.9236 TrainAcc 0.8300 TestAcc 0.7475 0.7800
epoch 200 LossPred 0.1464 LossAtt 0.5127 TrainAcc 0.9900 TestAcc 0.9144 0.9350
epoch 300 LossPred 0.0926 LossAtt 0.4653 TrainAcc 0.9900 TestAcc 0.9214 0.9200
epoch 400 LossPred 0.0851 LossAtt 0.4228 TrainAcc 0.9800 TestAcc 0.9047 0.9300
epoch 500 LossPred 0.0633 LossAtt 0.4096 TrainAcc 0.9900 TestAcc 0.9164 0.9400
epoch 600 LossPred 0.0606 LossAtt 0.3969 TrainAcc 0.9900 TestAcc 0.9137 0.9400
epoch 700 LossPred 0.0573 LossAtt 0.4068 TrainAcc 0.9900 TestAcc 0.9102 0.9400
epoch 800 LossPred 0.0578 LossAtt 0.3876 TrainAcc 0.9900 TestAcc 0.9102 0.9400
epoch 900 LossPred 0.0576 LossAtt 0.3525 TrainAcc 0.9900 TestAcc 0.9117 0.9550
epoch 1000 LossPred 0.0526 LossAtt 0.3284 TrainAcc 0.9900 TestAcc 0.9152 0.9600
epoch 1100 LossPred 0.0509 LossAtt 0.3512 TrainAcc 0.9900 TestAcc 0.9177 0.9600
epoch 1200 LossPred 0.0507 LossAtt 0.3268 TrainAcc 0.9900 TestAcc 0.9204 0.9650
epoch 1300 LossPred 0.0511 LossAtt 0.2987 TrainAcc 0.9900 TestAcc 0.9202 0.9650
epoch 1400 LossPred 0.0537 LossAtt 0.2968 TrainAcc 0.9900 TestAcc 0.9242 0.9700
epoch 1500 LossPred 0.0515 LossAtt 0.3126 TrainAcc 0.9900 TestAcc 0.9234 0.9650
epoch 1600 LossPred 0.0518 LossAtt 0.3109 TrainAcc 0.9900 TestAcc 0.9259 0.9700
epoch 1700 LossPred 0.0522 LossAtt 0.2816 TrainAcc 0.9900 TestAcc 0.9252 0.9850
epoch 1800 LossPred 0.0508 LossAtt 0.2774 TrainAcc 0.9900 TestAcc 0.9297 0.9800
epoch 1900 LossPred 0.0535 LossAtt 0.2858 TrainAcc 0.9900 TestAcc 0.9299 0.9800
epoch 2000 LossPred 0.0497 LossAtt 0.2635 TrainAcc 0.9900 TestAcc 0.9264 0.9750
epoch 2100 LossPred 0.0550 LossAtt 0.2583 TrainAcc 0.9900 TestAcc 0.9207 0.9800
epoch 2200 LossPred 0.0445 LossAtt 0.2582 TrainAcc 0.9900 TestAcc 0.9232 0.9800
epoch 2300 LossPred 0.0467 LossAtt 0.3042 TrainAcc 0.9900 TestAcc 0.9224 0.9750
epoch 2400 LossPred 0.0468 LossAtt 0.2349 TrainAcc 0.9900 TestAcc 0.9189 0.9750
epoch 2500 LossPred 0.0463 LossAtt 0.2404 TrainAcc 0.9900 TestAcc 0.9187 0.9700
Optimization Finished!
********** replication  25  **********
epoch   0 LossPred 0.9407 LossAtt 1.0364 TrainAcc 0.6000 TestAcc 0.4995 0.6200
epoch 100 LossPred 0.7728 LossAtt 0.8170 TrainAcc 0.7000 TestAcc 0.6104 0.6950
epoch 200 LossPred 0.2853 LossAtt 0.6334 TrainAcc 0.9500 TestAcc 0.8604 0.9000
epoch 300 LossPred 0.1609 LossAtt 0.6183 TrainAcc 0.9800 TestAcc 0.9092 0.9200
epoch 400 LossPred 0.1021 LossAtt 0.5443 TrainAcc 0.9800 TestAcc 0.9172 0.9300
epoch 500 LossPred 0.0886 LossAtt 0.5938 TrainAcc 0.9900 TestAcc 0.9212 0.9450
epoch 600 LossPred 0.0740 LossAtt 0.5091 TrainAcc 0.9900 TestAcc 0.9144 0.9450
epoch 700 LossPred 0.0636 LossAtt 0.4675 TrainAcc 1.0000 TestAcc 0.9142 0.9550
Optimization Finished!
********** replication  26  **********
epoch   0 LossPred 1.1199 LossAtt 1.0254 TrainAcc 0.4300 TestAcc 0.4632 0.4050
epoch 100 LossPred 0.7853 LossAtt 0.6803 TrainAcc 0.7600 TestAcc 0.6424 0.7600
epoch 200 LossPred 0.2023 LossAtt 0.6932 TrainAcc 0.9400 TestAcc 0.8976 0.9000
epoch 300 LossPred 0.1055 LossAtt 0.5375 TrainAcc 0.9800 TestAcc 0.9084 0.9200
epoch 400 LossPred 0.0777 LossAtt 0.5044 TrainAcc 0.9800 TestAcc 0.9092 0.9400
epoch 500 LossPred 0.0668 LossAtt 0.4979 TrainAcc 0.9800 TestAcc 0.9239 0.9500
epoch 600 LossPred 0.0336 LossAtt 0.4807 TrainAcc 1.0000 TestAcc 0.9262 0.9550
Optimization Finished!
********** replication  27  **********
epoch   0 LossPred 1.0925 LossAtt 1.0151 TrainAcc 0.4300 TestAcc 0.4277 0.4400
epoch 100 LossPred 0.7290 LossAtt 0.9935 TrainAcc 0.7900 TestAcc 0.7160 0.8000
epoch 200 LossPred 0.1404 LossAtt 0.6331 TrainAcc 0.9700 TestAcc 0.9077 0.9100
epoch 300 LossPred 0.0567 LossAtt 0.5689 TrainAcc 1.0000 TestAcc 0.9502 0.9200
Optimization Finished!
********** replication  28  **********
epoch   0 LossPred 1.2561 LossAtt 1.0139 TrainAcc 0.3700 TestAcc 0.4112 0.4150
epoch 100 LossPred 0.7992 LossAtt 0.7144 TrainAcc 0.7000 TestAcc 0.6582 0.7100
epoch 200 LossPred 0.1991 LossAtt 0.5990 TrainAcc 0.9700 TestAcc 0.9152 0.9250
epoch 300 LossPred 0.1060 LossAtt 0.5298 TrainAcc 0.9900 TestAcc 0.9372 0.9350
epoch 400 LossPred 0.0785 LossAtt 0.4871 TrainAcc 0.9900 TestAcc 0.9429 0.9350
epoch 500 LossPred 0.0586 LossAtt 0.4824 TrainAcc 0.9900 TestAcc 0.9444 0.9250
epoch 600 LossPred 0.0423 LossAtt 0.4640 TrainAcc 0.9900 TestAcc 0.9427 0.9250
epoch 700 LossPred 0.0336 LossAtt 0.4227 TrainAcc 0.9900 TestAcc 0.9427 0.9300
epoch 800 LossPred 0.0293 LossAtt 0.4689 TrainAcc 0.9900 TestAcc 0.9354 0.9300
epoch 900 LossPred 0.0237 LossAtt 0.4416 TrainAcc 0.9900 TestAcc 0.9324 0.9350
epoch 1000 LossPred 0.0188 LossAtt 0.4328 TrainAcc 1.0000 TestAcc 0.9322 0.9450
Optimization Finished!
********** replication  29  **********
epoch   0 LossPred 1.0271 LossAtt 1.0546 TrainAcc 0.4200 TestAcc 0.4952 0.4200
epoch 100 LossPred 0.3666 LossAtt 0.9001 TrainAcc 0.9300 TestAcc 0.9162 0.8950
epoch 200 LossPred 0.0860 LossAtt 0.5435 TrainAcc 0.9800 TestAcc 0.9577 0.9400
epoch 300 LossPred 0.0340 LossAtt 0.4689 TrainAcc 1.0000 TestAcc 0.9627 0.9600
Optimization Finished!
********** replication  30  **********
epoch   0 LossPred 1.1071 LossAtt 1.0479 TrainAcc 0.3600 TestAcc 0.3736 0.4200
epoch 100 LossPred 0.9314 LossAtt 0.5289 TrainAcc 0.6200 TestAcc 0.6074 0.6250
epoch 200 LossPred 0.8804 LossAtt 0.8736 TrainAcc 0.6200 TestAcc 0.5893 0.6100
epoch 300 LossPred 0.5054 LossAtt 1.3923 TrainAcc 0.8600 TestAcc 0.5826 0.7850
epoch 400 LossPred 0.3571 LossAtt 1.0110 TrainAcc 0.8900 TestAcc 0.5781 0.8100
epoch 500 LossPred 0.3061 LossAtt 0.8415 TrainAcc 0.9200 TestAcc 0.5886 0.8100
epoch 600 LossPred 0.2493 LossAtt 0.7999 TrainAcc 0.9300 TestAcc 0.5918 0.8250
epoch 700 LossPred 0.2936 LossAtt 1.0204 TrainAcc 0.9300 TestAcc 0.5926 0.8100
epoch 800 LossPred 0.2021 LossAtt 0.7480 TrainAcc 0.9400 TestAcc 0.5926 0.8300
epoch 900 LossPred 0.1805 LossAtt 0.8507 TrainAcc 0.9600 TestAcc 0.5936 0.8350
epoch 1000 LossPred 0.1729 LossAtt 0.7889 TrainAcc 0.9600 TestAcc 0.5916 0.8400
epoch 1100 LossPred 0.1386 LossAtt 0.7031 TrainAcc 0.9700 TestAcc 0.5931 0.8300
epoch 1200 LossPred 0.1094 LossAtt 0.7043 TrainAcc 0.9900 TestAcc 0.5891 0.8200
epoch 1300 LossPred 0.2125 LossAtt 0.8057 TrainAcc 0.9300 TestAcc 0.5821 0.8300
epoch 1400 LossPred 0.1049 LossAtt 0.7046 TrainAcc 0.9800 TestAcc 0.5843 0.8400
epoch 1500 LossPred 0.0782 LossAtt 0.6832 TrainAcc 0.9900 TestAcc 0.5856 0.8300
epoch 1600 LossPred 0.0680 LossAtt 0.6806 TrainAcc 0.9900 TestAcc 0.5861 0.8250
epoch 1700 LossPred 0.0857 LossAtt 0.6828 TrainAcc 0.9800 TestAcc 0.5798 0.8250
epoch 1800 LossPred 0.0667 LossAtt 0.6788 TrainAcc 0.9900 TestAcc 0.5716 0.8250
epoch 1900 LossPred 0.2543 LossAtt 0.7454 TrainAcc 0.9400 TestAcc 0.5738 0.8200
epoch 2000 LossPred 0.0641 LossAtt 0.6520 TrainAcc 0.9900 TestAcc 0.5781 0.8600
epoch 2100 LossPred 0.0557 LossAtt 0.6466 TrainAcc 0.9900 TestAcc 0.5786 0.8650
epoch 2200 LossPred 0.0570 LossAtt 0.6457 TrainAcc 0.9900 TestAcc 0.5746 0.8600
epoch 2300 LossPred 0.0765 LossAtt 0.7301 TrainAcc 0.9900 TestAcc 0.5618 0.8600
epoch 2400 LossPred 0.0869 LossAtt 0.6944 TrainAcc 0.9800 TestAcc 0.5738 0.8900
epoch 2500 LossPred 0.0695 LossAtt 0.6916 TrainAcc 0.9900 TestAcc 0.5723 0.8750
Optimization Finished!
********** replication  31  **********
epoch   0 LossPred 1.4237 LossAtt 1.0159 TrainAcc 0.2600 TestAcc 0.4072 0.3100
epoch 100 LossPred 0.7670 LossAtt 0.5758 TrainAcc 0.7500 TestAcc 0.6041 0.7450
epoch 200 LossPred 0.7354 LossAtt 0.4493 TrainAcc 0.7500 TestAcc 0.6041 0.7500
epoch 300 LossPred 0.7154 LossAtt 0.5157 TrainAcc 0.7600 TestAcc 0.5896 0.7550
epoch 400 LossPred 0.6720 LossAtt 0.6384 TrainAcc 0.7700 TestAcc 0.5781 0.7700
epoch 500 LossPred 0.6229 LossAtt 0.8728 TrainAcc 0.7900 TestAcc 0.5811 0.7900
epoch 600 LossPred 0.5572 LossAtt 1.5547 TrainAcc 0.8200 TestAcc 0.5963 0.8100
epoch 700 LossPred 0.3937 LossAtt 0.9462 TrainAcc 0.8700 TestAcc 0.6759 0.8150
epoch 800 LossPred 0.1800 LossAtt 0.7449 TrainAcc 0.9500 TestAcc 0.8186 0.8950
epoch 900 LossPred 0.1441 LossAtt 0.5668 TrainAcc 0.9500 TestAcc 0.8066 0.8600
epoch 1000 LossPred 0.1272 LossAtt 0.5533 TrainAcc 0.9600 TestAcc 0.8048 0.8600
epoch 1100 LossPred 0.1166 LossAtt 0.5610 TrainAcc 0.9600 TestAcc 0.8086 0.8550
epoch 1200 LossPred 0.1024 LossAtt 0.5681 TrainAcc 0.9800 TestAcc 0.7995 0.8850
epoch 1300 LossPred 0.0763 LossAtt 0.5995 TrainAcc 0.9900 TestAcc 0.7973 0.9100
epoch 1400 LossPred 0.0694 LossAtt 0.6807 TrainAcc 0.9900 TestAcc 0.8101 0.9100
epoch 1500 LossPred 0.0571 LossAtt 0.5706 TrainAcc 0.9900 TestAcc 0.8083 0.9100
epoch 1600 LossPred 0.0527 LossAtt 0.5574 TrainAcc 0.9900 TestAcc 0.8056 0.9200
epoch 1700 LossPred 0.0505 LossAtt 0.5475 TrainAcc 0.9900 TestAcc 0.8086 0.9200
epoch 1800 LossPred 0.0490 LossAtt 0.5380 TrainAcc 0.9900 TestAcc 0.8056 0.9150
epoch 1900 LossPred 0.0519 LossAtt 0.6462 TrainAcc 0.9900 TestAcc 0.8018 0.9300
epoch 2000 LossPred 0.0458 LossAtt 0.5420 TrainAcc 0.9900 TestAcc 0.8058 0.9200
epoch 2100 LossPred 0.0445 LossAtt 0.5416 TrainAcc 0.9900 TestAcc 0.8116 0.9250
epoch 2200 LossPred 0.0438 LossAtt 0.5397 TrainAcc 0.9900 TestAcc 0.8113 0.9250
epoch 2300 LossPred 0.0428 LossAtt 0.5649 TrainAcc 0.9900 TestAcc 0.8133 0.9300
epoch 2400 LossPred 0.0489 LossAtt 0.7336 TrainAcc 0.9900 TestAcc 0.8106 0.9350
epoch 2500 LossPred 0.0440 LossAtt 0.5507 TrainAcc 0.9900 TestAcc 0.8231 0.9450
Optimization Finished!
********** replication  32  **********
epoch   0 LossPred 0.9871 LossAtt 0.9940 TrainAcc 0.6400 TestAcc 0.5395 0.6350
epoch 100 LossPred 0.7566 LossAtt 0.8054 TrainAcc 0.7200 TestAcc 0.6051 0.7000
epoch 200 LossPred 0.2157 LossAtt 0.6331 TrainAcc 0.9600 TestAcc 0.8994 0.8900
epoch 300 LossPred 0.0981 LossAtt 0.5651 TrainAcc 0.9900 TestAcc 0.9364 0.9000
epoch 400 LossPred 0.0688 LossAtt 0.5216 TrainAcc 0.9900 TestAcc 0.9479 0.9050
epoch 500 LossPred 0.0385 LossAtt 0.5098 TrainAcc 1.0000 TestAcc 0.9622 0.9250
Optimization Finished!
********** replication  33  **********
epoch   0 LossPred 0.9881 LossAtt 1.0376 TrainAcc 0.5200 TestAcc 0.4607 0.4950
epoch 100 LossPred 0.4857 LossAtt 2.1316 TrainAcc 0.8600 TestAcc 0.8196 0.8500
epoch 200 LossPred 0.1129 LossAtt 0.6650 TrainAcc 1.0000 TestAcc 0.9179 0.8900
Optimization Finished!
********** replication  34  **********
epoch   0 LossPred 0.9531 LossAtt 1.0446 TrainAcc 0.5800 TestAcc 0.5603 0.5850
epoch 100 LossPred 0.3837 LossAtt 1.1177 TrainAcc 0.9300 TestAcc 0.8506 0.8600
epoch 200 LossPred 0.1471 LossAtt 0.5439 TrainAcc 0.9700 TestAcc 0.8871 0.9200
epoch 300 LossPred 0.1136 LossAtt 0.3789 TrainAcc 0.9800 TestAcc 0.9144 0.9100
epoch 400 LossPred 0.1004 LossAtt 0.3387 TrainAcc 0.9700 TestAcc 0.9092 0.9050
epoch 500 LossPred 0.0888 LossAtt 0.3548 TrainAcc 0.9800 TestAcc 0.9202 0.9400
epoch 600 LossPred 0.0812 LossAtt 0.3264 TrainAcc 0.9800 TestAcc 0.9112 0.9250
epoch 700 LossPred 0.0776 LossAtt 0.3846 TrainAcc 0.9800 TestAcc 0.9024 0.9250
epoch 800 LossPred 0.0611 LossAtt 0.3469 TrainAcc 0.9900 TestAcc 0.9159 0.9300
epoch 900 LossPred 0.0603 LossAtt 0.3575 TrainAcc 0.9900 TestAcc 0.9257 0.9350
epoch 1000 LossPred 0.0599 LossAtt 0.3382 TrainAcc 0.9900 TestAcc 0.9244 0.9350
epoch 1100 LossPred 0.0526 LossAtt 0.3455 TrainAcc 0.9900 TestAcc 0.9264 0.9450
epoch 1200 LossPred 0.0487 LossAtt 0.3261 TrainAcc 0.9900 TestAcc 0.9207 0.9450
epoch 1300 LossPred 0.0497 LossAtt 0.3051 TrainAcc 0.9900 TestAcc 0.9114 0.9350
epoch 1400 LossPred 0.0479 LossAtt 0.2963 TrainAcc 0.9900 TestAcc 0.9142 0.9450
epoch 1500 LossPred 0.0471 LossAtt 0.3129 TrainAcc 0.9900 TestAcc 0.9157 0.9550
epoch 1600 LossPred 0.0457 LossAtt 0.3278 TrainAcc 0.9900 TestAcc 0.9222 0.9550
epoch 1700 LossPred 0.0441 LossAtt 0.3270 TrainAcc 0.9900 TestAcc 0.9287 0.9600
epoch 1800 LossPred 0.0452 LossAtt 0.3025 TrainAcc 0.9900 TestAcc 0.9302 0.9500
epoch 1900 LossPred 0.0442 LossAtt 0.2858 TrainAcc 0.9900 TestAcc 0.9302 0.9450
epoch 2000 LossPred 0.0427 LossAtt 0.2697 TrainAcc 0.9900 TestAcc 0.9242 0.9550
epoch 2100 LossPred 0.0468 LossAtt 0.3468 TrainAcc 0.9900 TestAcc 0.9112 0.9600
epoch 2200 LossPred 0.0459 LossAtt 0.3019 TrainAcc 0.9900 TestAcc 0.9314 0.9650
epoch 2300 LossPred 0.0416 LossAtt 0.2662 TrainAcc 0.9900 TestAcc 0.9292 0.9650
epoch 2400 LossPred 0.0413 LossAtt 0.2526 TrainAcc 0.9900 TestAcc 0.9257 0.9650
epoch 2500 LossPred 0.0412 LossAtt 0.2586 TrainAcc 0.9900 TestAcc 0.9249 0.9700
Optimization Finished!
********** replication  35  **********
epoch   0 LossPred 1.0272 LossAtt 1.0242 TrainAcc 0.5200 TestAcc 0.5320 0.5300
epoch 100 LossPred 0.6121 LossAtt 1.2915 TrainAcc 0.7900 TestAcc 0.7180 0.7550
epoch 200 LossPred 0.1539 LossAtt 0.6502 TrainAcc 0.9800 TestAcc 0.9660 0.9350
epoch 300 LossPred 0.0691 LossAtt 0.4952 TrainAcc 1.0000 TestAcc 0.9812 0.9350
Optimization Finished!
********** replication  36  **********
epoch   0 LossPred 0.9293 LossAtt 1.0633 TrainAcc 0.5700 TestAcc 0.4922 0.5900
epoch 100 LossPred 0.3591 LossAtt 1.5553 TrainAcc 0.9200 TestAcc 0.8576 0.9000
epoch 200 LossPred 0.0692 LossAtt 0.6583 TrainAcc 1.0000 TestAcc 0.9429 0.9500
Optimization Finished!
********** replication  37  **********
epoch   0 LossPred 0.9553 LossAtt 1.0374 TrainAcc 0.5700 TestAcc 0.5443 0.5500
epoch 100 LossPred 0.3092 LossAtt 1.0833 TrainAcc 0.9200 TestAcc 0.9047 0.9100
epoch 200 LossPred 0.1182 LossAtt 0.6926 TrainAcc 0.9700 TestAcc 0.9409 0.9500
epoch 300 LossPred 0.0824 LossAtt 0.5936 TrainAcc 0.9800 TestAcc 0.9642 0.9650
epoch 400 LossPred 0.0704 LossAtt 0.6801 TrainAcc 0.9800 TestAcc 0.9550 0.9750
epoch 500 LossPred 0.0462 LossAtt 0.5593 TrainAcc 0.9900 TestAcc 0.9630 0.9700
epoch 600 LossPred 0.0300 LossAtt 0.4775 TrainAcc 1.0000 TestAcc 0.9605 0.9700
Optimization Finished!
********** replication  38  **********
epoch   0 LossPred 1.0015 LossAtt 1.0235 TrainAcc 0.5700 TestAcc 0.5658 0.5550
epoch 100 LossPred 0.4027 LossAtt 1.1130 TrainAcc 0.9400 TestAcc 0.8811 0.9400
epoch 200 LossPred 0.1637 LossAtt 0.6107 TrainAcc 0.9800 TestAcc 0.9024 0.9400
epoch 300 LossPred 0.1172 LossAtt 0.4685 TrainAcc 0.9700 TestAcc 0.9267 0.9350
epoch 400 LossPred 0.0549 LossAtt 0.4263 TrainAcc 1.0000 TestAcc 0.9357 0.9350
Optimization Finished!
********** replication  39  **********
epoch   0 LossPred 0.9935 LossAtt 1.0144 TrainAcc 0.5200 TestAcc 0.4712 0.5300
epoch 100 LossPred 0.5335 LossAtt 0.8973 TrainAcc 0.8600 TestAcc 0.7720 0.8500
epoch 200 LossPred 0.1826 LossAtt 0.6513 TrainAcc 0.9500 TestAcc 0.8824 0.9150
epoch 300 LossPred 0.1406 LossAtt 0.5666 TrainAcc 0.9700 TestAcc 0.8866 0.9200
epoch 400 LossPred 0.1346 LossAtt 0.5128 TrainAcc 0.9700 TestAcc 0.8871 0.9200
epoch 500 LossPred 0.1183 LossAtt 0.5008 TrainAcc 0.9700 TestAcc 0.8816 0.9300
epoch 600 LossPred 0.1160 LossAtt 0.4994 TrainAcc 0.9700 TestAcc 0.8891 0.9200
epoch 700 LossPred 0.1108 LossAtt 0.4582 TrainAcc 0.9700 TestAcc 0.8776 0.9200
epoch 800 LossPred 0.0951 LossAtt 0.4986 TrainAcc 0.9800 TestAcc 0.8866 0.9300
epoch 900 LossPred 0.0964 LossAtt 0.4691 TrainAcc 0.9800 TestAcc 0.8899 0.9200
epoch 1000 LossPred 0.0912 LossAtt 0.4181 TrainAcc 0.9800 TestAcc 0.8901 0.9400
epoch 1100 LossPred 0.2001 LossAtt 0.4171 TrainAcc 0.9300 TestAcc 0.8756 0.9050
epoch 1200 LossPred 0.0885 LossAtt 0.4285 TrainAcc 0.9800 TestAcc 0.8699 0.9500
epoch 1300 LossPred 0.0848 LossAtt 0.3874 TrainAcc 0.9800 TestAcc 0.8759 0.9450
epoch 1400 LossPred 0.0859 LossAtt 0.3850 TrainAcc 0.9800 TestAcc 0.8699 0.9450
epoch 1500 LossPred 0.0875 LossAtt 0.4018 TrainAcc 0.9800 TestAcc 0.8684 0.9450
epoch 1600 LossPred 0.0935 LossAtt 0.4133 TrainAcc 0.9800 TestAcc 0.8694 0.9350
epoch 1700 LossPred 0.0829 LossAtt 0.3481 TrainAcc 0.9800 TestAcc 0.8859 0.9400
epoch 1800 LossPred 0.0827 LossAtt 0.3567 TrainAcc 0.9800 TestAcc 0.8856 0.9450
epoch 1900 LossPred 0.0823 LossAtt 0.3557 TrainAcc 0.9800 TestAcc 0.8849 0.9400
epoch 2000 LossPred 0.0819 LossAtt 0.3469 TrainAcc 0.9800 TestAcc 0.8821 0.9400
epoch 2100 LossPred 0.0818 LossAtt 0.3499 TrainAcc 0.9800 TestAcc 0.8806 0.9450
epoch 2200 LossPred 0.0823 LossAtt 0.3956 TrainAcc 0.9800 TestAcc 0.8864 0.9500
epoch 2300 LossPred 0.0889 LossAtt 0.3708 TrainAcc 0.9800 TestAcc 0.8729 0.9300
epoch 2400 LossPred 0.0818 LossAtt 0.3552 TrainAcc 0.9800 TestAcc 0.8834 0.9450
epoch 2500 LossPred 0.0817 LossAtt 0.3427 TrainAcc 0.9800 TestAcc 0.8791 0.9550
Optimization Finished!
********** replication  40  **********
epoch   0 LossPred 1.3921 LossAtt 1.0086 TrainAcc 0.5200 TestAcc 0.5108 0.4750
epoch 100 LossPred 0.7186 LossAtt 0.8598 TrainAcc 0.7900 TestAcc 0.6276 0.7500
epoch 200 LossPred 0.1645 LossAtt 0.7423 TrainAcc 0.9900 TestAcc 0.9177 0.9450
epoch 300 LossPred 0.0743 LossAtt 0.6367 TrainAcc 1.0000 TestAcc 0.9557 0.9500
Optimization Finished!
********** replication  41  **********
epoch   0 LossPred 1.0447 LossAtt 1.0130 TrainAcc 0.4300 TestAcc 0.4700 0.4350
epoch 100 LossPred 0.9170 LossAtt 0.6761 TrainAcc 0.6100 TestAcc 0.5405 0.6000
epoch 200 LossPred 0.5218 LossAtt 1.0699 TrainAcc 0.8400 TestAcc 0.7352 0.8600
epoch 300 LossPred 0.2031 LossAtt 0.6549 TrainAcc 0.9700 TestAcc 0.8403 0.9200
epoch 400 LossPred 0.1512 LossAtt 0.6540 TrainAcc 0.9700 TestAcc 0.8443 0.9350
epoch 500 LossPred 0.1345 LossAtt 0.6391 TrainAcc 0.9700 TestAcc 0.8451 0.9400
epoch 600 LossPred 0.1045 LossAtt 0.6371 TrainAcc 0.9800 TestAcc 0.8506 0.9650
epoch 700 LossPred 0.0864 LossAtt 0.6361 TrainAcc 0.9900 TestAcc 0.8526 0.9700
epoch 800 LossPred 0.0751 LossAtt 0.6409 TrainAcc 0.9900 TestAcc 0.8504 0.9750
epoch 900 LossPred 0.0679 LossAtt 0.6296 TrainAcc 0.9900 TestAcc 0.8536 0.9700
epoch 1000 LossPred 0.0702 LossAtt 0.6424 TrainAcc 0.9900 TestAcc 0.8636 0.9650
epoch 1100 LossPred 0.0498 LossAtt 0.5738 TrainAcc 0.9900 TestAcc 0.8391 0.9650
epoch 1200 LossPred 0.0493 LossAtt 0.5798 TrainAcc 0.9900 TestAcc 0.8321 0.9650
epoch 1300 LossPred 0.0521 LossAtt 0.5658 TrainAcc 0.9900 TestAcc 0.8323 0.9600
epoch 1400 LossPred 0.0473 LossAtt 0.6041 TrainAcc 0.9900 TestAcc 0.8458 0.9750
epoch 1500 LossPred 0.0564 LossAtt 0.5681 TrainAcc 0.9900 TestAcc 0.8511 0.9800
epoch 1600 LossPred 0.0430 LossAtt 0.5139 TrainAcc 0.9900 TestAcc 0.8311 0.9650
epoch 1700 LossPred 0.0425 LossAtt 0.4920 TrainAcc 0.9900 TestAcc 0.8278 0.9650
epoch 1800 LossPred 0.0422 LossAtt 0.4929 TrainAcc 0.9900 TestAcc 0.8318 0.9650
epoch 1900 LossPred 0.0420 LossAtt 0.4809 TrainAcc 0.9900 TestAcc 0.8321 0.9650
epoch 2000 LossPred 0.0418 LossAtt 0.4726 TrainAcc 0.9900 TestAcc 0.8303 0.9700
epoch 2100 LossPred 0.0420 LossAtt 0.4754 TrainAcc 0.9900 TestAcc 0.8356 0.9700
epoch 2200 LossPred 0.0413 LossAtt 0.4614 TrainAcc 0.9900 TestAcc 0.8388 0.9700
epoch 2300 LossPred 0.0414 LossAtt 0.4450 TrainAcc 0.9900 TestAcc 0.8353 0.9700
epoch 2400 LossPred 0.0414 LossAtt 0.4591 TrainAcc 0.9900 TestAcc 0.8373 0.9700
epoch 2500 LossPred 0.0413 LossAtt 0.4706 TrainAcc 0.9900 TestAcc 0.8448 0.9800
Optimization Finished!
********** replication  42  **********
epoch   0 LossPred 1.0289 LossAtt 1.0223 TrainAcc 0.4500 TestAcc 0.4229 0.4500
epoch 100 LossPred 0.5045 LossAtt 1.0360 TrainAcc 0.8800 TestAcc 0.8616 0.8700
epoch 200 LossPred 0.2261 LossAtt 0.6483 TrainAcc 0.9500 TestAcc 0.9102 0.9200
epoch 300 LossPred 0.1246 LossAtt 0.5259 TrainAcc 0.9700 TestAcc 0.9422 0.9450
epoch 400 LossPred 0.0949 LossAtt 0.4837 TrainAcc 0.9900 TestAcc 0.9497 0.9450
epoch 500 LossPred 0.0709 LossAtt 0.4672 TrainAcc 0.9900 TestAcc 0.9517 0.9450
epoch 600 LossPred 0.0553 LossAtt 0.4697 TrainAcc 0.9900 TestAcc 0.9527 0.9500
epoch 700 LossPred 0.0519 LossAtt 0.5077 TrainAcc 0.9900 TestAcc 0.9537 0.9550
epoch 800 LossPred 0.0414 LossAtt 0.4681 TrainAcc 0.9900 TestAcc 0.9585 0.9450
epoch 900 LossPred 0.0391 LossAtt 0.4859 TrainAcc 0.9900 TestAcc 0.9414 0.9450
epoch 1000 LossPred 0.0367 LossAtt 0.4827 TrainAcc 0.9900 TestAcc 0.9424 0.9500
epoch 1100 LossPred 0.0245 LossAtt 0.4413 TrainAcc 1.0000 TestAcc 0.9342 0.9550
Optimization Finished!
********** replication  43  **********
epoch   0 LossPred 1.1198 LossAtt 1.0447 TrainAcc 0.4100 TestAcc 0.4062 0.4150
epoch 100 LossPred 0.8967 LossAtt 0.6183 TrainAcc 0.6000 TestAcc 0.5553 0.6000
epoch 200 LossPred 0.8102 LossAtt 0.8398 TrainAcc 0.6700 TestAcc 0.6106 0.6650
epoch 300 LossPred 0.5004 LossAtt 0.9881 TrainAcc 0.8700 TestAcc 0.8771 0.8550
epoch 400 LossPred 0.1744 LossAtt 0.6474 TrainAcc 0.9700 TestAcc 0.9657 0.9200
epoch 500 LossPred 0.1065 LossAtt 0.5953 TrainAcc 0.9800 TestAcc 0.9822 0.9350
epoch 600 LossPred 0.0712 LossAtt 0.5325 TrainAcc 1.0000 TestAcc 0.9915 0.9450
Optimization Finished!
********** replication  44  **********
epoch   0 LossPred 1.1579 LossAtt 1.0060 TrainAcc 0.4300 TestAcc 0.4072 0.4350
epoch 100 LossPred 0.9316 LossAtt 0.5997 TrainAcc 0.6200 TestAcc 0.5786 0.6350
epoch 200 LossPred 0.2158 LossAtt 0.7192 TrainAcc 0.9600 TestAcc 0.8549 0.9150
epoch 300 LossPred 0.1534 LossAtt 0.6046 TrainAcc 0.9600 TestAcc 0.8441 0.9300
epoch 400 LossPred 0.1332 LossAtt 0.5273 TrainAcc 0.9600 TestAcc 0.8398 0.9350
epoch 500 LossPred 0.2129 LossAtt 0.4943 TrainAcc 0.9400 TestAcc 0.8323 0.9250
epoch 600 LossPred 0.1501 LossAtt 0.4668 TrainAcc 0.9700 TestAcc 0.8686 0.9200
epoch 700 LossPred 0.1118 LossAtt 0.4561 TrainAcc 0.9700 TestAcc 0.8456 0.9400
epoch 800 LossPred 0.1573 LossAtt 0.4782 TrainAcc 0.9700 TestAcc 0.8704 0.9250
epoch 900 LossPred 0.0871 LossAtt 0.4554 TrainAcc 0.9700 TestAcc 0.8646 0.9550
epoch 1000 LossPred 0.0469 LossAtt 0.4968 TrainAcc 1.0000 TestAcc 0.8739 0.9600
Optimization Finished!
********** replication  45  **********
epoch   0 LossPred 1.0849 LossAtt 1.0513 TrainAcc 0.4500 TestAcc 0.4507 0.4550
epoch 100 LossPred 0.3327 LossAtt 2.4469 TrainAcc 0.9400 TestAcc 0.9087 0.9100
epoch 200 LossPred 0.0891 LossAtt 0.8531 TrainAcc 0.9800 TestAcc 0.9494 0.9500
epoch 300 LossPred 0.0439 LossAtt 0.7426 TrainAcc 1.0000 TestAcc 0.9685 0.9650
Optimization Finished!
********** replication  46  **********
epoch   0 LossPred 1.2023 LossAtt 1.0157 TrainAcc 0.4800 TestAcc 0.4512 0.4750
epoch 100 LossPred 0.9004 LossAtt 0.6714 TrainAcc 0.6300 TestAcc 0.6189 0.6250
epoch 200 LossPred 0.2573 LossAtt 0.6124 TrainAcc 0.9700 TestAcc 0.9132 0.9300
epoch 300 LossPred 0.1129 LossAtt 0.5577 TrainAcc 0.9900 TestAcc 0.9412 0.9550
epoch 400 LossPred 0.0752 LossAtt 0.5346 TrainAcc 0.9900 TestAcc 0.9382 0.9500
epoch 500 LossPred 0.0638 LossAtt 0.5111 TrainAcc 0.9900 TestAcc 0.9369 0.9500
epoch 600 LossPred 0.0535 LossAtt 0.4638 TrainAcc 0.9900 TestAcc 0.9397 0.9600
epoch 700 LossPred 0.0489 LossAtt 0.5084 TrainAcc 0.9900 TestAcc 0.9397 0.9600
epoch 800 LossPred 0.0534 LossAtt 0.4982 TrainAcc 0.9900 TestAcc 0.9409 0.9700
epoch 900 LossPred 0.0417 LossAtt 0.4500 TrainAcc 0.9900 TestAcc 0.9377 0.9600
epoch 1000 LossPred 0.0373 LossAtt 0.4407 TrainAcc 0.9900 TestAcc 0.9352 0.9600
epoch 1100 LossPred 0.0408 LossAtt 0.4534 TrainAcc 0.9900 TestAcc 0.9317 0.9400
epoch 1200 LossPred 0.0839 LossAtt 0.6720 TrainAcc 0.9800 TestAcc 0.9259 0.9300
epoch 1300 LossPred 0.0533 LossAtt 0.5179 TrainAcc 0.9900 TestAcc 0.9324 0.9450
epoch 1400 LossPred 0.0409 LossAtt 0.4668 TrainAcc 0.9900 TestAcc 0.9387 0.9650
epoch 1500 LossPred 0.0359 LossAtt 0.4177 TrainAcc 0.9900 TestAcc 0.9369 0.9650
epoch 1600 LossPred 0.0455 LossAtt 0.4576 TrainAcc 0.9900 TestAcc 0.9377 0.9650
epoch 1700 LossPred 0.0638 LossAtt 0.5414 TrainAcc 0.9900 TestAcc 0.9259 0.9450
epoch 1800 LossPred 0.0469 LossAtt 0.5181 TrainAcc 0.9900 TestAcc 0.9372 0.9600
epoch 1900 LossPred 0.0297 LossAtt 0.4613 TrainAcc 0.9900 TestAcc 0.9459 0.9700
epoch 2000 LossPred 0.0259 LossAtt 0.4385 TrainAcc 0.9900 TestAcc 0.9434 0.9700
epoch 2100 LossPred 0.0249 LossAtt 0.4323 TrainAcc 0.9900 TestAcc 0.9437 0.9700
epoch 2200 LossPred 0.0303 LossAtt 0.4455 TrainAcc 0.9900 TestAcc 0.9402 0.9550
epoch 2300 LossPred 0.0307 LossAtt 0.4531 TrainAcc 0.9900 TestAcc 0.9339 0.9500
epoch 2400 LossPred 0.0536 LossAtt 0.4747 TrainAcc 0.9800 TestAcc 0.9217 0.9200
epoch 2500 LossPred 0.1054 LossAtt 0.4670 TrainAcc 0.9600 TestAcc 0.9084 0.9050
Optimization Finished!
********** replication  47  **********
epoch   0 LossPred 1.3748 LossAtt 1.0318 TrainAcc 0.3600 TestAcc 0.4535 0.3650
epoch 100 LossPred 0.8045 LossAtt 0.6940 TrainAcc 0.7200 TestAcc 0.5873 0.7200
epoch 200 LossPred 0.4489 LossAtt 0.9156 TrainAcc 0.9000 TestAcc 0.8516 0.8900
epoch 300 LossPred 0.2139 LossAtt 0.5587 TrainAcc 0.9500 TestAcc 0.9092 0.9300
epoch 400 LossPred 0.0946 LossAtt 0.5410 TrainAcc 1.0000 TestAcc 0.9292 0.9500
Optimization Finished!
********** replication  48  **********
epoch   0 LossPred 0.9524 LossAtt 1.0249 TrainAcc 0.6000 TestAcc 0.5678 0.6050
epoch 100 LossPred 0.2187 LossAtt 0.7487 TrainAcc 0.9400 TestAcc 0.8991 0.9050
epoch 200 LossPred 0.0994 LossAtt 0.4594 TrainAcc 0.9900 TestAcc 0.9107 0.9250
epoch 300 LossPred 0.0654 LossAtt 0.4016 TrainAcc 1.0000 TestAcc 0.9249 0.9400
Optimization Finished!
********** replication  49  **********
epoch   0 LossPred 0.9694 LossAtt 1.0093 TrainAcc 0.6000 TestAcc 0.5598 0.5950
epoch 100 LossPred 0.2694 LossAtt 0.8141 TrainAcc 0.9600 TestAcc 0.8779 0.9050
epoch 200 LossPred 0.1056 LossAtt 0.6381 TrainAcc 0.9800 TestAcc 0.9379 0.9600
epoch 300 LossPred 0.0497 LossAtt 0.5364 TrainAcc 1.0000 TestAcc 0.9602 0.9700
Optimization Finished!
********** replication  50  **********
epoch   0 LossPred 1.2495 LossAtt 1.0768 TrainAcc 0.4500 TestAcc 0.4732 0.4500
epoch 100 LossPred 0.6359 LossAtt 1.2061 TrainAcc 0.9300 TestAcc 0.8779 0.8700
epoch 200 LossPred 0.2591 LossAtt 0.7184 TrainAcc 0.9600 TestAcc 0.8949 0.8650
epoch 300 LossPred 0.1498 LossAtt 0.6174 TrainAcc 1.0000 TestAcc 0.9107 0.8750
Optimization Finished!
********** replication  51  **********
epoch   0 LossPred 1.1922 LossAtt 1.0109 TrainAcc 0.5300 TestAcc 0.4772 0.5100
epoch 100 LossPred 0.7927 LossAtt 1.1182 TrainAcc 0.8000 TestAcc 0.6977 0.7600
epoch 200 LossPred 0.2325 LossAtt 0.7932 TrainAcc 0.9600 TestAcc 0.8876 0.9000
epoch 300 LossPred 0.1541 LossAtt 0.6624 TrainAcc 0.9700 TestAcc 0.9082 0.9200
epoch 400 LossPred 0.0979 LossAtt 0.6011 TrainAcc 0.9800 TestAcc 0.9204 0.9400
epoch 500 LossPred 0.0760 LossAtt 0.5759 TrainAcc 0.9800 TestAcc 0.9254 0.9400
epoch 600 LossPred 0.0613 LossAtt 0.5816 TrainAcc 0.9800 TestAcc 0.9239 0.9400
epoch 700 LossPred 0.0562 LossAtt 0.5500 TrainAcc 0.9800 TestAcc 0.9339 0.9650
epoch 800 LossPred 0.0448 LossAtt 0.5241 TrainAcc 0.9900 TestAcc 0.9377 0.9650
epoch 900 LossPred 0.0357 LossAtt 0.4990 TrainAcc 0.9900 TestAcc 0.9379 0.9650
epoch 1000 LossPred 0.0283 LossAtt 0.5072 TrainAcc 1.0000 TestAcc 0.9367 0.9700
Optimization Finished!
********** replication  52  **********
epoch   0 LossPred 0.9724 LossAtt 1.0216 TrainAcc 0.6100 TestAcc 0.6019 0.5850
epoch 100 LossPred 0.4499 LossAtt 1.4269 TrainAcc 0.9100 TestAcc 0.8666 0.8750
epoch 200 LossPred 0.1671 LossAtt 0.6888 TrainAcc 0.9700 TestAcc 0.8829 0.9350
epoch 300 LossPred 0.1067 LossAtt 0.5872 TrainAcc 0.9700 TestAcc 0.8914 0.9400
epoch 400 LossPred 0.0919 LossAtt 0.5815 TrainAcc 0.9800 TestAcc 0.9099 0.9450
epoch 500 LossPred 0.0722 LossAtt 0.4767 TrainAcc 0.9800 TestAcc 0.9052 0.9450
epoch 600 LossPred 0.0683 LossAtt 0.4978 TrainAcc 0.9800 TestAcc 0.9147 0.9400
epoch 700 LossPred 0.0638 LossAtt 0.4366 TrainAcc 0.9800 TestAcc 0.9072 0.9450
epoch 800 LossPred 0.0625 LossAtt 0.4657 TrainAcc 0.9800 TestAcc 0.9132 0.9500
epoch 900 LossPred 0.0589 LossAtt 0.4490 TrainAcc 0.9800 TestAcc 0.9149 0.9500
epoch 1000 LossPred 0.0583 LossAtt 0.4661 TrainAcc 0.9800 TestAcc 0.9139 0.9450
epoch 1100 LossPred 0.0547 LossAtt 0.4285 TrainAcc 0.9800 TestAcc 0.9192 0.9550
epoch 1200 LossPred 0.0363 LossAtt 0.4594 TrainAcc 1.0000 TestAcc 0.9149 0.9400
Optimization Finished!
********** replication  53  **********
epoch   0 LossPred 1.2555 LossAtt 1.0316 TrainAcc 0.4400 TestAcc 0.4592 0.4400
epoch 100 LossPred 0.8731 LossAtt 0.6548 TrainAcc 0.6500 TestAcc 0.5803 0.6450
epoch 200 LossPred 0.3593 LossAtt 0.8031 TrainAcc 0.9400 TestAcc 0.8616 0.9100
epoch 300 LossPred 0.1488 LossAtt 0.5784 TrainAcc 0.9800 TestAcc 0.8946 0.9200
epoch 400 LossPred 0.0905 LossAtt 0.6287 TrainAcc 0.9900 TestAcc 0.9002 0.9400
epoch 500 LossPred 0.0560 LossAtt 0.6070 TrainAcc 1.0000 TestAcc 0.9044 0.9400
Optimization Finished!
********** replication  54  **********
epoch   0 LossPred 0.9085 LossAtt 1.0445 TrainAcc 0.6500 TestAcc 0.5993 0.6650
epoch 100 LossPred 0.2931 LossAtt 1.0755 TrainAcc 0.9300 TestAcc 0.9009 0.9000
epoch 200 LossPred 0.1103 LossAtt 0.6093 TrainAcc 0.9800 TestAcc 0.9484 0.9450
epoch 300 LossPred 0.0861 LossAtt 0.5025 TrainAcc 0.9800 TestAcc 0.9520 0.9450
epoch 400 LossPred 0.0568 LossAtt 0.4831 TrainAcc 0.9900 TestAcc 0.9512 0.9450
epoch 500 LossPred 0.0297 LossAtt 0.4500 TrainAcc 1.0000 TestAcc 0.9570 0.9450
Optimization Finished!
********** replication  55  **********
epoch   0 LossPred 1.0732 LossAtt 1.0218 TrainAcc 0.4300 TestAcc 0.5213 0.4700
epoch 100 LossPred 0.8605 LossAtt 0.7542 TrainAcc 0.7000 TestAcc 0.6184 0.6600
epoch 200 LossPred 0.2576 LossAtt 0.7584 TrainAcc 0.9400 TestAcc 0.8791 0.9250
epoch 300 LossPred 0.1412 LossAtt 0.5723 TrainAcc 0.9800 TestAcc 0.8771 0.9450
epoch 400 LossPred 0.1150 LossAtt 0.5084 TrainAcc 0.9900 TestAcc 0.8864 0.9450
epoch 500 LossPred 0.0766 LossAtt 0.5149 TrainAcc 1.0000 TestAcc 0.8781 0.9700
Optimization Finished!
********** replication  56  **********
epoch   0 LossPred 0.9443 LossAtt 1.0328 TrainAcc 0.5600 TestAcc 0.5511 0.6150
epoch 100 LossPred 0.2294 LossAtt 0.8857 TrainAcc 0.9400 TestAcc 0.9037 0.9300
epoch 200 LossPred 0.0701 LossAtt 0.5963 TrainAcc 0.9900 TestAcc 0.9179 0.9650
epoch 300 LossPred 0.0455 LossAtt 0.4853 TrainAcc 0.9900 TestAcc 0.9202 0.9650
epoch 400 LossPred 0.0291 LossAtt 0.4443 TrainAcc 1.0000 TestAcc 0.9174 0.9750
Optimization Finished!
********** replication  57  **********
epoch   0 LossPred 1.3055 LossAtt 1.0751 TrainAcc 0.4800 TestAcc 0.4194 0.4600
epoch 100 LossPred 0.8479 LossAtt 0.9220 TrainAcc 0.6600 TestAcc 0.5445 0.6700
epoch 200 LossPred 0.6384 LossAtt 1.3588 TrainAcc 0.7600 TestAcc 0.5233 0.7100
epoch 300 LossPred 0.4653 LossAtt 1.3188 TrainAcc 0.8600 TestAcc 0.5220 0.8300
epoch 400 LossPred 0.4036 LossAtt 1.2141 TrainAcc 0.8900 TestAcc 0.5305 0.8650
epoch 500 LossPred 0.3339 LossAtt 1.2575 TrainAcc 0.9100 TestAcc 0.5230 0.8550
epoch 600 LossPred 0.2641 LossAtt 0.9995 TrainAcc 0.9200 TestAcc 0.5250 0.8700
epoch 700 LossPred 0.2645 LossAtt 0.9879 TrainAcc 0.9200 TestAcc 0.5233 0.8750
epoch 800 LossPred 0.2189 LossAtt 0.9276 TrainAcc 0.9200 TestAcc 0.5303 0.8750
epoch 900 LossPred 0.2584 LossAtt 0.8324 TrainAcc 0.9200 TestAcc 0.5335 0.8900
epoch 1000 LossPred 0.1679 LossAtt 0.7932 TrainAcc 0.9500 TestAcc 0.5328 0.9100
epoch 1100 LossPred 0.1721 LossAtt 0.8516 TrainAcc 0.9500 TestAcc 0.5378 0.8700
epoch 1200 LossPred 0.1367 LossAtt 0.7926 TrainAcc 0.9700 TestAcc 0.5390 0.8950
epoch 1300 LossPred 0.1218 LossAtt 0.7933 TrainAcc 0.9700 TestAcc 0.5425 0.8850
epoch 1400 LossPred 0.1318 LossAtt 0.8232 TrainAcc 0.9800 TestAcc 0.5516 0.8900
epoch 1500 LossPred 0.1020 LossAtt 0.7249 TrainAcc 0.9700 TestAcc 0.5465 0.8700
epoch 1600 LossPred 0.0798 LossAtt 0.6787 TrainAcc 0.9900 TestAcc 0.5613 0.8650
epoch 1700 LossPred 0.0837 LossAtt 0.7931 TrainAcc 0.9900 TestAcc 0.5591 0.8550
epoch 1800 LossPred 0.0860 LossAtt 0.8237 TrainAcc 0.9700 TestAcc 0.5638 0.8750
epoch 1900 LossPred 0.0762 LossAtt 0.7526 TrainAcc 0.9900 TestAcc 0.5701 0.8750
epoch 2000 LossPred 0.0600 LossAtt 0.7285 TrainAcc 0.9900 TestAcc 0.5696 0.8600
epoch 2100 LossPred 0.0749 LossAtt 0.7820 TrainAcc 0.9900 TestAcc 0.5808 0.8600
epoch 2200 LossPred 0.0634 LossAtt 0.7176 TrainAcc 1.0000 TestAcc 0.5601 0.8600
Optimization Finished!
********** replication  58  **********
epoch   0 LossPred 1.0376 LossAtt 1.0281 TrainAcc 0.4900 TestAcc 0.5611 0.5100
epoch 100 LossPred 0.6678 LossAtt 0.8422 TrainAcc 0.7800 TestAcc 0.7510 0.7650
epoch 200 LossPred 0.2435 LossAtt 0.5275 TrainAcc 0.9100 TestAcc 0.9037 0.8650
epoch 300 LossPred 0.1364 LossAtt 0.5071 TrainAcc 0.9700 TestAcc 0.9377 0.9200
epoch 400 LossPred 0.0513 LossAtt 0.5057 TrainAcc 1.0000 TestAcc 0.9510 0.9450
Optimization Finished!
********** replication  59  **********
epoch   0 LossPred 1.3618 LossAtt 1.0339 TrainAcc 0.4100 TestAcc 0.4484 0.3700
epoch 100 LossPred 0.4115 LossAtt 0.9096 TrainAcc 0.9300 TestAcc 0.8871 0.9150
epoch 200 LossPred 0.0918 LossAtt 0.6210 TrainAcc 1.0000 TestAcc 0.9497 0.9200
Optimization Finished!
********** replication  60  **********
epoch   0 LossPred 0.9466 LossAtt 1.0287 TrainAcc 0.6300 TestAcc 0.5756 0.6100
epoch 100 LossPred 0.6139 LossAtt 1.4044 TrainAcc 0.8000 TestAcc 0.6942 0.8000
epoch 200 LossPred 0.1198 LossAtt 0.7800 TrainAcc 0.9800 TestAcc 0.8854 0.9350
epoch 300 LossPred 0.0865 LossAtt 0.6300 TrainAcc 0.9800 TestAcc 0.8904 0.9450
epoch 400 LossPred 0.0888 LossAtt 0.6192 TrainAcc 0.9800 TestAcc 0.8981 0.9450
epoch 500 LossPred 0.0480 LossAtt 0.5318 TrainAcc 0.9900 TestAcc 0.9092 0.9500
epoch 600 LossPred 0.0356 LossAtt 0.5093 TrainAcc 0.9900 TestAcc 0.9002 0.9500
epoch 700 LossPred 0.0281 LossAtt 0.4956 TrainAcc 1.0000 TestAcc 0.9099 0.9450
Optimization Finished!
********** replication  61  **********
epoch   0 LossPred 1.0387 LossAtt 1.0121 TrainAcc 0.4300 TestAcc 0.5145 0.4300
epoch 100 LossPred 0.5480 LossAtt 0.8560 TrainAcc 0.8300 TestAcc 0.7755 0.8100
epoch 200 LossPred 0.1405 LossAtt 0.6546 TrainAcc 0.9900 TestAcc 0.8964 0.9450
epoch 300 LossPred 0.0830 LossAtt 0.5408 TrainAcc 0.9900 TestAcc 0.9029 0.9550
epoch 400 LossPred 0.0559 LossAtt 0.5063 TrainAcc 0.9900 TestAcc 0.9104 0.9650
epoch 500 LossPred 0.0492 LossAtt 0.5159 TrainAcc 0.9900 TestAcc 0.9044 0.9700
epoch 600 LossPred 0.0330 LossAtt 0.4993 TrainAcc 1.0000 TestAcc 0.9119 0.9550
Optimization Finished!
********** replication  62  **********
epoch   0 LossPred 1.2177 LossAtt 1.0292 TrainAcc 0.4900 TestAcc 0.4850 0.4850
epoch 100 LossPred 0.8294 LossAtt 0.9506 TrainAcc 0.6600 TestAcc 0.6409 0.6700
epoch 200 LossPred 0.2375 LossAtt 0.8270 TrainAcc 0.9700 TestAcc 0.8111 0.9100
epoch 300 LossPred 0.1482 LossAtt 0.6206 TrainAcc 0.9600 TestAcc 0.8311 0.9300
epoch 400 LossPred 0.0892 LossAtt 0.6045 TrainAcc 0.9800 TestAcc 0.8586 0.9500
epoch 500 LossPred 0.0606 LossAtt 0.5468 TrainAcc 1.0000 TestAcc 0.8664 0.9650
Optimization Finished!
********** replication  63  **********
epoch   0 LossPred 1.0085 LossAtt 1.0114 TrainAcc 0.5400 TestAcc 0.5498 0.5500
epoch 100 LossPred 0.9332 LossAtt 0.6391 TrainAcc 0.6100 TestAcc 0.5603 0.6050
epoch 200 LossPred 0.5870 LossAtt 2.2509 TrainAcc 0.8300 TestAcc 0.6451 0.8050
epoch 300 LossPred 0.3588 LossAtt 0.9641 TrainAcc 0.9200 TestAcc 0.8058 0.8800
epoch 400 LossPred 0.2464 LossAtt 0.8703 TrainAcc 0.9600 TestAcc 0.8328 0.9000
epoch 500 LossPred 0.1523 LossAtt 0.7182 TrainAcc 0.9700 TestAcc 0.8771 0.8800
epoch 600 LossPred 0.1151 LossAtt 0.6844 TrainAcc 0.9700 TestAcc 0.8779 0.8950
epoch 700 LossPred 0.0804 LossAtt 0.6875 TrainAcc 0.9800 TestAcc 0.8761 0.9200
epoch 800 LossPred 0.0607 LossAtt 0.6600 TrainAcc 0.9900 TestAcc 0.8834 0.9250
epoch 900 LossPred 0.0494 LossAtt 0.6514 TrainAcc 0.9900 TestAcc 0.8821 0.9300
epoch 1000 LossPred 0.0397 LossAtt 0.6398 TrainAcc 1.0000 TestAcc 0.8839 0.9300
Optimization Finished!
********** replication  64  **********
epoch   0 LossPred 1.0626 LossAtt 1.0315 TrainAcc 0.4900 TestAcc 0.4627 0.4750
epoch 100 LossPred 0.7105 LossAtt 0.7184 TrainAcc 0.7900 TestAcc 0.6854 0.7650
epoch 200 LossPred 0.1787 LossAtt 0.6371 TrainAcc 0.9800 TestAcc 0.9780 0.9500
epoch 300 LossPred 0.0480 LossAtt 0.5263 TrainAcc 1.0000 TestAcc 0.9910 0.9850
Optimization Finished!
********** replication  65  **********
epoch   0 LossPred 0.9833 LossAtt 1.0224 TrainAcc 0.5900 TestAcc 0.5946 0.5750
epoch 100 LossPred 0.2925 LossAtt 0.7344 TrainAcc 0.9400 TestAcc 0.9064 0.8900
epoch 200 LossPred 0.0819 LossAtt 0.4919 TrainAcc 0.9900 TestAcc 0.9312 0.9350
epoch 300 LossPred 0.0480 LossAtt 0.4537 TrainAcc 0.9900 TestAcc 0.9434 0.9400
epoch 400 LossPred 0.0325 LossAtt 0.4566 TrainAcc 1.0000 TestAcc 0.9457 0.9500
Optimization Finished!
********** replication  66  **********
epoch   0 LossPred 0.9535 LossAtt 1.0601 TrainAcc 0.6200 TestAcc 0.5616 0.5750
epoch 100 LossPred 0.6663 LossAtt 1.0638 TrainAcc 0.7700 TestAcc 0.7177 0.7650
epoch 200 LossPred 0.2607 LossAtt 0.5980 TrainAcc 0.9300 TestAcc 0.9592 0.9200
epoch 300 LossPred 0.0843 LossAtt 0.5837 TrainAcc 0.9900 TestAcc 0.9907 0.9300
epoch 400 LossPred 0.0631 LossAtt 0.4697 TrainAcc 0.9900 TestAcc 0.9885 0.9350
epoch 500 LossPred 0.0696 LossAtt 0.4309 TrainAcc 0.9900 TestAcc 0.9897 0.9350
epoch 600 LossPred 0.0448 LossAtt 0.4123 TrainAcc 0.9900 TestAcc 0.9897 0.9450
epoch 700 LossPred 0.0474 LossAtt 0.4266 TrainAcc 0.9900 TestAcc 0.9940 0.9400
epoch 800 LossPred 0.0363 LossAtt 0.3830 TrainAcc 0.9900 TestAcc 0.9927 0.9450
epoch 900 LossPred 0.0465 LossAtt 0.3894 TrainAcc 0.9900 TestAcc 0.9872 0.9300
epoch 1000 LossPred 0.0302 LossAtt 0.3523 TrainAcc 0.9900 TestAcc 0.9952 0.9400
epoch 1100 LossPred 0.0126 LossAtt 0.3449 TrainAcc 1.0000 TestAcc 0.9987 0.9450
Optimization Finished!
********** replication  67  **********
epoch   0 LossPred 1.1834 LossAtt 1.0220 TrainAcc 0.4000 TestAcc 0.4505 0.3950
epoch 100 LossPred 0.8046 LossAtt 0.6599 TrainAcc 0.6900 TestAcc 0.5936 0.7000
epoch 200 LossPred 0.2421 LossAtt 0.6917 TrainAcc 0.9600 TestAcc 0.9349 0.9250
epoch 300 LossPred 0.0981 LossAtt 0.6798 TrainAcc 1.0000 TestAcc 0.9387 0.9450
Optimization Finished!
********** replication  68  **********
epoch   0 LossPred 0.9562 LossAtt 1.0310 TrainAcc 0.5700 TestAcc 0.5841 0.5650
epoch 100 LossPred 0.3183 LossAtt 1.0951 TrainAcc 0.8900 TestAcc 0.8946 0.8850
epoch 200 LossPred 0.0816 LossAtt 0.7619 TrainAcc 0.9900 TestAcc 0.9537 0.9350
epoch 300 LossPred 0.0397 LossAtt 0.6115 TrainAcc 1.0000 TestAcc 0.9474 0.9450
Optimization Finished!
********** replication  69  **********
epoch   0 LossPred 1.0555 LossAtt 1.0098 TrainAcc 0.4100 TestAcc 0.4742 0.4200
epoch 100 LossPred 0.4398 LossAtt 1.2740 TrainAcc 0.9300 TestAcc 0.8706 0.9050
epoch 200 LossPred 0.1372 LossAtt 0.7332 TrainAcc 0.9800 TestAcc 0.9209 0.9200
epoch 300 LossPred 0.0602 LossAtt 0.6693 TrainAcc 1.0000 TestAcc 0.9497 0.9300
Optimization Finished!
********** replication  70  **********
epoch   0 LossPred 1.1074 LossAtt 1.0128 TrainAcc 0.4300 TestAcc 0.4282 0.4050
epoch 100 LossPred 0.8601 LossAtt 0.8043 TrainAcc 0.6800 TestAcc 0.6697 0.6200
epoch 200 LossPred 0.1772 LossAtt 0.6401 TrainAcc 0.9700 TestAcc 0.9087 0.8950
epoch 300 LossPred 0.0797 LossAtt 0.4929 TrainAcc 0.9900 TestAcc 0.9172 0.9050
epoch 400 LossPred 0.0504 LossAtt 0.4250 TrainAcc 0.9900 TestAcc 0.9257 0.9050
epoch 500 LossPred 0.0443 LossAtt 0.4033 TrainAcc 0.9900 TestAcc 0.9359 0.9200
epoch 600 LossPred 0.0361 LossAtt 0.3409 TrainAcc 0.9900 TestAcc 0.9224 0.9050
epoch 700 LossPred 0.0315 LossAtt 0.3398 TrainAcc 0.9900 TestAcc 0.9292 0.9050
epoch 800 LossPred 0.0286 LossAtt 0.3379 TrainAcc 0.9900 TestAcc 0.9127 0.8950
epoch 900 LossPred 0.0278 LossAtt 0.3125 TrainAcc 0.9900 TestAcc 0.9302 0.9100
epoch 1000 LossPred 0.0252 LossAtt 0.3188 TrainAcc 0.9900 TestAcc 0.9157 0.9050
epoch 1100 LossPred 0.0251 LossAtt 0.3097 TrainAcc 0.9900 TestAcc 0.9287 0.9050
epoch 1200 LossPred 0.0245 LossAtt 0.2993 TrainAcc 0.9900 TestAcc 0.9164 0.9050
epoch 1300 LossPred 0.0247 LossAtt 0.3170 TrainAcc 0.9900 TestAcc 0.9192 0.9100
epoch 1400 LossPred 0.0250 LossAtt 0.3043 TrainAcc 0.9900 TestAcc 0.9227 0.9100
epoch 1500 LossPred 0.0237 LossAtt 0.3172 TrainAcc 0.9900 TestAcc 0.9102 0.8950
epoch 1600 LossPred 0.0228 LossAtt 0.2965 TrainAcc 0.9900 TestAcc 0.9252 0.9250
epoch 1700 LossPred 0.0239 LossAtt 0.2911 TrainAcc 0.9900 TestAcc 0.9179 0.9200
epoch 1800 LossPred 0.0247 LossAtt 0.3306 TrainAcc 0.9900 TestAcc 0.9034 0.9050
epoch 1900 LossPred 0.0237 LossAtt 0.3415 TrainAcc 0.9900 TestAcc 0.9224 0.9300
epoch 2000 LossPred 0.0221 LossAtt 0.2963 TrainAcc 1.0000 TestAcc 0.9282 0.9150
Optimization Finished!
********** replication  71  **********
epoch   0 LossPred 0.9960 LossAtt 0.9984 TrainAcc 0.5400 TestAcc 0.5220 0.5500
epoch 100 LossPred 0.8676 LossAtt 0.9566 TrainAcc 0.6800 TestAcc 0.5618 0.6750
epoch 200 LossPred 0.1791 LossAtt 0.7011 TrainAcc 0.9800 TestAcc 0.8656 0.9450
epoch 300 LossPred 0.0869 LossAtt 0.6431 TrainAcc 0.9900 TestAcc 0.8704 0.9450
epoch 400 LossPred 0.0550 LossAtt 0.5685 TrainAcc 0.9900 TestAcc 0.8744 0.9450
epoch 500 LossPred 0.0425 LossAtt 0.5352 TrainAcc 0.9900 TestAcc 0.8739 0.9500
epoch 600 LossPred 0.0361 LossAtt 0.5050 TrainAcc 0.9900 TestAcc 0.8706 0.9500
epoch 700 LossPred 0.0311 LossAtt 0.4912 TrainAcc 0.9900 TestAcc 0.8686 0.9500
epoch 800 LossPred 0.0357 LossAtt 0.5368 TrainAcc 1.0000 TestAcc 0.8684 0.9600
Optimization Finished!
********** replication  72  **********
epoch   0 LossPred 1.1474 LossAtt 1.0440 TrainAcc 0.4100 TestAcc 0.4097 0.4500
epoch 100 LossPred 0.7906 LossAtt 0.8670 TrainAcc 0.7400 TestAcc 0.6341 0.7100
epoch 200 LossPred 0.1782 LossAtt 0.7153 TrainAcc 0.9800 TestAcc 0.9434 0.9450
epoch 300 LossPred 0.0713 LossAtt 0.6237 TrainAcc 1.0000 TestAcc 0.9447 0.9800
Optimization Finished!
********** replication  73  **********
epoch   0 LossPred 0.9833 LossAtt 1.0367 TrainAcc 0.6300 TestAcc 0.5956 0.6100
epoch 100 LossPred 0.7877 LossAtt 0.6999 TrainAcc 0.7100 TestAcc 0.6326 0.7050
epoch 200 LossPred 0.2586 LossAtt 0.6431 TrainAcc 0.9200 TestAcc 0.8341 0.8800
epoch 300 LossPred 0.1870 LossAtt 0.4900 TrainAcc 0.9600 TestAcc 0.8659 0.9050
epoch 400 LossPred 0.0597 LossAtt 0.5607 TrainAcc 0.9900 TestAcc 0.9284 0.9450
epoch 500 LossPred 0.0136 LossAtt 0.4958 TrainAcc 1.0000 TestAcc 0.9540 0.9650
Optimization Finished!
********** replication  74  **********
epoch   0 LossPred 1.0022 LossAtt 1.0701 TrainAcc 0.6000 TestAcc 0.5693 0.5850
epoch 100 LossPred 0.2700 LossAtt 1.3709 TrainAcc 0.9400 TestAcc 0.8991 0.9100
epoch 200 LossPred 0.0968 LossAtt 0.7886 TrainAcc 0.9900 TestAcc 0.9555 0.9500
epoch 300 LossPred 0.0433 LossAtt 0.6699 TrainAcc 1.0000 TestAcc 0.9627 0.9450
Optimization Finished!
********** replication  75  **********
epoch   0 LossPred 1.0233 LossAtt 1.0516 TrainAcc 0.4900 TestAcc 0.5353 0.4850
epoch 100 LossPred 0.5526 LossAtt 1.2193 TrainAcc 0.8500 TestAcc 0.8423 0.8450
epoch 200 LossPred 0.1824 LossAtt 0.7534 TrainAcc 0.9500 TestAcc 0.9204 0.9450
epoch 300 LossPred 0.1033 LossAtt 0.6161 TrainAcc 0.9800 TestAcc 0.9139 0.9500
epoch 400 LossPred 0.0823 LossAtt 0.5320 TrainAcc 0.9800 TestAcc 0.9147 0.9600
epoch 500 LossPred 0.0696 LossAtt 0.5236 TrainAcc 0.9900 TestAcc 0.9214 0.9650
epoch 600 LossPred 0.1304 LossAtt 0.5175 TrainAcc 0.9500 TestAcc 0.9182 0.9150
epoch 700 LossPred 0.0355 LossAtt 0.4910 TrainAcc 0.9900 TestAcc 0.9289 0.9600
epoch 800 LossPred 0.0289 LossAtt 0.4770 TrainAcc 1.0000 TestAcc 0.9367 0.9500
Optimization Finished!
********** replication  76  **********
epoch   0 LossPred 1.2350 LossAtt 1.0878 TrainAcc 0.4600 TestAcc 0.4187 0.5350
epoch 100 LossPred 0.6278 LossAtt 1.1093 TrainAcc 0.8400 TestAcc 0.8213 0.8350
epoch 200 LossPred 0.3195 LossAtt 0.6814 TrainAcc 0.9000 TestAcc 0.8971 0.8850
epoch 300 LossPred 0.1891 LossAtt 0.5970 TrainAcc 0.9600 TestAcc 0.9174 0.9150
epoch 400 LossPred 0.1126 LossAtt 0.6226 TrainAcc 0.9800 TestAcc 0.9585 0.9500
epoch 500 LossPred 0.0839 LossAtt 0.5492 TrainAcc 0.9800 TestAcc 0.9597 0.9500
epoch 600 LossPred 0.0606 LossAtt 0.5511 TrainAcc 1.0000 TestAcc 0.9522 0.9450
Optimization Finished!
********** replication  77  **********
epoch   0 LossPred 1.0482 LossAtt 1.0368 TrainAcc 0.4900 TestAcc 0.5058 0.4900
epoch 100 LossPred 0.5907 LossAtt 1.0118 TrainAcc 0.8600 TestAcc 0.8168 0.8550
epoch 200 LossPred 0.1562 LossAtt 0.6754 TrainAcc 0.9800 TestAcc 0.9327 0.9350
epoch 300 LossPred 0.0645 LossAtt 0.6323 TrainAcc 0.9900 TestAcc 0.9527 0.9450
epoch 400 LossPred 0.0523 LossAtt 0.5408 TrainAcc 0.9900 TestAcc 0.9722 0.9550
epoch 500 LossPred 0.0468 LossAtt 0.5288 TrainAcc 0.9900 TestAcc 0.9567 0.9500
epoch 600 LossPred 0.0365 LossAtt 0.5196 TrainAcc 0.9900 TestAcc 0.9550 0.9550
epoch 700 LossPred 0.0283 LossAtt 0.5210 TrainAcc 1.0000 TestAcc 0.9525 0.9400
Optimization Finished!
********** replication  78  **********
epoch   0 LossPred 0.9343 LossAtt 1.0128 TrainAcc 0.5900 TestAcc 0.5113 0.6000
epoch 100 LossPred 0.3972 LossAtt 0.8574 TrainAcc 0.8900 TestAcc 0.8619 0.8900
epoch 200 LossPred 0.3173 LossAtt 0.5130 TrainAcc 0.9100 TestAcc 0.9019 0.8650
epoch 300 LossPred 0.1967 LossAtt 0.4308 TrainAcc 0.9200 TestAcc 0.8811 0.9300
epoch 400 LossPred 0.1719 LossAtt 0.3977 TrainAcc 0.9400 TestAcc 0.8664 0.9250
epoch 500 LossPred 0.1952 LossAtt 0.3656 TrainAcc 0.9400 TestAcc 0.8836 0.9100
epoch 600 LossPred 0.1500 LossAtt 0.3567 TrainAcc 0.9500 TestAcc 0.9029 0.9300
epoch 700 LossPred 0.1750 LossAtt 0.4495 TrainAcc 0.9400 TestAcc 0.9177 0.9250
epoch 800 LossPred 0.1187 LossAtt 0.3055 TrainAcc 0.9600 TestAcc 0.8844 0.9350
epoch 900 LossPred 0.0826 LossAtt 0.2773 TrainAcc 0.9800 TestAcc 0.9012 0.9450
epoch 1000 LossPred 0.1485 LossAtt 0.3577 TrainAcc 0.9400 TestAcc 0.9472 0.9600
epoch 1100 LossPred 0.1217 LossAtt 0.2763 TrainAcc 0.9800 TestAcc 0.9054 0.9700
epoch 1200 LossPred 0.0952 LossAtt 0.2855 TrainAcc 0.9700 TestAcc 0.9389 0.9600
epoch 1300 LossPred 0.0671 LossAtt 0.2632 TrainAcc 0.9900 TestAcc 0.9214 0.9850
epoch 1400 LossPred 0.1373 LossAtt 0.3282 TrainAcc 0.9600 TestAcc 0.9372 0.9500
epoch 1500 LossPred 0.0610 LossAtt 0.2575 TrainAcc 0.9900 TestAcc 0.9217 0.9850
epoch 1600 LossPred 0.0514 LossAtt 0.2581 TrainAcc 0.9900 TestAcc 0.9219 0.9900
epoch 1700 LossPred 0.6693 LossAtt 0.4078 TrainAcc 0.7900 TestAcc 0.7728 0.8100
epoch 1800 LossPred 0.2760 LossAtt 0.3600 TrainAcc 0.9000 TestAcc 0.9057 0.9100
epoch 1900 LossPred 0.1040 LossAtt 0.2840 TrainAcc 0.9700 TestAcc 0.8889 0.9750
epoch 2000 LossPred 0.0581 LossAtt 0.2674 TrainAcc 0.9900 TestAcc 0.9172 0.9900
epoch 2100 LossPred 0.0462 LossAtt 0.2529 TrainAcc 0.9900 TestAcc 0.9139 0.9850
epoch 2200 LossPred 0.2492 LossAtt 0.2783 TrainAcc 0.9300 TestAcc 0.9402 0.9250
epoch 2300 LossPred 0.0369 LossAtt 0.2646 TrainAcc 1.0000 TestAcc 0.9142 0.9900
Optimization Finished!
********** replication  79  **********
epoch   0 LossPred 1.4112 LossAtt 1.0408 TrainAcc 0.3800 TestAcc 0.3904 0.3350
epoch 100 LossPred 0.8112 LossAtt 0.8685 TrainAcc 0.7100 TestAcc 0.5581 0.7000
epoch 200 LossPred 0.3034 LossAtt 0.9792 TrainAcc 0.9400 TestAcc 0.8786 0.8700
epoch 300 LossPred 0.1333 LossAtt 0.8682 TrainAcc 0.9900 TestAcc 0.8989 0.9100
epoch 400 LossPred 0.0629 LossAtt 0.7880 TrainAcc 1.0000 TestAcc 0.9072 0.9300
Optimization Finished!
********** replication  80  **********
epoch   0 LossPred 1.1224 LossAtt 1.0374 TrainAcc 0.5100 TestAcc 0.4169 0.5450
epoch 100 LossPred 0.8828 LossAtt 0.7277 TrainAcc 0.6800 TestAcc 0.6024 0.6500
epoch 200 LossPred 0.4540 LossAtt 0.9094 TrainAcc 0.8900 TestAcc 0.8181 0.8650
epoch 300 LossPred 0.1425 LossAtt 0.5953 TrainAcc 0.9800 TestAcc 0.9169 0.9250
epoch 400 LossPred 0.1352 LossAtt 0.5286 TrainAcc 0.9700 TestAcc 0.9077 0.9050
epoch 500 LossPred 0.0797 LossAtt 0.5094 TrainAcc 0.9900 TestAcc 0.9332 0.9400
epoch 600 LossPred 0.0710 LossAtt 0.4557 TrainAcc 0.9900 TestAcc 0.9439 0.9150
epoch 700 LossPred 0.0611 LossAtt 0.4617 TrainAcc 0.9900 TestAcc 0.9389 0.9250
epoch 800 LossPred 0.0409 LossAtt 0.4493 TrainAcc 1.0000 TestAcc 0.9184 0.9750
Optimization Finished!
********** replication  81  **********
epoch   0 LossPred 0.9922 LossAtt 1.0368 TrainAcc 0.5100 TestAcc 0.4975 0.5100
epoch 100 LossPred 0.5223 LossAtt 1.0078 TrainAcc 0.8300 TestAcc 0.8011 0.8100
epoch 200 LossPred 0.1599 LossAtt 0.7014 TrainAcc 0.9800 TestAcc 0.9179 0.9200
epoch 300 LossPred 0.0694 LossAtt 0.6063 TrainAcc 1.0000 TestAcc 0.9517 0.9250
Optimization Finished!
********** replication  82  **********
epoch   0 LossPred 1.0321 LossAtt 1.0248 TrainAcc 0.5100 TestAcc 0.5551 0.4850
epoch 100 LossPred 0.3366 LossAtt 0.7807 TrainAcc 0.9400 TestAcc 0.8751 0.8850
epoch 200 LossPred 0.1850 LossAtt 0.5263 TrainAcc 0.9800 TestAcc 0.8964 0.9150
epoch 300 LossPred 0.1040 LossAtt 0.4642 TrainAcc 1.0000 TestAcc 0.8994 0.9300
Optimization Finished!
********** replication  83  **********
epoch   0 LossPred 1.1370 LossAtt 1.0382 TrainAcc 0.3700 TestAcc 0.4359 0.3650
epoch 100 LossPred 0.4009 LossAtt 0.9836 TrainAcc 0.9200 TestAcc 0.8338 0.8950
epoch 200 LossPred 0.1414 LossAtt 0.6888 TrainAcc 1.0000 TestAcc 0.8929 0.9600
Optimization Finished!
********** replication  84  **********
epoch   0 LossPred 1.2091 LossAtt 1.0378 TrainAcc 0.4600 TestAcc 0.4374 0.4600
epoch 100 LossPred 0.8395 LossAtt 0.8020 TrainAcc 0.6500 TestAcc 0.5978 0.6500
epoch 200 LossPred 0.2550 LossAtt 0.6089 TrainAcc 0.9500 TestAcc 0.8884 0.9200
epoch 300 LossPred 0.1494 LossAtt 0.5868 TrainAcc 0.9700 TestAcc 0.9074 0.9550
epoch 400 LossPred 0.1024 LossAtt 0.5541 TrainAcc 0.9900 TestAcc 0.9227 0.9800
epoch 500 LossPred 0.0785 LossAtt 0.4963 TrainAcc 0.9900 TestAcc 0.9282 0.9700
epoch 600 LossPred 0.0643 LossAtt 0.4865 TrainAcc 0.9900 TestAcc 0.9187 0.9700
epoch 700 LossPred 0.0613 LossAtt 0.4942 TrainAcc 1.0000 TestAcc 0.9217 0.9650
Optimization Finished!
********** replication  85  **********
epoch   0 LossPred 1.0539 LossAtt 1.0210 TrainAcc 0.4700 TestAcc 0.4917 0.4600
epoch 100 LossPred 0.5930 LossAtt 0.8332 TrainAcc 0.8900 TestAcc 0.8586 0.8150
epoch 200 LossPred 0.1706 LossAtt 0.6156 TrainAcc 0.9600 TestAcc 0.9602 0.8950
epoch 300 LossPred 0.0850 LossAtt 0.5221 TrainAcc 0.9900 TestAcc 0.9742 0.9050
epoch 400 LossPred 0.0703 LossAtt 0.4404 TrainAcc 0.9900 TestAcc 0.9725 0.9100
epoch 500 LossPred 0.0611 LossAtt 0.4703 TrainAcc 0.9900 TestAcc 0.9697 0.9200
epoch 600 LossPred 0.0435 LossAtt 0.4035 TrainAcc 0.9900 TestAcc 0.9772 0.9300
epoch 700 LossPred 0.0377 LossAtt 0.3785 TrainAcc 0.9900 TestAcc 0.9762 0.9300
epoch 800 LossPred 0.0358 LossAtt 0.3864 TrainAcc 0.9900 TestAcc 0.9720 0.9400
epoch 900 LossPred 0.0330 LossAtt 0.3770 TrainAcc 1.0000 TestAcc 0.9862 0.9600
Optimization Finished!
********** replication  86  **********
epoch   0 LossPred 1.0236 LossAtt 1.0068 TrainAcc 0.4300 TestAcc 0.4775 0.4250
epoch 100 LossPred 0.7822 LossAtt 0.6904 TrainAcc 0.7100 TestAcc 0.5688 0.7100
epoch 200 LossPred 0.5760 LossAtt 1.1921 TrainAcc 0.8000 TestAcc 0.7325 0.7850
epoch 300 LossPred 0.0940 LossAtt 0.6801 TrainAcc 1.0000 TestAcc 0.8899 0.9600
Optimization Finished!
********** replication  87  **********
epoch   0 LossPred 1.1642 LossAtt 1.0439 TrainAcc 0.5100 TestAcc 0.5033 0.5050
epoch 100 LossPred 0.8313 LossAtt 1.1648 TrainAcc 0.6900 TestAcc 0.6994 0.6600
epoch 200 LossPred 0.2359 LossAtt 0.6914 TrainAcc 0.9600 TestAcc 0.8876 0.8800
epoch 300 LossPred 0.1482 LossAtt 0.5430 TrainAcc 0.9700 TestAcc 0.8774 0.8950
epoch 400 LossPred 0.1399 LossAtt 0.5204 TrainAcc 0.9700 TestAcc 0.8831 0.9200
epoch 500 LossPred 0.1420 LossAtt 0.4651 TrainAcc 0.9700 TestAcc 0.8821 0.9100
epoch 600 LossPred 0.1399 LossAtt 0.4579 TrainAcc 0.9700 TestAcc 0.8801 0.9150
epoch 700 LossPred 0.1432 LossAtt 0.4642 TrainAcc 0.9700 TestAcc 0.8794 0.9100
epoch 800 LossPred 0.1285 LossAtt 0.4245 TrainAcc 0.9700 TestAcc 0.8784 0.9200
epoch 900 LossPred 0.1363 LossAtt 0.4283 TrainAcc 0.9700 TestAcc 0.8829 0.9250
epoch 1000 LossPred 0.1294 LossAtt 0.4377 TrainAcc 0.9700 TestAcc 0.8869 0.9150
epoch 1100 LossPred 0.1158 LossAtt 0.4338 TrainAcc 0.9700 TestAcc 0.8844 0.9250
epoch 1200 LossPred 0.1070 LossAtt 0.4455 TrainAcc 0.9700 TestAcc 0.8864 0.9300
epoch 1300 LossPred 0.0960 LossAtt 0.4189 TrainAcc 0.9800 TestAcc 0.8911 0.9450
epoch 1400 LossPred 0.1074 LossAtt 0.4343 TrainAcc 0.9700 TestAcc 0.8869 0.9100
epoch 1500 LossPred 0.0856 LossAtt 0.3779 TrainAcc 0.9800 TestAcc 0.8871 0.9350
epoch 1600 LossPred 0.1010 LossAtt 0.3572 TrainAcc 0.9700 TestAcc 0.8856 0.9300
epoch 1700 LossPred 0.0875 LossAtt 0.3746 TrainAcc 0.9800 TestAcc 0.8861 0.9400
epoch 1800 LossPred 0.0822 LossAtt 0.3462 TrainAcc 0.9800 TestAcc 0.8916 0.9500
epoch 1900 LossPred 0.1127 LossAtt 0.3961 TrainAcc 0.9700 TestAcc 0.8779 0.9400
epoch 2000 LossPred 0.0707 LossAtt 0.3569 TrainAcc 0.9800 TestAcc 0.8989 0.9450
epoch 2100 LossPred 0.0544 LossAtt 0.3890 TrainAcc 0.9900 TestAcc 0.9004 0.9600
epoch 2200 LossPred 0.1040 LossAtt 0.4043 TrainAcc 0.9700 TestAcc 0.8846 0.9200
epoch 2300 LossPred 0.0216 LossAtt 0.3770 TrainAcc 1.0000 TestAcc 0.9109 0.9500
Optimization Finished!
********** replication  88  **********
epoch   0 LossPred 1.0335 LossAtt 1.0170 TrainAcc 0.5300 TestAcc 0.4254 0.5200
epoch 100 LossPred 0.2039 LossAtt 0.9362 TrainAcc 0.9800 TestAcc 0.9347 0.9400
epoch 200 LossPred 0.0760 LossAtt 0.6434 TrainAcc 1.0000 TestAcc 0.9575 0.9750
Optimization Finished!
********** replication  89  **********
epoch   0 LossPred 1.0841 LossAtt 1.0244 TrainAcc 0.3200 TestAcc 0.3984 0.3200
epoch 100 LossPred 0.8486 LossAtt 0.6586 TrainAcc 0.6800 TestAcc 0.6016 0.6800
epoch 200 LossPred 0.5202 LossAtt 0.7660 TrainAcc 0.8300 TestAcc 0.8446 0.8050
epoch 300 LossPred 0.3775 LossAtt 0.4503 TrainAcc 0.8800 TestAcc 0.8809 0.8850
epoch 400 LossPred 0.2012 LossAtt 0.4270 TrainAcc 0.9600 TestAcc 0.9232 0.9200
epoch 500 LossPred 0.2415 LossAtt 0.3918 TrainAcc 0.9100 TestAcc 0.9387 0.9100
epoch 600 LossPred 0.0902 LossAtt 0.3774 TrainAcc 0.9900 TestAcc 0.9607 0.9500
epoch 700 LossPred 0.0446 LossAtt 0.3767 TrainAcc 1.0000 TestAcc 0.9520 0.9600
Optimization Finished!
********** replication  90  **********
epoch   0 LossPred 1.0190 LossAtt 1.0389 TrainAcc 0.5000 TestAcc 0.5701 0.5000
epoch 100 LossPred 0.6910 LossAtt 1.2659 TrainAcc 0.7800 TestAcc 0.7200 0.7700
epoch 200 LossPred 0.3240 LossAtt 0.7219 TrainAcc 0.9300 TestAcc 0.8601 0.9200
epoch 300 LossPred 0.1562 LossAtt 0.6799 TrainAcc 0.9800 TestAcc 0.9207 0.9650
epoch 400 LossPred 0.0829 LossAtt 0.6013 TrainAcc 1.0000 TestAcc 0.8879 0.9850
Optimization Finished!
********** replication  91  **********
epoch   0 LossPred 1.0832 LossAtt 1.0666 TrainAcc 0.3800 TestAcc 0.5070 0.4650
epoch 100 LossPred 0.7947 LossAtt 0.7762 TrainAcc 0.7200 TestAcc 0.6474 0.7300
epoch 200 LossPred 0.1704 LossAtt 0.5405 TrainAcc 0.9800 TestAcc 0.9199 0.9150
epoch 300 LossPred 0.1020 LossAtt 0.4664 TrainAcc 1.0000 TestAcc 0.9222 0.8950
Optimization Finished!
********** replication  92  **********
epoch   0 LossPred 1.1163 LossAtt 1.0442 TrainAcc 0.5000 TestAcc 0.5455 0.5100
epoch 100 LossPred 0.8224 LossAtt 0.7841 TrainAcc 0.7000 TestAcc 0.6401 0.6950
epoch 200 LossPred 0.1781 LossAtt 0.5677 TrainAcc 0.9600 TestAcc 0.8964 0.9400
epoch 300 LossPred 0.0911 LossAtt 0.4822 TrainAcc 0.9900 TestAcc 0.9277 0.9500
epoch 400 LossPred 0.1288 LossAtt 0.4662 TrainAcc 0.9600 TestAcc 0.9394 0.9250
epoch 500 LossPred 0.0667 LossAtt 0.4505 TrainAcc 0.9900 TestAcc 0.9164 0.9350
epoch 600 LossPred 0.0695 LossAtt 0.4730 TrainAcc 0.9900 TestAcc 0.9304 0.9150
epoch 700 LossPred 0.0601 LossAtt 0.4102 TrainAcc 0.9900 TestAcc 0.9272 0.9400
epoch 800 LossPred 0.0540 LossAtt 0.4197 TrainAcc 0.9900 TestAcc 0.9249 0.9400
epoch 900 LossPred 0.0513 LossAtt 0.4307 TrainAcc 0.9900 TestAcc 0.9269 0.9400
epoch 1000 LossPred 0.0459 LossAtt 0.4362 TrainAcc 0.9900 TestAcc 0.9234 0.9550
epoch 1100 LossPred 0.0455 LossAtt 0.3992 TrainAcc 0.9900 TestAcc 0.9142 0.9400
epoch 1200 LossPred 0.0449 LossAtt 0.3983 TrainAcc 0.9900 TestAcc 0.9042 0.9400
epoch 1300 LossPred 0.0436 LossAtt 0.3755 TrainAcc 0.9900 TestAcc 0.9057 0.9550
epoch 1400 LossPred 0.0423 LossAtt 0.3732 TrainAcc 0.9900 TestAcc 0.9114 0.9500
epoch 1500 LossPred 0.0442 LossAtt 0.4122 TrainAcc 0.9900 TestAcc 0.9032 0.9550
epoch 1600 LossPred 0.0438 LossAtt 0.3856 TrainAcc 0.9900 TestAcc 0.9064 0.9600
epoch 1700 LossPred 0.0429 LossAtt 0.3816 TrainAcc 0.9900 TestAcc 0.9049 0.9600
epoch 1800 LossPred 0.0409 LossAtt 0.3445 TrainAcc 0.9900 TestAcc 0.9092 0.9550
epoch 1900 LossPred 0.0405 LossAtt 0.3469 TrainAcc 0.9900 TestAcc 0.9077 0.9500
epoch 2000 LossPred 0.0402 LossAtt 0.3468 TrainAcc 0.9900 TestAcc 0.9082 0.9500
epoch 2100 LossPred 0.0401 LossAtt 0.3380 TrainAcc 0.9900 TestAcc 0.9049 0.9500
epoch 2200 LossPred 0.0954 LossAtt 0.4134 TrainAcc 0.9700 TestAcc 0.9424 0.9350
epoch 2300 LossPred 0.0033 LossAtt 0.4217 TrainAcc 1.0000 TestAcc 0.9297 0.9600
Optimization Finished!
********** replication  93  **********
epoch   0 LossPred 1.2492 LossAtt 1.0172 TrainAcc 0.3800 TestAcc 0.4567 0.3950
epoch 100 LossPred 0.9067 LossAtt 0.5560 TrainAcc 0.6200 TestAcc 0.5696 0.6100
epoch 200 LossPred 0.3934 LossAtt 0.6676 TrainAcc 0.9100 TestAcc 0.8871 0.8800
epoch 300 LossPred 0.1472 LossAtt 0.6436 TrainAcc 0.9800 TestAcc 0.9297 0.9400
epoch 400 LossPred 0.1006 LossAtt 0.6141 TrainAcc 0.9900 TestAcc 0.9334 0.9400
epoch 500 LossPred 0.0731 LossAtt 0.7096 TrainAcc 0.9900 TestAcc 0.9152 0.9550
epoch 600 LossPred 0.0654 LossAtt 0.6073 TrainAcc 0.9900 TestAcc 0.9212 0.9450
epoch 700 LossPred 0.0577 LossAtt 0.5749 TrainAcc 0.9900 TestAcc 0.9217 0.9500
epoch 800 LossPred 0.0527 LossAtt 0.5413 TrainAcc 0.9900 TestAcc 0.9099 0.9450
epoch 900 LossPred 0.0508 LossAtt 0.5381 TrainAcc 0.9900 TestAcc 0.9097 0.9450
epoch 1000 LossPred 0.0490 LossAtt 0.5187 TrainAcc 0.9900 TestAcc 0.9097 0.9500
epoch 1100 LossPred 0.0465 LossAtt 0.5605 TrainAcc 0.9900 TestAcc 0.9077 0.9450
epoch 1200 LossPred 0.0454 LossAtt 0.5357 TrainAcc 0.9900 TestAcc 0.9054 0.9450
epoch 1300 LossPred 0.0453 LossAtt 0.5310 TrainAcc 0.9900 TestAcc 0.9112 0.9450
epoch 1400 LossPred 0.0449 LossAtt 0.5063 TrainAcc 0.9900 TestAcc 0.9097 0.9550
epoch 1500 LossPred 0.0438 LossAtt 0.4866 TrainAcc 0.9900 TestAcc 0.9097 0.9550
epoch 1600 LossPred 0.0433 LossAtt 0.4970 TrainAcc 0.9900 TestAcc 0.9149 0.9500
epoch 1700 LossPred 0.0434 LossAtt 0.5040 TrainAcc 0.9900 TestAcc 0.9079 0.9500
epoch 1800 LossPred 0.0442 LossAtt 0.5582 TrainAcc 0.9900 TestAcc 0.9144 0.9500
epoch 1900 LossPred 0.0450 LossAtt 0.5063 TrainAcc 0.9900 TestAcc 0.9097 0.9600
epoch 2000 LossPred 0.0421 LossAtt 0.4755 TrainAcc 0.9900 TestAcc 0.9194 0.9700
epoch 2100 LossPred 0.0423 LossAtt 0.4846 TrainAcc 0.9900 TestAcc 0.9172 0.9650
epoch 2200 LossPred 0.0451 LossAtt 0.5264 TrainAcc 0.9900 TestAcc 0.9167 0.9650
epoch 2300 LossPred 0.0441 LossAtt 0.4756 TrainAcc 0.9900 TestAcc 0.9112 0.9650
epoch 2400 LossPred 0.0421 LossAtt 0.4488 TrainAcc 0.9900 TestAcc 0.9154 0.9700
epoch 2500 LossPred 0.0410 LossAtt 0.4176 TrainAcc 0.9900 TestAcc 0.9147 0.9700
Optimization Finished!
********** replication  94  **********
epoch   0 LossPred 1.2676 LossAtt 1.0219 TrainAcc 0.4600 TestAcc 0.4580 0.4350
epoch 100 LossPred 0.8377 LossAtt 0.7374 TrainAcc 0.6800 TestAcc 0.6411 0.6550
epoch 200 LossPred 0.1885 LossAtt 0.7763 TrainAcc 0.9700 TestAcc 0.9004 0.9500
epoch 300 LossPred 0.0814 LossAtt 0.7134 TrainAcc 0.9900 TestAcc 0.9079 0.9750
epoch 400 LossPred 0.0497 LossAtt 0.5982 TrainAcc 1.0000 TestAcc 0.9317 0.9700
Optimization Finished!
********** replication  95  **********
epoch   0 LossPred 0.9770 LossAtt 1.0568 TrainAcc 0.5500 TestAcc 0.5033 0.5450
epoch 100 LossPred 0.8585 LossAtt 0.7826 TrainAcc 0.6500 TestAcc 0.5731 0.6600
epoch 200 LossPred 0.2634 LossAtt 0.8464 TrainAcc 0.9500 TestAcc 0.9032 0.9050
epoch 300 LossPred 0.1163 LossAtt 0.6409 TrainAcc 0.9900 TestAcc 0.9575 0.9350
epoch 400 LossPred 0.0795 LossAtt 0.6017 TrainAcc 1.0000 TestAcc 0.9522 0.9250
Optimization Finished!
********** replication  96  **********
epoch   0 LossPred 1.1661 LossAtt 1.0168 TrainAcc 0.3500 TestAcc 0.4479 0.3750
epoch 100 LossPred 0.8462 LossAtt 0.6160 TrainAcc 0.6500 TestAcc 0.5936 0.6450
epoch 200 LossPred 0.4109 LossAtt 0.7287 TrainAcc 0.9200 TestAcc 0.8396 0.8800
epoch 300 LossPred 0.1863 LossAtt 0.5573 TrainAcc 0.9600 TestAcc 0.8631 0.8800
epoch 400 LossPred 0.1033 LossAtt 0.4714 TrainAcc 0.9800 TestAcc 0.8776 0.8900
epoch 500 LossPred 0.0695 LossAtt 0.4613 TrainAcc 1.0000 TestAcc 0.8876 0.9050
Optimization Finished!
********** replication  97  **********
epoch   0 LossPred 1.0356 LossAtt 1.0525 TrainAcc 0.4100 TestAcc 0.3931 0.4350
epoch 100 LossPred 0.2993 LossAtt 1.3984 TrainAcc 0.9400 TestAcc 0.8371 0.9200
epoch 200 LossPred 0.1115 LossAtt 0.8324 TrainAcc 0.9700 TestAcc 0.8996 0.9200
epoch 300 LossPred 0.0683 LossAtt 0.7277 TrainAcc 0.9800 TestAcc 0.9084 0.9350
epoch 400 LossPred 0.0814 LossAtt 0.6508 TrainAcc 0.9800 TestAcc 0.8974 0.9550
epoch 500 LossPred 0.0518 LossAtt 0.5356 TrainAcc 0.9800 TestAcc 0.9329 0.9600
epoch 600 LossPred 0.0184 LossAtt 0.5012 TrainAcc 1.0000 TestAcc 0.9547 0.9650
Optimization Finished!
********** replication  98  **********
epoch   0 LossPred 1.0156 LossAtt 1.0546 TrainAcc 0.5700 TestAcc 0.6031 0.5500
epoch 100 LossPred 0.9301 LossAtt 0.6110 TrainAcc 0.5700 TestAcc 0.6014 0.5500
epoch 200 LossPred 0.1553 LossAtt 0.9068 TrainAcc 0.9800 TestAcc 0.9127 0.9250
epoch 300 LossPred 0.0392 LossAtt 0.6769 TrainAcc 1.0000 TestAcc 0.9510 0.9200
Optimization Finished!
********** replication  99  **********
epoch   0 LossPred 1.0527 LossAtt 1.0095 TrainAcc 0.4900 TestAcc 0.5233 0.5050
epoch 100 LossPred 0.8843 LossAtt 0.6144 TrainAcc 0.6400 TestAcc 0.6064 0.6400
epoch 200 LossPred 0.6038 LossAtt 0.7503 TrainAcc 0.7800 TestAcc 0.7798 0.8000
epoch 300 LossPred 0.2521 LossAtt 0.5120 TrainAcc 0.9100 TestAcc 0.8564 0.8900
epoch 400 LossPred 0.1613 LossAtt 0.4782 TrainAcc 0.9500 TestAcc 0.8546 0.9300
epoch 500 LossPred 0.1000 LossAtt 0.4436 TrainAcc 0.9800 TestAcc 0.8794 0.9450
epoch 600 LossPred 0.0812 LossAtt 0.4294 TrainAcc 0.9900 TestAcc 0.8841 0.9400
epoch 700 LossPred 0.0628 LossAtt 0.4346 TrainAcc 0.9900 TestAcc 0.8961 0.9600
epoch 800 LossPred 0.0352 LossAtt 0.4480 TrainAcc 1.0000 TestAcc 0.8989 0.9600
Optimization Finished!
********************************************************************
Namespace(arch='tanh', batch_size=256, display_epoch=100, input_noise_level=0.15, latent_attractor_space=True, loss_switch_frequency=0, lrate_attractor=0.002, lrate_prediction=0.002, lrate_wt_penalty=0.0, n_attractor_hidden=20, n_attractor_steps=5, n_hidden=10, n_replications=100, noise_level=0.25, report_best_train_performance=True, seq_len=15, task='majority', train_attr_weights_on_prediction=True, training_epochs=2500)
********************************************************************
mean train accuracy 0.999
indiv runs  [1.0, 1.0, 1.0, 1.0, 1.0, 1.0, 1.0, 1.0, 1.0, 1.0, 1.0, 1.0, 1.0, 1.0, 1.0, 1.0, 1.0, 1.0, 0.99, 1.0, 1.0, 1.0, 1.0, 1.0, 0.99, 1.0, 1.0, 1.0, 1.0, 1.0, 0.99, 0.99, 1.0, 1.0, 0.99, 1.0, 1.0, 1.0, 1.0, 0.98, 1.0, 0.99, 1.0, 1.0, 1.0, 1.0, 0.99, 1.0, 1.0, 1.0, 1.0, 1.0, 1.0, 1.0, 1.0, 1.0, 1.0, 1.0, 1.0, 1.0, 1.0, 1.0, 1.0, 1.0, 1.0, 1.0, 1.0, 1.0, 1.0, 1.0, 1.0, 1.0, 1.0, 1.0, 1.0, 1.0, 1.0, 1.0, 1.0, 1.0, 1.0, 1.0, 1.0, 1.0, 1.0, 1.0, 1.0, 1.0, 1.0, 1.0, 1.0, 1.0, 1.0, 0.99, 1.0, 1.0, 1.0, 1.0, 1.0, 1.0]
mean epoch 629.571428571
indiv epochs  [601, 301, 401, 301, 1401, 1001, 401, 301, 301, 901, 201, 401, 701, 701, 401, 301, 1401, 301, 801, 401, 401, 301, 1501, 701, 601, 301, 1001, 301, 501, 201, 301, 201, 601, 401, 301, 1101, 601, 1001, 301, 401, 301, 301, 301, 1001, 1201, 501, 501, 501, 401, 2201, 401, 201, 701, 601, 501, 1001, 301, 401, 1101, 301, 301, 301, 2001, 801, 301, 501, 301, 801, 601, 701, 2301, 401, 801, 301, 301, 201, 701, 901, 301, 2301, 201, 701, 401, 301, 2301, 401, 401, 501, 601, 301, 801]
test1 accuracy mean  0.9209534  median  0.9295546
test2 accuracy mean  0.9430499  median  0.945
test1 indiv runs  [0.8918919, 0.968969, 0.9664665, 0.9792292, 0.9001502, 0.9111612, 0.9279279, 0.9111612, 0.9667167, 0.8838839, 0.9124124, 0.9324324, 0.9562062, 0.9236737, 0.9174174, 0.9086587, 0.9269269, 0.9316817, 0.9424424, 0.9251752, 0.9294294, 0.966967, 0.9394394, 0.7802803, 0.9144144, 0.9141642, 0.9261762, 0.9502002, 0.9321822, 0.9627127, 0.5890891, 0.7972973, 0.9622122, 0.9179179, 0.9159159, 0.9812312, 0.9429429, 0.9604605, 0.9356857, 0.8866366, 0.9557057, 0.8526026, 0.9341842, 0.9914915, 0.8738739, 0.9684685, 0.9411912, 0.9291792, 0.9249249, 0.9602102, 0.9106607, 0.9366867, 0.9149149, 0.9044044, 0.956957, 0.8781281, 0.9174174, 0.5600601, 0.950951, 0.9496997, 0.9099099, 0.9119119, 0.8663664, 0.8838839, 0.990991, 0.9456957, 0.9987487, 0.9386887, 0.9474474, 0.9496997, 0.9281782, 0.8683684, 0.9446947, 0.953954, 0.9627127, 0.9366867, 0.9522022, 0.9524525, 0.9141642, 0.9071572, 0.9184184, 0.9517017, 0.8993994, 0.8928929, 0.9216717, 0.9862362, 0.8898899, 0.9109109, 0.9574575, 0.951952, 0.8878879, 0.9221722, 0.9296797, 0.9334334, 0.9316817, 0.9522022, 0.8876376, 0.9547047, 0.950951, 0.8988989]
test2 indiv runs  [0.925, 0.945, 0.94, 0.905, 0.91, 0.955, 0.955, 0.905, 0.94, 0.985, 0.95, 0.95, 0.94, 0.93, 0.925, 0.97, 0.93, 0.965, 0.945, 0.91, 0.96, 0.91, 0.92, 0.97, 0.935, 0.955, 0.955, 0.92, 0.945, 0.96, 0.82, 0.91, 0.925, 0.89, 0.93, 0.935, 0.95, 0.97, 0.935, 0.93, 0.95, 0.97, 0.955, 0.945, 0.96, 0.965, 0.955, 0.95, 0.94, 0.97, 0.875, 0.97, 0.94, 0.94, 0.945, 0.97, 0.975, 0.86, 0.945, 0.92, 0.945, 0.955, 0.965, 0.93, 0.985, 0.95, 0.945, 0.945, 0.945, 0.93, 0.915, 0.96, 0.98, 0.965, 0.945, 0.95, 0.945, 0.94, 0.99, 0.93, 0.975, 0.925, 0.93, 0.96, 0.965, 0.96, 0.96, 0.95, 0.975, 0.96, 0.985, 0.895, 0.96, 0.94, 0.97, 0.925, 0.905, 0.965, 0.92, 0.96]
